<?xml version="1.0" encoding="UTF-8"?>
<testsuites name="jest tests" tests="701" failures="59" errors="0" time="68.138">
  <testsuite name="components/blocksEditor/editor" errors="0" failures="1" skipped="0" timestamp="2023-03-10T13:36:42" time="1.939" tests="3">
    <testcase classname="components/blocksEditor/editor should match snapshot" name="components/blocksEditor/editor should match snapshot" time="0.878">
    </testcase>
    <testcase classname="components/blocksEditor/editor should match snapshot on empty" name="components/blocksEditor/editor should match snapshot on empty" time="0.055">
      <failure>Error: expect(received).toMatchSnapshot()

Snapshot name: `components/blocksEditor/editor should match snapshot on empty 1`

- Snapshot  - 4
+ Received  + 4

@@ -14,23 +14,23 @@
          aria-live=&quot;polite&quot;
          aria-relevant=&quot;additions text&quot;
          class=&quot;css-1f43avz-a11yText-A11yText&quot;
        /&gt;
        &lt;div
-         class=&quot; css-4bb158-control&quot;
+         class=&quot; css-1haocjs-control&quot;
        &gt;
          &lt;div
-           class=&quot; css-30zlo3-ValueContainer&quot;
+           class=&quot; css-b2z5qd-ValueContainer&quot;
          &gt;
            &lt;div
-             class=&quot; css-14el2xx-placeholder&quot;
+             class=&quot; css-1jqq78o-placeholder&quot;
              id=&quot;react-select-2-placeholder&quot;
            &gt;
              Introduce your text or your slash command
            &lt;/div&gt;
            &lt;div
-             class=&quot; css-g5309v-Input&quot;
+             class=&quot; css-26cneq-Input&quot;
              data-value=&quot;&quot;
            &gt;
              &lt;input
                aria-autocomplete=&quot;list&quot;
                aria-describedby=&quot;react-select-2-placeholder&quot;
    at Object.&lt;anonymous&gt; (/Users/calebroseland/Sources/github-mattermost/focalboard/webapp/src/components/blocksEditor/editor.test.tsx:80:27)</failure>
    </testcase>
    <testcase classname="components/blocksEditor/editor should call onSave after introduce text and hit enter" name="components/blocksEditor/editor should call onSave after introduce text and hit enter" time="0.07">
    </testcase>
  </testsuite>
  <testsuite name="src/components/shareBoard/shareBoard" errors="0" failures="12" skipped="0" timestamp="2023-03-10T13:36:44" time="1.344" tests="12">
    <testcase classname="src/components/shareBoard/shareBoard should match snapshot" name="src/components/shareBoard/shareBoard should match snapshot" time="0.158">
      <failure>Error: expect(received).toMatchSnapshot()

Snapshot name: `src/components/shareBoard/shareBoard should match snapshot 1`

- Snapshot  - 5
+ Received  + 5

@@ -60,20 +60,20 @@
                /&gt;
                &lt;div
                  class=&quot; css-1wmrr75-Control&quot;
                &gt;
                  &lt;div
-                   class=&quot; css-30zlo3-ValueContainer&quot;
+                   class=&quot; css-b2z5qd-ValueContainer&quot;
                  &gt;
                    &lt;div
-                     class=&quot; css-14el2xx-placeholder&quot;
+                     class=&quot; css-1jqq78o-placeholder&quot;
                      id=&quot;react-select-2-placeholder&quot;
                    &gt;
                      Search for people and channels
                    &lt;/div&gt;
                    &lt;div
-                     class=&quot; css-ox1y69-Input&quot;
+                     class=&quot; css-1p5v8kp-Input&quot;
                      data-value=&quot;&quot;
                    &gt;
                      &lt;input
                        aria-autocomplete=&quot;list&quot;
                        aria-describedby=&quot;react-select-2-placeholder&quot;
@@ -219,15 +219,15 @@
              &lt;div
                class=&quot;d-flex input-container&quot;
              &gt;
                &lt;a
                  class=&quot;shareUrl&quot;
-                 href=&quot;http://localhost/undefined/team/team-id/1/1&quot;
+                 href=&quot;http://localhost:8065/undefined/team/team-id/1/1&quot;
                  rel=&quot;noreferrer&quot;
                  target=&quot;_blank&quot;
                &gt;
-                 http://localhost/undefined/team/team-id/1/1
+                 http://localhost:8065/undefined/team/team-id/1/1
                &lt;/a&gt;
              &lt;/div&gt;
              &lt;button
                title=&quot;Copy link&quot;
                type=&quot;button&quot;
    at Object.&lt;anonymous&gt; (/Users/calebroseland/Sources/github-mattermost/focalboard/webapp/src/components/shareBoard/shareBoard.test.tsx:230:27)</failure>
    </testcase>
    <testcase classname="src/components/shareBoard/shareBoard should match snapshot with sharing" name="src/components/shareBoard/shareBoard should match snapshot with sharing" time="0.024">
      <failure>Error: expect(received).toMatchSnapshot()

Snapshot name: `src/components/shareBoard/shareBoard should match snapshot with sharing 1`

- Snapshot  - 5
+ Received  + 5

@@ -60,20 +60,20 @@
                /&gt;
                &lt;div
                  class=&quot; css-1wmrr75-Control&quot;
                &gt;
                  &lt;div
-                   class=&quot; css-30zlo3-ValueContainer&quot;
+                   class=&quot; css-b2z5qd-ValueContainer&quot;
                  &gt;
                    &lt;div
-                     class=&quot; css-14el2xx-placeholder&quot;
+                     class=&quot; css-1jqq78o-placeholder&quot;
                      id=&quot;react-select-3-placeholder&quot;
                    &gt;
                      Search for people and channels
                    &lt;/div&gt;
                    &lt;div
-                     class=&quot; css-ox1y69-Input&quot;
+                     class=&quot; css-1p5v8kp-Input&quot;
                      data-value=&quot;&quot;
                    &gt;
                      &lt;input
                        aria-autocomplete=&quot;list&quot;
                        aria-describedby=&quot;react-select-3-placeholder&quot;
@@ -219,15 +219,15 @@
              &lt;div
                class=&quot;d-flex input-container&quot;
              &gt;
                &lt;a
                  class=&quot;shareUrl&quot;
-                 href=&quot;http://localhost/undefined/team/team-id/1/1&quot;
+                 href=&quot;http://localhost:8065/undefined/team/team-id/1/1&quot;
                  rel=&quot;noreferrer&quot;
                  target=&quot;_blank&quot;
                &gt;
-                 http://localhost/undefined/team/team-id/1/1
+                 http://localhost:8065/undefined/team/team-id/1/1
                &lt;/a&gt;
              &lt;/div&gt;
              &lt;button
                title=&quot;Copy link&quot;
                type=&quot;button&quot;
    at Object.&lt;anonymous&gt; (/Users/calebroseland/Sources/github-mattermost/focalboard/webapp/src/components/shareBoard/shareBoard.test.tsx:262:27)</failure>
    </testcase>
    <testcase classname="src/components/shareBoard/shareBoard return shareBoard and click Copy link" name="src/components/shareBoard/shareBoard return shareBoard and click Copy link" time="0.036">
      <failure>Error: expect(received).toMatchSnapshot()

Snapshot name: `src/components/shareBoard/shareBoard return shareBoard and click Copy link 1`

- Snapshot  - 5
+ Received  + 5

@@ -60,20 +60,20 @@
                /&gt;
                &lt;div
                  class=&quot; css-1wmrr75-Control&quot;
                &gt;
                  &lt;div
-                   class=&quot; css-30zlo3-ValueContainer&quot;
+                   class=&quot; css-b2z5qd-ValueContainer&quot;
                  &gt;
                    &lt;div
-                     class=&quot; css-14el2xx-placeholder&quot;
+                     class=&quot; css-1jqq78o-placeholder&quot;
                      id=&quot;react-select-4-placeholder&quot;
                    &gt;
                      Search for people and channels
                    &lt;/div&gt;
                    &lt;div
-                     class=&quot; css-ox1y69-Input&quot;
+                     class=&quot; css-1p5v8kp-Input&quot;
                      data-value=&quot;&quot;
                    &gt;
                      &lt;input
                        aria-autocomplete=&quot;list&quot;
                        aria-describedby=&quot;react-select-4-placeholder&quot;
@@ -219,15 +219,15 @@
              &lt;div
                class=&quot;d-flex input-container&quot;
              &gt;
                &lt;a
                  class=&quot;shareUrl&quot;
-                 href=&quot;http://localhost/undefined/team/team-id/1/1&quot;
+                 href=&quot;http://localhost:8065/undefined/team/team-id/1/1&quot;
                  rel=&quot;noreferrer&quot;
                  target=&quot;_blank&quot;
                &gt;
-                 http://localhost/undefined/team/team-id/1/1
+                 http://localhost:8065/undefined/team/team-id/1/1
                &lt;/a&gt;
              &lt;/div&gt;
              &lt;button
                title=&quot;Copy link&quot;
                type=&quot;button&quot;
    at Object.&lt;anonymous&gt; (/Users/calebroseland/Sources/github-mattermost/focalboard/webapp/src/components/shareBoard/shareBoard.test.tsx:288:27)</failure>
      <failure>Error: expect(received).toMatchSnapshot()

Snapshot name: `src/components/shareBoard/shareBoard return shareBoard and click Copy link 2`

- Snapshot  - 5
+ Received  + 5

@@ -60,20 +60,20 @@
                /&gt;
                &lt;div
                  class=&quot; css-1wmrr75-Control&quot;
                &gt;
                  &lt;div
-                   class=&quot; css-30zlo3-ValueContainer&quot;
+                   class=&quot; css-b2z5qd-ValueContainer&quot;
                  &gt;
                    &lt;div
-                     class=&quot; css-14el2xx-placeholder&quot;
+                     class=&quot; css-1jqq78o-placeholder&quot;
                      id=&quot;react-select-4-placeholder&quot;
                    &gt;
                      Search for people and channels
                    &lt;/div&gt;
                    &lt;div
-                     class=&quot; css-ox1y69-Input&quot;
+                     class=&quot; css-1p5v8kp-Input&quot;
                      data-value=&quot;&quot;
                    &gt;
                      &lt;input
                        aria-autocomplete=&quot;list&quot;
                        aria-describedby=&quot;react-select-4-placeholder&quot;
@@ -219,15 +219,15 @@
              &lt;div
                class=&quot;d-flex input-container&quot;
              &gt;
                &lt;a
                  class=&quot;shareUrl&quot;
-                 href=&quot;http://localhost/undefined/team/team-id/1/1&quot;
+                 href=&quot;http://localhost:8065/undefined/team/team-id/1/1&quot;
                  rel=&quot;noreferrer&quot;
                  target=&quot;_blank&quot;
                &gt;
-                 http://localhost/undefined/team/team-id/1/1
+                 http://localhost:8065/undefined/team/team-id/1/1
                &lt;/a&gt;
              &lt;/div&gt;
              &lt;button
                title=&quot;Copy link&quot;
                type=&quot;button&quot;
    at Object.&lt;anonymous&gt; (/Users/calebroseland/Sources/github-mattermost/focalboard/webapp/src/components/shareBoard/shareBoard.test.tsx:298:27)</failure>
    </testcase>
    <testcase classname="src/components/shareBoard/shareBoard return shareBoard and click Regenerate token" name="src/components/shareBoard/shareBoard return shareBoard and click Regenerate token" time="0.106">
      <failure>Error: expect(received).toMatchSnapshot()

Snapshot name: `src/components/shareBoard/shareBoard return shareBoard and click Regenerate token 1`

- Snapshot  - 5
+ Received  + 5

@@ -60,20 +60,20 @@
                /&gt;
                &lt;div
                  class=&quot; css-1wmrr75-Control&quot;
                &gt;
                  &lt;div
-                   class=&quot; css-30zlo3-ValueContainer&quot;
+                   class=&quot; css-b2z5qd-ValueContainer&quot;
                  &gt;
                    &lt;div
-                     class=&quot; css-14el2xx-placeholder&quot;
+                     class=&quot; css-1jqq78o-placeholder&quot;
                      id=&quot;react-select-5-placeholder&quot;
                    &gt;
                      Search for people and channels
                    &lt;/div&gt;
                    &lt;div
-                     class=&quot; css-ox1y69-Input&quot;
+                     class=&quot; css-1p5v8kp-Input&quot;
                      data-value=&quot;&quot;
                    &gt;
                      &lt;input
                        aria-autocomplete=&quot;list&quot;
                        aria-describedby=&quot;react-select-5-placeholder&quot;
@@ -228,15 +228,15 @@
              &lt;div
                class=&quot;d-flex input-container&quot;
              &gt;
                &lt;a
                  class=&quot;shareUrl&quot;
-                 href=&quot;http://localhost/team/team-id/shared/1/1?r=anotherToken&quot;
+                 href=&quot;http://localhost:8065/team/team-id/shared/1/1?r=anotherToken&quot;
                  rel=&quot;noreferrer&quot;
                  target=&quot;_blank&quot;
                &gt;
-                 http://localhost/team/team-id/shared/1/1?r=anotherToken
+                 http://localhost:8065/team/team-id/shared/1/1?r=anotherToken
                &lt;/a&gt;
                &lt;div
                  class=&quot;octo-tooltip tooltip-top&quot;
                  data-tooltip=&quot;Regenerate token&quot;
                &gt;
    at Object.&lt;anonymous&gt; (/Users/calebroseland/Sources/github-mattermost/focalboard/webapp/src/components/shareBoard/shareBoard.test.tsx:349:27)</failure>
    </testcase>
    <testcase classname="src/components/shareBoard/shareBoard return shareBoard, and click switch" name="src/components/shareBoard/shareBoard return shareBoard, and click switch" time="0.065">
      <failure>Error: expect(received).toMatchSnapshot()

Snapshot name: `src/components/shareBoard/shareBoard return shareBoard, and click switch 1`

- Snapshot  - 5
+ Received  + 5

@@ -60,20 +60,20 @@
                /&gt;
                &lt;div
                  class=&quot; css-1wmrr75-Control&quot;
                &gt;
                  &lt;div
-                   class=&quot; css-30zlo3-ValueContainer&quot;
+                   class=&quot; css-b2z5qd-ValueContainer&quot;
                  &gt;
                    &lt;div
-                     class=&quot; css-14el2xx-placeholder&quot;
+                     class=&quot; css-1jqq78o-placeholder&quot;
                      id=&quot;react-select-6-placeholder&quot;
                    &gt;
                      Search for people and channels
                    &lt;/div&gt;
                    &lt;div
-                     class=&quot; css-ox1y69-Input&quot;
+                     class=&quot; css-1p5v8kp-Input&quot;
                      data-value=&quot;&quot;
                    &gt;
                      &lt;input
                        aria-autocomplete=&quot;list&quot;
                        aria-describedby=&quot;react-select-6-placeholder&quot;
@@ -228,15 +228,15 @@
              &lt;div
                class=&quot;d-flex input-container&quot;
              &gt;
                &lt;a
                  class=&quot;shareUrl&quot;
-                 href=&quot;http://localhost/team/team-id/shared/1/1?r=oneToken&quot;
+                 href=&quot;http://localhost:8065/team/team-id/shared/1/1?r=oneToken&quot;
                  rel=&quot;noreferrer&quot;
                  target=&quot;_blank&quot;
                &gt;
-                 http://localhost/team/team-id/shared/1/1?r=oneToken
+                 http://localhost:8065/team/team-id/shared/1/1?r=oneToken
                &lt;/a&gt;
                &lt;div
                  class=&quot;octo-tooltip tooltip-top&quot;
                  data-tooltip=&quot;Regenerate token&quot;
                &gt;
    at Object.&lt;anonymous&gt; (/Users/calebroseland/Sources/github-mattermost/focalboard/webapp/src/components/shareBoard/shareBoard.test.tsx:389:27)</failure>
    </testcase>
    <testcase classname="src/components/shareBoard/shareBoard return shareBoardComponent and click Switch without sharing" name="src/components/shareBoard/shareBoard return shareBoardComponent and click Switch without sharing" time="0.059">
      <failure>Error: expect(received).toMatchSnapshot()

Snapshot name: `src/components/shareBoard/shareBoard return shareBoardComponent and click Switch without sharing 1`

- Snapshot  - 5
+ Received  + 5

@@ -60,20 +60,20 @@
                /&gt;
                &lt;div
                  class=&quot; css-1wmrr75-Control&quot;
                &gt;
                  &lt;div
-                   class=&quot; css-30zlo3-ValueContainer&quot;
+                   class=&quot; css-b2z5qd-ValueContainer&quot;
                  &gt;
                    &lt;div
-                     class=&quot; css-14el2xx-placeholder&quot;
+                     class=&quot; css-1jqq78o-placeholder&quot;
                      id=&quot;react-select-7-placeholder&quot;
                    &gt;
                      Search for people and channels
                    &lt;/div&gt;
                    &lt;div
-                     class=&quot; css-ox1y69-Input&quot;
+                     class=&quot; css-1p5v8kp-Input&quot;
                      data-value=&quot;&quot;
                    &gt;
                      &lt;input
                        aria-autocomplete=&quot;list&quot;
                        aria-describedby=&quot;react-select-7-placeholder&quot;
@@ -228,15 +228,15 @@
              &lt;div
                class=&quot;d-flex input-container&quot;
              &gt;
                &lt;a
                  class=&quot;shareUrl&quot;
-                 href=&quot;http://localhost/team/team-id/shared/1/1?r=aToken&quot;
+                 href=&quot;http://localhost:8065/team/team-id/shared/1/1?r=aToken&quot;
                  rel=&quot;noreferrer&quot;
                  target=&quot;_blank&quot;
                &gt;
-                 http://localhost/team/team-id/shared/1/1?r=aToken
+                 http://localhost:8065/team/team-id/shared/1/1?r=aToken
                &lt;/a&gt;
                &lt;div
                  class=&quot;octo-tooltip tooltip-top&quot;
                  data-tooltip=&quot;Regenerate token&quot;
                &gt;
    at Object.&lt;anonymous&gt; (/Users/calebroseland/Sources/github-mattermost/focalboard/webapp/src/components/shareBoard/shareBoard.test.tsx:441:27)</failure>
    </testcase>
    <testcase classname="src/components/shareBoard/shareBoard should match snapshot with sharing and subpath" name="src/components/shareBoard/shareBoard should match snapshot with sharing and subpath" time="0.016">
      <failure>Error: expect(received).toMatchSnapshot()

Snapshot name: `src/components/shareBoard/shareBoard should match snapshot with sharing and subpath 1`

- Snapshot  - 5
+ Received  + 5

@@ -60,20 +60,20 @@
                /&gt;
                &lt;div
                  class=&quot; css-1wmrr75-Control&quot;
                &gt;
                  &lt;div
-                   class=&quot; css-30zlo3-ValueContainer&quot;
+                   class=&quot; css-b2z5qd-ValueContainer&quot;
                  &gt;
                    &lt;div
-                     class=&quot; css-14el2xx-placeholder&quot;
+                     class=&quot; css-1jqq78o-placeholder&quot;
                      id=&quot;react-select-8-placeholder&quot;
                    &gt;
                      Search for people and channels
                    &lt;/div&gt;
                    &lt;div
-                     class=&quot; css-ox1y69-Input&quot;
+                     class=&quot; css-1p5v8kp-Input&quot;
                      data-value=&quot;&quot;
                    &gt;
                      &lt;input
                        aria-autocomplete=&quot;list&quot;
                        aria-describedby=&quot;react-select-8-placeholder&quot;
@@ -219,15 +219,15 @@
              &lt;div
                class=&quot;d-flex input-container&quot;
              &gt;
                &lt;a
                  class=&quot;shareUrl&quot;
-                 href=&quot;http://localhost/undefined/team/team-id/1/1&quot;
+                 href=&quot;http://localhost:8065/undefined/team/team-id/1/1&quot;
                  rel=&quot;noreferrer&quot;
                  target=&quot;_blank&quot;
                &gt;
-                 http://localhost/undefined/team/team-id/1/1
+                 http://localhost:8065/undefined/team/team-id/1/1
                &lt;/a&gt;
              &lt;/div&gt;
              &lt;button
                title=&quot;Copy link&quot;
                type=&quot;button&quot;
    at Object.&lt;anonymous&gt; (/Users/calebroseland/Sources/github-mattermost/focalboard/webapp/src/components/shareBoard/shareBoard.test.tsx:464:27)</failure>
    </testcase>
    <testcase classname="src/components/shareBoard/shareBoard return shareBoard and click Select" name="src/components/shareBoard/shareBoard return shareBoard and click Select" time="0.05">
      <failure>Error: expect(received).toMatchSnapshot()

Snapshot name: `src/components/shareBoard/shareBoard return shareBoard and click Select 1`

- Snapshot  - 5
+ Received  + 5

@@ -60,20 +60,20 @@
                /&gt;
                &lt;div
                  class=&quot; css-1wmrr75-Control&quot;
                &gt;
                  &lt;div
-                   class=&quot; css-30zlo3-ValueContainer&quot;
+                   class=&quot; css-b2z5qd-ValueContainer&quot;
                  &gt;
                    &lt;div
-                     class=&quot; css-14el2xx-placeholder&quot;
+                     class=&quot; css-1jqq78o-placeholder&quot;
                      id=&quot;react-select-9-placeholder&quot;
                    &gt;
                      Search for people and channels
                    &lt;/div&gt;
                    &lt;div
-                     class=&quot; css-ox1y69-Input&quot;
+                     class=&quot; css-1p5v8kp-Input&quot;
                      data-value=&quot;&quot;
                    &gt;
                      &lt;input
                        aria-autocomplete=&quot;list&quot;
                        aria-describedby=&quot;react-select-9-placeholder&quot;
@@ -205,15 +205,15 @@
              &lt;div
                class=&quot;d-flex input-container&quot;
              &gt;
                &lt;a
                  class=&quot;shareUrl&quot;
-                 href=&quot;http://localhost/undefined/team/team-id/1/1&quot;
+                 href=&quot;http://localhost:8065/undefined/team/team-id/1/1&quot;
                  rel=&quot;noreferrer&quot;
                  target=&quot;_blank&quot;
                &gt;
-                 http://localhost/undefined/team/team-id/1/1
+                 http://localhost:8065/undefined/team/team-id/1/1
                &lt;/a&gt;
              &lt;/div&gt;
              &lt;button
                title=&quot;Copy link&quot;
                type=&quot;button&quot;
    at Object.&lt;anonymous&gt; (/Users/calebroseland/Sources/github-mattermost/focalboard/webapp/src/components/shareBoard/shareBoard.test.tsx:507:27)</failure>
      <failure>Error: expect(received).toMatchSnapshot()

Snapshot name: `src/components/shareBoard/shareBoard return shareBoard and click Select 2`

- Snapshot  - 18
+ Received  + 18

@@ -62,27 +62,27 @@
                    id=&quot;aria-selection&quot;
                  /&gt;
                  &lt;span
                    id=&quot;aria-context&quot;
                  &gt;
-                   option username_1 focused, 0 of 2. 8 results available. Use Up and Down to choose options, press Enter to select the currently focused option, press Escape to exit the menu, press Tab to select the option and exit the menu.
+                   option username_1 focused, 1 of 8. 8 results available. Use Up and Down to choose options, press Enter to select the currently focused option, press Escape to exit the menu, press Tab to select the option and exit the menu.
                  &lt;/span&gt;
                &lt;/span&gt;
                &lt;div
                  class=&quot; css-1wmrr75-Control&quot;
                &gt;
                  &lt;div
-                   class=&quot; css-30zlo3-ValueContainer&quot;
+                   class=&quot; css-b2z5qd-ValueContainer&quot;
                  &gt;
                    &lt;div
-                     class=&quot; css-14el2xx-placeholder&quot;
+                     class=&quot; css-1jqq78o-placeholder&quot;
                      id=&quot;react-select-9-placeholder&quot;
                    &gt;
                      Search for people and channels
                    &lt;/div&gt;
                    &lt;div
-                     class=&quot; css-ox1y69-Input&quot;
+                     class=&quot; css-1p5v8kp-Input&quot;
                      data-value=&quot;&quot;
                    &gt;
                      &lt;input
                        aria-autocomplete=&quot;list&quot;
                        aria-controls=&quot;react-select-9-listbox&quot;
@@ -107,29 +107,29 @@
                  &lt;div
                    class=&quot; css-1hb7zxy-IndicatorsContainer&quot;
                  /&gt;
                &lt;/div&gt;
                &lt;div
-                 class=&quot; css-1rsmi4x-menu&quot;
+                 class=&quot; css-45h7mv-menu&quot;
                  id=&quot;react-select-9-listbox&quot;
                &gt;
                  &lt;div
-                   class=&quot; css-g29tl0-MenuList&quot;
+                   class=&quot; css-1d1qzc4-MenuList&quot;
                  &gt;
                    &lt;div
                      class=&quot; css-syji7d-Group&quot;
                    &gt;
                      &lt;div
-                       class=&quot; css-18ng2q5-group&quot;
+                       class=&quot; css-jtaw72-group&quot;
                        id=&quot;react-select-9-group-0-heading&quot;
                      &gt;
                        Members
                      &lt;/div&gt;
                      &lt;div&gt;
                        &lt;div
                          aria-disabled=&quot;false&quot;
-                         class=&quot; css-erqggd-option&quot;
+                         class=&quot; css-8e5kjb-option&quot;
                          id=&quot;react-select-9-option-0-0&quot;
                          tabindex=&quot;-1&quot;
                        &gt;
                          &lt;div
                            class=&quot;user-item&quot;
@@ -151,11 +151,11 @@
                            &lt;/div&gt;
                          &lt;/div&gt;
                        &lt;/div&gt;
                        &lt;div
                          aria-disabled=&quot;false&quot;
-                         class=&quot; css-14xsrqy-option&quot;
+                         class=&quot; css-x3yilo-option&quot;
                          id=&quot;react-select-9-option-0-1&quot;
                          tabindex=&quot;-1&quot;
                        &gt;
                          &lt;div
                            class=&quot;user-item&quot;
@@ -177,11 +177,11 @@
                            &lt;/div&gt;
                          &lt;/div&gt;
                        &lt;/div&gt;
                        &lt;div
                          aria-disabled=&quot;false&quot;
-                         class=&quot; css-14xsrqy-option&quot;
+                         class=&quot; css-x3yilo-option&quot;
                          id=&quot;react-select-9-option-0-2&quot;
                          tabindex=&quot;-1&quot;
                        &gt;
                          &lt;div
                            class=&quot;user-item&quot;
@@ -203,11 +203,11 @@
                            &lt;/div&gt;
                          &lt;/div&gt;
                        &lt;/div&gt;
                        &lt;div
                          aria-disabled=&quot;false&quot;
-                         class=&quot; css-14xsrqy-option&quot;
+                         class=&quot; css-x3yilo-option&quot;
                          id=&quot;react-select-9-option-0-3&quot;
                          tabindex=&quot;-1&quot;
                        &gt;
                          &lt;div
                            class=&quot;user-item&quot;
@@ -233,19 +233,19 @@
                    &lt;/div&gt;
                    &lt;div
                      class=&quot; css-syji7d-Group&quot;
                    &gt;
                      &lt;div
-                       class=&quot; css-18ng2q5-group&quot;
+                       class=&quot; css-jtaw72-group&quot;
                        id=&quot;react-select-9-group-1-heading&quot;
                      &gt;
                        Channels
                      &lt;/div&gt;
                      &lt;div&gt;
                        &lt;div
                          aria-disabled=&quot;false&quot;
-                         class=&quot; css-14xsrqy-option&quot;
+                         class=&quot; css-x3yilo-option&quot;
                          id=&quot;react-select-9-option-1-0&quot;
                          tabindex=&quot;-1&quot;
                        &gt;
                          &lt;div
                            class=&quot;user-item&quot;
@@ -262,11 +262,11 @@
                            &lt;/div&gt;
                          &lt;/div&gt;
                        &lt;/div&gt;
                        &lt;div
                          aria-disabled=&quot;false&quot;
-                         class=&quot; css-14xsrqy-option&quot;
+                         class=&quot; css-x3yilo-option&quot;
                          id=&quot;react-select-9-option-1-1&quot;
                          tabindex=&quot;-1&quot;
                        &gt;
                          &lt;div
                            class=&quot;user-item&quot;
@@ -283,11 +283,11 @@
                            &lt;/div&gt;
                          &lt;/div&gt;
                        &lt;/div&gt;
                        &lt;div
                          aria-disabled=&quot;false&quot;
-                         class=&quot; css-14xsrqy-option&quot;
+                         class=&quot; css-x3yilo-option&quot;
                          id=&quot;react-select-9-option-1-2&quot;
                          tabindex=&quot;-1&quot;
                        &gt;
                          &lt;div
                            class=&quot;user-item&quot;
@@ -304,11 +304,11 @@
                            &lt;/div&gt;
                          &lt;/div&gt;
                        &lt;/div&gt;
                        &lt;div
                          aria-disabled=&quot;false&quot;
-                         class=&quot; css-14xsrqy-option&quot;
+                         class=&quot; css-x3yilo-option&quot;
                          id=&quot;react-select-9-option-1-3&quot;
                          tabindex=&quot;-1&quot;
                        &gt;
                          &lt;div
                            class=&quot;user-item&quot;
@@ -437,15 +437,15 @@
              &lt;div
                class=&quot;d-flex input-container&quot;
              &gt;
                &lt;a
                  class=&quot;shareUrl&quot;
-                 href=&quot;http://localhost/undefined/team/team-id/1/1&quot;
+                 href=&quot;http://localhost:8065/undefined/team/team-id/1/1&quot;
                  rel=&quot;noreferrer&quot;
                  target=&quot;_blank&quot;
                &gt;
-                 http://localhost/undefined/team/team-id/1/1
+                 http://localhost:8065/undefined/team/team-id/1/1
                &lt;/a&gt;
              &lt;/div&gt;
              &lt;button
                title=&quot;Copy link&quot;
                type=&quot;button&quot;
    at Object.&lt;anonymous&gt; (/Users/calebroseland/Sources/github-mattermost/focalboard/webapp/src/components/shareBoard/shareBoard.test.tsx:515:27)</failure>
    </testcase>
    <testcase classname="src/components/shareBoard/shareBoard return shareBoard and click Select, non-plugin mode" name="src/components/shareBoard/shareBoard return shareBoard and click Select, non-plugin mode" time="0.045">
      <failure>Error: expect(received).toMatchSnapshot()

Snapshot name: `src/components/shareBoard/shareBoard return shareBoard and click Select, non-plugin mode 1`

- Snapshot  - 5
+ Received  + 5

@@ -60,20 +60,20 @@
                /&gt;
                &lt;div
                  class=&quot; css-1wmrr75-Control&quot;
                &gt;
                  &lt;div
-                   class=&quot; css-30zlo3-ValueContainer&quot;
+                   class=&quot; css-b2z5qd-ValueContainer&quot;
                  &gt;
                    &lt;div
-                     class=&quot; css-14el2xx-placeholder&quot;
+                     class=&quot; css-1jqq78o-placeholder&quot;
                      id=&quot;react-select-10-placeholder&quot;
                    &gt;
                      Search for people and channels
                    &lt;/div&gt;
                    &lt;div
-                     class=&quot; css-ox1y69-Input&quot;
+                     class=&quot; css-1p5v8kp-Input&quot;
                      data-value=&quot;&quot;
                    &gt;
                      &lt;input
                        aria-autocomplete=&quot;list&quot;
                        aria-describedby=&quot;react-select-10-placeholder&quot;
@@ -205,15 +205,15 @@
              &lt;div
                class=&quot;d-flex input-container&quot;
              &gt;
                &lt;a
                  class=&quot;shareUrl&quot;
-                 href=&quot;http://localhost/undefined/team/team-id/1/1&quot;
+                 href=&quot;http://localhost:8065/undefined/team/team-id/1/1&quot;
                  rel=&quot;noreferrer&quot;
                  target=&quot;_blank&quot;
                &gt;
-                 http://localhost/undefined/team/team-id/1/1
+                 http://localhost:8065/undefined/team/team-id/1/1
                &lt;/a&gt;
              &lt;/div&gt;
              &lt;button
                title=&quot;Copy link&quot;
                type=&quot;button&quot;
    at Object.&lt;anonymous&gt; (/Users/calebroseland/Sources/github-mattermost/focalboard/webapp/src/components/shareBoard/shareBoard.test.tsx:556:27)</failure>
      <failure>Error: expect(received).toMatchSnapshot()

Snapshot name: `src/components/shareBoard/shareBoard return shareBoard and click Select, non-plugin mode 2`

- Snapshot  - 18
+ Received  + 18

@@ -62,27 +62,27 @@
                    id=&quot;aria-selection&quot;
                  /&gt;
                  &lt;span
                    id=&quot;aria-context&quot;
                  &gt;
-                   option username_1 focused, 0 of 2. 8 results available. Use Up and Down to choose options, press Enter to select the currently focused option, press Escape to exit the menu, press Tab to select the option and exit the menu.
+                   option username_1 focused, 1 of 8. 8 results available. Use Up and Down to choose options, press Enter to select the currently focused option, press Escape to exit the menu, press Tab to select the option and exit the menu.
                  &lt;/span&gt;
                &lt;/span&gt;
                &lt;div
                  class=&quot; css-1wmrr75-Control&quot;
                &gt;
                  &lt;div
-                   class=&quot; css-30zlo3-ValueContainer&quot;
+                   class=&quot; css-b2z5qd-ValueContainer&quot;
                  &gt;
                    &lt;div
-                     class=&quot; css-14el2xx-placeholder&quot;
+                     class=&quot; css-1jqq78o-placeholder&quot;
                      id=&quot;react-select-10-placeholder&quot;
                    &gt;
                      Search for people and channels
                    &lt;/div&gt;
                    &lt;div
-                     class=&quot; css-ox1y69-Input&quot;
+                     class=&quot; css-1p5v8kp-Input&quot;
                      data-value=&quot;&quot;
                    &gt;
                      &lt;input
                        aria-autocomplete=&quot;list&quot;
                        aria-controls=&quot;react-select-10-listbox&quot;
@@ -107,29 +107,29 @@
                  &lt;div
                    class=&quot; css-1hb7zxy-IndicatorsContainer&quot;
                  /&gt;
                &lt;/div&gt;
                &lt;div
-                 class=&quot; css-1rsmi4x-menu&quot;
+                 class=&quot; css-45h7mv-menu&quot;
                  id=&quot;react-select-10-listbox&quot;
                &gt;
                  &lt;div
-                   class=&quot; css-g29tl0-MenuList&quot;
+                   class=&quot; css-1d1qzc4-MenuList&quot;
                  &gt;
                    &lt;div
                      class=&quot; css-syji7d-Group&quot;
                    &gt;
                      &lt;div
-                       class=&quot; css-18ng2q5-group&quot;
+                       class=&quot; css-jtaw72-group&quot;
                        id=&quot;react-select-10-group-0-heading&quot;
                      &gt;
                        Members
                      &lt;/div&gt;
                      &lt;div&gt;
                        &lt;div
                          aria-disabled=&quot;false&quot;
-                         class=&quot; css-erqggd-option&quot;
+                         class=&quot; css-8e5kjb-option&quot;
                          id=&quot;react-select-10-option-0-0&quot;
                          tabindex=&quot;-1&quot;
                        &gt;
                          &lt;div
                            class=&quot;user-item&quot;
@@ -160,11 +160,11 @@
                            &lt;/div&gt;
                          &lt;/div&gt;
                        &lt;/div&gt;
                        &lt;div
                          aria-disabled=&quot;false&quot;
-                         class=&quot; css-14xsrqy-option&quot;
+                         class=&quot; css-x3yilo-option&quot;
                          id=&quot;react-select-10-option-0-1&quot;
                          tabindex=&quot;-1&quot;
                        &gt;
                          &lt;div
                            class=&quot;user-item&quot;
@@ -195,11 +195,11 @@
                            &lt;/div&gt;
                          &lt;/div&gt;
                        &lt;/div&gt;
                        &lt;div
                          aria-disabled=&quot;false&quot;
-                         class=&quot; css-14xsrqy-option&quot;
+                         class=&quot; css-x3yilo-option&quot;
                          id=&quot;react-select-10-option-0-2&quot;
                          tabindex=&quot;-1&quot;
                        &gt;
                          &lt;div
                            class=&quot;user-item&quot;
@@ -221,11 +221,11 @@
                            &lt;/div&gt;
                          &lt;/div&gt;
                        &lt;/div&gt;
                        &lt;div
                          aria-disabled=&quot;false&quot;
-                         class=&quot; css-14xsrqy-option&quot;
+                         class=&quot; css-x3yilo-option&quot;
                          id=&quot;react-select-10-option-0-3&quot;
                          tabindex=&quot;-1&quot;
                        &gt;
                          &lt;div
                            class=&quot;user-item&quot;
@@ -251,19 +251,19 @@
                    &lt;/div&gt;
                    &lt;div
                      class=&quot; css-syji7d-Group&quot;
                    &gt;
                      &lt;div
-                       class=&quot; css-18ng2q5-group&quot;
+                       class=&quot; css-jtaw72-group&quot;
                        id=&quot;react-select-10-group-1-heading&quot;
                      &gt;
                        Channels
                      &lt;/div&gt;
                      &lt;div&gt;
                        &lt;div
                          aria-disabled=&quot;false&quot;
-                         class=&quot; css-14xsrqy-option&quot;
+                         class=&quot; css-x3yilo-option&quot;
                          id=&quot;react-select-10-option-1-0&quot;
                          tabindex=&quot;-1&quot;
                        &gt;
                          &lt;div
                            class=&quot;user-item&quot;
@@ -280,11 +280,11 @@
                            &lt;/div&gt;
                          &lt;/div&gt;
                        &lt;/div&gt;
                        &lt;div
                          aria-disabled=&quot;false&quot;
-                         class=&quot; css-14xsrqy-option&quot;
+                         class=&quot; css-x3yilo-option&quot;
                          id=&quot;react-select-10-option-1-1&quot;
                          tabindex=&quot;-1&quot;
                        &gt;
                          &lt;div
                            class=&quot;user-item&quot;
@@ -301,11 +301,11 @@
                            &lt;/div&gt;
                          &lt;/div&gt;
                        &lt;/div&gt;
                        &lt;div
                          aria-disabled=&quot;false&quot;
-                         class=&quot; css-14xsrqy-option&quot;
+                         class=&quot; css-x3yilo-option&quot;
                          id=&quot;react-select-10-option-1-2&quot;
                          tabindex=&quot;-1&quot;
                        &gt;
                          &lt;div
                            class=&quot;user-item&quot;
@@ -322,11 +322,11 @@
                            &lt;/div&gt;
                          &lt;/div&gt;
                        &lt;/div&gt;
                        &lt;div
                          aria-disabled=&quot;false&quot;
-                         class=&quot; css-14xsrqy-option&quot;
+                         class=&quot; css-x3yilo-option&quot;
                          id=&quot;react-select-10-option-1-3&quot;
                          tabindex=&quot;-1&quot;
                        &gt;
                          &lt;div
                            class=&quot;user-item&quot;
@@ -455,15 +455,15 @@
              &lt;div
                class=&quot;d-flex input-container&quot;
              &gt;
                &lt;a
                  class=&quot;shareUrl&quot;
-                 href=&quot;http://localhost/undefined/team/team-id/1/1&quot;
+                 href=&quot;http://localhost:8065/undefined/team/team-id/1/1&quot;
                  rel=&quot;noreferrer&quot;
                  target=&quot;_blank&quot;
                &gt;
-                 http://localhost/undefined/team/team-id/1/1
+                 http://localhost:8065/undefined/team/team-id/1/1
                &lt;/a&gt;
              &lt;/div&gt;
              &lt;button
                title=&quot;Copy link&quot;
                type=&quot;button&quot;
    at Object.&lt;anonymous&gt; (/Users/calebroseland/Sources/github-mattermost/focalboard/webapp/src/components/shareBoard/shareBoard.test.tsx:564:27)</failure>
    </testcase>
    <testcase classname="src/components/shareBoard/shareBoard confirm unlinking linked channel" name="src/components/shareBoard/shareBoard confirm unlinking linked channel" time="0.082">
      <failure>Error: expect(received).toMatchSnapshot()

Snapshot name: `src/components/shareBoard/shareBoard confirm unlinking linked channel 1`

- Snapshot  - 5
+ Received  + 5

@@ -60,20 +60,20 @@
                /&gt;
                &lt;div
                  class=&quot; css-1wmrr75-Control&quot;
                &gt;
                  &lt;div
-                   class=&quot; css-30zlo3-ValueContainer&quot;
+                   class=&quot; css-b2z5qd-ValueContainer&quot;
                  &gt;
                    &lt;div
-                     class=&quot; css-14el2xx-placeholder&quot;
+                     class=&quot; css-1jqq78o-placeholder&quot;
                      id=&quot;react-select-11-placeholder&quot;
                    &gt;
                      Search for people and channels
                    &lt;/div&gt;
                    &lt;div
-                     class=&quot; css-ox1y69-Input&quot;
+                     class=&quot; css-1p5v8kp-Input&quot;
                      data-value=&quot;&quot;
                    &gt;
                      &lt;input
                        aria-autocomplete=&quot;list&quot;
                        aria-describedby=&quot;react-select-11-placeholder&quot;
@@ -219,15 +219,15 @@
              &lt;div
                class=&quot;d-flex input-container&quot;
              &gt;
                &lt;a
                  class=&quot;shareUrl&quot;
-                 href=&quot;http://localhost/undefined/team/team-id/1/1&quot;
+                 href=&quot;http://localhost:8065/undefined/team/team-id/1/1&quot;
                  rel=&quot;noreferrer&quot;
                  target=&quot;_blank&quot;
                &gt;
-                 http://localhost/undefined/team/team-id/1/1
+                 http://localhost:8065/undefined/team/team-id/1/1
                &lt;/a&gt;
              &lt;/div&gt;
              &lt;button
                title=&quot;Copy link&quot;
                type=&quot;button&quot;
    at Object.&lt;anonymous&gt; (/Users/calebroseland/Sources/github-mattermost/focalboard/webapp/src/components/shareBoard/shareBoard.test.tsx:590:27)</failure>
    </testcase>
    <testcase classname="src/components/shareBoard/shareBoard should match snapshot, with template" name="src/components/shareBoard/shareBoard should match snapshot, with template" time="0.034">
      <failure>Error: expect(received).toMatchSnapshot()

Snapshot name: `src/components/shareBoard/shareBoard should match snapshot, with template 1`

- Snapshot  - 3
+ Received  + 3

@@ -60,20 +60,20 @@
                /&gt;
                &lt;div
                  class=&quot; css-1wmrr75-Control&quot;
                &gt;
                  &lt;div
-                   class=&quot; css-30zlo3-ValueContainer&quot;
+                   class=&quot; css-b2z5qd-ValueContainer&quot;
                  &gt;
                    &lt;div
-                     class=&quot; css-14el2xx-placeholder&quot;
+                     class=&quot; css-1jqq78o-placeholder&quot;
                      id=&quot;react-select-12-placeholder&quot;
                    &gt;
                      Search for people
                    &lt;/div&gt;
                    &lt;div
-                     class=&quot; css-ox1y69-Input&quot;
+                     class=&quot; css-1p5v8kp-Input&quot;
                      data-value=&quot;&quot;
                    &gt;
                      &lt;input
                        aria-autocomplete=&quot;list&quot;
                        aria-describedby=&quot;react-select-12-placeholder&quot;
    at Object.&lt;anonymous&gt; (/Users/calebroseland/Sources/github-mattermost/focalboard/webapp/src/components/shareBoard/shareBoard.test.tsx:636:27)</failure>
    </testcase>
    <testcase classname="src/components/shareBoard/shareBoard return shareBoard template and click Select" name="src/components/shareBoard/shareBoard return shareBoard template and click Select" time="0.036">
      <failure>Error: expect(received).toMatchSnapshot()

Snapshot name: `src/components/shareBoard/shareBoard return shareBoard template and click Select 1`

- Snapshot  - 3
+ Received  + 3

@@ -60,20 +60,20 @@
                /&gt;
                &lt;div
                  class=&quot; css-1wmrr75-Control&quot;
                &gt;
                  &lt;div
-                   class=&quot; css-30zlo3-ValueContainer&quot;
+                   class=&quot; css-b2z5qd-ValueContainer&quot;
                  &gt;
                    &lt;div
-                     class=&quot; css-14el2xx-placeholder&quot;
+                     class=&quot; css-1jqq78o-placeholder&quot;
                      id=&quot;react-select-13-placeholder&quot;
                    &gt;
                      Search for people
                    &lt;/div&gt;
                    &lt;div
-                     class=&quot; css-ox1y69-Input&quot;
+                     class=&quot; css-1p5v8kp-Input&quot;
                      data-value=&quot;&quot;
                    &gt;
                      &lt;input
                        aria-autocomplete=&quot;list&quot;
                        aria-describedby=&quot;react-select-13-placeholder&quot;
    at Object.&lt;anonymous&gt; (/Users/calebroseland/Sources/github-mattermost/focalboard/webapp/src/components/shareBoard/shareBoard.test.tsx:684:27)</failure>
      <failure>Error: expect(received).toMatchSnapshot()

Snapshot name: `src/components/shareBoard/shareBoard return shareBoard template and click Select 2`

- Snapshot  - 11
+ Received  + 11

@@ -62,27 +62,27 @@
                    id=&quot;aria-selection&quot;
                  /&gt;
                  &lt;span
                    id=&quot;aria-context&quot;
                  &gt;
-                   option username_1 focused, 0 of 1. 4 results available. Use Up and Down to choose options, press Enter to select the currently focused option, press Escape to exit the menu, press Tab to select the option and exit the menu.
+                   option username_1 focused, 1 of 4. 4 results available. Use Up and Down to choose options, press Enter to select the currently focused option, press Escape to exit the menu, press Tab to select the option and exit the menu.
                  &lt;/span&gt;
                &lt;/span&gt;
                &lt;div
                  class=&quot; css-1wmrr75-Control&quot;
                &gt;
                  &lt;div
-                   class=&quot; css-30zlo3-ValueContainer&quot;
+                   class=&quot; css-b2z5qd-ValueContainer&quot;
                  &gt;
                    &lt;div
-                     class=&quot; css-14el2xx-placeholder&quot;
+                     class=&quot; css-1jqq78o-placeholder&quot;
                      id=&quot;react-select-13-placeholder&quot;
                    &gt;
                      Search for people
                    &lt;/div&gt;
                    &lt;div
-                     class=&quot; css-ox1y69-Input&quot;
+                     class=&quot; css-1p5v8kp-Input&quot;
                      data-value=&quot;&quot;
                    &gt;
                      &lt;input
                        aria-autocomplete=&quot;list&quot;
                        aria-controls=&quot;react-select-13-listbox&quot;
@@ -107,29 +107,29 @@
                  &lt;div
                    class=&quot; css-1hb7zxy-IndicatorsContainer&quot;
                  /&gt;
                &lt;/div&gt;
                &lt;div
-                 class=&quot; css-1rsmi4x-menu&quot;
+                 class=&quot; css-45h7mv-menu&quot;
                  id=&quot;react-select-13-listbox&quot;
                &gt;
                  &lt;div
-                   class=&quot; css-g29tl0-MenuList&quot;
+                   class=&quot; css-1d1qzc4-MenuList&quot;
                  &gt;
                    &lt;div
                      class=&quot; css-syji7d-Group&quot;
                    &gt;
                      &lt;div
-                       class=&quot; css-18ng2q5-group&quot;
+                       class=&quot; css-jtaw72-group&quot;
                        id=&quot;react-select-13-group-0-heading&quot;
                      &gt;
                        Members
                      &lt;/div&gt;
                      &lt;div&gt;
                        &lt;div
                          aria-disabled=&quot;false&quot;
-                         class=&quot; css-erqggd-option&quot;
+                         class=&quot; css-8e5kjb-option&quot;
                          id=&quot;react-select-13-option-0-0&quot;
                          tabindex=&quot;-1&quot;
                        &gt;
                          &lt;div
                            class=&quot;user-item&quot;
@@ -151,11 +151,11 @@
                            &lt;/div&gt;
                          &lt;/div&gt;
                        &lt;/div&gt;
                        &lt;div
                          aria-disabled=&quot;false&quot;
-                         class=&quot; css-14xsrqy-option&quot;
+                         class=&quot; css-x3yilo-option&quot;
                          id=&quot;react-select-13-option-0-1&quot;
                          tabindex=&quot;-1&quot;
                        &gt;
                          &lt;div
                            class=&quot;user-item&quot;
@@ -177,11 +177,11 @@
                            &lt;/div&gt;
                          &lt;/div&gt;
                        &lt;/div&gt;
                        &lt;div
                          aria-disabled=&quot;false&quot;
-                         class=&quot; css-14xsrqy-option&quot;
+                         class=&quot; css-x3yilo-option&quot;
                          id=&quot;react-select-13-option-0-2&quot;
                          tabindex=&quot;-1&quot;
                        &gt;
                          &lt;div
                            class=&quot;user-item&quot;
@@ -203,11 +203,11 @@
                            &lt;/div&gt;
                          &lt;/div&gt;
                        &lt;/div&gt;
                        &lt;div
                          aria-disabled=&quot;false&quot;
-                         class=&quot; css-14xsrqy-option&quot;
+                         class=&quot; css-x3yilo-option&quot;
                          id=&quot;react-select-13-option-0-3&quot;
                          tabindex=&quot;-1&quot;
                        &gt;
                          &lt;div
                            class=&quot;user-item&quot;
    at Object.&lt;anonymous&gt; (/Users/calebroseland/Sources/github-mattermost/focalboard/webapp/src/components/shareBoard/shareBoard.test.tsx:693:27)</failure>
    </testcase>
  </testsuite>
  <testsuite name="properties/person" errors="0" failures="6" skipped="0" timestamp="2023-03-10T13:36:46" time="0.503" tests="7">
    <testcase classname="properties/person not readOnly, show username" name="properties/person not readOnly, show username" time="0.049">
      <failure>Error: expect(received).toMatchSnapshot()

Snapshot name: `properties/person not readOnly, show username 1`

- Snapshot  - 6
+ Received  + 6

@@ -14,23 +14,23 @@
      /&gt;
      &lt;div
        class=&quot;react-select__control css-18140j1-Control&quot;
      &gt;
        &lt;div
-         class=&quot;react-select__value-container react-select__value-container--has-value css-433wy7-ValueContainer&quot;
+         class=&quot;react-select__value-container react-select__value-container--has-value css-1gbdvdc-ValueContainer&quot;
        &gt;
          &lt;div
-           class=&quot;react-select__single-value css-1lixa2z-singleValue&quot;
+           class=&quot;react-select__single-value css-qosd1h-singleValue&quot;
          &gt;
            &lt;div
              class=&quot;Person-item&quot;
            &gt;
              username-1
            &lt;/div&gt;
          &lt;/div&gt;
          &lt;div
-           class=&quot;react-select__input-container css-ox1y69-Input&quot;
+           class=&quot;react-select__input-container css-1p5v8kp-Input&quot;
            data-value=&quot;&quot;
          &gt;
            &lt;input
              aria-autocomplete=&quot;list&quot;
              aria-expanded=&quot;false&quot;
@@ -52,11 +52,11 @@
        &lt;div
          class=&quot;react-select__indicators css-1hb7zxy-IndicatorsContainer&quot;
        &gt;
          &lt;div
            aria-hidden=&quot;true&quot;
-           class=&quot;react-select__indicator react-select__clear-indicator css-tpaeio-indicatorContainer&quot;
+           class=&quot;react-select__indicator react-select__clear-indicator css-31haax-indicatorContainer&quot;
          &gt;
            &lt;svg
              aria-hidden=&quot;true&quot;
              class=&quot;css-tj5bde-Svg&quot;
              focusable=&quot;false&quot;
@@ -68,15 +68,15 @@
                d=&quot;M14.348 14.849c-0.469 0.469-1.229 0.469-1.697 0l-2.651-3.030-2.651 3.029c-0.469 0.469-1.229 0.469-1.697 0-0.469-0.469-0.469-1.229 0-1.697l2.758-3.15-2.759-3.152c-0.469-0.469-0.469-1.228 0-1.697s1.228-0.469 1.697 0l2.652 3.031 2.651-3.031c0.469-0.469 1.228-0.469 1.697 0s0.469 1.229 0 1.697l-2.758 3.152 2.758 3.15c0.469 0.469 0.469 1.229 0 1.698z&quot;
              /&gt;
            &lt;/svg&gt;
          &lt;/div&gt;
          &lt;span
-           class=&quot;react-select__indicator-separator css-43ykx9-indicatorSeparator&quot;
+           class=&quot;react-select__indicator-separator css-1uei4ir-indicatorSeparator&quot;
          /&gt;
          &lt;div
            aria-hidden=&quot;true&quot;
-           class=&quot;react-select__indicator react-select__dropdown-indicator css-19sxey8-indicatorContainer&quot;
+           class=&quot;react-select__indicator react-select__dropdown-indicator css-uycnsi-indicatorContainer&quot;
          &gt;
            &lt;svg
              aria-hidden=&quot;true&quot;
              class=&quot;css-tj5bde-Svg&quot;
              focusable=&quot;false&quot;
    at Object.&lt;anonymous&gt; (/Users/calebroseland/Sources/github-mattermost/focalboard/webapp/src/components/personSelector.test.tsx:101:27)</failure>
    </testcase>
    <testcase classname="properties/person not readOnly, show firstname" name="properties/person not readOnly, show firstname" time="0.014">
      <failure>Error: expect(received).toMatchSnapshot()

Snapshot name: `properties/person not readOnly, show firstname 1`

- Snapshot  - 6
+ Received  + 6

@@ -14,23 +14,23 @@
      /&gt;
      &lt;div
        class=&quot;react-select__control css-18140j1-Control&quot;
      &gt;
        &lt;div
-         class=&quot;react-select__value-container react-select__value-container--has-value css-433wy7-ValueContainer&quot;
+         class=&quot;react-select__value-container react-select__value-container--has-value css-1gbdvdc-ValueContainer&quot;
        &gt;
          &lt;div
-           class=&quot;react-select__single-value css-1lixa2z-singleValue&quot;
+           class=&quot;react-select__single-value css-qosd1h-singleValue&quot;
          &gt;
            &lt;div
              class=&quot;Person-item&quot;
            &gt;
              test user
            &lt;/div&gt;
          &lt;/div&gt;
          &lt;div
-           class=&quot;react-select__input-container css-ox1y69-Input&quot;
+           class=&quot;react-select__input-container css-1p5v8kp-Input&quot;
            data-value=&quot;&quot;
          &gt;
            &lt;input
              aria-autocomplete=&quot;list&quot;
              aria-expanded=&quot;false&quot;
@@ -52,11 +52,11 @@
        &lt;div
          class=&quot;react-select__indicators css-1hb7zxy-IndicatorsContainer&quot;
        &gt;
          &lt;div
            aria-hidden=&quot;true&quot;
-           class=&quot;react-select__indicator react-select__clear-indicator css-tpaeio-indicatorContainer&quot;
+           class=&quot;react-select__indicator react-select__clear-indicator css-31haax-indicatorContainer&quot;
          &gt;
            &lt;svg
              aria-hidden=&quot;true&quot;
              class=&quot;css-tj5bde-Svg&quot;
              focusable=&quot;false&quot;
@@ -68,15 +68,15 @@
                d=&quot;M14.348 14.849c-0.469 0.469-1.229 0.469-1.697 0l-2.651-3.030-2.651 3.029c-0.469 0.469-1.229 0.469-1.697 0-0.469-0.469-0.469-1.229 0-1.697l2.758-3.15-2.759-3.152c-0.469-0.469-0.469-1.228 0-1.697s1.228-0.469 1.697 0l2.652 3.031 2.651-3.031c0.469-0.469 1.228-0.469 1.697 0s0.469 1.229 0 1.697l-2.758 3.152 2.758 3.15c0.469 0.469 0.469 1.229 0 1.698z&quot;
              /&gt;
            &lt;/svg&gt;
          &lt;/div&gt;
          &lt;span
-           class=&quot;react-select__indicator-separator css-43ykx9-indicatorSeparator&quot;
+           class=&quot;react-select__indicator-separator css-1uei4ir-indicatorSeparator&quot;
          /&gt;
          &lt;div
            aria-hidden=&quot;true&quot;
-           class=&quot;react-select__indicator react-select__dropdown-indicator css-19sxey8-indicatorContainer&quot;
+           class=&quot;react-select__indicator react-select__dropdown-indicator css-uycnsi-indicatorContainer&quot;
          &gt;
            &lt;svg
              aria-hidden=&quot;true&quot;
              class=&quot;css-tj5bde-Svg&quot;
              focusable=&quot;false&quot;
    at Object.&lt;anonymous&gt; (/Users/calebroseland/Sources/github-mattermost/focalboard/webapp/src/components/personSelector.test.tsx:135:27)</failure>
    </testcase>
    <testcase classname="properties/person not readOnly, show modal" name="properties/person not readOnly, show modal" time="0.039">
      <failure>Error: expect(received).toMatchSnapshot()

Snapshot name: `properties/person not readOnly, show modal 1`

- Snapshot  - 5
+ Received  + 5

@@ -14,20 +14,20 @@
      /&gt;
      &lt;div
        class=&quot;react-select__control css-18140j1-Control&quot;
      &gt;
        &lt;div
-         class=&quot;react-select__value-container css-433wy7-ValueContainer&quot;
+         class=&quot;react-select__value-container css-1gbdvdc-ValueContainer&quot;
        &gt;
          &lt;div
-           class=&quot;react-select__placeholder css-14el2xx-placeholder&quot;
+           class=&quot;react-select__placeholder css-1jqq78o-placeholder&quot;
            id=&quot;react-select-4-placeholder&quot;
          &gt;
            Empty
          &lt;/div&gt;
          &lt;div
-           class=&quot;react-select__input-container css-ox1y69-Input&quot;
+           class=&quot;react-select__input-container css-1p5v8kp-Input&quot;
            data-value=&quot;&quot;
          &gt;
            &lt;input
              aria-autocomplete=&quot;list&quot;
              aria-describedby=&quot;react-select-4-placeholder&quot;
@@ -49,15 +49,15 @@
        &lt;/div&gt;
        &lt;div
          class=&quot;react-select__indicators css-1hb7zxy-IndicatorsContainer&quot;
        &gt;
          &lt;span
-           class=&quot;react-select__indicator-separator css-43ykx9-indicatorSeparator&quot;
+           class=&quot;react-select__indicator-separator css-1uei4ir-indicatorSeparator&quot;
          /&gt;
          &lt;div
            aria-hidden=&quot;true&quot;
-           class=&quot;react-select__indicator react-select__dropdown-indicator css-19sxey8-indicatorContainer&quot;
+           class=&quot;react-select__indicator react-select__dropdown-indicator css-uycnsi-indicatorContainer&quot;
          &gt;
            &lt;svg
              aria-hidden=&quot;true&quot;
              class=&quot;css-tj5bde-Svg&quot;
              focusable=&quot;false&quot;
    at Object.&lt;anonymous&gt; (/Users/calebroseland/Sources/github-mattermost/focalboard/webapp/src/components/personSelector.test.tsx:162:27)</failure>
      <failure>Error: expect(received).toMatchSnapshot()

Snapshot name: `properties/person not readOnly, show modal 2`

- Snapshot  - 10
+ Received  + 10

@@ -23,20 +23,20 @@
      &lt;/span&gt;
      &lt;div
        class=&quot;react-select__control react-select__control--is-focused react-select__control--menu-is-open css-18140j1-Control&quot;
      &gt;
        &lt;div
-         class=&quot;react-select__value-container css-433wy7-ValueContainer&quot;
+         class=&quot;react-select__value-container css-1gbdvdc-ValueContainer&quot;
        &gt;
          &lt;div
-           class=&quot;react-select__placeholder css-14el2xx-placeholder&quot;
+           class=&quot;react-select__placeholder css-1jqq78o-placeholder&quot;
            id=&quot;react-select-4-placeholder&quot;
          &gt;
            Empty
          &lt;/div&gt;
          &lt;div
-           class=&quot;react-select__input-container css-ox1y69-Input&quot;
+           class=&quot;react-select__input-container css-1p5v8kp-Input&quot;
            data-value=&quot;&quot;
          &gt;
            &lt;input
              aria-autocomplete=&quot;list&quot;
              aria-controls=&quot;react-select-4-listbox&quot;
@@ -60,15 +60,15 @@
        &lt;/div&gt;
        &lt;div
          class=&quot;react-select__indicators css-1hb7zxy-IndicatorsContainer&quot;
        &gt;
          &lt;span
-           class=&quot;react-select__indicator-separator css-43ykx9-indicatorSeparator&quot;
+           class=&quot;react-select__indicator-separator css-1uei4ir-indicatorSeparator&quot;
          /&gt;
          &lt;div
            aria-hidden=&quot;true&quot;
-           class=&quot;react-select__indicator react-select__dropdown-indicator css-hl9mox-indicatorContainer&quot;
+           class=&quot;react-select__indicator react-select__dropdown-indicator css-zngtjc-indicatorContainer&quot;
          &gt;
            &lt;svg
              aria-hidden=&quot;true&quot;
              class=&quot;css-tj5bde-Svg&quot;
              focusable=&quot;false&quot;
@@ -82,19 +82,19 @@
            &lt;/svg&gt;
          &lt;/div&gt;
        &lt;/div&gt;
      &lt;/div&gt;
      &lt;div
-       class=&quot;react-select__menu css-10b6da7-menu&quot;
+       class=&quot;react-select__menu css-1slvcut-menu&quot;
        id=&quot;react-select-4-listbox&quot;
      &gt;
        &lt;div
-         class=&quot;react-select__menu-list css-g29tl0-MenuList&quot;
+         class=&quot;react-select__menu-list css-1d1qzc4-MenuList&quot;
        &gt;
          &lt;div
            aria-disabled=&quot;false&quot;
-           class=&quot;react-select__option react-select__option--is-focused css-1bwtvog-option&quot;
+           class=&quot;react-select__option react-select__option--is-focused css-63bi6m-option&quot;
            id=&quot;react-select-4-option-0&quot;
            tabindex=&quot;-1&quot;
          &gt;
            &lt;div
              class=&quot;Person-item&quot;
@@ -102,11 +102,11 @@
              username-1
            &lt;/div&gt;
          &lt;/div&gt;
          &lt;div
            aria-disabled=&quot;false&quot;
-           class=&quot;react-select__option css-nyiims-option&quot;
+           class=&quot;react-select__option css-1uk8033-option&quot;
            id=&quot;react-select-4-option-1&quot;
            tabindex=&quot;-1&quot;
          &gt;
            &lt;div
              class=&quot;Person-item&quot;
@@ -114,11 +114,11 @@
              username-2
            &lt;/div&gt;
          &lt;/div&gt;
          &lt;div
            aria-disabled=&quot;false&quot;
-           class=&quot;react-select__option css-nyiims-option&quot;
+           class=&quot;react-select__option css-1uk8033-option&quot;
            id=&quot;react-select-4-option-2&quot;
            tabindex=&quot;-1&quot;
          &gt;
            &lt;div
              class=&quot;Person-item&quot;
    at Object.&lt;anonymous&gt; (/Users/calebroseland/Sources/github-mattermost/focalboard/webapp/src/components/personSelector.test.tsx:176:31)</failure>
    </testcase>
    <testcase classname="properties/person readOnly view" name="properties/person readOnly view" time="0.005">
    </testcase>
    <testcase classname="properties/person show multiple" name="properties/person show multiple" time="0.018">
      <failure>Error: expect(received).toMatchSnapshot()

Snapshot name: `properties/person show multiple 1`

- Snapshot  - 11
+ Received  + 11

@@ -14,27 +14,27 @@
      /&gt;
      &lt;div
        class=&quot;react-select__control css-18140j1-Control&quot;
      &gt;
        &lt;div
-         class=&quot;react-select__value-container react-select__value-container--is-multi react-select__value-container--has-value css-o7cxt9-ValueContainer&quot;
+         class=&quot;react-select__value-container react-select__value-container--is-multi react-select__value-container--has-value css-pcwdi-ValueContainer&quot;
        &gt;
          &lt;div
-           class=&quot;css-1rhbuit-multiValue react-select__multi-value&quot;
+           class=&quot;react-select__multi-value css-1p3m7a8-multiValue&quot;
          &gt;
            &lt;div
-             class=&quot;css-12jo7m5 react-select__multi-value__label&quot;
+             class=&quot;react-select__multi-value__label css-wsp0cs-MultiValueGeneric&quot;
            &gt;
              &lt;div
                class=&quot;MultiPerson-item&quot;
              &gt;
                username-1
              &lt;/div&gt;
            &lt;/div&gt;
            &lt;div
              aria-label=&quot;Remove [object Object]&quot;
-             class=&quot;css-xb97g8 react-select__multi-value__remove&quot;
+             class=&quot;react-select__multi-value__remove css-12a83d4-MultiValueRemove&quot;
              role=&quot;button&quot;
            &gt;
              &lt;svg
                aria-hidden=&quot;true&quot;
                class=&quot;css-tj5bde-Svg&quot;
@@ -48,24 +48,24 @@
                /&gt;
              &lt;/svg&gt;
            &lt;/div&gt;
          &lt;/div&gt;
          &lt;div
-           class=&quot;css-1rhbuit-multiValue react-select__multi-value&quot;
+           class=&quot;react-select__multi-value css-1p3m7a8-multiValue&quot;
          &gt;
            &lt;div
-             class=&quot;css-12jo7m5 react-select__multi-value__label&quot;
+             class=&quot;react-select__multi-value__label css-wsp0cs-MultiValueGeneric&quot;
            &gt;
              &lt;div
                class=&quot;MultiPerson-item&quot;
              &gt;
                username-2
              &lt;/div&gt;
            &lt;/div&gt;
            &lt;div
              aria-label=&quot;Remove [object Object]&quot;
-             class=&quot;css-xb97g8 react-select__multi-value__remove&quot;
+             class=&quot;react-select__multi-value__remove css-12a83d4-MultiValueRemove&quot;
              role=&quot;button&quot;
            &gt;
              &lt;svg
                aria-hidden=&quot;true&quot;
                class=&quot;css-tj5bde-Svg&quot;
@@ -79,11 +79,11 @@
                /&gt;
              &lt;/svg&gt;
            &lt;/div&gt;
          &lt;/div&gt;
          &lt;div
-           class=&quot;react-select__input-container css-ox1y69-Input&quot;
+           class=&quot;react-select__input-container css-1p5v8kp-Input&quot;
            data-value=&quot;&quot;
          &gt;
            &lt;input
              aria-autocomplete=&quot;list&quot;
              aria-expanded=&quot;false&quot;
@@ -105,11 +105,11 @@
        &lt;div
          class=&quot;react-select__indicators css-1hb7zxy-IndicatorsContainer&quot;
        &gt;
          &lt;div
            aria-hidden=&quot;true&quot;
-           class=&quot;react-select__indicator react-select__clear-indicator css-tpaeio-indicatorContainer&quot;
+           class=&quot;react-select__indicator react-select__clear-indicator css-31haax-indicatorContainer&quot;
          &gt;
            &lt;svg
              aria-hidden=&quot;true&quot;
              class=&quot;css-tj5bde-Svg&quot;
              focusable=&quot;false&quot;
@@ -121,15 +121,15 @@
                d=&quot;M14.348 14.849c-0.469 0.469-1.229 0.469-1.697 0l-2.651-3.030-2.651 3.029c-0.469 0.469-1.229 0.469-1.697 0-0.469-0.469-0.469-1.229 0-1.697l2.758-3.15-2.759-3.152c-0.469-0.469-0.469-1.228 0-1.697s1.228-0.469 1.697 0l2.652 3.031 2.651-3.031c0.469-0.469 1.228-0.469 1.697 0s0.469 1.229 0 1.697l-2.758 3.152 2.758 3.15c0.469 0.469 0.469 1.229 0 1.698z&quot;
              /&gt;
            &lt;/svg&gt;
          &lt;/div&gt;
          &lt;span
-           class=&quot;react-select__indicator-separator css-43ykx9-indicatorSeparator&quot;
+           class=&quot;react-select__indicator-separator css-1uei4ir-indicatorSeparator&quot;
          /&gt;
          &lt;div
            aria-hidden=&quot;true&quot;
-           class=&quot;react-select__indicator react-select__dropdown-indicator css-19sxey8-indicatorContainer&quot;
+           class=&quot;react-select__indicator react-select__dropdown-indicator css-uycnsi-indicatorContainer&quot;
          &gt;
            &lt;svg
              aria-hidden=&quot;true&quot;
              class=&quot;css-tj5bde-Svg&quot;
              focusable=&quot;false&quot;
    at Object.&lt;anonymous&gt; (/Users/calebroseland/Sources/github-mattermost/focalboard/webapp/src/components/personSelector.test.tsx:242:27)</failure>
    </testcase>
    <testcase classname="properties/person show multiple, display modal" name="properties/person show multiple, display modal" time="0.033">
      <failure>Error: expect(received).toMatchSnapshot()

Snapshot name: `properties/person show multiple, display modal 1`

- Snapshot  - 11
+ Received  + 11

@@ -14,27 +14,27 @@
      /&gt;
      &lt;div
        class=&quot;react-select__control css-18140j1-Control&quot;
      &gt;
        &lt;div
-         class=&quot;react-select__value-container react-select__value-container--is-multi react-select__value-container--has-value css-o7cxt9-ValueContainer&quot;
+         class=&quot;react-select__value-container react-select__value-container--is-multi react-select__value-container--has-value css-pcwdi-ValueContainer&quot;
        &gt;
          &lt;div
-           class=&quot;css-1rhbuit-multiValue react-select__multi-value&quot;
+           class=&quot;react-select__multi-value css-1p3m7a8-multiValue&quot;
          &gt;
            &lt;div
-             class=&quot;css-12jo7m5 react-select__multi-value__label&quot;
+             class=&quot;react-select__multi-value__label css-wsp0cs-MultiValueGeneric&quot;
            &gt;
              &lt;div
                class=&quot;MultiPerson-item&quot;
              &gt;
                username-1
              &lt;/div&gt;
            &lt;/div&gt;
            &lt;div
              aria-label=&quot;Remove [object Object]&quot;
-             class=&quot;css-xb97g8 react-select__multi-value__remove&quot;
+             class=&quot;react-select__multi-value__remove css-12a83d4-MultiValueRemove&quot;
              role=&quot;button&quot;
            &gt;
              &lt;svg
                aria-hidden=&quot;true&quot;
                class=&quot;css-tj5bde-Svg&quot;
@@ -48,24 +48,24 @@
                /&gt;
              &lt;/svg&gt;
            &lt;/div&gt;
          &lt;/div&gt;
          &lt;div
-           class=&quot;css-1rhbuit-multiValue react-select__multi-value&quot;
+           class=&quot;react-select__multi-value css-1p3m7a8-multiValue&quot;
          &gt;
            &lt;div
-             class=&quot;css-12jo7m5 react-select__multi-value__label&quot;
+             class=&quot;react-select__multi-value__label css-wsp0cs-MultiValueGeneric&quot;
            &gt;
              &lt;div
                class=&quot;MultiPerson-item&quot;
              &gt;
                username-2
              &lt;/div&gt;
            &lt;/div&gt;
            &lt;div
              aria-label=&quot;Remove [object Object]&quot;
-             class=&quot;css-xb97g8 react-select__multi-value__remove&quot;
+             class=&quot;react-select__multi-value__remove css-12a83d4-MultiValueRemove&quot;
              role=&quot;button&quot;
            &gt;
              &lt;svg
                aria-hidden=&quot;true&quot;
                class=&quot;css-tj5bde-Svg&quot;
@@ -79,11 +79,11 @@
                /&gt;
              &lt;/svg&gt;
            &lt;/div&gt;
          &lt;/div&gt;
          &lt;div
-           class=&quot;react-select__input-container css-ox1y69-Input&quot;
+           class=&quot;react-select__input-container css-1p5v8kp-Input&quot;
            data-value=&quot;&quot;
          &gt;
            &lt;input
              aria-autocomplete=&quot;list&quot;
              aria-expanded=&quot;false&quot;
@@ -105,11 +105,11 @@
        &lt;div
          class=&quot;react-select__indicators css-1hb7zxy-IndicatorsContainer&quot;
        &gt;
          &lt;div
            aria-hidden=&quot;true&quot;
-           class=&quot;react-select__indicator react-select__clear-indicator css-tpaeio-indicatorContainer&quot;
+           class=&quot;react-select__indicator react-select__clear-indicator css-31haax-indicatorContainer&quot;
          &gt;
            &lt;svg
              aria-hidden=&quot;true&quot;
              class=&quot;css-tj5bde-Svg&quot;
              focusable=&quot;false&quot;
@@ -121,15 +121,15 @@
                d=&quot;M14.348 14.849c-0.469 0.469-1.229 0.469-1.697 0l-2.651-3.030-2.651 3.029c-0.469 0.469-1.229 0.469-1.697 0-0.469-0.469-0.469-1.229 0-1.697l2.758-3.15-2.759-3.152c-0.469-0.469-0.469-1.228 0-1.697s1.228-0.469 1.697 0l2.652 3.031 2.651-3.031c0.469-0.469 1.228-0.469 1.697 0s0.469 1.229 0 1.697l-2.758 3.152 2.758 3.15c0.469 0.469 0.469 1.229 0 1.698z&quot;
              /&gt;
            &lt;/svg&gt;
          &lt;/div&gt;
          &lt;span
-           class=&quot;react-select__indicator-separator css-43ykx9-indicatorSeparator&quot;
+           class=&quot;react-select__indicator-separator css-1uei4ir-indicatorSeparator&quot;
          /&gt;
          &lt;div
            aria-hidden=&quot;true&quot;
-           class=&quot;react-select__indicator react-select__dropdown-indicator css-19sxey8-indicatorContainer&quot;
+           class=&quot;react-select__indicator react-select__dropdown-indicator css-uycnsi-indicatorContainer&quot;
          &gt;
            &lt;svg
              aria-hidden=&quot;true&quot;
              class=&quot;css-tj5bde-Svg&quot;
              focusable=&quot;false&quot;
    at Object.&lt;anonymous&gt; (/Users/calebroseland/Sources/github-mattermost/focalboard/webapp/src/components/personSelector.test.tsx:268:27)</failure>
      <failure>Error: expect(received).toMatchSnapshot()

Snapshot name: `properties/person show multiple, display modal 2`

- Snapshot  - 15
+ Received  + 15

@@ -16,34 +16,34 @@
          id=&quot;aria-selection&quot;
        /&gt;
        &lt;span
          id=&quot;aria-context&quot;
        &gt;
-         option username-3 focused, 3 of 3. 1 result available. Use Up and Down to choose options, press Enter to select the currently focused option, press Escape to exit the menu, press Tab to select the option and exit the menu.
+         option username-3 focused, 1 of 1. 1 result available. Use Up and Down to choose options, press Enter to select the currently focused option, press Escape to exit the menu, press Tab to select the option and exit the menu.
        &lt;/span&gt;
      &lt;/span&gt;
      &lt;div
        class=&quot;react-select__control react-select__control--is-focused react-select__control--menu-is-open css-18140j1-Control&quot;
      &gt;
        &lt;div
-         class=&quot;react-select__value-container react-select__value-container--is-multi react-select__value-container--has-value css-o7cxt9-ValueContainer&quot;
+         class=&quot;react-select__value-container react-select__value-container--is-multi react-select__value-container--has-value css-pcwdi-ValueContainer&quot;
        &gt;
          &lt;div
-           class=&quot;css-1rhbuit-multiValue react-select__multi-value&quot;
+           class=&quot;react-select__multi-value css-1p3m7a8-multiValue&quot;
          &gt;
            &lt;div
-             class=&quot;css-12jo7m5 react-select__multi-value__label&quot;
+             class=&quot;react-select__multi-value__label css-wsp0cs-MultiValueGeneric&quot;
            &gt;
              &lt;div
[...]
    at run (/Users/calebroseland/Sources/github-mattermost/focalboard/webapp/node_modules/jest-circus/build/run.js:25:3)
    at runAndTransformResultsToJestFormat (/Users/calebroseland/Sources/github-mattermost/focalboard/webapp/node_modules/jest-circus/build/legacy-code-todo-rewrite/jestAdapterInit.js:170:21)
    at jestAdapter (/Users/calebroseland/Sources/github-mattermost/focalboard/webapp/node_modules/jest-circus/build/legacy-code-todo-rewrite/jestAdapter.js:82:19)
    at runTestInternal (/Users/calebroseland/Sources/github-mattermost/focalboard/webapp/node_modules/jest-runner/build/runTest.js:389:16)
    at runTest (/Users/calebroseland/Sources/github-mattermost/focalboard/webapp/node_modules/jest-runner/build/runTest.js:475:34)</failure>
    </testcase>
  </testsuite>
  <testsuite name="components/viewHeader/filterEntry" errors="0" failures="0" skipped="0" timestamp="2023-03-10T13:37:36" time="0.998" tests="12">
    <testcase classname="components/viewHeader/filterEntry return filterEntry" name="components/viewHeader/filterEntry return filterEntry" time="0.042">
    </testcase>
    <testcase classname="components/viewHeader/filterEntry return filterEntry for boolean field" name="components/viewHeader/filterEntry return filterEntry for boolean field" time="0.018">
    </testcase>
    <testcase classname="components/viewHeader/filterEntry return filterEntry for text field" name="components/viewHeader/filterEntry return filterEntry for text field" time="0.018">
    </testcase>
    <testcase classname="components/viewHeader/filterEntry return filterEntry for date field" name="components/viewHeader/filterEntry return filterEntry for date field" time="0.02">
    </testcase>
    <testcase classname="components/viewHeader/filterEntry return filterEntry and click on status" name="components/viewHeader/filterEntry return filterEntry and click on status" time="0.057">
    </testcase>
    <testcase classname="components/viewHeader/filterEntry return filterEntry and click on includes" name="components/viewHeader/filterEntry return filterEntry and click on includes" time="0.054">
    </testcase>
    <testcase classname="components/viewHeader/filterEntry return filterEntry and click on doesn&apos;t include" name="components/viewHeader/filterEntry return filterEntry and click on doesn&apos;t include" time="0.054">
    </testcase>
    <testcase classname="components/viewHeader/filterEntry return filterEntry and click on is empty" name="components/viewHeader/filterEntry return filterEntry and click on is empty" time="0.05">
    </testcase>
    <testcase classname="components/viewHeader/filterEntry return filterEntry and click on is not empty" name="components/viewHeader/filterEntry return filterEntry and click on is not empty" time="0.052">
    </testcase>
    <testcase classname="components/viewHeader/filterEntry return filterEntry and click on delete" name="components/viewHeader/filterEntry return filterEntry and click on delete" time="0.041">
    </testcase>
    <testcase classname="components/viewHeader/filterEntry return filterEntry and click on different property type" name="components/viewHeader/filterEntry return filterEntry and click on different property type" time="0.056">
    </testcase>
    <testcase classname="components/viewHeader/filterEntry return filterEntry and click on different property type, but same filterOperation" name="components/viewHeader/filterEntry return filterEntry and click on different property type, but same filterOperation" time="0.052">
    </testcase>
  </testsuite>
  <testsuite name="components/viewHeader/filterValue" errors="0" failures="1" skipped="0" timestamp="2023-03-10T13:37:37" time="0.555" tests="5">
    <testcase classname="components/viewHeader/filterValue return filterValue" name="components/viewHeader/filterValue return filterValue" time="0.026">
    </testcase>
    <testcase classname="components/viewHeader/filterValue return filterValue and click Status" name="components/viewHeader/filterValue return filterValue and click Status" time="0.018">
    </testcase>
    <testcase classname="components/viewHeader/filterValue return filterValue and click Status with Status not in filter" name="components/viewHeader/filterValue return filterValue and click Status with Status not in filter" time="0.015">
    </testcase>
    <testcase classname="components/viewHeader/filterValue return filterValue and verify that menu is not closed after clicking on the item" name="components/viewHeader/filterValue return filterValue and verify that menu is not closed after clicking on the item" time="0.023">
    </testcase>
    <testcase classname="components/viewHeader/filterValue return date filter value" name="components/viewHeader/filterValue return date filter value" time="0.038">
      <failure>TypeError: Cannot read properties of undefined (reading &apos;localeData&apos;)
    at Object.getFirstDayOfWeek (/Users/calebroseland/Sources/github-mattermost/focalboard/webapp/node_modules/react-day-picker/build/addons/MomentLocaleUtils.js:48:27)
    at Object.getFirstDayOfWeekFromProps (/Users/calebroseland/Sources/github-mattermost/focalboard/webapp/node_modules/react-day-picker/build/Helpers.js:72:24)
    at DayPicker.renderMonths (/Users/calebroseland/Sources/github-mattermost/focalboard/webapp/node_modules/react-day-picker/build/DayPicker.js:448:36)
    at DayPicker.render (/Users/calebroseland/Sources/github-mattermost/focalboard/webapp/node_modules/react-day-picker/build/DayPicker.js:531:18)
    at finishClassComponent (/Users/calebroseland/Sources/github-mattermost/focalboard/webapp/node_modules/react-dom/cjs/react-dom.development.js:17160:31)
    at updateClassComponent (/Users/calebroseland/Sources/github-mattermost/focalboard/webapp/node_modules/react-dom/cjs/react-dom.development.js:17110:24)
    at beginWork (/Users/calebroseland/Sources/github-mattermost/focalboard/webapp/node_modules/react-dom/cjs/react-dom.development.js:18620:16)
    at HTMLUnknownElement.callCallback (/Users/calebroseland/Sources/github-mattermost/focalboard/webapp/node_modules/react-dom/cjs/react-dom.development.js:188:14)
    at HTMLUnknownElement.callTheUserObjectsOperation (/Users/calebroseland/Sources/github-mattermost/focalboard/webapp/node_modules/jsdom/lib/jsdom/living/generated/EventListener.js:26:30)
    at innerInvokeEventListeners (/Users/calebroseland/Sources/github-mattermost/focalboard/webapp/node_modules/jsdom/lib/jsdom/living/events/EventTarget-impl.js:338:25)
    at invokeEventListeners (/Users/calebroseland/Sources/github-mattermost/focalboard/webapp/node_modules/jsdom/lib/jsdom/living/events/EventTarget-impl.js:274:3)
    at HTMLUnknownElementImpl._dispatch (/Users/calebroseland/Sources/github-mattermost/focalboard/webapp/node_modules/jsdom/lib/jsdom/living/events/EventTarget-impl.js:221:9)
    at HTMLUnknownElementImpl.dispatchEvent (/Users/calebroseland/Sources/github-mattermost/focalboard/webapp/node_modules/jsdom/lib/jsdom/living/events/EventTarget-impl.js:94:17)
    at HTMLUnknownElement.dispatchEvent (/Users/calebroseland/Sources/github-mattermost/focalboard/webapp/node_modules/jsdom/lib/jsdom/living/generated/EventTarget.js:231:34)
    at Object.invokeGuardedCallbackDev (/Users/calebroseland/Sources/github-mattermost/focalboard/webapp/node_modules/react-dom/cjs/react-dom.development.js:237:16)
    at invokeGuardedCallback (/Users/calebroseland/Sources/github-mattermost/focalboard/webapp/node_modules/react-dom/cjs/react-dom.development.js:292:31)
    at beginWork$1 (/Users/calebroseland/Sources/github-mattermost/focalboard/webapp/node_modules/react-dom/cjs/react-dom.development.js:23203:7)
    at performUnitOfWork (/Users/calebroseland/Sources/github-mattermost/focalboard/webapp/node_modules/react-dom/cjs/react-dom.development.js:22157:12)
    at workLoopSync (/Users/calebroseland/Sources/github-mattermost/focalboard/webapp/node_modules/react-dom/cjs/react-dom.development.js:22130:22)
    at performSyncWorkOnRoot (/Users/calebroseland/Sources/github-mattermost/focalboard/webapp/node_modules/react-dom/cjs/react-dom.development.js:21756:9)
    at /Users/calebroseland/Sources/github-mattermost/focalboard/webapp/node_modules/react-dom/cjs/react-dom.development.js:11089:24
    at unstable_runWithPriority (/Users/calebroseland/Sources/github-mattermost/focalboard/webapp/node_modules/scheduler/cjs/scheduler.development.js:653:12)
    at runWithPriority$1 (/Users/calebroseland/Sources/github-mattermost/focalboard/webapp/node_modules/react-dom/cjs/react-dom.development.js:11039:10)
    at flushSyncCallbackQueueImpl (/Users/calebroseland/Sources/github-mattermost/focalboard/webapp/node_modules/react-dom/cjs/react-dom.development.js:11084:7)
    at flushSyncCallbackQueue (/Users/calebroseland/Sources/github-mattermost/focalboard/webapp/node_modules/react-dom/cjs/react-dom.development.js:11072:3)
    at discreteUpdates$1 (/Users/calebroseland/Sources/github-mattermost/focalboard/webapp/node_modules/react-dom/cjs/react-dom.development.js:21893:7)
    at discreteUpdates (/Users/calebroseland/Sources/github-mattermost/focalboard/webapp/node_modules/react-dom/cjs/react-dom.development.js:806:12)
    at dispatchDiscreteEvent (/Users/calebroseland/Sources/github-mattermost/focalboard/webapp/node_modules/react-dom/cjs/react-dom.development.js:4168:3)
    at Document.callTheUserObjectsOperation (/Users/calebroseland/Sources/github-mattermost/focalboard/webapp/node_modules/jsdom/lib/jsdom/living/generated/EventListener.js:26:30)
    at innerInvokeEventListeners (/Users/calebroseland/Sources/github-mattermost/focalboard/webapp/node_modules/jsdom/lib/jsdom/living/events/EventTarget-impl.js:338:25)
    at invokeEventListeners (/Users/calebroseland/Sources/github-mattermost/focalboard/webapp/node_modules/jsdom/lib/jsdom/living/events/EventTarget-impl.js:274:3)
    at HTMLButtonElementImpl._dispatch (/Users/calebroseland/Sources/github-mattermost/focalboard/webapp/node_modules/jsdom/lib/jsdom/living/events/EventTarget-impl.js:221:9)
    at HTMLButtonElementImpl.dispatchEvent (/Users/calebroseland/Sources/github-mattermost/focalboard/webapp/node_modules/jsdom/lib/jsdom/living/events/EventTarget-impl.js:94:17)
    at HTMLButtonElement.dispatchEvent (/Users/calebroseland/Sources/github-mattermost/focalboard/webapp/node_modules/jsdom/lib/jsdom/living/generated/EventTarget.js:231:34)
    at /Users/calebroseland/Sources/github-mattermost/focalboard/webapp/node_modules/@testing-library/dom/dist/events.js:25:20
    at Object.eventWrapper (/Users/calebroseland/Sources/github-mattermost/focalboard/webapp/node_modules/@testing-library/dom/dist/config.js:27:23)
    at fireEvent (/Users/calebroseland/Sources/github-mattermost/focalboard/webapp/node_modules/@testing-library/dom/dist/events.js:16:35)
    at Function.fireEvent.&lt;computed&gt; [as click] (/Users/calebroseland/Sources/github-mattermost/focalboard/webapp/node_modules/@testing-library/dom/dist/events.js:125:36)
    at fireClick (/Users/calebroseland/Sources/github-mattermost/focalboard/webapp/node_modules/@testing-library/user-event/dist/click.js:150:20)
    at clickElement (/Users/calebroseland/Sources/github-mattermost/focalboard/webapp/node_modules/@testing-library/user-event/dist/click.js:91:5)
    at Object.click (/Users/calebroseland/Sources/github-mattermost/focalboard/webapp/node_modules/@testing-library/user-event/dist/click.js:140:5)
    at Object.&lt;anonymous&gt; (/Users/calebroseland/Sources/github-mattermost/focalboard/webapp/src/components/viewHeader/filterValue.test.tsx:165:19)
    at Promise.then.completed (/Users/calebroseland/Sources/github-mattermost/focalboard/webapp/node_modules/jest-circus/build/utils.js:391:28)
    at new Promise (&lt;anonymous&gt;)
    at callAsyncCircusFn (/Users/calebroseland/Sources/github-mattermost/focalboard/webapp/node_modules/jest-circus/build/utils.js:316:10)
    at _callCircusTest (/Users/calebroseland/Sources/github-mattermost/focalboard/webapp/node_modules/jest-circus/build/run.js:218:40)
    at _runTest (/Users/calebroseland/Sources/github-mattermost/focalboard/webapp/node_modules/jest-circus/build/run.js:155:3)
    at _runTestsForDescribeBlock (/Users/calebroseland/Sources/github-mattermost/focalboard/webapp/node_modules/jest-circus/build/run.js:66:9)
    at _runTestsForDescribeBlock (/Users/calebroseland/Sources/github-mattermost/focalboard/webapp/node_modules/jest-circus/build/run.js:60:9)
    at run (/Users/calebroseland/Sources/github-mattermost/focalboard/webapp/node_modules/jest-circus/build/run.js:25:3)
    at runAndTransformResultsToJestFormat (/Users/calebroseland/Sources/github-mattermost/focalboard/webapp/node_modules/jest-circus/build/legacy-code-todo-rewrite/jestAdapterInit.js:170:21)
    at jestAdapter (/Users/calebroseland/Sources/github-mattermost/focalboard/webapp/node_modules/jest-circus/build/legacy-code-todo-rewrite/jestAdapter.js:82:19)
    at runTestInternal (/Users/calebroseland/Sources/github-mattermost/focalboard/webapp/node_modules/jest-runner/build/runTest.js:389:16)
    at runTest (/Users/calebroseland/Sources/github-mattermost/focalboard/webapp/node_modules/jest-runner/build/runTest.js:475:34)</failure>
      <failure>TestingLibraryElementError: Unable to find an accessible element with the role &quot;button&quot; and name &quot;Clear&quot;

There are no accessible roles. But there might be some inaccessible roles. If you wish to access them, then set the `hidden` option to `true`. Learn more about this here: https://testing-library.com/docs/dom-testing-library/api-queries#byrole

&lt;body&gt;
  &lt;div /&gt;
&lt;/body&gt;
    at Object.getElementError (/Users/calebroseland/Sources/github-mattermost/focalboard/webapp/node_modules/@testing-library/react/node_modules/@testing-library/dom/dist/config.js:37:19)
    at /Users/calebroseland/Sources/github-mattermost/focalboard/webapp/node_modules/@testing-library/react/node_modules/@testing-library/dom/dist/query-helpers.js:90:38
    at /Users/calebroseland/Sources/github-mattermost/focalboard/webapp/node_modules/@testing-library/react/node_modules/@testing-library/dom/dist/query-helpers.js:62:17
    at getByRole (/Users/calebroseland/Sources/github-mattermost/focalboard/webapp/node_modules/@testing-library/react/node_modules/@testing-library/dom/dist/query-helpers.js:111:19)
    at Object.&lt;anonymous&gt; (/Users/calebroseland/Sources/github-mattermost/focalboard/webapp/src/components/viewHeader/filterValue.test.tsx:168:36)
    at Promise.then.completed (/Users/calebroseland/Sources/github-mattermost/focalboard/webapp/node_modules/jest-circus/build/utils.js:391:28)
    at new Promise (&lt;anonymous&gt;)
    at callAsyncCircusFn (/Users/calebroseland/Sources/github-mattermost/focalboard/webapp/node_modules/jest-circus/build/utils.js:316:10)
    at _callCircusTest (/Users/calebroseland/Sources/github-mattermost/focalboard/webapp/node_modules/jest-circus/build/run.js:218:40)
    at _runTest (/Users/calebroseland/Sources/github-mattermost/focalboard/webapp/node_modules/jest-circus/build/run.js:155:3)
    at _runTestsForDescribeBlock (/Users/calebroseland/Sources/github-mattermost/focalboard/webapp/node_modules/jest-circus/build/run.js:66:9)
    at _runTestsForDescribeBlock (/Users/calebroseland/Sources/github-mattermost/focalboard/webapp/node_modules/jest-circus/build/run.js:60:9)
    at run (/Users/calebroseland/Sources/github-mattermost/focalboard/webapp/node_modules/jest-circus/build/run.js:25:3)
    at runAndTransformResultsToJestFormat (/Users/calebroseland/Sources/github-mattermost/focalboard/webapp/node_modules/jest-circus/build/legacy-code-todo-rewrite/jestAdapterInit.js:170:21)
    at jestAdapter (/Users/calebroseland/Sources/github-mattermost/focalboard/webapp/node_modules/jest-circus/build/legacy-code-todo-rewrite/jestAdapter.js:82:19)
    at runTestInternal (/Users/calebroseland/Sources/github-mattermost/focalboard/webapp/node_modules/jest-runner/build/runTest.js:389:16)
    at runTest (/Users/calebroseland/Sources/github-mattermost/focalboard/webapp/node_modules/jest-runner/build/runTest.js:475:34)</failure>
    </testcase>
  </testsuite>
  <testsuite name="components/viewHeader/filterComponent" errors="0" failures="0" skipped="0" timestamp="2023-03-10T13:37:37" time="0.728" tests="4">
    <testcase classname="components/viewHeader/filterComponent return filterComponent" name="components/viewHeader/filterComponent return filterComponent" time="0.055">
    </testcase>
    <testcase classname="components/viewHeader/filterComponent return filterComponent and add Filter" name="components/viewHeader/filterComponent return filterComponent and add Filter" time="0.036">
    </testcase>
    <testcase classname="components/viewHeader/filterComponent return filterComponent and filter by status" name="components/viewHeader/filterComponent return filterComponent and filter by status" time="0.075">
    </testcase>
    <testcase classname="components/viewHeader/filterComponent return filterComponent and click is empty" name="components/viewHeader/filterComponent return filterComponent and click is empty" time="0.074">
    </testcase>
  </testsuite>
  <testsuite name="components/calendar/toolbar" errors="0" failures="0" skipped="0" timestamp="2023-03-10T13:37:42" time="0.89" tests="4">
    <testcase classname="components/calendar/toolbar return calendar, no date property" name="components/calendar/toolbar return calendar, no date property" time="0.132">
    </testcase>
    <testcase classname="components/calendar/toolbar return calendar, with date property not set" name="components/calendar/toolbar return calendar, with date property not set" time="0.147">
    </testcase>
    <testcase classname="components/calendar/toolbar return calendar, with date property set" name="components/calendar/toolbar return calendar, with date property set" time="0.079">
    </testcase>
    <testcase classname="components/calendar/toolbar return calendar, without permissions" name="components/calendar/toolbar return calendar, without permissions" time="0.062">
    </testcase>
  </testsuite>
  <testsuite name="components/propertyValueElement" errors="0" failures="0" skipped="0" timestamp="2023-03-10T13:37:46" time="0.463" tests="8">
    <testcase classname="components/propertyValueElement should match snapshot, select" name="components/propertyValueElement should match snapshot, select" time="0.017">
    </testcase>
    <testcase classname="components/propertyValueElement should match snapshot, select, read-only" name="components/propertyValueElement should match snapshot, select, read-only" time="0.004">
    </testcase>
    <testcase classname="components/propertyValueElement should match snapshot, multi-select" name="components/propertyValueElement should match snapshot, multi-select" time="0.005">
    </testcase>
    <testcase classname="components/propertyValueElement should match snapshot, url, array value" name="components/propertyValueElement should match snapshot, url, array value" time="0.005">
    </testcase>
    <testcase classname="components/propertyValueElement should match snapshot, person, array value" name="components/propertyValueElement should match snapshot, person, array value" time="0.005">
    </testcase>
    <testcase classname="components/propertyValueElement should match snapshot, date, array value" name="components/propertyValueElement should match snapshot, date, array value" time="0.004">
    </testcase>
    <testcase classname="components/propertyValueElement URL fields should allow cancel" name="components/propertyValueElement URL fields should allow cancel" time="0.01">
    </testcase>
    <testcase classname="components/propertyValueElement Generic fields should allow cancel" name="components/propertyValueElement Generic fields should allow cancel" time="0.068">
    </testcase>
  </testsuite>
</testsuites>