TN:
SF:src/app.tsx
FN:28,(anonymous_0)
FN:33,(anonymous_1)
FN:39,(anonymous_2)
FNF:3
FNH:0
FNDA:0,(anonymous_0)
FNDA:0,(anonymous_1)
FNDA:0,(anonymous_2)
DA:28,0
DA:29,0
DA:30,0
DA:31,0
DA:33,0
DA:34,0
DA:35,0
DA:36,0
DA:39,0
DA:40,0
DA:41,0
LF:11
LH:0
BRDA:40,0,0,0
BRDA:50,1,0,0
BRDA:50,1,1,0
BRF:3
BRH:0
end_of_record
TN:
SF:src/archiver.ts
FN:85,(anonymous_0)
FN:13,(anonymous_2)
FN:17,(anonymous_3)
FN:21,(anonymous_4)
FN:23,(anonymous_5)
FN:25,(anonymous_6)
FN:49,(anonymous_7)
FN:56,(anonymous_8)
FN:64,(anonymous_9)
FN:68,(anonymous_10)
FNF:10
FNH:1
FNDA:1,(anonymous_0)
FNDA:0,(anonymous_2)
FNDA:0,(anonymous_3)
FNDA:0,(anonymous_4)
FNDA:0,(anonymous_5)
FNDA:0,(anonymous_6)
FNDA:0,(anonymous_7)
FNDA:0,(anonymous_8)
FNDA:0,(anonymous_9)
FNDA:0,(anonymous_10)
DA:7,5
DA:8,5
DA:14,0
DA:18,0
DA:23,0
DA:24,0
DA:26,0
DA:27,0
DA:29,0
DA:30,0
DA:32,0
DA:33,0
DA:34,0
DA:37,0
DA:40,0
DA:41,0
DA:50,0
DA:51,0
DA:52,0
DA:57,0
DA:58,0
DA:61,0
DA:65,0
DA:66,0
DA:67,0
DA:68,0
DA:69,0
DA:70,0
DA:71,0
DA:74,0
DA:77,0
DA:78,0
DA:79,0
DA:85,1
LF:34
LH:3
BRDA:40,0,0,0
BRDA:51,1,0,0
BRDA:57,2,0,0
BRDA:57,3,0,0
BRDA:57,3,1,0
BRDA:69,4,0,0
BRDA:69,4,1,0
BRDA:70,5,0,0
BRF:8
BRH:0
end_of_record
TN:
SF:src/blockIcons.ts
FN:15,(anonymous_0)
FN:8,(anonymous_1)
FNF:2
FNH:0
FNDA:0,(anonymous_0)
FNDA:0,(anonymous_1)
DA:3,60
DA:5,60
DA:9,0
DA:10,0
DA:11,0
DA:15,0
LF:6
LH:2
BRF:0
BRH:0
end_of_record
TN:
SF:src/boardUtils.ts
FN:55,(anonymous_0)
FN:6,groupCardsByOptions
FN:10,(anonymous_2)
FN:12,(anonymous_3)
FN:23,(anonymous_4)
FN:25,(anonymous_5)
FN:37,getOptionGroups
FN:41,(anonymous_7)
FN:42,(anonymous_8)
FN:63,getPersonGroups
FN:64,(anonymous_11)
FN:78,(anonymous_12)
FN:80,(anonymous_13)
FNF:13
FNH:9
FNDA:10,(anonymous_0)
FNDA:10,groupCardsByOptions
FNDA:30,(anonymous_2)
FNDA:48,(anonymous_3)
FNDA:16,(anonymous_4)
FNDA:30,(anonymous_5)
FNDA:5,getOptionGroups
FNDA:15,(anonymous_7)
FNDA:1,(anonymous_8)
FNDA:0,getPersonGroups
FNDA:0,(anonymous_11)
FNDA:0,(anonymous_12)
FNDA:0,(anonymous_13)
DA:7,10
DA:8,10
DA:9,20
DA:10,30
DA:11,15
DA:12,48
DA:13,15
DA:17,15
DA:23,5
DA:24,16
DA:25,30
DA:27,5
DA:31,5
DA:34,10
DA:38,5
DA:39,5
DA:40,5
DA:41,15
DA:42,1
DA:44,5
DA:47,5
DA:48,5
DA:51,5
DA:52,5
DA:53,5
DA:55,5
DA:56,5
DA:57,0
DA:60,5
DA:64,0
DA:65,0
DA:66,0
DA:67,0
DA:68,0
DA:69,0
DA:72,0
DA:73,0
DA:76,0
DA:77,0
DA:78,0
DA:79,0
DA:80,0
DA:81,0
DA:83,0
DA:87,0
LF:45
LH:28
BRDA:9,0,0,15
BRDA:9,0,1,5
BRDA:11,1,0,15
BRDA:11,1,1,0
BRDA:24,2,0,16
BRDA:24,2,1,0
BRDA:25,3,0,16
BRDA:25,3,1,15
BRDA:39,4,0,5
BRDA:41,5,0,15
BRDA:41,5,1,5
BRDA:47,6,0,5
BRDA:47,7,0,5
BRDA:47,7,1,5
BRDA:56,8,0,0
BRDA:56,9,0,5
BRDA:56,9,1,5
BRDA:56,9,2,5
BRDA:66,10,0,0
BRDA:66,10,1,0
BRDA:68,11,0,0
BRDA:72,12,0,0
BRDA:72,12,1,0
BRDA:80,13,0,0
BRDA:80,13,1,0
BRF:25
BRH:15
end_of_record
TN:
SF:src/cardFilter.ts
FN:304,(anonymous_0)
FN:16,(anonymous_1)
FN:33,(anonymous_2)
FN:34,(anonymous_3)
FN:37,(anonymous_4)
FN:69,(anonymous_5)
FN:74,(anonymous_6)
FN:98,(anonymous_7)
FN:104,(anonymous_8)
FN:228,(anonymous_9)
FN:234,(anonymous_10)
FN:251,(anonymous_11)
FN:260,(anonymous_12)
FN:261,(anonymous_13)
FNF:14
FNH:14
FNDA:85,(anonymous_0)
FNDA:29,(anonymous_1)
FNDA:8,(anonymous_2)
FNDA:19,(anonymous_3)
FNDA:28,(anonymous_4)
FNDA:68,(anonymous_5)
FNDA:48,(anonymous_6)
FNDA:14,(anonymous_7)
FNDA:12,(anonymous_8)
FNDA:6,(anonymous_9)
FNDA:8,(anonymous_10)
FNDA:4,(anonymous_11)
FNDA:16,(anonymous_12)
FNDA:12,(anonymous_13)
DA:3,72
DA:10,72
DA:11,72
DA:13,72
DA:17,29
DA:18,29
DA:19,29
DA:20,29
DA:21,9
DA:23,20
DA:24,20
DA:30,29
DA:34,19
DA:38,28
DA:40,28
DA:44,11
DA:45,5
DA:46,9
DA:47,1
DA:48,1
DA:50,8
DA:51,3
DA:54,1
DA:56,6
DA:57,6
DA:58,7
DA:59,1
DA:60,1
DA:62,6
DA:63,3
DA:66,2
DA:70,68
DA:71,68
DA:72,2
DA:74,68
DA:76,68
DA:77,20
DA:79,68
DA:80,13
DA:81,4
DA:82,9
DA:83,0
DA:84,9
DA:85,9
DA:86,9
DA:87,0
DA:88,0
DA:89,0
DA:93,68
DA:95,14
DA:96,4
DA:98,14
DA:101,12
DA:102,1
DA:104,12
DA:107,4
DA:110,7
DA:113,2
DA:116,2
DA:119,8
DA:120,0
DA:122,8
DA:123,8
DA:124,8
DA:128,3
DA:129,3
DA:131,0
DA:134,5
DA:135,3
DA:137,2
DA:139,0
DA:142,1
DA:143,0
DA:145,1
DA:148,1
DA:149,0
DA:151,1
DA:154,0
DA:155,0
DA:157,0
DA:160,0
DA:161,0
DA:163,0
DA:166,0
DA:167,0
DA:169,0
DA:172,0
DA:173,0
DA:175,0
DA:178,10
DA:179,3
DA:181,7
DA:182,7
DA:183,7
DA:187,2
DA:188,2
DA:190,0
DA:193,5
DA:195,0
DA:198,7
DA:199,0
DA:201,7
DA:202,7
DA:203,7
DA:207,2
DA:208,2
DA:210,0
DA:213,5
DA:214,3
DA:216,2
DA:218,0
DA:222,0
DA:225,5
DA:230,6
DA:231,1
DA:234,8
DA:235,5
DA:236,1
DA:239,4
DA:241,2
DA:242,2
DA:243,2
DA:244,1
DA:246,2
DA:250,2
DA:251,2
DA:252,4
DA:253,4
DA:254,1
DA:257,2
DA:261,16
DA:262,16
DA:263,4
DA:264,4
DA:267,12
DA:268,2
DA:271,10
DA:273,4
DA:274,1
DA:276,3
DA:279,1
DA:282,1
DA:285,4
DA:286,2
DA:287,1
DA:288,1
DA:290,1
DA:294,2
DA:298,0
DA:304,85
LF:150
LH:122
BRDA:18,0,0,29
BRDA:20,1,0,9
BRDA:20,1,1,20
BRDA:20,2,0,29
BRDA:20,2,1,29
BRDA:40,3,0,17
BRDA:44,4,0,5
BRDA:46,5,0,1
BRDA:46,5,1,8
BRDA:47,6,0,1
BRDA:50,7,0,3
BRDA:58,8,0,1
BRDA:58,8,1,6
BRDA:59,9,0,1
BRDA:62,10,0,3
BRDA:71,11,0,2
BRDA:76,12,0,20
BRDA:79,13,0,13
BRDA:79,14,0,68
BRDA:79,14,1,13
BRDA:80,15,0,4
BRDA:80,15,1,9
BRDA:82,16,0,0
BRDA:82,16,1,9
BRDA:84,17,0,9
BRDA:84,17,1,0
BRDA:84,18,0,9
BRDA:84,18,1,9
BRDA:87,19,0,0
BRDA:87,20,0,0
BRDA:87,20,1,0
BRDA:93,21,0,14
BRDA:93,21,1,12
BRDA:93,21,2,4
BRDA:93,21,3,7
BRDA:93,21,4,2
BRDA:93,21,5,2
BRDA:93,21,6,8
BRDA:93,21,7,1
BRDA:93,21,8,1
BRDA:93,21,9,0
BRDA:93,21,10,0
BRDA:93,21,11,0
BRDA:93,21,12,0
BRDA:93,21,13,10
BRDA:93,21,14,7
BRDA:93,21,15,0
BRDA:95,22,0,4
BRDA:98,23,0,6
BRDA:98,23,1,8
BRDA:101,24,0,1
BRDA:104,25,0,3
BRDA:104,25,1,9
BRDA:107,26,0,4
BRDA:107,26,1,0
BRDA:110,27,0,7
BRDA:110,27,1,0
BRDA:119,28,0,0
BRDA:122,29,0,8
BRDA:124,30,0,3
BRDA:124,31,0,8
BRDA:124,31,1,8
BRDA:124,31,2,5
BRDA:128,32,0,3
BRDA:129,33,0,3
BRDA:129,33,1,2
BRDA:134,34,0,3
BRDA:134,35,0,5
BRDA:134,35,1,5
BRDA:135,36,0,3
BRDA:135,36,1,2
BRDA:142,37,0,0
BRDA:145,38,0,1
BRDA:145,38,1,0
BRDA:148,39,0,0
BRDA:151,40,0,1
BRDA:151,40,1,0
BRDA:154,41,0,0
BRDA:157,42,0,0
BRDA:157,42,1,0
BRDA:160,43,0,0
BRDA:163,44,0,0
BRDA:163,44,1,0
BRDA:166,45,0,0
BRDA:169,46,0,0
BRDA:169,46,1,0
BRDA:172,47,0,0
BRDA:175,48,0,0
BRDA:175,48,1,0
BRDA:178,49,0,3
BRDA:181,50,0,7
BRDA:183,51,0,2
BRDA:183,52,0,7
BRDA:183,52,1,7
BRDA:183,52,2,5
BRDA:187,53,0,2
BRDA:193,54,0,5
BRDA:193,54,1,0
BRDA:198,55,0,0
BRDA:201,56,0,7
BRDA:203,57,0,2
BRDA:203,58,0,7
BRDA:203,58,1,7
BRDA:203,58,2,5
BRDA:207,59,0,2
BRDA:213,60,0,3
BRDA:216,61,0,2
BRDA:216,61,1,0
BRDA:230,62,0,1
BRDA:235,63,0,1
BRDA:239,64,0,2
BRDA:243,65,0,1
BRDA:253,66,0,1
BRDA:262,67,0,4
BRDA:267,68,0,2
BRDA:267,69,0,12
BRDA:267,69,1,10
BRDA:271,70,0,4
BRDA:271,70,1,1
BRDA:271,70,2,1
BRDA:271,70,3,4
BRDA:271,70,4,0
BRDA:273,71,0,1
BRDA:285,72,0,2
BRDA:286,73,0,1
BRF:125
BRH:92
end_of_record
TN:
SF:src/constants.ts
FN:207,(anonymous_1)
FN:207,(anonymous_2)
FN:6,(anonymous_3)
FNF:3
FNH:3
FNDA:1610,(anonymous_1)
FNDA:3739,(anonymous_2)
FNDA:118,(anonymous_3)
DA:4,118
DA:6,118
DA:19,118
DA:207,3739
LF:4
LH:4
BRDA:6,0,0,118
BRDA:6,0,1,118
BRF:2
BRH:2
end_of_record
TN:
SF:src/csvExporter.ts
FN:98,(anonymous_0)
FN:16,(anonymous_2)
FN:27,(anonymous_3)
FN:51,(anonymous_4)
FN:55,(anonymous_5)
FN:57,(anonymous_6)
FN:62,(anonymous_7)
FN:71,(anonymous_8)
FN:77,(anonymous_9)
FN:80,(anonymous_10)
FNF:10
FNH:1
FNDA:1,(anonymous_0)
FNDA:0,(anonymous_2)
FNDA:0,(anonymous_3)
FNDA:0,(anonymous_4)
FNDA:0,(anonymous_5)
FNDA:0,(anonymous_6)
FNDA:0,(anonymous_7)
FNDA:0,(anonymous_8)
FNDA:0,(anonymous_9)
FNDA:0,(anonymous_10)
DA:8,1
DA:10,1
DA:13,1
DA:17,0
DA:19,0
DA:20,0
DA:23,0
DA:25,0
DA:27,0
DA:28,0
DA:29,0
DA:32,0
DA:34,0
DA:35,0
DA:36,0
DA:37,0
DA:38,0
DA:41,0
DA:44,0
DA:45,0
DA:52,0
DA:56,0
DA:57,0
DA:59,0
DA:62,0
DA:63,0
DA:64,0
DA:70,0
DA:71,0
DA:72,0
DA:74,0
DA:77,0
DA:78,0
DA:79,0
DA:80,0
DA:81,0
DA:82,0
DA:83,0
DA:84,0
DA:86,0
DA:87,0
DA:89,0
DA:91,0
DA:94,0
DA:98,1
LF:45
LH:4
BRDA:17,0,0,0
BRDA:17,0,1,0
BRDA:19,1,0,0
BRDA:34,2,0,0
BRDA:34,2,1,0
BRDA:44,3,0,0
BRDA:59,4,0,0
BRDA:59,5,0,0
BRDA:59,5,1,0
BRDA:59,5,2,0
BRDA:63,6,0,0
BRDA:83,7,0,0
BRDA:86,8,0,0
BRF:13
BRH:0
end_of_record
TN:
SF:src/emojiList.ts
FN:7,(anonymous_1)
FN:7,(anonymous_2)
FNF:2
FNH:0
FNDA:0,(anonymous_1)
FNDA:0,(anonymous_2)
DA:3,60
DA:5,60
DA:7,0
LF:3
LH:2
BRF:0
BRH:0
end_of_record
TN:
SF:src/errors.ts
FN:106,(anonymous_1)
FN:106,(anonymous_2)
FN:8,(anonymous_3)
FN:31,errorDefFromId
FN:53,(anonymous_5)
FN:73,(anonymous_6)
FN:87,(anonymous_7)
FNF:7
FNH:1
FNDA:0,(anonymous_1)
FNDA:0,(anonymous_2)
FNDA:87,(anonymous_3)
FNDA:0,errorDefFromId
FNDA:0,(anonymous_5)
FNDA:0,(anonymous_6)
FNDA:0,(anonymous_7)
DA:4,87
DA:6,87
DA:8,87
DA:32,0
DA:46,0
DA:48,0
DA:50,0
DA:51,0
DA:52,0
DA:53,0
DA:54,0
DA:55,0
DA:57,0
DA:58,0
DA:61,0
DA:62,0
DA:63,0
DA:64,0
DA:65,0
DA:66,0
DA:69,0
DA:70,0
DA:71,0
DA:72,0
DA:73,0
DA:74,0
DA:75,0
DA:76,0
DA:78,0
DA:80,0
DA:81,0
DA:84,0
DA:85,0
DA:86,0
DA:87,0
DA:88,0
DA:90,0
DA:91,0
DA:94,0
DA:95,0
DA:96,0
DA:97,0
DA:98,0
DA:99,0
DA:100,0
DA:103,0
DA:106,0
LF:47
LH:3
BRDA:8,0,0,87
BRDA:8,0,1,87
BRDA:48,1,0,0
BRDA:48,1,1,0
BRDA:48,1,2,0
BRDA:48,1,3,0
BRDA:48,1,4,0
BRDA:75,2,0,0
BRF:8
BRH:2
end_of_record
TN:
SF:src/file.ts
FN:18,(anonymous_0)
FNF:1
FNH:1
FNDA:18,(anonymous_0)
DA:4,1
DA:18,18
LF:2
LH:2
BRF:0
BRH:0
end_of_record
TN:
SF:src/fileIcons.ts
FN:18,(anonymous_0)
FNF:1
FNH:1
FNDA:2,(anonymous_0)
DA:4,1
DA:18,2
LF:2
LH:2
BRF:0
BRH:0
end_of_record
TN:
SF:src/i18n.tsx
FN:26,(anonymous_1)
FN:65,(anonymous_2)
FN:79,(anonymous_3)
FN:26,getMessages
FN:65,getCurrentLanguage
FN:79,storeLanguage
FNF:6
FNH:4
FNDA:10,(anonymous_1)
FNDA:2,(anonymous_2)
FNDA:0,(anonymous_3)
FNDA:10,getMessages
FNDA:2,getCurrentLanguage
FNDA:0,storeLanguage
DA:4,61
DA:5,61
DA:6,61
DA:7,61
DA:8,61
DA:9,61
DA:10,61
DA:11,61
DA:12,61
DA:13,61
DA:14,61
DA:15,61
DA:16,61
DA:17,61
DA:18,61
DA:19,61
DA:20,61
DA:22,61
DA:24,61
DA:26,10
DA:27,10
DA:29,0
DA:31,0
DA:33,0
DA:35,0
DA:37,0
DA:39,0
DA:41,0
DA:43,0
DA:45,0
DA:47,0
DA:49,0
DA:51,0
DA:53,0
DA:55,0
DA:57,0
DA:59,0
DA:61,0
DA:63,10
DA:65,2
DA:66,2
DA:67,2
DA:68,2
DA:69,0
DA:70,2
DA:71,2
DA:73,0
DA:76,2
DA:79,0
DA:80,0
LF:50
LH:29
BRDA:27,0,0,0
BRDA:27,0,1,0
BRDA:27,0,2,0
BRDA:27,0,3,0
BRDA:27,0,4,0
BRDA:27,0,5,0
BRDA:27,0,6,0
BRDA:27,0,7,0
BRDA:27,0,8,0
BRDA:27,0,9,0
BRDA:27,0,10,0
BRDA:27,0,11,0
BRDA:27,0,12,0
BRDA:27,0,13,0
BRDA:27,0,14,0
BRDA:27,0,15,0
BRDA:27,0,16,0
BRDA:67,1,0,2
BRDA:68,2,0,0
BRDA:68,2,1,2
BRDA:70,3,0,2
BRDA:70,3,1,0
BRF:22
BRH:3
end_of_record
TN:
SF:src/index.tsx
FN:81,getSubpath
FN:108,customHistory
FN:112,(anonymous_2)
FN:128,(anonymous_3)
FN:148,(anonymous_4)
FN:149,(anonymous_5)
FN:157,(anonymous_6)
FN:180,(anonymous_7)
FN:195,(anonymous_8)
FN:218,(anonymous_9)
FN:219,(anonymous_10)
FN:220,(anonymous_11)
FN:221,(anonymous_12)
FN:222,(anonymous_13)
FN:223,(anonymous_14)
FN:224,(anonymous_15)
FN:226,(anonymous_16)
FN:228,(anonymous_17)
FN:256,(anonymous_18)
FN:292,(anonymous_19)
FN:307,(anonymous_20)
FN:326,(anonymous_21)
FN:335,(anonymous_22)
FN:339,(anonymous_23)
FN:351,(anonymous_24)
FN:371,(anonymous_26)
FN:372,(anonymous_27)
FN:385,(anonymous_28)
FN:400,(anonymous_29)
FN:423,(anonymous_30)
FN:460,(anonymous_31)
FN:466,(anonymous_32)
FN:473,(anonymous_33)
FNF:33
FNH:0
FNDA:0,getSubpath
FNDA:0,customHistory
FNDA:0,(anonymous_2)
FNDA:0,(anonymous_3)
FNDA:0,(anonymous_4)
FNDA:0,(anonymous_5)
FNDA:0,(anonymous_6)
FNDA:0,(anonymous_7)
FNDA:0,(anonymous_8)
FNDA:0,(anonymous_9)
FNDA:0,(anonymous_10)
FNDA:0,(anonymous_11)
FNDA:0,(anonymous_12)
FNDA:0,(anonymous_13)
FNDA:0,(anonymous_14)
FNDA:0,(anonymous_15)
FNDA:0,(anonymous_16)
FNDA:0,(anonymous_17)
FNDA:0,(anonymous_18)
FNDA:0,(anonymous_19)
FNDA:0,(anonymous_20)
FNDA:0,(anonymous_21)
FNDA:0,(anonymous_22)
FNDA:0,(anonymous_23)
FNDA:0,(anonymous_24)
FNDA:0,(anonymous_26)
FNDA:0,(anonymous_27)
FNDA:0,(anonymous_28)
FNDA:0,(anonymous_29)
FNDA:0,(anonymous_30)
FNDA:0,(anonymous_31)
FNDA:0,(anonymous_32)
FNDA:0,(anonymous_33)
DA:28,0
DA:29,0
DA:30,0
DA:82,0
DA:85,0
DA:88,0
DA:89,0
DA:90,0
DA:109,0
DA:111,0
DA:112,0
DA:113,0
DA:114,0
DA:117,0
DA:118,0
DA:119,0
DA:122,0
DA:123,0
DA:126,0
DA:129,0
DA:130,0
DA:140,0
DA:148,0
DA:149,0
DA:150,0
DA:151,0
DA:152,0
DA:153,0
DA:154,0
DA:157,0
DA:158,0
DA:159,0
DA:160,0
DA:161,0
DA:180,0
DA:196,0
DA:197,0
DA:198,0
DA:199,0
DA:200,0
DA:201,0
DA:202,0
DA:209,0
DA:211,0
DA:212,0
DA:213,0
DA:215,0
DA:218,0
DA:219,0
DA:220,0
DA:221,0
DA:222,0
DA:223,0
DA:224,0
DA:226,0
DA:227,0
DA:228,0
DA:230,0
DA:231,0
DA:233,0
DA:235,0
DA:236,0
DA:237,0
DA:238,0
DA:239,0
DA:241,0
DA:242,0
DA:250,0
DA:251,0
DA:252,0
DA:254,0
DA:256,0
DA:257,0
DA:259,0
DA:260,0
DA:261,0
DA:262,0
DA:263,0
DA:264,0
DA:269,0
DA:270,0
DA:271,0
DA:273,0
DA:274,0
DA:276,0
DA:277,0
DA:278,0
DA:279,0
DA:282,0
DA:283,0
DA:284,0
DA:285,0
DA:287,0
DA:291,0
DA:292,0
DA:293,0
DA:294,0
DA:295,0
DA:296,0
DA:299,0
DA:300,0
DA:304,0
DA:305,0
DA:307,0
DA:308,0
DA:316,0
DA:323,0
DA:324,0
DA:326,0
DA:328,0
DA:335,0
DA:339,0
DA:340,0
DA:341,0
DA:342,0
DA:343,0
DA:346,0
DA:347,0
DA:350,0
DA:351,0
DA:354,0
DA:370,0
DA:371,0
DA:373,0
DA:384,0
DA:385,0
DA:386,0
DA:387,0
DA:389,0
DA:392,0
DA:394,0
DA:399,0
DA:400,0
DA:401,0
DA:402,0
DA:403,0
DA:418,0
DA:423,0
DA:424,0
DA:431,0
DA:432,0
DA:433,0
DA:434,0
DA:436,0
DA:441,0
DA:442,0
DA:443,0
DA:444,0
DA:445,0
DA:449,0
DA:451,0
DA:453,0
DA:460,0
DA:461,0
DA:466,0
DA:469,0
DA:474,0
DA:475,0
DA:477,0
DA:478,0
DA:480,0
DA:481,0
DA:485,0
LF:163
LH:0
BRDA:111,0,0,0
BRDA:113,1,0,0
BRDA:118,2,0,0
BRDA:118,3,0,0
BRDA:118,3,1,0
BRDA:129,4,0,0
BRDA:129,4,1,0
BRDA:153,5,0,0
BRDA:160,6,0,0
BRDA:197,7,0,0
BRDA:197,7,1,0
BRDA:211,8,0,0
BRDA:211,8,1,0
BRDA:235,9,0,0
BRDA:237,10,0,0
BRDA:237,11,0,0
BRDA:237,11,1,0
BRDA:241,12,0,0
BRDA:241,13,0,0
BRDA:241,13,1,0
BRDA:259,14,0,0
BRDA:259,15,0,0
BRDA:259,15,1,0
BRDA:270,16,0,0
BRDA:270,17,0,0
BRDA:270,17,1,0
BRDA:271,18,0,0
BRDA:271,19,0,0
BRDA:271,19,1,0
BRDA:271,20,0,0
BRDA:271,20,1,0
BRDA:273,21,0,0
BRDA:273,22,0,0
BRDA:273,22,1,0
BRDA:282,23,0,0
BRDA:282,24,0,0
BRDA:282,24,1,0
BRDA:284,25,0,0
BRDA:285,26,0,0
BRDA:285,26,1,0
BRDA:295,27,0,0
BRDA:304,28,0,0
BRDA:346,29,0,0
BRDA:350,30,0,0
BRDA:354,31,0,0
BRDA:384,32,0,0
BRDA:386,33,0,0
BRDA:399,34,0,0
BRDA:402,35,0,0
BRDA:432,36,0,0
BRDA:436,37,0,0
BRDA:436,38,0,0
BRDA:436,38,1,0
BRDA:441,39,0,0
BRDA:443,40,0,0
BRDA:443,41,0,0
BRDA:443,41,1,0
BRDA:474,42,0,0
BRDA:477,43,0,0
BRDA:480,44,0,0
BRF:60
BRH:0
end_of_record
TN:
SF:src/manifest.ts
FN:6,(anonymous_1)
FN:7,(anonymous_2)
FN:8,(anonymous_3)
FNF:3
FNH:3
FNDA:11,(anonymous_1)
FNDA:1,(anonymous_2)
FNDA:1,(anonymous_3)
DA:4,2
DA:6,11
DA:7,2
DA:8,2
LF:4
LH:4
BRF:0
BRH:0
end_of_record
TN:
SF:src/mutator.ts
FN:1238,(anonymous_1)
FN:1240,(anonymous_2)
FN:51,updateAllBoardsAndBlocks
FN:52,(anonymous_8)
FN:53,(anonymous_9)
FN:54,(anonymous_10)
FN:55,(anonymous_11)
FN:56,(anonymous_12)
FN:57,(anonymous_13)
FN:58,(anonymous_14)
FN:70,(anonymous_15)
FN:79,(anonymous_16)
FN:87,(anonymous_17)
FN:99,(anonymous_18)
FN:102,(anonymous_19)
FN:105,(anonymous_20)
FN:113,(anonymous_21)
FN:121,(anonymous_22)
FN:128,(anonymous_23)
FN:130,(anonymous_24)
FN:133,(anonymous_25)
FN:135,(anonymous_26)
FN:144,(anonymous_27)
FN:146,(anonymous_28)
FN:153,(anonymous_29)
FN:163,(anonymous_30)
FN:165,(anonymous_31)
FN:172,(anonymous_32)
FN:185,(anonymous_33)
FN:189,(anonymous_34)
FN:193,(anonymous_35)
FN:202,(anonymous_36)
FN:204,(anonymous_37)
FN:210,(anonymous_38)
FN:213,(anonymous_39)
FN:214,(anonymous_40)
FN:222,(anonymous_41)
FN:225,(anonymous_42)
FN:228,(anonymous_43)
FN:236,(anonymous_44)
FN:238,(anonymous_45)
FN:242,(anonymous_46)
FN:251,(anonymous_47)
FN:253,(anonymous_48)
FN:256,(anonymous_49)
FN:264,(anonymous_50)
FN:266,(anonymous_51)
FN:269,(anonymous_52)
FN:277,(anonymous_53)
FN:279,(anonymous_54)
FN:282,(anonymous_55)
FN:290,(anonymous_56)
FN:292,(anonymous_57)
FN:295,(anonymous_58)
FN:303,(anonymous_59)
FN:305,(anonymous_60)
FN:308,(anonymous_61)
FN:316,(anonymous_62)
FN:318,(anonymous_63)
FN:321,(anonymous_64)
FN:329,(anonymous_65)
FN:331,(anonymous_66)
FN:334,(anonymous_67)
FN:342,(anonymous_68)
FN:349,(anonymous_69)
FN:352,(anonymous_70)
FN:360,(anonymous_71)
FN:362,(anonymous_72)
FN:365,(anonymous_73)
FN:375,(anonymous_74)
FN:377,(anonymous_75)
FN:380,(anonymous_76)
FN:388,(anonymous_77)
FN:390,(anonymous_78)
FN:393,(anonymous_79)
FN:401,(anonymous_80)
FN:403,(anonymous_81)
FN:407,(anonymous_82)
FN:421,(anonymous_83)
FN:461,(anonymous_84)
FN:464,(anonymous_85)
FN:477,(anonymous_86)
FN:488,(anonymous_87)
FN:514,(anonymous_88)
FN:517,(anonymous_89)
FN:528,(anonymous_90)
FN:542,(anonymous_91)
FN:544,(anonymous_92)
FN:550,(anonymous_93)
FN:555,(anonymous_94)
FN:560,(anonymous_95)
FN:573,(anonymous_96)
FN:576,(anonymous_97)
FN:586,(anonymous_98)
FN:589,(anonymous_99)
FN:592,(anonymous_100)
FN:600,(anonymous_101)
FN:604,(anonymous_102)
FN:610,(anonymous_103)
FN:612,(anonymous_104)
FN:613,(anonymous_105)
FN:618,(anonymous_106)
FN:623,(anonymous_107)
FN:629,(anonymous_108)
FN:631,(anonymous_109)
FN:632,(anonymous_110)
FN:640,(anonymous_111)
FN:642,(anonymous_112)
FN:643,(anonymous_113)
FN:648,(anonymous_114)
FN:666,(anonymous_115)
FN:673,(anonymous_116)
FN:706,(anonymous_117)
FN:708,(anonymous_118)
FN:737,(anonymous_119)
FN:773,(anonymous_120)
FN:776,(anonymous_121)
FN:789,(anonymous_122)
FN:791,(anonymous_123)
FN:794,(anonymous_124)
FN:802,(anonymous_125)
FN:804,(anonymous_126)
FN:807,(anonymous_127)
FN:815,(anonymous_128)
FN:817,(anonymous_129)
FN:820,(anonymous_130)
FN:828,(anonymous_131)
FN:830,(anonymous_132)
FN:833,(anonymous_133)
FN:841,(anonymous_134)
FN:851,(anonymous_135)
FN:854,(anonymous_136)
FN:862,(anonymous_137)
FN:864,(anonymous_138)
FN:867,(anonymous_139)
FN:875,(anonymous_140)
FN:877,(anonymous_141)
FN:880,(anonymous_142)
FN:888,(anonymous_143)
FN:890,(anonymous_144)
FN:893,(anonymous_145)
FN:901,(anonymous_146)
FN:903,(anonymous_147)
FN:906,(anonymous_148)
FN:914,(anonymous_149)
FN:916,(anonymous_150)
FN:919,(anonymous_151)
FN:927,(anonymous_152)
FN:929,(anonymous_153)
FN:932,(anonymous_154)
FN:940,(anonymous_155)
FN:941,(anonymous_156)
FN:946,(anonymous_157)
FN:951,(anonymous_158)
FN:955,(anonymous_159)
FN:956,(anonymous_160)
FN:961,(anonymous_161)
FN:964,(anonymous_162)
FN:969,(anonymous_163)
FN:973,(anonymous_164)
FN:977,(anonymous_165)
FN:981,(anonymous_166)
FN:985,(anonymous_167)
FN:989,(anonymous_168)
FN:991,(anonymous_169)
FN:994,(anonymous_170)
FN:1002,(anonymous_171)
FN:1004,(anonymous_172)
FN:1007,(anonymous_173)
FN:1015,(anonymous_174)
FN:1021,(anonymous_175)
FN:1032,(anonymous_176)
FN:1068,(anonymous_177)
FN:1080,(anonymous_178)
FN:1089,(anonymous_179)
FN:1097,(anonymous_180)
FN:1113,(anonymous_181)
FN:1115,(anonymous_182)
FN:1118,(anonymous_183)
FN:1126,(anonymous_184)
FN:1139,(anonymous_185)
FN:1157,(anonymous_186)
FN:1166,(anonymous_187)
FN:1186,(anonymous_188)
FN:1198,(anonymous_189)
FN:1203,(anonymous_190)
FN:1208,(anonymous_191)
FN:1212,(anonymous_192)
FN:1216,(anonymous_193)
FN:1220,(anonymous_194)
FN:1224,(anonymous_195)
FN:1228,(anonymous_196)
FN:1232,(anonymous_197)
FNF:193
FNH:16
FNDA:32,(anonymous_1)
FNDA:28,(anonymous_2)
FNDA:1,updateAllBoardsAndBlocks
FNDA:1,(anonymous_8)
FNDA:0,(anonymous_9)
FNDA:1,(anonymous_10)
FNDA:1,(anonymous_11)
FNDA:1,(anonymous_12)
FNDA:1,(anonymous_13)
FNDA:1,(anonymous_14)
FNDA:0,(anonymous_15)
FNDA:0,(anonymous_16)
FNDA:0,(anonymous_17)
FNDA:1,(anonymous_18)
FNDA:1,(anonymous_19)
FNDA:0,(anonymous_20)
FNDA:0,(anonymous_21)
FNDA:0,(anonymous_22)
FNDA:0,(anonymous_23)
FNDA:0,(anonymous_24)
FNDA:0,(anonymous_25)
FNDA:0,(anonymous_26)
FNDA:0,(anonymous_27)
FNDA:0,(anonymous_28)
FNDA:0,(anonymous_29)
FNDA:0,(anonymous_30)
FNDA:0,(anonymous_31)
FNDA:0,(anonymous_32)
FNDA:0,(anonymous_33)
FNDA:0,(anonymous_34)
FNDA:0,(anonymous_35)
FNDA:0,(anonymous_36)
FNDA:0,(anonymous_37)
FNDA:0,(anonymous_38)
FNDA:0,(anonymous_39)
FNDA:0,(anonymous_40)
FNDA:1,(anonymous_41)
FNDA:1,(anonymous_42)
FNDA:0,(anonymous_43)
FNDA:0,(anonymous_44)
FNDA:0,(anonymous_45)
FNDA:0,(anonymous_46)
FNDA:0,(anonymous_47)
FNDA:0,(anonymous_48)
FNDA:0,(anonymous_49)
FNDA:0,(anonymous_50)
FNDA:0,(anonymous_51)
FNDA:0,(anonymous_52)
FNDA:0,(anonymous_53)
FNDA:0,(anonymous_54)
FNDA:0,(anonymous_55)
FNDA:0,(anonymous_56)
FNDA:0,(anonymous_57)
FNDA:0,(anonymous_58)
FNDA:0,(anonymous_59)
FNDA:0,(anonymous_60)
FNDA:0,(anonymous_61)
FNDA:0,(anonymous_62)
FNDA:0,(anonymous_63)
FNDA:0,(anonymous_64)
FNDA:0,(anonymous_65)
FNDA:0,(anonymous_66)
FNDA:0,(anonymous_67)
FNDA:0,(anonymous_68)
FNDA:0,(anonymous_69)
FNDA:0,(anonymous_70)
FNDA:0,(anonymous_71)
FNDA:0,(anonymous_72)
FNDA:0,(anonymous_73)
FNDA:0,(anonymous_74)
FNDA:0,(anonymous_75)
FNDA:0,(anonymous_76)
FNDA:0,(anonymous_77)
FNDA:0,(anonymous_78)
FNDA:0,(anonymous_79)
FNDA:0,(anonymous_80)
FNDA:0,(anonymous_81)
FNDA:0,(anonymous_82)
FNDA:0,(anonymous_83)
FNDA:0,(anonymous_84)
FNDA:0,(anonymous_85)
FNDA:0,(anonymous_86)
FNDA:0,(anonymous_87)
FNDA:0,(anonymous_88)
FNDA:0,(anonymous_89)
FNDA:0,(anonymous_90)
FNDA:0,(anonymous_91)
FNDA:0,(anonymous_92)
FNDA:0,(anonymous_93)
FNDA:0,(anonymous_94)
FNDA:0,(anonymous_95)
FNDA:0,(anonymous_96)
FNDA:0,(anonymous_97)
FNDA:0,(anonymous_98)
FNDA:0,(anonymous_99)
FNDA:0,(anonymous_100)
FNDA:0,(anonymous_101)
FNDA:0,(anonymous_102)
FNDA:0,(anonymous_103)
FNDA:0,(anonymous_104)
FNDA:0,(anonymous_105)
FNDA:0,(anonymous_106)
FNDA:0,(anonymous_107)
FNDA:0,(anonymous_108)
FNDA:0,(anonymous_109)
FNDA:0,(anonymous_110)
FNDA:0,(anonymous_111)
FNDA:0,(anonymous_112)
FNDA:0,(anonymous_113)
FNDA:2,(anonymous_114)
FNDA:0,(anonymous_115)
FNDA:0,(anonymous_116)
FNDA:0,(anonymous_117)
FNDA:0,(anonymous_118)
FNDA:0,(anonymous_119)
FNDA:0,(anonymous_120)
FNDA:0,(anonymous_121)
FNDA:0,(anonymous_122)
FNDA:0,(anonymous_123)
FNDA:0,(anonymous_124)
FNDA:0,(anonymous_125)
FNDA:0,(anonymous_126)
FNDA:0,(anonymous_127)
FNDA:0,(anonymous_128)
FNDA:0,(anonymous_129)
FNDA:0,(anonymous_130)
FNDA:0,(anonymous_131)
FNDA:0,(anonymous_132)
FNDA:0,(anonymous_133)
FNDA:0,(anonymous_134)
FNDA:0,(anonymous_135)
FNDA:0,(anonymous_136)
FNDA:0,(anonymous_137)
FNDA:0,(anonymous_138)
FNDA:0,(anonymous_139)
FNDA:0,(anonymous_140)
FNDA:0,(anonymous_141)
FNDA:0,(anonymous_142)
FNDA:0,(anonymous_143)
FNDA:0,(anonymous_144)
FNDA:0,(anonymous_145)
FNDA:0,(anonymous_146)
FNDA:0,(anonymous_147)
FNDA:0,(anonymous_148)
FNDA:0,(anonymous_149)
FNDA:0,(anonymous_150)
FNDA:0,(anonymous_151)
FNDA:0,(anonymous_152)
FNDA:0,(anonymous_153)
FNDA:0,(anonymous_154)
FNDA:0,(anonymous_155)
FNDA:0,(anonymous_156)
FNDA:0,(anonymous_157)
FNDA:0,(anonymous_158)
FNDA:0,(anonymous_159)
FNDA:0,(anonymous_160)
FNDA:0,(anonymous_161)
FNDA:0,(anonymous_162)
FNDA:0,(anonymous_163)
FNDA:0,(anonymous_164)
FNDA:0,(anonymous_165)
FNDA:0,(anonymous_166)
FNDA:0,(anonymous_167)
FNDA:0,(anonymous_168)
FNDA:0,(anonymous_169)
FNDA:0,(anonymous_170)
FNDA:0,(anonymous_171)
FNDA:0,(anonymous_172)
FNDA:0,(anonymous_173)
FNDA:0,(anonymous_174)
FNDA:1,(anonymous_175)
FNDA:1,(anonymous_176)
FNDA:0,(anonymous_177)
FNDA:0,(anonymous_178)
FNDA:0,(anonymous_179)
FNDA:0,(anonymous_180)
FNDA:0,(anonymous_181)
FNDA:0,(anonymous_182)
FNDA:0,(anonymous_183)
FNDA:0,(anonymous_184)
FNDA:0,(anonymous_185)
FNDA:0,(anonymous_186)
FNDA:0,(anonymous_187)
FNDA:0,(anonymous_188)
FNDA:0,(anonymous_189)
FNDA:0,(anonymous_190)
FNDA:0,(anonymous_191)
FNDA:0,(anonymous_192)
FNDA:0,(anonymous_193)
FNDA:0,(anonymous_194)
FNDA:0,(anonymous_195)
FNDA:0,(anonymous_196)
FNDA:0,(anonymous_197)
DA:5,60
DA:6,60
DA:8,60
DA:9,60
DA:21,60
DA:27,60
DA:28,60
DA:33,60
DA:34,60
DA:35,60
DA:36,60
DA:37,60
DA:42,60
DA:43,60
DA:44,60
DA:45,60
DA:46,60
DA:47,60
DA:48,60
DA:49,60
DA:52,1
DA:53,1
DA:54,1
DA:55,1
DA:56,1
DA:57,1
DA:58,1
DA:71,0
DA:72,0
DA:73,0
DA:75,0
DA:76,0
DA:80,0
DA:81,0
DA:82,0
DA:84,0
DA:88,0
DA:89,0
DA:90,0
DA:92,0
DA:94,0
DA:95,0
DA:100,1
DA:101,1
DA:103,1
DA:106,0
DA:114,0
DA:115,0
DA:118,0
DA:119,0
DA:121,0
DA:122,0
DA:123,0
DA:124,0
DA:127,0
DA:129,0
DA:130,0
DA:134,0
DA:135,0
DA:145,0
DA:147,0
DA:148,0
DA:149,0
DA:150,0
DA:151,0
DA:154,0
DA:155,0
DA:164,0
DA:166,0
DA:167,0
DA:168,0
DA:169,0
DA:170,0
DA:173,0
DA:174,0
DA:175,0
DA:176,0
DA:178,0
DA:186,0
DA:188,0
DA:190,0
DA:191,0
DA:194,0
DA:195,0
DA:203,0
DA:205,0
DA:206,0
DA:207,0
DA:208,0
DA:211,0
DA:213,0
DA:214,0
DA:215,0
DA:223,1
DA:224,1
DA:226,1
DA:229,0
DA:237,0
DA:239,0
DA:240,0
DA:243,0
DA:244,0
DA:252,0
DA:254,0
DA:257,0
DA:265,0
DA:267,0
DA:270,0
DA:278,0
DA:280,0
DA:283,0
DA:291,0
DA:293,0
DA:296,0
DA:304,0
DA:306,0
DA:309,0
DA:317,0
DA:319,0
DA:322,0
DA:330,0
DA:332,0
DA:335,0
DA:343,0
DA:344,0
DA:345,0
DA:348,0
DA:350,0
DA:353,0
DA:361,0
DA:363,0
DA:366,0
DA:376,0
DA:378,0
DA:381,0
DA:389,0
DA:391,0
DA:394,0
DA:402,0
DA:404,0
DA:405,0
DA:408,0
DA:409,0
DA:410,0
DA:411,0
DA:422,0
DA:423,0
DA:424,0
DA:427,0
DA:434,0
DA:435,0
DA:436,0
DA:438,0
DA:439,0
DA:440,0
DA:442,0
DA:445,0
DA:446,0
DA:447,0
DA:449,0
DA:451,0
DA:454,0
DA:455,0
DA:456,0
DA:457,0
DA:459,0
DA:460,0
DA:462,0
DA:465,0
DA:471,0
DA:474,0
DA:478,0
DA:479,0
DA:482,0
DA:483,0
DA:485,0
DA:486,0
DA:487,0
DA:488,0
DA:489,0
DA:490,0
DA:491,0
DA:493,0
DA:494,0
DA:500,0
DA:502,0
DA:503,0
DA:504,0
DA:506,0
DA:507,0
DA:508,0
DA:509,0
DA:511,0
DA:512,0
DA:513,0
DA:515,0
DA:518,0
DA:524,0
DA:529,0
DA:530,0
DA:532,0
DA:533,0
DA:534,0
DA:536,0
DA:537,0
DA:539,0
DA:543,0
DA:544,0
DA:546,0
DA:547,0
DA:548,0
DA:550,0
DA:551,0
DA:552,0
DA:554,0
DA:555,0
DA:556,0
DA:557,0
DA:560,0
DA:561,0
DA:562,0
DA:564,0
DA:565,0
DA:566,0
DA:567,0
DA:571,0
DA:572,0
DA:574,0
DA:577,0
DA:587,0
DA:588,0
DA:590,0
DA:593,0
DA:601,0
DA:603,0
DA:604,0
DA:605,0
DA:607,0
DA:611,0
DA:612,0
DA:613,0
DA:615,0
DA:619,0
DA:620,0
DA:622,0
DA:623,0
DA:624,0
DA:626,0
DA:630,0
DA:631,0
DA:632,0
DA:633,0
DA:635,0
DA:637,0
DA:641,0
DA:642,0
DA:643,0
DA:644,0
DA:645,0
DA:649,2
DA:652,2
DA:653,1
DA:656,1
DA:657,1
DA:658,1
DA:660,0
DA:662,1
DA:663,1
DA:667,0
DA:668,0
DA:671,0
DA:672,0
DA:673,0
DA:675,0
DA:676,0
DA:679,0
DA:680,0
DA:682,0
DA:683,0
DA:684,0
DA:686,0
DA:687,0
DA:688,0
DA:690,0
DA:691,0
DA:694,0
DA:695,0
DA:697,0
DA:698,0
DA:700,0
DA:701,0
DA:702,0
DA:704,0
DA:705,0
DA:706,0
DA:708,0
DA:711,0
DA:712,0
DA:713,0
DA:714,0
DA:716,0
DA:720,0
DA:723,0
DA:724,0
DA:725,0
DA:728,0
DA:729,0
DA:732,0
DA:734,0
DA:735,0
DA:736,0
DA:737,0
DA:738,0
DA:739,0
DA:744,0
DA:747,0
DA:748,0
DA:750,0
DA:751,0
DA:752,0
DA:755,0
DA:757,0
DA:758,0
DA:759,0
DA:760,0
DA:761,0
DA:762,0
DA:763,0
DA:764,0
DA:770,0
DA:771,0
DA:772,0
DA:774,0
DA:777,0
DA:783,0
DA:790,0
DA:792,0
DA:795,0
DA:803,0
DA:805,0
DA:808,0
DA:816,0
DA:818,0
DA:821,0
DA:829,0
DA:831,0
DA:834,0
DA:842,0
DA:843,0
DA:845,0
DA:846,0
DA:848,0
DA:850,0
DA:852,0
DA:855,0
DA:863,0
DA:865,0
DA:868,0
DA:876,0
DA:878,0
DA:881,0
DA:889,0
DA:891,0
DA:894,0
DA:902,0
DA:904,0
DA:907,0
DA:915,0
DA:917,0
DA:920,0
DA:928,0
DA:930,0
DA:933,0
DA:941,0
DA:942,0
DA:945,0
DA:946,0
DA:947,0
DA:948,0
DA:952,0
DA:956,0
DA:957,0
DA:960,0
DA:961,0
DA:964,0
DA:965,0
DA:966,0
DA:970,0
DA:974,0
DA:978,0
DA:982,0
DA:986,0
DA:990,0
DA:992,0
DA:995,0
DA:1003,0
DA:1005,0
DA:1008,0
DA:1016,0
DA:1031,1
DA:1033,1
DA:1034,1
DA:1035,1
DA:1036,0
DA:1037,0
DA:1039,1
DA:1041,1
DA:1042,0
DA:1044,0
DA:1047,0
DA:1050,0
DA:1051,0
DA:1054,1
DA:1061,1
DA:1062,1
DA:1063,1
DA:1064,1
DA:1066,1
DA:1069,0
DA:1070,0
DA:1071,0
DA:1072,0
DA:1088,0
DA:1090,0
DA:1091,0
DA:1092,0
DA:1093,0
DA:1095,0
DA:1098,0
DA:1099,0
DA:1100,0
DA:1101,0
DA:1103,0
DA:1104,0
DA:1106,0
DA:1114,0
DA:1116,0
DA:1119,0
DA:1134,0
DA:1135,0
DA:1136,0
DA:1145,0
DA:1146,0
DA:1148,0
DA:1149,0
DA:1150,0
DA:1151,0
DA:1152,0
DA:1154,0
DA:1158,0
DA:1159,0
DA:1160,0
DA:1172,0
DA:1173,0
DA:1174,0
DA:1175,0
DA:1177,0
DA:1178,0
DA:1179,0
DA:1180,0
DA:1181,0
DA:1183,0
DA:1187,0
DA:1188,0
DA:1189,0
DA:1199,0
DA:1204,0
DA:1209,0
DA:1213,0
DA:1217,0
DA:1221,0
DA:1225,0
DA:1229,0
DA:1233,0
DA:1237,60
DA:1238,60
DA:1240,28
LF:477
LH:56
BRDA:54,0,0,1
BRDA:54,0,1,1
BRDA:55,1,0,1
BRDA:55,1,1,0
BRDA:56,2,0,1
BRDA:56,2,1,1
BRDA:57,3,0,1
BRDA:57,3,1,1
BRDA:58,4,0,1
BRDA:58,4,1,0
BRDA:58,4,2,0
BRDA:58,4,3,0
BRDA:71,5,0,0
BRDA:80,6,0,0
BRDA:94,7,0,0
BRDA:114,8,0,0
BRDA:144,9,0,0
BRDA:163,10,0,0
BRDA:186,11,0,0
BRDA:186,11,1,0
BRDA:202,12,0,0
BRDA:251,13,0,0
BRDA:264,14,0,0
BRDA:277,15,0,0
BRDA:290,16,0,0
BRDA:303,17,0,0
BRDA:316,18,0,0
BRDA:329,19,0,0
BRDA:342,20,0,0
BRDA:344,21,0,0
BRDA:345,22,0,0
BRDA:345,22,1,0
BRDA:360,23,0,0
BRDA:375,24,0,0
BRDA:388,25,0,0
BRDA:401,26,0,0
BRDA:410,27,0,0
BRDA:421,28,0,0
BRDA:422,29,0,0
BRDA:427,30,0,0
BRDA:427,30,1,0
BRDA:438,31,0,0
BRDA:438,31,1,0
BRDA:439,32,0,0
BRDA:439,32,1,0
BRDA:445,33,0,0
BRDA:445,33,1,0
BRDA:454,34,0,0
BRDA:454,34,1,0
BRDA:478,35,0,0
BRDA:489,36,0,0
BRDA:503,37,0,0
BRDA:503,37,1,0
BRDA:551,38,0,0
BRDA:561,39,0,0
BRDA:586,40,0,0
BRDA:600,41,0,0
BRDA:648,42,0,2
BRDA:652,43,0,1
BRDA:657,44,0,1
BRDA:657,44,1,0
BRDA:667,45,0,0
BRDA:667,46,0,0
BRDA:667,46,1,0
BRDA:675,47,0,0
BRDA:686,48,0,0
BRDA:687,49,0,0
BRDA:687,49,1,0
BRDA:688,50,0,0
BRDA:688,50,1,0
BRDA:690,51,0,0
BRDA:690,51,1,0
BRDA:691,52,0,0
BRDA:691,52,1,0
BRDA:694,53,0,0
BRDA:694,53,1,0
BRDA:694,54,0,0
BRDA:694,54,1,0
BRDA:697,55,0,0
BRDA:697,55,1,0
BRDA:697,56,0,0
BRDA:697,56,1,0
BRDA:698,57,0,0
BRDA:700,58,0,0
BRDA:700,58,1,0
BRDA:701,59,0,0
BRDA:704,60,0,0
BRDA:705,61,0,0
BRDA:705,61,1,0
BRDA:712,62,0,0
BRDA:712,62,1,0
BRDA:713,63,0,0
BRDA:713,63,1,0
BRDA:713,64,0,0
BRDA:713,64,1,0
BRDA:728,65,0,0
BRDA:732,66,0,0
BRDA:732,66,1,0
BRDA:736,67,0,0
BRDA:738,68,0,0
BRDA:748,69,0,0
BRDA:748,69,1,0
BRDA:755,70,0,0
BRDA:759,71,0,0
BRDA:770,72,0,0
BRDA:770,72,1,0
BRDA:841,73,0,0
BRDA:862,74,0,0
BRDA:875,75,0,0
BRDA:888,76,0,0
BRDA:901,77,0,0
BRDA:914,78,0,0
BRDA:927,79,0,0
BRDA:941,80,0,0
BRDA:956,81,0,0
BRDA:1024,82,0,1
BRDA:1025,83,0,1
BRDA:1026,84,0,1
BRDA:1034,85,0,1
BRDA:1034,85,1,1
BRDA:1035,86,0,0
BRDA:1039,87,0,1
BRDA:1039,87,1,0
BRDA:1042,88,0,0
BRDA:1042,88,1,0
BRDA:1050,89,0,0
BRDA:1050,90,0,0
BRDA:1050,90,1,0
BRDA:1062,91,0,1
BRDA:1070,92,0,0
BRDA:1070,92,1,0
BRDA:1071,93,0,0
BRDA:1082,94,0,0
BRDA:1083,95,0,0
BRDA:1091,96,0,0
BRDA:1160,97,0,0
BRDA:1160,97,1,0
BRDA:1160,98,0,0
BRDA:1160,98,1,0
BRDA:1189,99,0,0
BRDA:1189,99,1,0
BRF:141
BRH:18
end_of_record
TN:
SF:src/nativeApp.ts
FN:14,(anonymous_1)
FN:24,(anonymous_2)
FN:14,importNativeAppSettings
FN:24,notifySettingsChanged
FN:28,postWebKitMessage
FNF:5
FNH:0
FNDA:0,(anonymous_1)
FNDA:0,(anonymous_2)
FNDA:0,importNativeAppSettings
FNDA:0,notifySettingsChanged
FNDA:0,postWebKitMessage
DA:5,153
DA:14,0
DA:15,0
DA:16,0
DA:18,0
DA:19,0
DA:20,0
DA:21,0
DA:24,0
DA:25,0
DA:29,0
LF:11
LH:1
BRDA:15,0,0,0
BRDA:15,1,0,0
BRDA:15,1,1,0
BRDA:19,2,0,0
BRDA:19,2,1,0
BRF:5
BRH:0
end_of_record
TN:
SF:src/octoClient.ts
FN:1096,(anonymous_1)
FN:1097,(anonymous_2)
FN:40,(anonymous_3)
FN:53,(anonymous_4)
FN:56,(anonymous_5)
FN:64,(anonymous_6)
FN:74,(anonymous_7)
FN:94,(anonymous_8)
FN:108,(anonymous_9)
FN:122,(anonymous_10)
FN:134,(anonymous_11)
FN:146,(anonymous_12)
FN:155,(anonymous_13)
FN:164,(anonymous_14)
FN:168,(anonymous_15)
FN:193,(anonymous_16)
FN:203,(anonymous_17)
FN:213,(anonymous_18)
FN:229,(anonymous_19)
FN:243,(anonymous_20)
FN:259,(anonymous_21)
FN:264,(anonymous_22)
FN:269,(anonymous_23)
FN:285,(anonymous_24)
FN:295,(anonymous_25)
FN:300,(anonymous_26)
FN:309,(anonymous_27)
FN:318,(anonymous_28)
FN:327,(anonymous_29)
FN:336,(anonymous_30)
FN:345,(anonymous_31)
FN:356,(anonymous_32)
FN:366,(anonymous_33)
FN:368,(anonymous_34)
FN:380,(anonymous_35)
FN:388,(anonymous_36)
FN:396,(anonymous_37)
FN:404,(anonymous_38)
FN:419,(anonymous_39)
FN:426,(anonymous_40)
FN:430,(anonymous_41)
FN:432,(anonymous_42)
FN:443,(anonymous_43)
FN:445,(anonymous_44)
FN:448,(anonymous_45)
FN:460,(anonymous_46)
FN:474,(anonymous_47)
FN:491,(anonymous_48)
FN:509,(anonymous_49)
FN:520,(anonymous_50)
FN:529,(anonymous_51)
FN:543,(anonymous_52)
FN:552,(anonymous_53)
FN:570,(anonymous_54)
FN:581,(anonymous_55)
FN:617,(anonymous_56)
FN:632,(anonymous_57)
FN:638,(anonymous_58)
FN:656,(anonymous_59)
FN:675,(anonymous_60)
FN:685,(anonymous_61)
FN:695,(anonymous_62)
FN:707,(anonymous_63)
FN:723,(anonymous_64)
FN:735,(anonymous_65)
FN:740,(anonymous_66)
FN:745,(anonymous_67)
FN:763,(anonymous_68)
FN:785,(anonymous_69)
FN:803,(anonymous_70)
FN:808,(anonymous_71)
FN:813,(anonymous_72)
FN:822,(anonymous_73)
FN:832,(anonymous_74)
FN:840,(anonymous_75)
FN:850,(anonymous_76)
FN:860,(anonymous_77)
FN:868,(anonymous_78)
FN:878,(anonymous_79)
FN:894,(anonymous_80)
FN:910,(anonymous_81)
FN:924,(anonymous_82)
FN:938,(anonymous_83)
FN:952,(anonymous_84)
FN:966,(anonymous_85)
FN:976,(anonymous_86)
FN:989,(anonymous_87)
FN:1003,(anonymous_88)
FN:1016,(anonymous_89)
FN:1024,(anonymous_90)
FN:1036,(anonymous_91)
FN:1049,(anonymous_92)
FN:1059,(anonymous_93)
FN:1069,(anonymous_94)
FN:1077,(anonymous_95)
FN:1085,(anonymous_96)
FN:60,(anonymous_97)
FNF:97
FNH:20
FNDA:14,(anonymous_1)
FNDA:25,(anonymous_2)
FNDA:11,(anonymous_3)
FNDA:11,(anonymous_4)
FNDA:0,(anonymous_5)
FNDA:5,(anonymous_6)
FNDA:0,(anonymous_7)
FNDA:0,(anonymous_8)
FNDA:0,(anonymous_9)
FNDA:0,(anonymous_10)
FNDA:0,(anonymous_11)
FNDA:11,(anonymous_12)
FNDA:4,(anonymous_13)
FNDA:0,(anonymous_14)
FNDA:0,(anonymous_15)
FNDA:0,(anonymous_16)
FNDA:0,(anonymous_17)
FNDA:0,(anonymous_18)
FNDA:0,(anonymous_19)
FNDA:0,(anonymous_20)
FNDA:1,(anonymous_21)
FNDA:1,(anonymous_22)
FNDA:1,(anonymous_23)
FNDA:2,(anonymous_24)
FNDA:1,(anonymous_25)
FNDA:0,(anonymous_26)
FNDA:0,(anonymous_27)
FNDA:3,(anonymous_28)
FNDA:0,(anonymous_29)
FNDA:0,(anonymous_30)
FNDA:3,(anonymous_31)
FNDA:2,(anonymous_32)
FNDA:0,(anonymous_33)
FNDA:0,(anonymous_34)
FNDA:0,(anonymous_35)
FNDA:0,(anonymous_36)
FNDA:0,(anonymous_37)
FNDA:0,(anonymous_38)
FNDA:0,(anonymous_39)
FNDA:0,(anonymous_40)
FNDA:1,(anonymous_41)
FNDA:5,(anonymous_42)
FNDA:0,(anonymous_43)
FNDA:0,(anonymous_44)
FNDA:0,(anonymous_45)
FNDA:0,(anonymous_46)
FNDA:0,(anonymous_47)
FNDA:0,(anonymous_48)
FNDA:0,(anonymous_49)
FNDA:0,(anonymous_50)
FNDA:0,(anonymous_51)
FNDA:0,(anonymous_52)
FNDA:0,(anonymous_53)
FNDA:0,(anonymous_54)
FNDA:0,(anonymous_55)
FNDA:0,(anonymous_56)
FNDA:0,(anonymous_57)
FNDA:1,(anonymous_58)
FNDA:0,(anonymous_59)
FNDA:0,(anonymous_60)
FNDA:0,(anonymous_61)
FNDA:0,(anonymous_62)
FNDA:0,(anonymous_63)
FNDA:0,(anonymous_64)
FNDA:0,(anonymous_65)
FNDA:0,(anonymous_66)
FNDA:0,(anonymous_67)
FNDA:0,(anonymous_68)
FNDA:1,(anonymous_69)
FNDA:0,(anonymous_70)
FNDA:0,(anonymous_71)
FNDA:0,(anonymous_72)
FNDA:0,(anonymous_73)
FNDA:0,(anonymous_74)
FNDA:0,(anonymous_75)
FNDA:0,(anonymous_76)
FNDA:0,(anonymous_77)
FNDA:0,(anonymous_78)
FNDA:0,(anonymous_79)
FNDA:0,(anonymous_80)
FNDA:0,(anonymous_81)
FNDA:0,(anonymous_82)
FNDA:0,(anonymous_83)
FNDA:0,(anonymous_84)
FNDA:0,(anonymous_85)
FNDA:0,(anonymous_86)
FNDA:0,(anonymous_87)
FNDA:0,(anonymous_88)
FNDA:0,(anonymous_89)
FNDA:0,(anonymous_90)
FNDA:0,(anonymous_91)
FNDA:0,(anonymous_92)
FNDA:0,(anonymous_93)
FNDA:0,(anonymous_94)
FNDA:0,(anonymous_95)
FNDA:0,(anonymous_96)
FNDA:96,(anonymous_97)
DA:12,96
DA:14,96
DA:16,96
DA:22,96
DA:33,96
DA:41,11
DA:45,11
DA:46,2
DA:47,2
DA:50,11
DA:54,11
DA:57,0
DA:60,96
DA:61,96
DA:66,5
DA:67,5
DA:68,5
DA:70,0
DA:75,0
DA:76,0
DA:77,0
DA:82,0
DA:83,0
DA:86,0
DA:87,0
DA:88,0
DA:89,0
DA:91,0
DA:95,0
DA:96,0
DA:100,0
DA:102,0
DA:103,0
DA:105,0
DA:109,0
DA:110,0
DA:114,0
DA:115,0
DA:118,0
DA:119,0
DA:123,0
DA:124,0
DA:125,0
DA:130,0
DA:131,0
DA:135,0
DA:136,0
DA:137,0
DA:142,0
DA:143,0
DA:147,11
DA:156,4
DA:157,4
DA:158,4
DA:161,4
DA:165,0
DA:169,0
DA:170,0
DA:171,0
DA:172,0
DA:174,0
DA:175,0
DA:176,0
DA:177,0
DA:179,0
DA:182,0
DA:183,0
DA:185,0
DA:186,0
DA:187,0
DA:189,0
DA:190,0
DA:194,0
DA:195,0
DA:196,0
DA:197,0
DA:199,0
DA:200,0
DA:204,0
DA:205,0
DA:206,0
DA:207,0
DA:209,0
DA:210,0
DA:214,0
DA:215,0
DA:216,0
DA:222,0
DA:223,0
DA:226,0
DA:230,0
DA:231,0
DA:236,0
DA:237,0
DA:240,0
DA:244,0
DA:245,0
DA:246,0
DA:252,0
DA:253,0
DA:256,0
DA:260,1
DA:261,1
DA:265,1
DA:266,1
DA:270,1
DA:271,1
DA:273,1
DA:276,1
DA:278,1
DA:287,2
DA:288,1
DA:290,1
DA:292,2
DA:296,1
DA:297,1
DA:301,0
DA:302,0
DA:303,0
DA:304,0
DA:306,0
DA:310,0
DA:311,0
DA:312,0
DA:313,0
DA:315,0
DA:319,3
DA:320,3
DA:321,0
DA:323,3
DA:324,3
DA:328,0
DA:329,0
DA:330,0
DA:332,0
DA:333,0
DA:337,0
DA:338,0
DA:339,0
DA:341,0
DA:342,0
DA:346,3
DA:347,0
DA:351,3
DA:353,3
DA:357,2
DA:358,2
DA:359,2
DA:367,0
DA:368,0
DA:369,0
DA:371,0
DA:372,0
DA:377,0
DA:381,0
DA:382,0
DA:389,0
DA:390,0
DA:397,0
DA:398,0
DA:405,0
DA:412,0
DA:420,0
DA:427,0
DA:431,1
DA:432,1
DA:433,5
DA:435,1
DA:436,1
DA:444,0
DA:445,0
DA:446,0
DA:448,0
DA:449,0
DA:452,0
DA:453,0
DA:461,0
DA:462,0
DA:463,0
DA:465,0
DA:466,0
DA:475,0
DA:477,0
DA:478,0
DA:484,0
DA:485,0
DA:488,0
DA:492,0
DA:493,0
DA:494,0
DA:495,0
DA:497,0
DA:502,0
DA:503,0
DA:506,0
DA:510,0
DA:512,0
DA:513,0
DA:521,0
DA:523,0
DA:530,0
DA:531,0
DA:532,0
DA:534,0
DA:535,0
DA:544,0
DA:545,0
DA:546,0
DA:547,0
DA:549,0
DA:553,0
DA:554,0
DA:555,0
DA:563,0
DA:564,0
DA:567,0
DA:571,0
DA:572,0
DA:583,0
DA:584,0
DA:586,0
DA:587,0
DA:590,0
DA:592,0
DA:597,0
DA:598,0
DA:601,0
DA:602,0
DA:603,0
DA:604,0
DA:606,0
DA:608,0
DA:611,0
DA:614,0
DA:618,0
DA:619,0
DA:621,0
DA:623,0
DA:624,0
DA:625,0
DA:627,0
DA:628,0
DA:629,0
DA:631,0
DA:632,0
DA:634,0
DA:635,0
DA:639,1
DA:640,1
DA:641,1
DA:642,0
DA:644,1
DA:645,1
DA:647,1
DA:648,1
DA:649,0
DA:650,0
DA:653,1
DA:657,0
DA:658,0
DA:659,0
DA:660,0
DA:662,0
DA:663,0
DA:665,0
DA:666,0
DA:667,0
DA:668,0
DA:669,0
DA:672,0
DA:676,0
DA:677,0
DA:678,0
DA:679,0
DA:682,0
DA:686,0
DA:687,0
DA:688,0
DA:689,0
DA:692,0
DA:696,0
DA:697,0
DA:698,0
DA:700,0
DA:701,0
DA:702,0
DA:704,0
DA:708,0
DA:709,0
DA:710,0
DA:716,0
DA:717,0
DA:720,0
DA:724,0
DA:725,0
DA:726,0
DA:728,0
DA:729,0
DA:730,0
DA:732,0
DA:736,0
DA:737,0
DA:741,0
DA:742,0
DA:746,0
DA:747,0
DA:748,0
DA:749,0
DA:751,0
DA:756,0
DA:757,0
DA:760,0
DA:764,0
DA:765,0
DA:766,0
DA:768,0
DA:769,0
DA:772,0
DA:773,0
DA:778,0
DA:779,0
DA:782,0
DA:786,1
DA:787,1
DA:788,0
DA:790,1
DA:791,1
DA:796,1
DA:797,0
DA:800,1
DA:804,0
DA:805,0
DA:809,0
DA:810,0
DA:814,0
DA:815,0
DA:823,0
DA:824,0
DA:825,0
DA:833,0
DA:834,0
DA:841,0
DA:842,0
DA:843,0
DA:844,0
DA:847,0
DA:851,0
DA:852,0
DA:853,0
DA:861,0
DA:862,0
DA:869,0
DA:870,0
DA:871,0
DA:879,0
DA:880,0
DA:881,0
DA:887,0
DA:888,0
DA:891,0
DA:895,0
DA:896,0
DA:897,0
DA:903,0
DA:904,0
DA:907,0
DA:911,0
DA:912,0
DA:915,0
DA:917,0
DA:925,0
DA:926,0
DA:931,0
DA:932,0
DA:935,0
DA:939,0
DA:940,0
DA:945,0
DA:946,0
DA:949,0
DA:953,0
DA:954,0
DA:959,0
DA:960,0
DA:963,0
DA:967,0
DA:968,0
DA:969,0
DA:970,0
DA:973,0
DA:977,0
DA:978,0
DA:982,0
DA:983,0
DA:986,0
DA:990,0
DA:991,0
DA:995,0
DA:996,0
DA:999,0
DA:1004,0
DA:1005,0
DA:1009,0
DA:1010,0
DA:1013,0
DA:1017,0
DA:1018,0
DA:1025,0
DA:1026,0
DA:1027,0
DA:1028,0
DA:1031,0
DA:1032,0
DA:1033,0
DA:1037,0
DA:1038,0
DA:1039,0
DA:1040,0
DA:1043,0
DA:1044,0
DA:1045,0
DA:1050,0
DA:1051,0
DA:1052,0
DA:1053,0
DA:1056,0
DA:1060,0
DA:1061,0
DA:1062,0
DA:1063,0
DA:1066,0
DA:1070,0
DA:1078,0
DA:1079,0
DA:1086,0
DA:1087,0
DA:1094,96
DA:1096,14
DA:1097,96
LF:439
LH:68
BRDA:41,0,0,11
BRDA:41,0,1,11
BRDA:45,1,0,2
BRDA:54,2,0,11
BRDA:54,2,1,11
BRDA:68,3,0,5
BRDA:68,3,1,0
BRDA:82,4,0,0
BRDA:87,5,0,0
BRDA:102,6,0,0
BRDA:114,7,0,0
BRDA:150,8,0,0
BRDA:150,8,1,11
BRDA:157,9,0,4
BRDA:158,10,0,4
BRDA:158,10,1,0
BRDA:158,11,0,4
BRDA:158,11,1,4
BRDA:171,12,0,0
BRDA:174,13,0,0
BRDA:176,14,0,0
BRDA:176,14,1,0
BRDA:182,15,0,0
BRDA:186,16,0,0
BRDA:196,17,0,0
BRDA:206,18,0,0
BRDA:222,19,0,0
BRDA:236,20,0,0
BRDA:252,21,0,0
BRDA:287,22,0,1
BRDA:287,22,1,1
BRDA:302,23,0,0
BRDA:302,23,1,0
BRDA:303,24,0,0
BRDA:312,25,0,0
BRDA:320,26,0,0
BRDA:329,27,0,0
BRDA:338,28,0,0
BRDA:346,29,0,0
BRDA:433,30,0,5
BRDA:433,30,1,5
BRDA:436,31,0,0
BRDA:436,31,1,1
BRDA:446,32,0,0
BRDA:446,32,1,0
BRDA:449,33,0,0
BRDA:449,33,1,0
BRDA:484,34,0,0
BRDA:494,35,0,0
BRDA:502,36,0,0
BRDA:546,37,0,0
BRDA:563,38,0,0
BRDA:597,39,0,0
BRDA:628,40,0,0
BRDA:628,40,1,0
BRDA:631,41,0,0
BRDA:641,42,0,0
BRDA:647,43,0,1
BRDA:647,43,1,0
BRDA:649,44,0,0
BRDA:659,45,0,0
BRDA:665,46,0,0
BRDA:665,46,1,0
BRDA:668,47,0,0
BRDA:678,48,0,0
BRDA:688,49,0,0
BRDA:697,50,0,0
BRDA:701,51,0,0
BRDA:716,52,0,0
BRDA:725,53,0,0
BRDA:729,54,0,0
BRDA:748,55,0,0
BRDA:756,56,0,0
BRDA:765,57,0,0
BRDA:768,58,0,0
BRDA:778,59,0,0
BRDA:787,60,0,0
BRDA:796,61,0,0
BRDA:843,62,0,0
BRDA:887,63,0,0
BRDA:903,64,0,0
BRDA:911,65,0,0
BRDA:911,65,1,0
BRDA:931,66,0,0
BRDA:945,67,0,0
BRDA:959,68,0,0
BRDA:969,69,0,0
BRDA:982,70,0,0
BRDA:995,71,0,0
BRDA:1009,72,0,0
BRDA:1027,73,0,0
BRDA:1039,74,0,0
BRDA:1052,75,0,0
BRDA:1062,76,0,0
BRDA:60,77,0,96
BRDA:60,78,0,96
BRF:96
BRH:19
end_of_record
TN:
SF:src/octoUtils.tsx
FN:209,(anonymous_0)
FN:23,(anonymous_1)
FN:43,(anonymous_2)
FN:44,(anonymous_3)
FN:47,(anonymous_4)
FN:48,(anonymous_5)
FN:49,(anonymous_6)
FN:50,(anonymous_7)
FN:56,(anonymous_8)
FN:59,(anonymous_9)
FN:72,(anonymous_10)
FN:75,(anonymous_11)
FN:79,(anonymous_12)
FN:94,(anonymous_13)
FN:100,(anonymous_14)
FN:100,(anonymous_15)
FN:104,(anonymous_16)
FN:108,(anonymous_17)
FN:157,(anonymous_18)
FNF:19
FNH:12
FNDA:46,(anonymous_0)
FNDA:21,(anonymous_1)
FNDA:3,(anonymous_2)
FNDA:15,(anonymous_3)
FNDA:0,(anonymous_4)
FNDA:0,(anonymous_5)
FNDA:0,(anonymous_6)
FNDA:0,(anonymous_7)
FNDA:1,(anonymous_8)
FNDA:6,(anonymous_9)
FNDA:1,(anonymous_10)
FNDA:0,(anonymous_11)
FNDA:6,(anonymous_12)
FNDA:0,(anonymous_13)
FNDA:5,(anonymous_14)
FNDA:0,(anonymous_15)
FNDA:1,(anonymous_16)
FNDA:16,(anonymous_17)
FNDA:26,(anonymous_18)
DA:7,99
DA:8,99
DA:9,99
DA:10,99
DA:11,99
DA:12,99
DA:13,99
DA:14,99
DA:15,99
DA:16,99
DA:17,99
DA:19,99
DA:20,99
DA:24,21
DA:25,0
DA:26,16
DA:27,5
DA:28,0
DA:29,0
DA:30,0
DA:31,0
DA:32,0
DA:33,0
DA:34,0
DA:35,0
DA:37,0
DA:38,0
DA:44,15
DA:48,0
DA:49,0
DA:50,0
DA:51,0
DA:52,0
DA:57,1
DA:58,1
DA:59,1
DA:60,6
DA:61,6
DA:62,6
DA:63,6
DA:64,6
DA:65,6
DA:68,1
DA:72,1
DA:73,1
DA:75,0
DA:76,0
DA:79,1
DA:81,6
DA:82,5
DA:83,5
DA:87,6
DA:88,0
DA:92,6
DA:93,0
DA:94,0
DA:98,6
DA:99,1
DA:100,5
DA:104,1
DA:105,1
DA:109,16
DA:110,10
DA:111,10
DA:112,0
DA:113,0
DA:114,0
DA:116,0
DA:119,6
DA:120,2
DA:121,2
DA:122,0
DA:124,0
DA:127,4
DA:128,1
DA:129,0
DA:130,1
DA:131,0
DA:132,0
DA:133,0
DA:134,0
DA:135,0
DA:137,0
DA:140,3
DA:141,1
DA:142,1
DA:143,0
DA:144,0
DA:145,0
DA:146,0
DA:148,0
DA:152,2
DA:153,2
DA:158,26
DA:159,7
DA:164,6
DA:166,1
DA:169,19
DA:170,3
DA:173,2
DA:175,1
DA:178,16
DA:179,8
DA:187,7
DA:189,1
DA:192,8
DA:193,8
DA:199,6
DA:201,2
DA:205,0
DA:206,0
DA:209,46
LF:112
LH:71
BRDA:24,0,0,0
BRDA:24,0,1,16
BRDA:24,0,2,5
BRDA:24,0,3,0
BRDA:24,0,4,0
BRDA:24,0,5,0
BRDA:24,0,6,0
BRDA:24,0,7,0
BRDA:24,0,8,0
BRDA:24,0,9,0
BRDA:24,0,10,0
BRDA:24,0,11,0
BRDA:73,1,0,0
BRDA:81,2,0,5
BRDA:81,3,0,6
BRDA:81,3,1,5
BRDA:82,4,0,5
BRDA:82,4,1,0
BRDA:87,5,0,0
BRDA:92,6,0,0
BRDA:98,7,0,1
BRDA:100,8,0,0
BRDA:100,8,1,5
BRDA:109,9,0,10
BRDA:109,9,1,6
BRDA:109,10,0,16
BRDA:109,10,1,6
BRDA:110,11,0,10
BRDA:110,11,1,0
BRDA:110,11,2,0
BRDA:110,11,3,0
BRDA:110,11,4,0
BRDA:119,12,0,2
BRDA:119,12,1,4
BRDA:120,13,0,2
BRDA:120,13,1,0
BRDA:120,13,2,0
BRDA:127,14,0,1
BRDA:127,14,1,3
BRDA:128,15,0,0
BRDA:128,15,1,1
BRDA:128,15,2,0
BRDA:128,15,3,0
BRDA:128,15,4,0
BRDA:128,15,5,0
BRDA:128,15,6,0
BRDA:128,15,7,0
BRDA:140,16,0,1
BRDA:140,16,1,2
BRDA:141,17,0,1
BRDA:141,17,1,0
BRDA:141,17,2,0
BRDA:141,17,3,0
BRDA:141,17,4,0
BRDA:141,17,5,0
BRDA:158,18,0,7
BRDA:158,18,1,19
BRDA:159,19,0,3
BRDA:159,19,1,4
BRDA:159,19,2,5
BRDA:159,19,3,6
BRDA:159,19,4,1
BRDA:169,20,0,3
BRDA:169,20,1,16
BRDA:170,21,0,1
BRDA:170,21,1,2
BRDA:170,21,2,1
BRDA:178,22,0,8
BRDA:178,22,1,8
BRDA:179,23,0,1
BRDA:179,23,1,2
BRDA:179,23,2,3
BRDA:179,23,3,4
BRDA:179,23,4,5
BRDA:179,23,5,6
BRDA:179,23,6,7
BRDA:179,23,7,1
BRDA:192,24,0,8
BRDA:193,25,0,1
BRDA:193,25,1,2
BRDA:193,25,2,3
BRDA:193,25,3,5
BRDA:193,25,4,6
BRDA:193,25,5,2
BRF:84
BRH:51
end_of_record
TN:
SF:src/plugin_entry.ts
FNF:0
FNH:0
DA:14,0
LF:1
LH:0
BRF:0
BRH:0
end_of_record
TN:
SF:src/remote_entry.ts
FNF:0
FNH:0
DA:4,0
LF:1
LH:0
BRF:0
BRH:0
end_of_record
TN:
SF:src/route.tsx
FN:19,Route
FN:38,(anonymous_3)
FN:48,(anonymous_4)
FNF:3
FNH:0
FNDA:0,Route
FNDA:0,(anonymous_3)
FNDA:0,(anonymous_4)
DA:20,0
DA:21,0
DA:22,0
DA:23,0
DA:28,0
DA:30,0
DA:36,0
DA:38,0
DA:39,0
DA:46,0
DA:48,0
DA:49,0
DA:50,0
DA:51,0
DA:52,0
DA:54,0
DA:61,0
LF:17
LH:0
BRDA:28,0,0,0
BRDA:28,0,1,0
BRDA:28,0,2,0
BRDA:30,1,0,0
BRDA:30,1,1,0
BRDA:30,1,2,0
BRDA:30,1,3,0
BRDA:30,1,4,0
BRDA:36,2,0,0
BRDA:39,3,0,0
BRDA:46,4,0,0
BRDA:46,5,0,0
BRDA:46,5,1,0
BRDA:46,5,2,0
BRDA:49,6,0,0
BRDA:51,7,0,0
BRDA:63,8,0,0
BRDA:63,8,1,0
BRF:18
BRH:0
end_of_record
TN:
SF:src/router.tsx
FN:29,HomeToCurrentTeam
FN:35,(anonymous_1)
FN:38,(anonymous_2)
FN:67,WorkspaceToTeamRedirect
FN:71,(anonymous_4)
FN:72,(anonymous_5)
FN:90,GlobalErrorRedirect
FN:95,(anonymous_7)
FN:109,(anonymous_8)
FN:114,(anonymous_9)
FN:119,(anonymous_10)
FN:153,(anonymous_11)
FN:165,(anonymous_12)
FNF:13
FNH:0
FNDA:0,HomeToCurrentTeam
FNDA:0,(anonymous_1)
FNDA:0,(anonymous_2)
FNDA:0,WorkspaceToTeamRedirect
FNDA:0,(anonymous_4)
FNDA:0,(anonymous_5)
FNDA:0,GlobalErrorRedirect
FNDA:0,(anonymous_7)
FNDA:0,(anonymous_8)
FNDA:0,(anonymous_9)
FNDA:0,(anonymous_10)
FNDA:0,(anonymous_11)
FNDA:0,(anonymous_12)
DA:36,0
DA:37,0
DA:38,0
DA:39,0
DA:42,0
DA:43,0
DA:44,0
DA:45,0
DA:47,0
DA:49,0
DA:50,0
DA:51,0
DA:53,0
DA:56,0
DA:68,0
DA:69,0
DA:70,0
DA:71,0
DA:72,0
DA:73,0
DA:74,0
DA:80,0
DA:81,0
DA:83,0
DA:87,0
DA:91,0
DA:92,0
DA:93,0
DA:95,0
DA:96,0
DA:97,0
DA:98,0
DA:102,0
DA:109,0
DA:111,0
DA:112,0
DA:114,0
DA:115,0
DA:119,0
DA:120,0
DA:121,0
DA:125,0
DA:154,0
DA:166,0
LF:44
LH:0
BRDA:42,0,0,0
BRDA:42,0,1,0
BRDA:42,0,2,0
BRDA:44,1,0,0
BRDA:44,2,0,0
BRDA:44,2,1,0
BRDA:44,2,2,0
BRDA:47,3,0,0
BRDA:47,3,1,0
BRDA:47,3,2,0
BRDA:47,3,3,0
BRDA:49,4,0,0
BRDA:53,5,0,0
BRDA:53,6,0,0
BRDA:53,6,1,0
BRDA:56,7,0,0
BRDA:73,8,0,0
BRDA:80,9,0,0
BRDA:96,10,0,0
BRDA:111,11,0,0
BRDA:111,11,1,0
BRDA:120,12,0,0
BRF:22
BRH:0
end_of_record
TN:
SF:src/testUtils.tsx
FN:14,(anonymous_1)
FN:15,(anonymous_2)
FN:23,(anonymous_3)
FN:31,(anonymous_4)
FN:48,(anonymous_5)
FN:63,(anonymous_6)
FN:79,(anonymous_7)
FN:86,(anonymous_8)
FN:14,(anonymous_12)
FN:15,(anonymous_13)
FN:23,(anonymous_14)
FN:25,(anonymous_15)
FN:31,(anonymous_16)
FN:34,(anonymous_17)
FN:48,mockDOM
FN:50,(anonymous_19)
FN:53,(anonymous_20)
FN:55,(anonymous_21)
FN:63,mockMatchMedia
FN:69,(anonymous_23)
FN:79,mockStateStore
FN:86,blocksById
FN:87,(anonymous_26)
FNF:23
FNH:16
FNDA:218,(anonymous_1)
FNDA:157,(anonymous_2)
FNDA:0,(anonymous_3)
FNDA:3,(anonymous_4)
FNDA:10,(anonymous_5)
FNDA:0,(anonymous_6)
FNDA:82,(anonymous_7)
FNDA:6,(anonymous_8)
FNDA:375,(anonymous_12)
FNDA:157,(anonymous_13)
FNDA:3,(anonymous_14)
FNDA:0,(anonymous_15)
FNDA:3,(anonymous_16)
FNDA:3,(anonymous_17)
FNDA:20,mockDOM
FNDA:3,(anonymous_19)
FNDA:0,(anonymous_20)
FNDA:0,(anonymous_21)
FNDA:0,mockMatchMedia
FNDA:0,(anonymous_23)
FNDA:82,mockStateStore
FNDA:6,blocksById
FNDA:16,(anonymous_26)
DA:3,92
DA:4,92
DA:5,92
DA:6,92
DA:7,92
DA:10,92
DA:14,375
DA:15,157
DA:16,157
DA:23,92
DA:24,3
DA:31,92
DA:33,3
DA:35,3
DA:45,3
DA:48,10
DA:49,20
DA:50,20
DA:51,3
DA:52,3
DA:53,3
DA:54,0
DA:55,0
DA:60,3
DA:63,0
DA:67,0
DA:70,0
DA:79,82
DA:80,82
DA:81,82
DA:86,6
DA:87,6
DA:88,16
DA:89,16
LF:34
LH:29
BRF:0
BRH:0
end_of_record
TN:
SF:src/theme.ts
FN:37,(anonymous_1)
FN:39,(anonymous_2)
FN:41,(anonymous_3)
FN:66,(anonymous_4)
FN:68,(anonymous_5)
FN:95,(anonymous_6)
FN:97,(anonymous_7)
FN:110,(anonymous_8)
FN:185,(anonymous_9)
FN:224,(anonymous_10)
FN:240,(anonymous_11)
FN:257,(anonymous_12)
FN:320,(anonymous_13)
FN:110,setTheme
FN:185,setMattermostTheme
FN:212,setActiveThemeName
FN:224,loadTheme
FN:240,initThemes
FN:242,(anonymous_20)
FN:257,getSelectBaseStyle
FN:259,(anonymous_22)
FN:263,(anonymous_23)
FN:267,(anonymous_24)
FN:271,(anonymous_25)
FN:275,(anonymous_26)
FN:280,(anonymous_27)
FN:286,(anonymous_28)
FN:294,(anonymous_29)
FN:299,(anonymous_30)
FN:305,(anonymous_31)
FN:312,(anonymous_32)
FN:320,getActiveThemeName
FNF:32
FNH:18
FNDA:5,(anonymous_1)
FNDA:10,(anonymous_2)
FNDA:5,(anonymous_3)
FNDA:5,(anonymous_4)
FNDA:5,(anonymous_5)
FNDA:5,(anonymous_6)
FNDA:5,(anonymous_7)
FNDA:0,(anonymous_8)
FNDA:0,(anonymous_9)
FNDA:0,(anonymous_10)
FNDA:0,(anonymous_11)
FNDA:74,(anonymous_12)
FNDA:0,(anonymous_13)
FNDA:0,setTheme
FNDA:0,setMattermostTheme
FNDA:0,setActiveThemeName
FNDA:0,loadTheme
FNDA:0,initThemes
FNDA:0,(anonymous_20)
FNDA:74,getSelectBaseStyle
FNDA:127,(anonymous_22)
FNDA:127,(anonymous_23)
FNDA:61,(anonymous_24)
FNDA:84,(anonymous_25)
FNDA:0,(anonymous_26)
FNDA:70,(anonymous_27)
FNDA:0,(anonymous_28)
FNDA:97,(anonymous_29)
FNDA:15,(anonymous_30)
FNDA:172,(anonymous_31)
FNDA:96,(anonymous_32)
FNDA:0,getActiveThemeName
DA:5,39
DA:6,39
DA:10,39
DA:37,39
DA:39,39
DA:41,39
DA:66,39
DA:68,39
DA:95,39
DA:97,39
DA:110,0
DA:111,0
DA:112,0
DA:113,0
DA:114,0
DA:116,0
DA:117,0
DA:118,0
DA:119,0
DA:123,0
DA:140,0
DA:142,0
DA:143,0
DA:144,0
DA:145,0
DA:146,0
DA:147,0
DA:148,0
DA:149,0
DA:151,0
DA:152,0
DA:154,0
DA:156,0
DA:157,0
DA:158,0
DA:160,0
DA:161,0
DA:162,0
DA:163,0
DA:164,0
DA:165,0
DA:166,0
DA:167,0
DA:168,0
DA:169,0
DA:171,0
DA:172,0
DA:173,0
DA:174,0
DA:175,0
DA:176,0
DA:177,0
DA:178,0
DA:179,0
DA:180,0
DA:182,0
DA:185,0
DA:186,0
DA:187,0
DA:190,0
DA:191,0
DA:192,0
DA:193,0
DA:194,0
DA:195,0
DA:196,0
DA:197,0
DA:199,0
DA:213,0
DA:214,0
DA:215,0
DA:216,0
DA:217,0
DA:218,0
DA:220,0
DA:224,0
DA:225,0
DA:226,0
DA:227,0
DA:228,0
DA:229,0
DA:230,0
DA:231,0
DA:233,0
DA:236,0
DA:240,0
DA:241,0
DA:242,0
DA:243,0
DA:244,0
DA:245,0
DA:248,0
DA:249,0
DA:250,0
DA:252,0
DA:254,0
DA:257,74
DA:258,74
DA:259,127
DA:263,127
DA:267,61
DA:271,84
DA:275,0
DA:280,70
DA:286,0
DA:294,97
DA:299,15
DA:305,172
DA:312,96
DA:320,0
DA:321,0
LF:111
LH:21
BRDA:112,0,0,0
BRDA:112,0,1,0
BRDA:118,1,0,0
BRDA:142,2,0,0
BRDA:142,2,1,0
BRDA:143,3,0,0
BRDA:143,3,1,0
BRDA:144,4,0,0
BRDA:144,4,1,0
BRDA:145,5,0,0
BRDA:145,5,1,0
BRDA:146,6,0,0
BRDA:146,6,1,0
BRDA:147,7,0,0
BRDA:147,7,1,0
BRDA:148,8,0,0
BRDA:148,8,1,0
BRDA:149,9,0,0
BRDA:149,9,1,0
BRDA:157,10,0,0
BRDA:186,11,0,0
BRDA:206,12,0,0
BRDA:206,12,1,0
BRDA:213,13,0,0
BRDA:213,13,1,0
BRDA:215,14,0,0
BRDA:215,14,1,0
BRDA:217,15,0,0
BRDA:217,15,1,0
BRDA:226,16,0,0
BRDA:226,16,1,0
BRDA:244,17,0,0
BRDA:248,18,0,0
BRDA:248,18,1,0
BRDA:250,19,0,0
BRDA:282,20,0,10
BRDA:282,20,1,60
BRDA:283,21,0,10
BRDA:283,21,1,60
BRDA:321,22,0,0
BRDA:321,22,1,0
BRF:41
BRH:4
end_of_record
TN:
SF:src/undomanager.ts
FN:208,(anonymous_0)
FN:23,(anonymous_1)
FN:30,(anonymous_2)
FN:39,(anonymous_3)
FN:48,(anonymous_4)
FN:64,(anonymous_5)
FN:76,(anonymous_6)
FN:129,(anonymous_7)
FN:158,(anonymous_8)
FN:187,(anonymous_9)
FN:198,(anonymous_10)
FN:202,(anonymous_11)
FNF:12
FNH:12
FNDA:74,(anonymous_0)
FNDA:4,(anonymous_1)
FNDA:9,(anonymous_2)
FNDA:9,(anonymous_3)
FNDA:9,(anonymous_4)
FNDA:8,(anonymous_5)
FNDA:8,(anonymous_6)
FNDA:4,(anonymous_7)
FNDA:3,(anonymous_8)
FNDA:3,(anonymous_9)
FNDA:17,(anonymous_10)
FNDA:17,(anonymous_11)
DA:18,61
DA:19,61
DA:20,61
DA:21,61
DA:24,4
DA:25,3
DA:27,1
DA:31,9
DA:32,9
DA:33,3
DA:36,6
DA:40,9
DA:41,9
DA:42,7
DA:45,2
DA:49,9
DA:50,0
DA:52,9
DA:54,9
DA:55,4
DA:57,5
DA:60,9
DA:61,9
DA:71,8
DA:72,8
DA:73,8
DA:86,8
DA:87,0
DA:91,8
DA:94,8
DA:95,0
DA:98,8
DA:101,8
DA:109,8
DA:112,8
DA:113,0
DA:120,8
DA:122,8
DA:123,0
DA:126,8
DA:130,4
DA:131,0
DA:133,4
DA:134,4
DA:135,0
DA:138,4
DA:139,4
DA:140,1
DA:142,2
DA:143,2
DA:144,2
DA:147,3
DA:148,3
DA:151,4
DA:152,0
DA:155,4
DA:159,3
DA:160,0
DA:162,3
DA:163,3
DA:164,0
DA:167,3
DA:168,3
DA:169,1
DA:171,2
DA:172,2
DA:173,2
DA:176,2
DA:177,2
DA:180,3
DA:181,0
DA:184,3
DA:188,3
DA:190,3
DA:191,3
DA:193,3
DA:194,0
DA:199,17
DA:203,17
DA:207,61
DA:208,74
LF:81
LH:69
BRDA:24,0,0,3
BRDA:32,1,0,3
BRDA:41,2,0,7
BRDA:49,3,0,0
BRDA:49,4,0,9
BRDA:49,4,1,9
BRDA:54,5,0,4
BRDA:54,5,1,5
BRDA:69,6,0,8
BRDA:84,7,0,0
BRDA:86,8,0,0
BRDA:94,9,0,0
BRDA:94,9,1,8
BRDA:96,10,0,0
BRDA:96,10,1,0
BRDA:112,11,0,0
BRDA:112,12,0,8
BRDA:112,12,1,0
BRDA:122,13,0,0
BRDA:130,14,0,0
BRDA:134,15,0,0
BRDA:139,16,0,1
BRDA:139,16,1,3
BRDA:145,17,0,2
BRDA:145,17,1,2
BRDA:151,18,0,0
BRDA:159,19,0,0
BRDA:163,20,0,0
BRDA:168,21,0,1
BRDA:168,21,1,2
BRDA:174,22,0,2
BRDA:174,22,1,1
BRDA:180,23,0,0
BRDA:193,24,0,0
BRDA:193,25,0,3
BRDA:193,25,1,0
BRF:36
BRH:19
end_of_record
TN:
SF:src/user.tsx
FN:61,(anonymous_0)
FN:32,parseUserProps
FN:35,(anonymous_2)
FN:40,(anonymous_3)
FNF:4
FNH:0
FNDA:0,(anonymous_0)
FNDA:0,parseUserProps
FNDA:0,(anonymous_2)
FNDA:0,(anonymous_3)
DA:33,0
DA:35,0
DA:36,0
DA:37,0
DA:38,0
DA:39,0
DA:40,0
DA:41,0
DA:44,0
DA:47,0
DA:61,0
LF:11
LH:0
BRDA:37,0,0,0
BRF:1
BRH:0
end_of_record
TN:
SF:src/userSettings.ts
FN:24,(anonymous_2)
FN:169,(anonymous_3)
FN:180,(anonymous_4)
FN:8,(anonymous_5)
FN:25,(anonymous_6)
FN:29,(anonymous_7)
FN:41,(anonymous_8)
FN:45,(anonymous_9)
FN:49,(anonymous_10)
FN:53,(anonymous_11)
FN:57,(anonymous_12)
FN:61,(anonymous_13)
FN:67,(anonymous_14)
FN:85,(anonymous_15)
FN:89,(anonymous_16)
FN:99,(anonymous_17)
FN:113,(anonymous_18)
FN:123,(anonymous_19)
FN:127,(anonymous_20)
FN:131,(anonymous_21)
FN:138,(anonymous_22)
FN:144,(anonymous_23)
FN:148,(anonymous_24)
FN:152,(anonymous_25)
FN:156,(anonymous_26)
FN:160,(anonymous_27)
FN:164,(anonymous_28)
FN:169,exportUserSettingsBlob
FN:173,exportUserSettings
FN:175,(anonymous_31)
FN:180,importUserSettingsBlob
FN:184,importUserSettings
FN:208,parseUserSettings
FNF:33
FNH:7
FNDA:117,(anonymous_2)
FNDA:0,(anonymous_3)
FNDA:0,(anonymous_4)
FNDA:153,(anonymous_5)
FNDA:117,(anonymous_6)
FNDA:0,(anonymous_7)
FNDA:2,(anonymous_8)
FNDA:0,(anonymous_9)
FNDA:0,(anonymous_10)
FNDA:0,(anonymous_11)
FNDA:4,(anonymous_12)
FNDA:0,(anonymous_13)
FNDA:0,(anonymous_14)
FNDA:0,(anonymous_15)
FNDA:0,(anonymous_16)
FNDA:0,(anonymous_17)
FNDA:0,(anonymous_18)
FNDA:11,(anonymous_19)
FNDA:0,(anonymous_20)
FNDA:0,(anonymous_21)
FNDA:0,(anonymous_22)
FNDA:0,(anonymous_23)
FNDA:0,(anonymous_24)
FNDA:0,(anonymous_25)
FNDA:0,(anonymous_26)
FNDA:100,(anonymous_27)
FNDA:0,(anonymous_28)
FNDA:0,exportUserSettingsBlob
FNDA:0,exportUserSettings
FNDA:0,(anonymous_31)
FNDA:0,importUserSettingsBlob
FNDA:0,importUserSettings
FNDA:0,parseUserSettings
DA:4,153
DA:5,153
DA:8,153
DA:24,117
DA:26,117
DA:30,0
DA:31,0
DA:33,0
DA:34,0
DA:36,0
DA:38,0
DA:42,2
DA:46,0
DA:50,0
DA:54,0
DA:58,4
DA:62,0
DA:68,0
DA:69,0
DA:70,0
DA:74,0
DA:75,0
DA:79,0
DA:82,0
DA:86,0
DA:90,0
DA:91,0
DA:92,0
DA:94,0
DA:96,0
DA:100,0
DA:102,0
DA:103,0
DA:107,0
DA:110,0
DA:114,0
DA:115,0
DA:116,0
DA:118,0
DA:120,0
DA:124,11
DA:128,0
DA:132,0
DA:133,0
DA:134,0
DA:135,0
DA:139,0
DA:140,0
DA:141,0
DA:145,0
DA:149,0
DA:153,0
DA:157,0
DA:161,100
DA:165,0
DA:169,0
DA:170,0
DA:174,0
DA:175,0
DA:176,0
DA:177,0
DA:180,0
DA:181,0
DA:185,0
DA:186,0
DA:187,0
DA:189,0
DA:190,0
DA:191,0
DA:192,0
DA:194,0
DA:195,0
DA:196,0
DA:197,0
DA:198,0
DA:200,0
DA:202,0
DA:205,0
DA:209,0
DA:210,0
DA:212,0
LF:81
LH:9
BRDA:8,0,0,153
BRDA:8,0,1,153
BRDA:30,1,0,0
BRDA:33,2,0,0
BRDA:33,2,1,0
BRDA:68,3,0,0
BRDA:68,3,1,0
BRDA:69,4,0,0
BRDA:91,5,0,0
BRDA:91,5,1,0
BRDA:100,6,0,0
BRDA:100,6,1,0
BRDA:115,7,0,0
BRDA:115,7,1,0
BRDA:135,8,0,0
BRDA:135,8,1,0
BRDA:186,9,0,0
BRDA:191,10,0,0
BRDA:191,11,0,0
BRDA:191,11,1,0
BRDA:191,11,2,0
BRDA:196,12,0,0
BRDA:197,13,0,0
BRDA:197,13,1,0
BRF:24
BRH:2
end_of_record
TN:
SF:src/utils.ts
FN:32,(anonymous_1)
FN:33,(anonymous_2)
FN:51,(anonymous_3)
FN:56,(anonymous_4)
FN:57,(anonymous_5)
FN:58,(anonymous_6)
FN:785,(anonymous_7)
FN:785,(anonymous_8)
FN:39,(anonymous_10)
FN:61,(anonymous_11)
FN:66,(anonymous_12)
FN:85,(anonymous_13)
FN:91,(anonymous_14)
FN:118,(anonymous_15)
FN:129,(anonymous_16)
FN:142,(anonymous_17)
FN:170,(anonymous_18)
FN:178,(anonymous_19)
FN:184,(anonymous_20)
FN:190,(anonymous_21)
FN:194,(anonymous_22)
FN:200,(anonymous_23)
FN:260,(anonymous_24)
FN:273,(anonymous_25)
FN:277,(anonymous_26)
FN:281,(anonymous_27)
FN:285,(anonymous_28)
FN:291,(anonymous_29)
FN:294,(anonymous_30)
FN:304,(anonymous_31)
FN:311,(anonymous_32)
FN:316,(anonymous_33)
FN:320,(anonymous_34)
FN:332,(anonymous_35)
FN:337,(anonymous_36)
FN:345,(anonymous_37)
FN:353,(anonymous_38)
FN:363,(anonymous_39)
FN:367,(anonymous_40)
FN:368,(anonymous_41)
FN:373,(anonymous_42)
FN:381,(anonymous_43)
FN:390,(anonymous_44)
FN:397,(anonymous_45)
FN:406,(anonymous_46)
FN:415,(anonymous_47)
FN:426,(anonymous_48)
FN:440,(anonymous_49)
FN:446,(anonymous_50)
FN:450,(anonymous_51)
FN:458,(anonymous_52)
FN:462,(anonymous_53)
FN:476,(anonymous_54)
FN:498,(anonymous_55)
FN:504,(anonymous_56)
FN:525,(anonymous_57)
FN:536,(anonymous_58)
FN:541,(anonymous_59)
FN:553,(anonymous_60)
FN:565,(anonymous_61)
FN:569,(anonymous_62)
FN:586,(anonymous_63)
FN:599,(anonymous_64)
FN:603,(anonymous_65)
FN:607,(anonymous_66)
FN:611,(anonymous_67)
FN:625,(anonymous_68)
FN:631,(anonymous_69)
FN:632,(anonymous_70)
FN:650,(anonymous_71)
FN:654,(anonymous_72)
FN:660,(anonymous_73)
FN:661,(anonymous_74)
FN:661,(anonymous_75)
FN:664,(anonymous_76)
FN:686,(anonymous_77)
FN:690,(anonymous_78)
FN:710,(anonymous_79)
FN:714,(anonymous_80)
FN:721,(anonymous_81)
FN:728,(anonymous_82)
FN:744,(anonymous_83)
FN:764,(anonymous_84)
FN:772,(anonymous_85)
FN:776,(anonymous_86)
FN:780,(anonymous_87)
FN:215,(anonymous_88)
FN:223,(anonymous_89)
FN:228,(anonymous_90)
FNF:89
FNH:44
FNDA:11,(anonymous_1)
FNDA:11,(anonymous_2)
FNDA:11,(anonymous_3)
FNDA:73,(anonymous_4)
FNDA:14,(anonymous_5)
FNDA:12,(anonymous_6)
FNDA:1413,(anonymous_7)
FNDA:169,(anonymous_8)
FNDA:138,(anonymous_10)
FNDA:309,(anonymous_11)
FNDA:147,(anonymous_12)
FNDA:0,(anonymous_13)
FNDA:100,(anonymous_14)
FNDA:6,(anonymous_15)
FNDA:309,(anonymous_16)
FNDA:309,(anonymous_17)
FNDA:25,(anonymous_18)
FNDA:0,(anonymous_19)
FNDA:0,(anonymous_20)
FNDA:0,(anonymous_21)
FNDA:0,(anonymous_22)
FNDA:0,(anonymous_23)
FNDA:0,(anonymous_24)
FNDA:0,(anonymous_25)
FNDA:0,(anonymous_26)
FNDA:0,(anonymous_27)
FNDA:0,(anonymous_28)
FNDA:25,(anonymous_29)
FNDA:6,(anonymous_30)
FNDA:0,(anonymous_31)
FNDA:28,(anonymous_32)
FNDA:3,(anonymous_33)
FNDA:9,(anonymous_34)
FNDA:56,(anonymous_35)
FNDA:44,(anonymous_36)
FNDA:2,(anonymous_37)
FNDA:12,(anonymous_38)
FNDA:6,(anonymous_39)
FNDA:0,(anonymous_40)
FNDA:0,(anonymous_41)
FNDA:0,(anonymous_42)
FNDA:23,(anonymous_43)
FNDA:2,(anonymous_44)
FNDA:37,(anonymous_45)
FNDA:4,(anonymous_46)
FNDA:0,(anonymous_47)
FNDA:0,(anonymous_48)
FNDA:11,(anonymous_49)
FNDA:0,(anonymous_50)
FNDA:0,(anonymous_51)
FNDA:0,(anonymous_52)
FNDA:0,(anonymous_53)
FNDA:3,(anonymous_54)
FNDA:0,(anonymous_55)
FNDA:0,(anonymous_56)
FNDA:0,(anonymous_57)
FNDA:0,(anonymous_58)
FNDA:12,(anonymous_59)
FNDA:0,(anonymous_60)
FNDA:8,(anonymous_61)
FNDA:0,(anonymous_62)
FNDA:0,(anonymous_63)
FNDA:0,(anonymous_64)
FNDA:0,(anonymous_65)
FNDA:0,(anonymous_66)
FNDA:0,(anonymous_67)
FNDA:3,(anonymous_68)
FNDA:6,(anonymous_69)
FNDA:6,(anonymous_70)
FNDA:0,(anonymous_71)
FNDA:1,(anonymous_72)
FNDA:628,(anonymous_73)
FNDA:3240,(anonymous_74)
FNDA:3240,(anonymous_75)
FNDA:0,(anonymous_76)
FNDA:0,(anonymous_77)
FNDA:0,(anonymous_78)
FNDA:0,(anonymous_79)
FNDA:0,(anonymous_80)
FNDA:1,(anonymous_81)
FNDA:1,(anonymous_82)
FNDA:4,(anonymous_83)
FNDA:0,(anonymous_84)
FNDA:0,(anonymous_85)
FNDA:0,(anonymous_86)
FNDA:0,(anonymous_87)
FNDA:0,(anonymous_88)
FNDA:0,(anonymous_89)
FNDA:0,(anonymous_90)
DA:3,138
DA:5,138
DA:7,138
DA:14,138
DA:15,138
DA:16,138
DA:17,138
DA:21,138
DA:25,138
DA:26,138
DA:27,138
DA:28,138
DA:29,138
DA:30,138
DA:32,138
DA:33,138
DA:39,138
DA:51,138
DA:56,138
DA:57,138
DA:58,138
DA:60,138
DA:62,309
DA:63,309
DA:67,147
DA:68,147
DA:70,0
DA:71,0
DA:73,0
DA:74,0
DA:76,1
DA:77,1
DA:79,0
DA:80,0
DA:82,147
DA:86,0
DA:88,0
DA:92,100
DA:93,100
DA:94,0
DA:98,100
DA:100,100
DA:101,3
DA:102,2
DA:103,2
DA:104,1
DA:107,1
DA:109,97
DA:110,4
DA:111,4
DA:112,4
DA:115,100
DA:119,6
DA:120,5
DA:121,1
DA:122,0
DA:123,1
DA:124,0
DA:126,1
DA:130,309
DA:131,309
DA:132,309
DA:133,0
DA:135,309
DA:136,4944
DA:139,309
DA:143,309
DA:144,309
DA:145,309
DA:146,309
DA:149,309
DA:150,4944
DA:151,4944
DA:153,4944
DA:154,7725
DA:155,7725
DA:158,309
DA:159,309
DA:161,309
DA:162,0
DA:163,0
DA:166,309
DA:171,25
DA:172,25
DA:173,733
DA:175,25
DA:179,0
DA:180,0
DA:181,0
DA:185,0
DA:186,0
DA:187,0
DA:191,0
DA:195,0
DA:201,0
DA:202,0
DA:203,0
DA:205,0
DA:206,0
DA:207,0
DA:208,0
DA:209,0
DA:212,0
DA:216,0
DA:217,0
DA:218,0
DA:224,0
DA:228,0
DA:229,0
DA:230,0
DA:232,0
DA:233,0
DA:234,0
DA:235,0
DA:237,0
DA:240,0
DA:241,0
DA:244,0
DA:246,0
DA:247,0
DA:248,0
DA:249,0
DA:250,0
DA:251,0
DA:257,0
DA:261,0
DA:262,0
DA:264,0
DA:265,0
DA:266,0
DA:267,0
DA:269,0
DA:270,0
DA:274,0
DA:278,0
DA:282,0
DA:286,0
DA:293,25
DA:294,25
DA:295,6
DA:304,25
DA:305,0
DA:308,25
DA:312,28
DA:313,28
DA:317,3
DA:318,3
DA:319,3
DA:320,3
DA:321,9
DA:322,9
DA:323,6
DA:325,9
DA:327,3
DA:328,3
DA:333,56
DA:334,56
DA:338,44
DA:346,2
DA:354,12
DA:364,6
DA:368,0
DA:374,0
DA:375,0
DA:376,0
DA:377,0
DA:383,23
DA:384,2
DA:392,2
DA:399,37
DA:401,37
DA:408,4
DA:410,4
DA:417,0
DA:419,0
DA:427,0
DA:428,0
DA:429,0
DA:430,0
DA:431,0
DA:432,0
DA:434,0
DA:436,0
DA:441,11
DA:448,0
DA:449,0
DA:450,0
DA:451,0
DA:453,0
DA:459,0
DA:460,0
DA:461,0
DA:462,0
DA:463,0
DA:464,0
DA:467,0
DA:468,0
DA:469,0
DA:477,3
DA:478,0
DA:480,3
DA:481,0
DA:483,3
DA:484,0
DA:486,3
DA:487,1
DA:490,2
DA:491,3
DA:492,0
DA:495,2
DA:499,0
DA:505,0
DA:506,0
DA:507,0
DA:508,0
DA:510,0
DA:511,0
DA:513,0
DA:514,0
DA:515,0
DA:517,0
DA:518,0
DA:520,0
DA:522,0
DA:526,0
DA:536,0
DA:537,0
DA:542,12
DA:543,12
DA:544,12
DA:545,0
DA:547,12
DA:548,12
DA:550,0
DA:554,0
DA:555,0
DA:556,0
DA:557,0
DA:559,0
DA:560,0
DA:562,0
DA:566,8
DA:570,0
DA:571,0
DA:572,0
DA:573,0
DA:574,0
DA:575,0
DA:576,0
DA:577,0
DA:578,0
DA:579,0
DA:580,0
DA:581,0
DA:583,0
DA:587,0
DA:589,0
DA:591,0
DA:593,0
DA:595,0
DA:600,0
DA:604,0
DA:608,0
DA:613,0
DA:614,0
DA:615,0
DA:626,3
DA:627,1
DA:631,6
DA:632,6
DA:634,2
DA:635,5
DA:636,5
DA:637,5
DA:638,1
DA:641,4
DA:642,1
DA:647,0
DA:651,0
DA:655,1
DA:656,1
DA:657,1
DA:661,3240
DA:665,0
DA:667,0
DA:668,0
DA:671,0
DA:672,0
DA:675,0
DA:676,0
DA:679,0
DA:680,0
DA:683,0
DA:687,0
DA:694,0
DA:695,0
DA:699,0
DA:700,0
DA:701,0
DA:702,0
DA:707,0
DA:711,0
DA:715,0
DA:716,0
DA:718,0
DA:722,1
DA:723,0
DA:725,1
DA:735,1
DA:736,1
DA:737,1
DA:738,1
DA:740,1
DA:741,1
DA:745,4
DA:746,4
DA:748,4
DA:749,0
DA:752,4
DA:753,4
DA:754,4
DA:756,4
DA:757,4
DA:758,4
DA:761,4
DA:765,0
DA:766,0
DA:767,0
DA:769,0
DA:773,0
DA:777,0
DA:781,0
DA:785,1413
LF:333
LH:151
BRDA:25,0,0,0
BRDA:25,0,1,138
BRDA:39,1,0,138
BRDA:39,1,1,138
BRDA:68,2,0,0
BRDA:68,2,1,0
BRDA:68,2,2,1
BRDA:68,2,3,0
BRDA:88,3,0,0
BRDA:88,3,1,0
BRDA:88,4,0,0
BRDA:88,4,1,0
BRDA:93,5,0,0
BRDA:100,6,0,3
BRDA:100,6,1,97
BRDA:101,7,0,2
BRDA:101,7,1,1
BRDA:103,8,0,1
BRDA:109,9,0,4
BRDA:111,10,0,4
BRDA:119,11,0,5
BRDA:119,11,1,1
BRDA:119,12,0,6
BRDA:119,12,1,5
BRDA:121,13,0,0
BRDA:121,13,1,1
BRDA:123,14,0,0
BRDA:130,15,0,309
BRDA:130,15,1,309
BRDA:132,16,0,0
BRDA:132,16,1,309
BRDA:132,17,0,309
BRDA:132,17,1,0
BRDA:158,18,0,309
BRDA:161,19,0,0
BRDA:201,20,0,0
BRDA:202,21,0,0
BRDA:206,22,0,0
BRDA:261,23,0,0
BRDA:266,24,0,0
BRDA:267,25,0,0
BRDA:267,25,1,0
BRDA:298,26,0,6
BRDA:298,26,1,0
BRDA:299,27,0,6
BRDA:299,27,1,4
BRDA:300,28,0,1
BRDA:300,28,1,5
BRDA:322,29,0,6
BRDA:334,30,0,42
BRDA:334,30,1,14
BRDA:376,31,0,0
BRDA:381,32,0,0
BRDA:383,33,0,2
BRDA:384,34,0,2
BRDA:384,34,1,0
BRDA:390,35,0,2
BRDA:428,36,0,0
BRDA:428,36,1,0
BRDA:429,37,0,0
BRDA:431,38,0,0
BRDA:431,38,1,0
BRDA:441,39,0,10
BRDA:441,39,1,1
BRDA:458,40,0,0
BRDA:477,41,0,0
BRDA:480,42,0,0
BRDA:480,43,0,3
BRDA:480,43,1,3
BRDA:483,44,0,0
BRDA:483,45,0,3
BRDA:483,45,1,3
BRDA:486,46,0,1
BRDA:491,47,0,0
BRDA:542,48,0,12
BRDA:542,48,1,12
BRDA:544,49,0,0
BRDA:547,50,0,12
BRDA:554,51,0,0
BRDA:554,51,1,0
BRDA:556,52,0,0
BRDA:559,53,0,0
BRDA:570,54,0,0
BRDA:570,54,1,0
BRDA:572,55,0,0
BRDA:572,55,1,0
BRDA:574,56,0,0
BRDA:574,56,1,0
BRDA:576,57,0,0
BRDA:576,57,1,0
BRDA:578,58,0,0
BRDA:578,58,1,0
BRDA:580,59,0,0
BRDA:587,60,0,0
BRDA:587,60,1,0
BRDA:587,60,2,0
BRDA:587,60,3,0
BRDA:608,61,0,0
BRDA:608,61,1,0
BRDA:614,62,0,0
BRDA:614,62,1,0
BRDA:626,63,0,1
BRDA:631,64,0,2
BRDA:631,64,1,0
BRDA:632,65,0,2
BRDA:632,65,1,0
BRDA:635,66,0,5
BRDA:635,66,1,1
BRDA:636,67,0,5
BRDA:636,67,1,1
BRDA:637,68,0,1
BRDA:641,69,0,1
BRDA:651,70,0,0
BRDA:651,70,1,0
BRDA:656,71,0,1
BRDA:656,71,1,1
BRDA:661,72,0,970
BRDA:661,72,1,2270
BRDA:664,73,0,0
BRDA:664,74,0,0
BRDA:664,75,0,0
BRDA:664,76,0,0
BRDA:667,77,0,0
BRDA:671,78,0,0
BRDA:675,79,0,0
BRDA:679,80,0,0
BRDA:694,81,0,0
BRDA:699,82,0,0
BRDA:699,83,0,0
BRDA:699,83,1,0
BRDA:699,83,2,0
BRDA:700,84,0,0
BRDA:700,84,1,0
BRDA:701,85,0,0
BRDA:714,86,0,0
BRDA:715,87,0,0
BRDA:716,88,0,0
BRDA:716,88,1,0
BRDA:716,88,2,0
BRDA:716,88,3,0
BRDA:718,89,0,0
BRDA:718,89,1,0
BRDA:718,89,2,0
BRDA:718,89,3,0
BRDA:718,89,4,0
BRDA:722,90,0,0
BRDA:735,91,0,1
BRDA:735,91,1,0
BRDA:736,92,0,1
BRDA:744,93,0,4
BRDA:744,94,0,4
BRDA:746,95,0,0
BRDA:746,95,1,4
BRDA:748,96,0,0
BRDA:752,97,0,0
BRDA:752,97,1,4
BRDA:759,98,0,4
BRDA:759,98,1,0
BRDA:765,99,0,0
BRDA:781,100,0,0
BRDA:781,100,1,0
BRDA:230,101,0,0
BRDA:230,101,1,0
BRDA:237,102,0,0
BRDA:237,102,1,0
BRDA:237,102,2,0
BRDA:237,102,3,0
BRDA:237,102,4,0
BRDA:249,103,0,0
BRF:169
BRH:62
end_of_record
TN:
SF:src/wsclient.ts
FN:34,(anonymous_1)
FN:35,(anonymous_2)
FN:36,(anonymous_3)
FN:37,(anonymous_4)
FN:38,(anonymous_5)
FN:39,(anonymous_6)
FN:40,(anonymous_7)
FN:41,(anonymous_8)
FN:42,(anonymous_9)
FN:43,(anonymous_10)
FN:44,(anonymous_11)
FN:45,(anonymous_12)
FN:46,(anonymous_13)
FN:47,(anonymous_14)
FN:48,(anonymous_15)
FN:670,(anonymous_16)
FN:671,(anonymous_17)
FN:141,(anonymous_18)
FN:158,(anonymous_19)
FN:166,(anonymous_20)
FN:172,(anonymous_21)
FN:174,(anonymous_22)
FN:177,(anonymous_23)
FN:188,(anonymous_24)
FN:194,(anonymous_25)
FN:203,(anonymous_26)
FN:212,(anonymous_27)
FN:235,(anonymous_28)
FN:268,(anonymous_29)
FN:272,(anonymous_30)
FN:279,(anonymous_31)
FN:283,(anonymous_32)
FN:290,(anonymous_33)
FN:294,(anonymous_34)
FN:301,(anonymous_35)
FN:305,(anonymous_36)
FN:312,(anonymous_37)
FN:316,(anonymous_38)
FN:323,(anonymous_39)
FN:326,(anonymous_40)
FN:339,(anonymous_41)
FN:349,(anonymous_42)
FN:362,(anonymous_43)
FN:373,(anonymous_44)
FN:388,(anonymous_45)
FN:392,(anonymous_46)
FN:405,(anonymous_47)
FN:409,(anonymous_48)
FN:413,(anonymous_49)
FN:419,(anonymous_50)
FN:425,(anonymous_51)
FN:436,(anonymous_52)
FN:440,(anonymous_53)
FN:445,(anonymous_54)
FN:461,(anonymous_55)
FN:471,(anonymous_56)
FN:484,(anonymous_57)
FN:503,(anonymous_58)
FN:523,(anonymous_59)
FN:539,(anonymous_60)
FN:555,(anonymous_61)
FN:562,(anonymous_62)
FN:565,(anonymous_63)
FN:568,(anonymous_64)
FN:568,(anonymous_65)
FN:571,(anonymous_66)
FN:574,(anonymous_67)
FN:589,(anonymous_68)
FN:594,(anonymous_69)
FN:618,(anonymous_70)
FN:655,(anonymous_71)
FN:154,(anonymous_72)
FN:125,(anonymous_73)
FN:126,(anonymous_74)
FNF:74
FNH:7
FNDA:0,(anonymous_1)
FNDA:0,(anonymous_2)
FNDA:0,(anonymous_3)
FNDA:0,(anonymous_4)
FNDA:0,(anonymous_5)
FNDA:0,(anonymous_6)
FNDA:0,(anonymous_7)
FNDA:0,(anonymous_8)
FNDA:0,(anonymous_9)
FNDA:0,(anonymous_10)
FNDA:0,(anonymous_11)
FNDA:0,(anonymous_12)
FNDA:0,(anonymous_13)
FNDA:0,(anonymous_14)
FNDA:0,(anonymous_15)
FNDA:0,(anonymous_16)
FNDA:23,(anonymous_17)
FNDA:0,(anonymous_18)
FNDA:0,(anonymous_19)
FNDA:0,(anonymous_20)
FNDA:0,(anonymous_21)
FNDA:0,(anonymous_22)
FNDA:0,(anonymous_23)
FNDA:0,(anonymous_24)
FNDA:0,(anonymous_25)
FNDA:0,(anonymous_26)
FNDA:7,(anonymous_27)
FNDA:7,(anonymous_28)
FNDA:0,(anonymous_29)
FNDA:0,(anonymous_30)
FNDA:0,(anonymous_31)
FNDA:0,(anonymous_32)
FNDA:0,(anonymous_33)
FNDA:0,(anonymous_34)
FNDA:0,(anonymous_35)
FNDA:0,(anonymous_36)
FNDA:0,(anonymous_37)
FNDA:0,(anonymous_38)
FNDA:0,(anonymous_39)
FNDA:0,(anonymous_40)
FNDA:0,(anonymous_41)
FNDA:0,(anonymous_42)
FNDA:0,(anonymous_43)
FNDA:0,(anonymous_44)
FNDA:14,(anonymous_45)
FNDA:0,(anonymous_46)
FNDA:0,(anonymous_47)
FNDA:0,(anonymous_48)
FNDA:0,(anonymous_49)
FNDA:0,(anonymous_50)
FNDA:0,(anonymous_51)
FNDA:0,(anonymous_52)
FNDA:0,(anonymous_53)
FNDA:0,(anonymous_54)
FNDA:0,(anonymous_55)
FNDA:0,(anonymous_56)
FNDA:7,(anonymous_57)
FNDA:7,(anonymous_58)
FNDA:0,(anonymous_59)
FNDA:0,(anonymous_60)
FNDA:0,(anonymous_61)
FNDA:0,(anonymous_62)
FNDA:0,(anonymous_63)
FNDA:0,(anonymous_64)
FNDA:0,(anonymous_65)
FNDA:0,(anonymous_66)
FNDA:0,(anonymous_67)
FNDA:0,(anonymous_68)
FNDA:0,(anonymous_69)
FNDA:0,(anonymous_70)
FNDA:0,(anonymous_71)
FNDA:2,(anonymous_72)
FNDA:0,(anonymous_73)
FNDA:0,(anonymous_74)
DA:6,2
DA:9,2
DA:34,2
DA:35,2
DA:36,2
DA:37,2
DA:38,2
DA:39,2
DA:40,2
DA:41,2
DA:42,2
DA:43,2
DA:44,2
DA:45,2
DA:46,2
DA:47,2
DA:48,2
DA:109,2
DA:110,2
DA:111,2
DA:112,2
DA:113,2
DA:114,2
DA:115,2
DA:116,2
DA:118,2
DA:119,2
DA:120,2
DA:121,2
DA:122,2
DA:123,2
DA:124,2
DA:125,2
DA:126,2
DA:127,2
DA:128,2
DA:129,2
DA:132,2
DA:134,2
DA:142,0
DA:146,0
DA:147,0
DA:148,0
DA:151,0
DA:155,2
DA:159,0
DA:160,0
DA:161,0
DA:162,0
DA:163,0
DA:167,0
DA:173,0
DA:174,0
DA:178,0
DA:179,0
DA:180,0
DA:181,0
DA:184,0
DA:189,0
DA:191,0
DA:195,0
DA:200,0
DA:204,0
DA:209,0
DA:213,7
DA:215,0
DA:216,0
DA:218,0
DA:219,0
DA:221,0
DA:222,0
DA:224,7
DA:225,7
DA:227,0
DA:228,0
DA:230,0
DA:231,0
DA:236,7
DA:237,7
DA:239,0
DA:240,0
DA:242,0
DA:243,0
DA:245,7
DA:246,7
DA:248,0
DA:249,0
DA:251,0
DA:252,0
DA:254,0
DA:255,0
DA:258,7
DA:259,0
DA:262,7
DA:263,7
DA:264,7
DA:269,0
DA:273,0
DA:274,0
DA:275,0
DA:280,0
DA:284,0
DA:285,0
DA:286,0
DA:291,0
DA:295,0
DA:296,0
DA:297,0
DA:302,0
DA:306,0
DA:307,0
DA:308,0
DA:313,0
DA:317,0
DA:318,0
DA:319,0
DA:324,0
DA:326,0
DA:327,0
DA:331,0
DA:333,0
DA:334,0
DA:336,0
DA:339,0
DA:340,0
DA:342,0
DA:343,0
DA:344,0
DA:347,0
DA:349,0
DA:350,0
DA:352,0
DA:353,0
DA:355,0
DA:361,0
DA:362,0
DA:363,0
DA:364,0
DA:365,0
DA:366,0
DA:367,0
DA:373,0
DA:374,0
DA:376,0
DA:377,0
DA:381,0
DA:382,0
DA:383,0
DA:384,0
DA:389,14
DA:395,0
DA:396,0
DA:399,0
DA:400,0
DA:401,0
DA:406,0
DA:410,0
DA:414,0
DA:415,0
DA:420,0
DA:421,0
DA:426,0
DA:428,0
DA:429,0
DA:432,0
DA:433,0
DA:437,0
DA:441,0
DA:442,0
DA:445,0
DA:446,0
DA:449,0
DA:450,0
DA:451,0
DA:457,0
DA:461,0
DA:462,0
DA:463,0
DA:464,0
DA:472,0
DA:473,0
DA:474,0
DA:477,0
DA:478,0
DA:481,0
DA:485,7
DA:486,7
DA:491,7
DA:492,0
DA:495,7
DA:496,7
DA:497,7
DA:500,0
DA:504,7
DA:505,0
DA:506,0
DA:509,7
DA:510,7
DA:511,7
DA:512,7
DA:513,0
DA:516,7
DA:517,7
DA:519,7
DA:524,0
DA:525,0
DA:526,0
DA:529,0
DA:536,0
DA:540,0
DA:541,0
DA:542,0
DA:545,0
DA:552,0
DA:556,0
DA:557,0
DA:561,0
DA:562,0
DA:563,0
DA:564,0
DA:565,0
DA:566,0
DA:567,0
DA:568,0
DA:569,0
DA:570,0
DA:571,0
DA:572,0
DA:573,0
DA:574,0
DA:575,0
DA:576,0
DA:581,0
DA:584,0
DA:585,0
DA:586,0
DA:589,0
DA:590,0
DA:595,0
DA:596,0
DA:599,0
DA:600,0
DA:603,0
DA:604,0
DA:607,0
DA:608,0
DA:611,0
DA:612,0
DA:615,0
DA:619,0
DA:621,0
DA:622,0
DA:625,0
DA:626,0
DA:629,0
DA:630,0
DA:633,0
DA:634,0
DA:637,0
DA:638,0
DA:641,0
DA:642,0
DA:645,0
DA:656,0
DA:657,0
DA:661,0
DA:662,0
DA:663,0
DA:664,0
DA:668,2
DA:670,0
DA:671,23
LF:272
LH:68
BRDA:142,0,0,0
BRDA:142,0,1,0
BRDA:146,1,0,0
BRDA:179,2,0,0
BRDA:213,3,0,0
BRDA:213,3,1,0
BRDA:213,3,2,0
BRDA:213,3,3,7
BRDA:213,3,4,0
BRDA:213,3,5,0
BRDA:237,4,0,0
BRDA:237,4,1,0
BRDA:237,4,2,7
BRDA:237,4,3,0
BRDA:237,4,4,0
BRDA:237,4,5,0
BRDA:258,5,0,0
BRDA:263,6,0,7
BRDA:274,7,0,0
BRDA:285,8,0,0
BRDA:296,9,0,0
BRDA:307,10,0,0
BRDA:318,11,0,0
BRDA:324,12,0,0
BRDA:361,13,0,0
BRDA:364,14,0,0
BRDA:395,15,0,0
BRDA:395,16,0,0
BRDA:395,16,1,0
BRDA:400,17,0,0
BRDA:428,18,0,0
BRDA:432,19,0,0
BRDA:432,19,1,0
BRDA:441,20,0,0
BRDA:441,21,0,0
BRDA:441,21,1,0
BRDA:446,22,0,0
BRDA:449,23,0,0
BRDA:457,24,0,0
BRDA:462,25,0,0
BRDA:472,26,0,0
BRDA:477,27,0,0
BRDA:485,28,0,7
BRDA:491,29,0,0
BRDA:504,30,0,0
BRDA:510,31,0,7
BRDA:512,32,0,0
BRDA:516,33,0,7
BRDA:523,34,0,0
BRDA:524,35,0,0
BRDA:539,36,0,0
BRDA:540,37,0,0
BRDA:556,38,0,0
BRDA:561,39,0,0
BRDA:561,39,1,0
BRDA:564,40,0,0
BRDA:564,40,1,0
BRDA:567,41,0,0
BRDA:567,41,1,0
BRDA:570,42,0,0
BRDA:570,42,1,0
BRDA:573,43,0,0
BRDA:573,43,1,0
BRDA:574,44,0,0
BRDA:574,44,1,0
BRDA:576,45,0,0
BRDA:584,46,0,0
BRDA:656,47,0,0
BRF:68
BRH:6
end_of_record
TN:
SF:src/blocks/attachmentBlock.tsx
FN:28,(anonymous_0)
FN:16,createAttachmentBlock
FNF:2
FNH:0
FNDA:0,(anonymous_0)
FNDA:0,createAttachmentBlock
DA:3,99
DA:17,0
DA:28,0
LF:3
LH:1
BRDA:21,0,0,0
BRDA:21,0,1,0
BRF:2
BRH:0
end_of_record
TN:
SF:src/blocks/block.ts
FN:120,(anonymous_1)
FN:120,(anonymous_2)
FN:120,(anonymous_3)
FN:120,(anonymous_4)
FN:54,createBlock
FN:76,createPatchesFromBlocks
FN:80,(anonymous_8)
FN:85,(anonymous_9)
FN:94,(anonymous_10)
FN:99,(anonymous_11)
FNF:10
FNH:8
FNDA:0,(anonymous_1)
FNDA:0,(anonymous_2)
FNDA:217,(anonymous_3)
FNDA:7,(anonymous_4)
FNDA:217,createBlock
FNDA:7,createPatchesFromBlocks
FNDA:10,(anonymous_8)
FNDA:91,(anonymous_9)
FNDA:9,(anonymous_10)
FNDA:91,(anonymous_11)
DA:4,156
DA:6,156
DA:8,156
DA:11,156
DA:55,217
DA:56,217
DA:77,7
DA:78,7
DA:79,7
DA:80,7
DA:81,10
DA:82,4
DA:85,7
DA:86,91
DA:87,1
DA:91,7
DA:92,7
DA:93,7
DA:94,7
DA:95,9
DA:96,3
DA:99,7
DA:100,91
DA:101,1
DA:105,7
DA:120,217
LF:26
LH:26
BRDA:57,0,0,217
BRDA:57,0,1,188
BRDA:59,1,0,217
BRDA:59,1,1,203
BRDA:60,2,0,217
BRDA:60,2,1,206
BRDA:61,3,0,217
BRDA:61,3,1,215
BRDA:62,4,0,217
BRDA:62,4,1,215
BRDA:63,5,0,217
BRDA:63,5,1,188
BRDA:64,6,0,29
BRDA:64,6,1,188
BRDA:65,7,0,217
BRDA:65,7,1,203
BRDA:66,8,0,217
BRDA:66,8,1,190
BRDA:67,9,0,217
BRDA:67,9,1,190
BRDA:68,10,0,217
BRDA:68,10,1,217
BRDA:81,11,0,4
BRDA:86,12,0,1
BRDA:86,13,0,91
BRDA:86,13,1,84
BRDA:95,14,0,3
BRDA:100,15,0,1
BRDA:100,16,0,91
BRDA:100,16,1,84
BRF:30
BRH:30
end_of_record
TN:
SF:src/blocks/board.ts
FN:326,(anonymous_1)
FN:328,(anonymous_2)
FN:329,(anonymous_3)
FN:330,(anonymous_4)
FN:331,(anonymous_5)
FN:332,(anonymous_6)
FN:333,(anonymous_7)
FN:16,(anonymous_9)
FN:102,createBoard
FN:105,(anonymous_11)
FN:118,(anonymous_12)
FN:123,(anonymous_13)
FN:157,getPropertiesDifference
FN:159,(anonymous_15)
FN:160,(anonymous_16)
FN:170,isPropertyEqual
FN:182,(anonymous_18)
FN:200,createCardPropertiesPatches
FN:204,(anonymous_20)
FN:205,(anonymous_21)
FN:211,(anonymous_22)
FN:212,(anonymous_23)
FN:233,createPatchesFromBoards
FN:237,(anonymous_25)
FN:244,(anonymous_26)
FN:255,(anonymous_27)
FN:262,(anonymous_28)
FN:288,createPatchesFromBoardsAndBlocks
FN:291,(anonymous_30)
FNF:29
FNH:27
FNDA:98,(anonymous_1)
FNDA:225,(anonymous_2)
FNDA:31,(anonymous_3)
FNDA:306,(anonymous_4)
FNDA:6,(anonymous_5)
FNDA:2,(anonymous_6)
FNDA:0,(anonymous_7)
FNDA:152,(anonymous_9)
FNDA:98,createBoard
FNDA:0,(anonymous_11)
FNDA:18,(anonymous_12)
FNDA:14,(anonymous_13)
FNDA:16,getPropertiesDifference
FNDA:49,(anonymous_15)
FNDA:114,(anonymous_16)
FNDA:48,isPropertyEqual
FNDA:36,(anonymous_18)
FNDA:8,createCardPropertiesPatches
FNDA:25,(anonymous_20)
FNDA:59,(anonymous_21)
FNDA:24,(anonymous_22)
FNDA:55,(anonymous_23)
FNDA:8,createPatchesFromBoards
FNDA:2,(anonymous_25)
FNDA:144,(anonymous_26)
FNDA:1,(anonymous_27)
FNDA:144,(anonymous_28)
FNDA:2,createPatchesFromBoardsAndBlocks
FNDA:2,(anonymous_30)
DA:4,152
DA:6,152
DA:8,152
DA:11,152
DA:12,152
DA:13,152
DA:16,152
DA:103,98
DA:104,98
DA:105,98
DA:106,98
DA:107,98
DA:113,98
DA:116,98
DA:118,5
DA:119,18
DA:123,14
DA:128,98
DA:158,16
DA:159,16
DA:160,114
DA:161,1
DA:165,16
DA:171,48
DA:172,188
DA:173,2
DA:177,46
DA:178,0
DA:181,46
DA:182,36
DA:183,36
DA:184,2
DA:187,34
DA:188,102
DA:189,0
DA:194,44
DA:201,8
DA:202,8
DA:203,8
DA:204,8
DA:205,59
DA:206,25
DA:207,3
DA:210,8
DA:211,8
DA:212,55
DA:213,24
DA:214,2
DA:218,8
DA:234,8
DA:236,8
DA:237,8
DA:238,2
DA:239,1
DA:243,8
DA:244,8
DA:245,144
DA:248,1
DA:252,8
DA:254,8
DA:255,8
DA:256,1
DA:257,0
DA:261,8
DA:262,8
DA:263,144
DA:266,1
DA:270,8
DA:272,8
DA:289,2
DA:290,2
DA:291,2
DA:292,2
DA:293,2
DA:294,2
DA:297,2
DA:299,2
DA:306,2
DA:313,2
DA:326,98
DA:328,225
DA:329,31
DA:330,306
DA:331,6
DA:332,2
DA:333,0
LF:86
LH:82
BRDA:16,0,0,152
BRDA:16,0,1,152
BRDA:106,1,0,98
BRDA:116,2,0,5
BRDA:123,3,0,18
BRDA:123,3,1,0
BRDA:129,4,0,98
BRDA:129,4,1,93
BRDA:130,5,0,98
BRDA:130,5,1,97
BRDA:131,6,0,98
BRDA:131,6,1,97
BRDA:132,7,0,98
BRDA:132,7,1,98
BRDA:133,8,0,98
BRDA:133,8,1,98
BRDA:134,9,0,98
BRDA:134,9,1,93
BRDA:135,10,0,98
BRDA:135,10,1,98
BRDA:136,11,0,98
BRDA:136,11,1,93
BRDA:137,12,0,98
BRDA:137,12,1,93
BRDA:138,13,0,98
BRDA:138,13,1,93
BRDA:139,14,0,98
BRDA:139,14,1,93
BRDA:140,15,0,98
BRDA:140,15,1,98
BRDA:141,16,0,98
BRDA:141,16,1,98
BRDA:142,17,0,98
BRDA:142,17,1,93
BRDA:144,18,0,98
BRDA:144,18,1,93
BRDA:145,19,0,98
BRDA:145,19,1,93
BRDA:146,20,0,98
BRDA:146,20,1,98
BRDA:160,21,0,1
BRDA:172,22,0,2
BRDA:172,23,0,188
BRDA:172,23,1,142
BRDA:177,24,0,0
BRDA:183,25,0,2
BRDA:188,26,0,0
BRDA:206,27,0,3
BRDA:206,28,0,25
BRDA:206,28,1,24
BRDA:213,29,0,2
BRDA:213,30,0,24
BRDA:213,30,1,24
BRDA:234,31,0,8
BRDA:234,31,1,0
BRDA:234,32,0,8
BRDA:234,32,1,0
BRDA:237,33,0,8
BRDA:237,33,1,0
BRDA:238,34,0,1
BRDA:245,35,0,1
BRDA:245,36,0,144
BRDA:245,36,1,136
BRDA:245,36,2,128
BRDA:252,37,0,8
BRDA:252,37,1,0
BRDA:252,38,0,8
BRDA:252,38,1,0
BRDA:255,39,0,8
BRDA:255,39,1,0
BRDA:256,40,0,0
BRDA:263,41,0,1
BRDA:263,42,0,144
BRDA:263,42,1,136
BRDA:263,42,2,128
BRF:75
BRH:65
end_of_record
TN:
SF:src/blocks/boardView.ts
FN:66,(anonymous_1)
FN:66,(anonymous_2)
FN:36,createBoardView
FN:44,(anonymous_4)
FN:59,sortBoardViewsAlphabetically
FN:61,(anonymous_6)
FN:63,(anonymous_7)
FN:63,(anonymous_8)
FNF:8
FNH:7
FNDA:3,(anonymous_1)
FNDA:52,(anonymous_2)
FNDA:52,createBoardView
FNDA:0,(anonymous_4)
FNDA:3,sortBoardViewsAlphabetically
FNDA:6,(anonymous_6)
FNDA:3,(anonymous_7)
FNDA:6,(anonymous_8)
DA:4,156
DA:5,156
DA:37,52
DA:44,0
DA:61,3
DA:62,6
DA:63,6
DA:66,52
LF:8
LH:7
BRDA:41,0,0,52
BRDA:41,0,1,51
BRDA:44,1,0,52
BRDA:44,1,1,51
BRDA:45,2,0,52
BRDA:45,2,1,51
BRDA:46,3,0,52
BRDA:46,3,1,51
BRDA:47,4,0,52
BRDA:47,4,1,51
BRDA:48,5,0,52
BRDA:48,5,1,51
BRDA:50,6,0,52
BRDA:50,6,1,51
BRDA:51,7,0,52
BRDA:51,7,1,51
BRDA:52,8,0,52
BRDA:52,8,1,51
BRDA:53,9,0,52
BRDA:53,9,1,51
BRDA:54,10,0,52
BRDA:54,10,1,52
BRF:22
BRH:22
end_of_record
TN:
SF:src/blocks/card.ts
FN:42,(anonymous_0)
FN:17,createCard
FN:19,(anonymous_2)
FNF:3
FNH:3
FNDA:118,(anonymous_0)
FNDA:118,createCard
FNDA:5,(anonymous_2)
DA:4,156
DA:18,118
DA:19,118
DA:21,118
DA:22,1
DA:23,5
DA:24,5
DA:26,0
DA:30,118
DA:42,118
LF:10
LH:9
BRDA:21,0,0,1
BRDA:23,1,0,5
BRDA:23,1,1,0
BRDA:34,2,0,118
BRDA:34,2,1,116
BRDA:35,3,0,118
BRDA:35,3,1,101
BRDA:37,4,0,118
BRDA:37,4,1,118
BRF:9
BRH:8
end_of_record
TN:
SF:src/blocks/checkboxBlock.ts
FN:17,(anonymous_0)
FN:10,createCheckboxBlock
FNF:2
FNH:2
FNDA:6,(anonymous_0)
FNDA:6,createCheckboxBlock
DA:4,123
DA:11,6
DA:17,6
LF:3
LH:3
BRF:0
BRH:0
end_of_record
TN:
SF:src/blocks/commentBlock.ts
FN:16,(anonymous_0)
FN:9,createCommentBlock
FNF:2
FNH:2
FNDA:8,(anonymous_0)
FNDA:8,createCommentBlock
DA:3,154
DA:10,8
DA:16,8
LF:3
LH:3
BRF:0
BRH:0
end_of_record
TN:
SF:src/blocks/contentBlock.ts
FN:14,(anonymous_0)
FNF:1
FNH:1
FNDA:1,(anonymous_0)
DA:3,1
DA:12,1
DA:14,1
LF:3
LH:3
BRF:0
BRH:0
end_of_record
TN:
SF:src/blocks/dividerBlock.ts
FN:17,(anonymous_0)
FN:10,createDividerBlock
FNF:2
FNH:2
FNDA:6,(anonymous_0)
FNDA:6,createDividerBlock
DA:3,124
DA:11,6
DA:17,6
LF:3
LH:3
BRF:0
BRH:0
end_of_record
TN:
SF:src/blocks/filterClause.ts
FN:37,(anonymous_1)
FN:37,(anonymous_2)
FN:21,createFilterClause
FN:29,areEqual
FNF:4
FNH:4
FNDA:178,(anonymous_1)
FNDA:5,(anonymous_2)
FNDA:178,createFilterClause
FNDA:5,areEqual
DA:3,156
DA:22,178
DA:30,5
DA:37,178
LF:4
LH:4
BRDA:23,0,0,178
BRDA:23,0,1,52
BRDA:24,1,0,178
BRDA:24,1,1,52
BRDA:25,2,0,178
BRDA:25,2,1,52
BRDA:31,3,0,5
BRDA:31,3,1,4
BRDA:31,3,2,3
BRF:9
BRH:9
end_of_record
TN:
SF:src/blocks/filterGroup.ts
FN:33,(anonymous_1)
FN:33,(anonymous_2)
FN:13,isAFilterGroupInstance
FN:17,createFilterGroup
FN:20,(anonymous_5)
FNF:5
FNH:5
FNDA:135,(anonymous_1)
FNDA:30,(anonymous_2)
FNDA:65,isAFilterGroupInstance
FNDA:135,createFilterGroup
FNDA:35,(anonymous_5)
DA:3,156
DA:14,65
DA:18,135
DA:19,135
DA:20,28
DA:21,35
DA:22,0
DA:24,35
DA:27,135
DA:33,135
LF:10
LH:9
BRDA:14,0,0,65
BRDA:14,0,1,2
BRDA:19,1,0,28
BRDA:21,2,0,0
BRDA:28,3,0,135
BRDA:28,3,1,107
BRF:6
BRH:5
end_of_record
TN:
SF:src/blocks/h1Block.tsx
FN:17,(anonymous_0)
FN:10,createH1Block
FNF:2
FNH:0
FNDA:0,(anonymous_0)
FNDA:0,createH1Block
DA:4,99
DA:11,0
DA:17,0
LF:3
LH:1
BRF:0
BRH:0
end_of_record
TN:
SF:src/blocks/h2Block.tsx
FN:17,(anonymous_0)
FN:10,createH2Block
FNF:2
FNH:0
FNDA:0,(anonymous_0)
FNDA:0,createH2Block
DA:4,99
DA:11,0
DA:17,0
LF:3
LH:1
BRF:0
BRH:0
end_of_record
TN:
SF:src/blocks/h3Block.tsx
FN:17,(anonymous_0)
FN:10,createH3Block
FNF:2
FNH:0
FNDA:0,(anonymous_0)
FNDA:0,createH3Block
DA:4,99
DA:11,0
DA:17,0
LF:3
LH:1
BRF:0
BRH:0
end_of_record
TN:
SF:src/blocks/imageBlock.ts
FN:25,(anonymous_0)
FN:15,createImageBlock
FNF:2
FNH:2
FNDA:3,(anonymous_0)
FNDA:3,createImageBlock
DA:3,124
DA:16,3
DA:25,3
LF:3
LH:3
BRDA:20,0,0,3
BRDA:20,0,1,3
BRF:2
BRH:2
[...]
FN:13,(anonymous_3)
FN:19,(anonymous_4)
FNF:3
FNH:0
FNDA:0,getBorderWidth
FNDA:0,(anonymous_3)
FNDA:0,(anonymous_4)
DA:10,0
DA:13,0
DA:14,0
DA:15,0
DA:16,0
DA:17,0
DA:19,0
DA:20,0
DA:21,0
DA:24,0
DA:25,0
DA:27,0
DA:28,0
DA:29,0
DA:32,0
DA:34,0
DA:38,0
LF:17
LH:0
BRDA:10,0,0,0
BRDA:10,0,1,0
BRDA:10,1,0,0
BRDA:10,1,1,0
BRDA:20,2,0,0
BRDA:20,3,0,0
BRDA:20,3,1,0
BRDA:27,4,0,0
BRDA:27,5,0,0
BRDA:27,5,1,0
BRF:10
BRH:0
end_of_record
TN:
SF:src/widgets/editableDayPicker.tsx
FN:21,(anonymous_0)
FN:28,(anonymous_1)
FN:32,(anonymous_2)
FN:41,EditableDayPicker
FN:44,(anonymous_4)
FN:50,(anonymous_5)
FN:56,(anonymous_6)
FN:67,(anonymous_7)
FN:68,(anonymous_8)
FN:69,(anonymous_9)
FN:74,(anonymous_10)
FNF:11
FNH:0
FNDA:0,(anonymous_0)
FNDA:0,(anonymous_1)
FNDA:0,(anonymous_2)
FNDA:0,EditableDayPicker
FNDA:0,(anonymous_4)
FNDA:0,(anonymous_5)
FNDA:0,(anonymous_6)
FNDA:0,(anonymous_7)
FNDA:0,(anonymous_8)
FNDA:0,(anonymous_9)
FNDA:0,(anonymous_10)
DA:19,0
DA:21,0
DA:22,0
DA:24,0
DA:28,0
DA:29,0
DA:32,0
DA:33,0
DA:34,0
DA:36,0
DA:39,0
DA:42,0
DA:43,0
DA:44,0
DA:45,0
DA:47,0
DA:48,0
DA:50,0
DA:51,0
DA:54,0
DA:56,0
DA:57,0
DA:58,0
DA:60,0
DA:67,0
DA:68,0
DA:70,0
DA:71,0
DA:75,0
DA:76,0
LF:30
LH:0
BRDA:22,0,0,0
BRDA:22,1,0,0
BRDA:22,1,1,0
BRDA:22,1,2,0
BRDA:29,2,0,0
BRDA:29,2,1,0
BRDA:33,3,0,0
BRDA:54,4,0,0
BRDA:54,4,1,0
BRDA:57,5,0,0
BRDA:75,6,0,0
BRF:11
BRH:0
end_of_record
TN:
SF:src/widgets/emojiPicker.tsx
FN:19,(anonymous_1)
FN:22,(anonymous_2)
FN:23,(anonymous_3)
FNF:3
FNH:0
FNDA:0,(anonymous_1)
FNDA:0,(anonymous_2)
FNDA:0,(anonymous_3)
DA:19,0
DA:22,0
DA:23,0
LF:3
LH:0
BRF:0
BRH:0
end_of_record
TN:
SF:src/widgets/guestBadge.tsx
FN:29,(anonymous_0)
FN:13,(anonymous_4)
FNF:2
FNH:2
FNDA:106,(anonymous_0)
FNDA:58,(anonymous_4)
DA:4,28
DA:5,28
DA:7,28
DA:13,28
DA:14,58
DA:15,52
DA:29,106
LF:7
LH:7
BRDA:14,0,0,52
BRF:1
BRH:1
end_of_record
TN:
SF:src/widgets/label.tsx
FN:32,(anonymous_0)
FN:17,Label
FNF:2
FNH:2
FNDA:327,(anonymous_0)
FNDA:273,Label
DA:3,20
DA:5,20
DA:7,20
DA:18,273
DA:19,273
DA:20,135
DA:22,273
DA:32,327
LF:8
LH:8
BRDA:19,0,0,135
BRDA:19,1,0,273
BRDA:19,1,1,170
BRDA:24,2,0,60
BRDA:24,2,1,213
BRF:5
BRH:5
end_of_record
TN:
SF:src/widgets/menuWrapper.tsx
FN:116,(anonymous_0)
FN:23,(anonymous_4)
FN:31,(anonymous_5)
FN:38,(anonymous_6)
FN:46,(anonymous_7)
FN:56,(anonymous_8)
FN:75,(anonymous_9)
FN:81,(anonymous_10)
FNF:8
FNH:7
FNDA:421,(anonymous_0)
FNDA:555,(anonymous_4)
FNDA:49,(anonymous_5)
FNDA:57,(anonymous_6)
FNDA:0,(anonymous_7)
FNDA:99,(anonymous_8)
FNDA:435,(anonymous_9)
FNDA:435,(anonymous_10)
DA:9,57
DA:11,57
DA:23,57
DA:24,555
DA:25,555
DA:27,555
DA:28,0
DA:31,555
DA:32,49
DA:33,49
DA:34,49
DA:38,555
DA:39,57
DA:40,56
DA:43,1
DA:46,555
DA:47,0
DA:48,0
DA:51,0
DA:52,0
DA:56,555
DA:57,99
DA:58,0
DA:67,99
DA:68,26
DA:69,26
DA:71,99
DA:72,99
DA:75,555
DA:76,435
DA:77,99
DA:78,99
DA:79,99
DA:81,435
DA:82,435
DA:83,99
DA:84,99
DA:85,99
DA:90,555
DA:91,555
DA:92,555
DA:93,20
DA:95,555
DA:96,99
DA:98,555
DA:99,90
DA:102,555
DA:116,421
LF:48
LH:42
BRDA:27,0,0,0
BRDA:27,1,0,555
BRDA:27,1,1,555
BRDA:32,2,0,49
BRDA:34,3,0,49
BRDA:34,3,1,4
BRDA:39,4,0,56
BRDA:39,5,0,57
BRDA:39,5,1,57
BRDA:47,6,0,0
BRDA:51,7,0,0
BRDA:57,8,0,0
BRDA:67,9,0,26
BRDA:72,10,0,99
BRDA:72,10,1,7
BRDA:76,11,0,99
BRDA:82,12,0,99
BRDA:92,13,0,20
BRDA:95,14,0,99
BRDA:98,15,0,90
BRDA:105,16,0,555
BRDA:105,16,1,539
BRDA:110,17,0,555
BRDA:110,17,1,0
BRDA:111,18,0,99
BRDA:111,18,1,456
BRDA:111,19,0,555
BRDA:111,19,1,555
BRDA:111,19,2,535
BRF:29
BRH:24
end_of_record
TN:
SF:src/widgets/propertyMenu.tsx
FN:28,(anonymous_1)
FN:91,(anonymous_2)
FN:19,typeMenuTitle
FN:28,(anonymous_5)
FN:44,(anonymous_7)
FN:52,(anonymous_8)
FN:65,(anonymous_9)
FN:69,(anonymous_10)
FN:79,(anonymous_11)
FN:85,(anonymous_12)
FNF:10
FNH:9
FNDA:0,(anonymous_1)
FNDA:6,(anonymous_2)
FNDA:6,typeMenuTitle
FNDA:3,(anonymous_5)
FNDA:2,(anonymous_7)
FNDA:6,(anonymous_8)
FNDA:1,(anonymous_9)
FNDA:2,(anonymous_10)
FNDA:2,(anonymous_11)
FNDA:1,(anonymous_12)
DA:3,1
DA:4,1
DA:6,1
DA:7,1
DA:9,1
DA:20,6
DA:28,1
DA:29,3
DA:44,2
DA:52,1
DA:53,6
DA:54,6
DA:56,6
DA:66,1
DA:67,1
DA:70,2
DA:79,2
DA:85,1
DA:91,6
LF:19
LH:19
BRF:0
BRH:0
end_of_record
TN:
SF:src/widgets/switch.tsx
FN:34,(anonymous_0)
FN:15,Switch
FN:23,(anonymous_3)
FNF:3
FNH:3
FNDA:48,(anonymous_0)
FNDA:45,Switch
FNDA:2,(anonymous_3)
DA:3,46
DA:5,46
DA:16,45
DA:17,45
DA:18,45
DA:19,45
DA:24,2
DA:25,2
DA:34,48
LF:9
LH:9
BRDA:16,0,0,5
BRDA:16,0,1,40
BRDA:17,1,0,16
BRDA:17,1,1,29
BRDA:18,2,0,0
BRDA:18,2,1,45
BRDA:24,3,0,2
BRF:7
BRH:6
end_of_record
TN:
SF:src/widgets/tooltip.tsx
FN:29,(anonymous_0)
FN:16,Tooltip
FNF:2
FNH:2
FNDA:43,(anonymous_0)
FNDA:41,Tooltip
DA:3,11
DA:5,11
DA:17,41
DA:18,41
DA:19,41
DA:29,43
LF:6
LH:6
BRDA:17,0,0,41
BRDA:17,0,1,28
BRF:2
BRH:2
end_of_record
TN:
SF:src/widgets/valueSelector.tsx
FN:216,(anonymous_0)
FN:48,(anonymous_2)
FN:64,(anonymous_3)
FN:91,(anonymous_4)
FN:99,(anonymous_6)
FN:110,(anonymous_7)
FN:116,(anonymous_8)
FN:121,(anonymous_9)
FN:126,(anonymous_10)
FN:132,(anonymous_11)
FN:136,(anonymous_12)
FN:142,(anonymous_13)
FN:148,(anonymous_14)
FN:151,(anonymous_15)
FN:159,ValueSelector
FN:163,(anonymous_17)
FN:183,(anonymous_19)
FN:184,(anonymous_20)
FN:185,(anonymous_21)
FN:188,(anonymous_22)
FN:197,(anonymous_23)
FNF:21
FNH:20
FNDA:12,(anonymous_0)
FNDA:174,(anonymous_2)
FNDA:2,(anonymous_3)
FNDA:1,(anonymous_4)
FNDA:1,(anonymous_6)
FNDA:114,(anonymous_7)
FNDA:50,(anonymous_8)
FNDA:50,(anonymous_9)
FNDA:7,(anonymous_10)
FNDA:5,(anonymous_11)
FNDA:53,(anonymous_12)
FNDA:53,(anonymous_13)
FNDA:53,(anonymous_14)
FNDA:49,(anonymous_15)
FNDA:12,ValueSelector
FNDA:0,(anonymous_17)
FNDA:821,(anonymous_19)
FNDA:1564,(anonymous_20)
FNDA:3,(anonymous_21)
FNDA:3,(anonymous_22)
FNDA:25,(anonymous_23)
DA:3,16
DA:4,16
DA:7,16
DA:12,16
DA:14,16
DA:16,16
DA:17,16
DA:18,16
DA:19,16
DA:20,16
DA:21,16
DA:22,16
DA:24,16
DA:48,16
DA:49,174
DA:50,174
DA:51,174
DA:52,60
DA:53,60
DA:54,7
DA:64,2
DA:91,1
DA:99,1
DA:108,16
DA:110,114
DA:116,50
DA:121,50
DA:126,7
DA:132,5
DA:136,53
DA:142,53
DA:148,53
DA:151,49
DA:160,12
DA:163,0
DA:183,821
DA:184,1564
DA:186,3
DA:187,3
DA:188,3
DA:190,1
DA:191,1
DA:193,0
DA:194,0
DA:198,25
DA:199,1
DA:216,16
LF:47
LH:44
BRDA:51,0,0,60
BRDA:52,1,0,60
BRDA:52,1,1,0
BRDA:53,2,0,7
BRDA:62,3,0,60
BRDA:112,4,0,45
BRDA:112,4,1,69
BRDA:113,5,0,45
BRDA:113,5,1,69
BRDA:186,6,0,3
BRDA:186,6,1,0
BRDA:186,7,0,3
BRDA:186,7,1,1
BRDA:187,8,0,2
BRDA:187,8,1,1
BRDA:193,9,0,0
BRDA:198,10,0,1
BRDA:205,11,0,12
BRDA:205,11,1,1
BRF:19
BRH:16
end_of_record
TN:
SF:src/widgets/adminBadge/adminBadge.tsx
FN:36,(anonymous_0)
FN:13,(anonymous_4)
FN:20,(anonymous_5)
FN:22,(anonymous_6)
FNF:4
FNH:4
FNDA:18,(anonymous_0)
FNDA:18,(anonymous_4)
FNDA:6,(anonymous_5)
FNDA:3,(anonymous_6)
DA:4,4
DA:5,4
DA:7,4
DA:13,4
DA:14,18
DA:16,18
DA:17,12
DA:19,6
DA:20,6
DA:21,2
DA:22,4
DA:23,2
DA:25,2
DA:27,4
DA:36,18
LF:15
LH:15
BRDA:16,0,0,12
BRDA:20,1,0,2
BRDA:20,1,1,4
BRDA:22,2,0,2
BRDA:22,2,1,2
BRF:5
BRH:5
end_of_record
TN:
SF:src/widgets/buttons/button.tsx
FN:56,(anonymous_0)
FN:27,Button
FNF:2
FNH:2
FNDA:328,(anonymous_0)
FNDA:301,Button
DA:3,48
DA:5,48
DA:6,48
DA:28,301
DA:34,301
DA:35,301
DA:36,301
DA:38,301
DA:56,328
LF:9
LH:9
BRDA:40,0,0,13
BRDA:40,0,1,288
BRDA:49,1,0,301
BRDA:49,1,1,301
BRDA:51,2,0,301
BRDA:51,2,1,0
BRF:6
BRH:5
end_of_record
TN:
SF:src/widgets/buttons/buttonWithMenu.tsx
FN:37,(anonymous_0)
FN:17,ButtonWithMenu
FNF:2
FNH:2
FNDA:3,(anonymous_0)
FNDA:3,ButtonWithMenu
DA:3,1
DA:5,1
DA:6,1
DA:8,1
DA:18,3
DA:37,3
LF:6
LH:6
BRF:0
BRH:0
end_of_record
TN:
SF:src/widgets/buttons/iconButton.tsx
FN:40,(anonymous_0)
FN:18,IconButton
FNF:2
FNH:2
FNDA:483,(anonymous_0)
FNDA:481,IconButton
DA:3,56
DA:5,56
DA:6,56
DA:19,481
DA:23,481
DA:24,481
DA:26,481
DA:40,483
LF:8
LH:8
BRF:0
BRH:0
end_of_record
TN:
SF:src/widgets/icons/HandRight.tsx
FN:8,HandRight
FNF:1
FNH:0
FNDA:0,HandRight
LF:0
LH:0
BRF:0
BRH:0
end_of_record
TN:
SF:src/widgets/icons/Link.tsx
FN:10,(anonymous_0)
FNF:1
FNH:1
FNDA:32,(anonymous_0)
DA:4,7
DA:6,7
DA:8,7
DA:10,16
LF:4
LH:4
BRF:0
BRH:0
end_of_record
TN:
SF:src/widgets/icons/add.tsx
FN:10,(anonymous_0)
FNF:1
FNH:1
FNDA:139,(anonymous_0)
DA:4,9
DA:6,9
DA:8,9
DA:10,77
LF:4
LH:4
BRF:0
BRH:0
end_of_record
TN:
SF:src/widgets/icons/alert.tsx
FN:8,AlertIcon
FNF:1
FNH:0
FNDA:0,AlertIcon
LF:0
LH:0
BRF:0
BRH:0
end_of_record
TN:
SF:src/widgets/icons/apps.tsx
FN:8,Apps
FNF:1
FNH:0
FNDA:0,Apps
LF:0
LH:0
BRF:0
BRH:0
end_of_record
TN:
SF:src/widgets/icons/board.tsx
FN:8,(anonymous_0)
FNF:1
FNH:1
FNDA:12,(anonymous_0)
DA:4,2
DA:6,2
DA:8,7
LF:3
LH:3
BRF:0
BRH:0
end_of_record
TN:
SF:src/widgets/icons/brokenFile.tsx
FN:8,(anonymous_0)
FNF:1
FNH:1
FNDA:4,(anonymous_0)
DA:4,10
DA:6,10
DA:8,2
LF:3
LH:3
BRF:0
BRH:0
end_of_record
TN:
SF:src/widgets/icons/calendar.tsx
FN:8,(anonymous_0)
FNF:1
FNH:1
FNDA:2,(anonymous_0)
DA:4,2
DA:6,2
DA:8,2
LF:3
LH:3
BRF:0
BRH:0
end_of_record
TN:
SF:src/widgets/icons/card.tsx
FN:8,(anonymous_0)
FNF:1
FNH:1
FNDA:12,(anonymous_0)
DA:4,2
DA:6,2
DA:8,6
LF:3
LH:3
BRF:0
BRH:0
end_of_record
TN:
SF:src/widgets/icons/check.tsx
FN:8,(anonymous_0)
FNF:1
FNH:1
FNDA:94,(anonymous_0)
DA:4,21
DA:6,21
DA:8,70
LF:3
LH:3
BRF:0
BRH:0
end_of_record
TN:
SF:src/widgets/icons/checkIcon.tsx
FN:9,(anonymous_0)
FNF:1
FNH:1
FNDA:5,(anonymous_0)
DA:4,1
DA:6,1
DA:9,5
LF:3
LH:3
BRF:0
BRH:0
end_of_record
TN:
SF:src/widgets/icons/chevronDown.tsx
FN:8,ChevronDown
FNF:1
FNH:0
FNDA:0,ChevronDown
LF:0
LH:0
BRF:0
BRH:0
end_of_record
TN:
SF:src/widgets/icons/chevronRight.tsx
FN:8,(anonymous_0)
FNF:1
FNH:1
FNDA:152,(anonymous_0)
DA:4,4
DA:6,4
DA:8,99
LF:3
LH:3
BRF:0
BRH:0
end_of_record
TN:
SF:src/widgets/icons/chevronUp.tsx
FN:8,(anonymous_0)
FNF:1
FNH:1
FNDA:94,(anonymous_0)
DA:4,32
DA:6,32
DA:8,47
LF:3
LH:3
BRF:0
BRH:0
end_of_record
TN:
SF:src/widgets/icons/close.tsx
FN:8,(anonymous_0)
FNF:1
FNH:1
FNDA:347,(anonymous_0)
DA:4,46
DA:6,46
DA:8,175
LF:3
LH:3
BRF:0
BRH:0
end_of_record
TN:
SF:src/widgets/icons/closeCircle.tsx
FN:10,(anonymous_0)
FNF:1
FNH:1
FNDA:30,(anonymous_0)
DA:4,1
DA:6,1
DA:8,1
DA:10,15
LF:4
LH:4
BRF:0
BRH:0
end_of_record
TN:
SF:src/widgets/icons/compassIcon.tsx
FN:11,(anonymous_0)
FNF:1
FNH:1
FNDA:2079,(anonymous_0)
DA:4,86
DA:11,1052
LF:2
LH:2
BRDA:15,0,0,99
BRDA:15,0,1,928
BRF:2
BRH:2
end_of_record
TN:
SF:src/widgets/icons/delete.tsx
FN:10,(anonymous_0)
FNF:1
FNH:1
FNDA:277,(anonymous_0)
DA:4,29
DA:6,29
DA:8,29
DA:10,228
LF:4
LH:4
BRF:0
BRH:0
end_of_record
TN:
SF:src/widgets/icons/disclosureTriangle.tsx
FN:8,DisclosureTriangle
FNF:1
FNH:0
FNDA:0,DisclosureTriangle
LF:0
LH:0
BRF:0
BRH:0
end_of_record
TN:
SF:src/widgets/icons/divider.tsx
FN:8,(anonymous_0)
FNF:1
FNH:1
FNDA:6,(anonymous_0)
DA:4,8
DA:6,8
DA:8,3
LF:3
LH:3
BRF:0
BRH:0
end_of_record
TN:
SF:src/widgets/icons/dot.tsx
FN:8,DotIcon
FNF:1
FNH:0
FNDA:0,DotIcon
LF:0
LH:0
BRF:0
BRH:0
end_of_record
TN:
SF:src/widgets/icons/dropdown.tsx
FN:10,(anonymous_0)
FNF:1
FNH:1
FNDA:6,(anonymous_0)
DA:4,1
DA:6,1
DA:8,1
DA:10,3
LF:4
LH:4
BRF:0
BRH:0
end_of_record
TN:
SF:src/widgets/icons/duplicate.tsx
FN:10,(anonymous_0)
FNF:1
FNH:1
FNDA:49,(anonymous_0)
DA:4,18
DA:6,18
DA:8,18
DA:10,26
LF:4
LH:4
BRF:0
BRH:0
end_of_record
TN:
SF:src/widgets/icons/edit.tsx
FN:8,(anonymous_0)
FNF:1
FNH:1
FNDA:35,(anonymous_0)
DA:4,18
DA:6,18
DA:8,18
LF:3
LH:3
BRF:0
BRH:0
end_of_record
TN:
SF:src/widgets/icons/emoji.tsx
FN:8,EmojiIcon
FNF:1
FNH:0
FNDA:0,EmojiIcon
LF:0
LH:0
BRF:0
BRH:0
end_of_record
TN:
SF:src/widgets/icons/focalboard_logo.tsx
FN:8,FocalboardLogoIcon
FNF:1
FNH:0
FNDA:0,FocalboardLogoIcon
LF:0
LH:0
BRF:0
BRH:0
end_of_record
TN:
SF:src/widgets/icons/folder.tsx
FN:8,(anonymous_0)
FNF:1
FNH:1
FNDA:10,(anonymous_0)
DA:4,1
DA:6,1
DA:8,10
LF:3
LH:3
BRF:0
BRH:0
end_of_record
TN:
SF:src/widgets/icons/gallery.tsx
FN:8,(anonymous_0)
FNF:1
FNH:1
FNDA:2,(anonymous_0)
DA:4,2
DA:6,2
DA:8,2
LF:3
LH:3
BRF:0
BRH:0
end_of_record
TN:
SF:src/widgets/icons/globe.tsx
FN:8,(anonymous_0)
FNF:1
FNH:1
FNDA:18,(anonymous_0)
DA:4,4
DA:6,4
DA:8,9
LF:3
LH:3
BRF:0
BRH:0
end_of_record
TN:
SF:src/widgets/icons/grip.tsx
FN:8,(anonymous_0)
FNF:1
FNH:1
FNDA:90,(anonymous_0)
DA:4,3
DA:6,3
DA:8,45
LF:3
LH:3
BRF:0
BRH:0
end_of_record
TN:
SF:src/widgets/icons/hamburger.tsx
FN:8,HamburgerIcon
FNF:1
FNH:0
FNDA:0,HamburgerIcon
LF:0
LH:0
BRF:0
BRH:0
end_of_record
TN:
SF:src/widgets/icons/help.tsx
FN:9,(anonymous_0)
FNF:1
FNH:1
FNDA:2,(anonymous_0)
DA:3,1
DA:5,1
DA:7,1
DA:9,1
LF:4
LH:4
BRF:0
BRH:0
end_of_record
TN:
SF:src/widgets/icons/hide.tsx
FN:8,(anonymous_0)
FNF:1
FNH:1
FNDA:34,(anonymous_0)
DA:4,4
DA:6,4
DA:8,26
LF:3
LH:3
BRF:0
BRH:0
end_of_record
TN:
SF:src/widgets/icons/hideSidebar.tsx
FN:8,HideSidebarIcon
FNF:1
FNH:0
FNDA:0,HideSidebarIcon
LF:0
LH:0
BRF:0
BRH:0
end_of_record
TN:
SF:src/widgets/icons/image.tsx
FN:8,(anonymous_0)
FNF:1
FNH:1
FNDA:6,(anonymous_0)
DA:4,8
DA:6,8
DA:8,3
LF:3
LH:3
BRF:0
BRH:0
end_of_record
TN:
SF:src/widgets/icons/lockOutline.tsx
FN:8,(anonymous_0)
FNF:1
FNH:1
FNDA:70,(anonymous_0)
DA:4,4
DA:6,4
DA:8,35
LF:3
LH:3
BRF:0
BRH:0
end_of_record
TN:
SF:src/widgets/icons/logo.tsx
FN:9,LogoIcon
FNF:1
FNH:0
FNDA:0,LogoIcon
LF:0
LH:0
BRF:0
BRH:0
end_of_record
TN:
SF:src/widgets/icons/logoWithName.tsx
FN:8,LogoWithNameIcon
FNF:1
FNH:0
FNDA:0,LogoWithNameIcon
LF:0
LH:0
BRF:0
BRH:0
end_of_record
TN:
SF:src/widgets/icons/logoWithNameWhite.tsx
FN:8,LogoWithNameWhiteIcon
FNF:1
FNH:0
FNDA:0,LogoWithNameWhiteIcon
LF:0
LH:0
BRF:0
BRH:0
end_of_record
TN:
SF:src/widgets/icons/message.tsx
FN:8,(anonymous_0)
FNF:1
FNH:1
FNDA:4,(anonymous_0)
DA:4,4
DA:6,4
DA:8,2
LF:3
LH:3
BRF:0
BRH:0
end_of_record
TN:
SF:src/widgets/icons/newFolder.tsx
FN:8,(anonymous_0)
FNF:1
FNH:1
FNDA:7,(anonymous_0)
DA:4,1
DA:6,1
DA:8,5
LF:3
LH:3
BRF:0
BRH:0
end_of_record
TN:
SF:src/widgets/icons/options.tsx
FN:10,(anonymous_0)
FNF:1
FNH:1
FNDA:460,(anonymous_0)
DA:4,48
DA:6,48
DA:8,48
DA:10,230
LF:4
LH:4
BRF:0
BRH:0
end_of_record
TN:
SF:src/widgets/icons/random.tsx
FN:8,RandomIcon
FNF:1
FNH:0
FNDA:0,RandomIcon
LF:0
LH:0
BRF:0
BRH:0
end_of_record
TN:
SF:src/widgets/icons/search.tsx
FN:8,(anonymous_0)
FNF:1
FNH:1
FNDA:112,(anonymous_0)
DA:4,4
DA:6,4
DA:8,64
LF:3
LH:3
BRF:0
BRH:0
end_of_record
TN:
SF:src/widgets/icons/settings.tsx
FN:10,(anonymous_0)
FNF:1
FNH:1
FNDA:12,(anonymous_0)
DA:4,2
DA:6,2
DA:8,2
DA:10,6
LF:4
LH:4
BRF:0
BRH:0
end_of_record
TN:
SF:src/widgets/icons/show.tsx
FN:8,(anonymous_0)
FNF:1
FNH:1
FNDA:13,(anonymous_0)
DA:4,2
DA:6,2
DA:8,7
LF:3
LH:3
BRF:0
BRH:0
end_of_record
TN:
SF:src/widgets/icons/showSidebar.tsx
FN:8,ShowSidebarIcon
FNF:1
FNH:0
FNDA:0,ShowSidebarIcon
LF:0
LH:0
BRF:0
BRH:0
end_of_record
TN:
SF:src/widgets/icons/sortDown.tsx
FN:8,(anonymous_0)
FNF:1
FNH:1
FNDA:53,(anonymous_0)
DA:4,5
DA:6,5
DA:8,33
LF:3
LH:3
BRF:0
BRH:0
end_of_record
TN:
SF:src/widgets/icons/sortUp.tsx
FN:8,(anonymous_0)
FNF:1
FNH:1
FNDA:45,(anonymous_0)
DA:4,5
DA:6,5
DA:8,29
LF:3
LH:3
BRF:0
BRH:0
end_of_record
TN:
SF:src/widgets/icons/submenuTriangle.tsx
FN:8,SubmenuTriangleIcon
FNF:1
FNH:0
FNDA:0,SubmenuTriangleIcon
LF:0
LH:0
BRF:0
BRH:0
end_of_record
TN:
SF:src/widgets/icons/table.tsx
FN:8,(anonymous_0)
FNF:1
FNH:1
FNDA:14,(anonymous_0)
DA:4,2
DA:6,2
DA:8,8
LF:3
LH:3
BRF:0
BRH:0
end_of_record
TN:
SF:src/widgets/icons/text.tsx
FN:8,(anonymous_0)
FNF:1
FNH:1
FNDA:10,(anonymous_0)
DA:4,10
DA:6,10
DA:8,5
LF:3
LH:3
BRF:0
BRH:0
end_of_record
TN:
SF:src/widgets/icons/update.tsx
FN:8,Update
FNF:1
FNH:0
FNDA:0,Update
LF:0
LH:0
BRF:0
BRH:0
end_of_record
TN:
SF:src/widgets/menu/colorOption.tsx
FN:35,(anonymous_0)
FN:14,ColorOption
FN:22,(anonymous_3)
FNF:3
FNH:3
FNDA:45,(anonymous_0)
FNDA:60,ColorOption
FNDA:2,(anonymous_3)
DA:3,45
DA:4,45
DA:8,45
DA:15,60
DA:16,60
DA:23,2
DA:24,2
DA:25,2
DA:35,45
LF:9
LH:9
BRDA:28,0,0,60
BRDA:28,0,1,60
BRF:2
BRH:2
end_of_record
TN:
SF:src/widgets/menu/index.tsx
FN:6,(anonymous_0)
FNF:1
FNH:1
FNDA:3091,(anonymous_0)
DA:4,45
DA:6,3091
LF:2
LH:2
BRF:0
BRH:0
end_of_record
TN:
SF:src/widgets/menu/labelOption.tsx
FN:22,(anonymous_0)
FN:12,LabelOption
FNF:2
FNH:2
FNDA:45,(anonymous_0)
FNDA:3,LabelOption
DA:3,45
DA:5,45
DA:22,45
LF:3
LH:3
BRDA:15,0,0,3
BRDA:15,0,1,3
BRF:2
BRH:2
end_of_record
TN:
SF:src/widgets/menu/menu.tsx
FN:23,(anonymous_0)
FN:45,(anonymous_5)
FN:62,(anonymous_6)
FN:64,(anonymous_7)
FN:34,(anonymous_8)
FN:87,(anonymous_9)
FNF:6
FNH:6
FNDA:45,(anonymous_0)
FNDA:170,(anonymous_5)
FNDA:679,(anonymous_6)
FNDA:59,(anonymous_7)
FNDA:114,(anonymous_8)
FNDA:2,(anonymous_9)
DA:3,45
DA:5,45
DA:6,45
DA:7,45
DA:8,45
DA:9,45
DA:10,45
DA:12,45
DA:13,45
DA:14,45
DA:23,45
DA:35,114
DA:37,114
DA:40,114
DA:46,170
DA:48,170
DA:49,170
DA:50,4
DA:51,4
DA:63,679
DA:64,59
DA:87,114
LF:22
LH:22
BRDA:49,0,0,4
BRDA:50,1,0,4
BRDA:50,1,1,0
BRDA:56,2,0,170
BRDA:56,2,1,88
BRDA:56,3,0,2
BRDA:56,3,1,168
BRF:7
BRH:6
end_of_record
TN:
SF:src/widgets/menu/menuUtil.ts
FN:41,(anonymous_0)
FN:16,openUp
FNF:2
FNH:2
FNDA:6,(anonymous_0)
FNDA:6,openUp
DA:3,45
DA:17,6
DA:21,6
DA:22,0
DA:25,6
DA:26,6
DA:27,6
DA:28,6
DA:29,6
DA:30,6
DA:31,6
DA:32,6
DA:33,0
DA:35,6
DA:38,6
DA:41,45
LF:16
LH:14
BRDA:16,0,0,2
BRDA:16,1,0,6
BRDA:21,2,0,0
BRDA:26,3,0,0
BRDA:26,3,1,6
BRDA:29,4,0,6
BRDA:29,4,1,6
BRDA:32,5,0,0
BRDA:32,5,1,6
BRDA:32,6,0,6
BRDA:32,6,1,4
BRF:11
BRH:8
end_of_record
TN:
SF:src/widgets/menu/separatorOption.tsx
FN:11,(anonymous_0)
FNF:1
FNH:1
FNDA:45,(anonymous_0)
DA:3,45
DA:5,45
DA:11,45
LF:3
LH:3
BRF:0
BRH:0
end_of_record
TN:
SF:src/widgets/menu/subMenuOption.tsx
FN:19,(anonymous_1)
FN:101,(anonymous_2)
FN:30,SubMenuOption
FN:36,(anonymous_8)
FN:46,(anonymous_9)
FN:64,(anonymous_10)
FN:67,(anonymous_11)
FN:90,(anonymous_12)
FNF:8
FNH:7
FNDA:679,(anonymous_1)
FNDA:45,(anonymous_2)
FNDA:48,SubMenuOption
FNDA:40,(anonymous_8)
FNDA:43,(anonymous_9)
FNDA:3,(anonymous_10)
FNDA:3,(anonymous_11)
FNDA:0,(anonymous_12)
DA:9,45
DA:11,45
DA:13,45
DA:15,45
DA:17,45
DA:19,679
DA:31,48
DA:32,48
DA:34,48
DA:36,48
DA:37,40
DA:38,40
DA:42,48
DA:44,48
DA:46,48
DA:47,43
DA:48,43
DA:49,2
DA:50,2
DA:51,0
DA:53,2
DA:57,43
DA:65,3
DA:66,3
DA:67,3
DA:90,0
DA:101,45
LF:27
LH:25
BRDA:34,0,0,12
BRDA:34,0,1,36
BRDA:34,1,0,48
BRDA:34,1,1,48
BRDA:37,2,0,40
BRDA:48,3,0,2
BRDA:48,4,0,43
BRDA:48,4,1,2
BRDA:50,5,0,0
BRDA:50,5,1,2
BRDA:63,6,0,8
BRDA:63,6,1,40
BRDA:63,7,0,2
BRDA:63,7,1,46
BRDA:71,8,0,9
BRDA:71,8,1,39
BRDA:74,9,0,48
BRDA:76,10,0,8
BRDA:76,10,1,3
BRF:19
BRH:18
end_of_record
TN:
SF:src/widgets/menu/switchOption.tsx
FN:41,(anonymous_0)
FN:15,SwitchOption
FN:23,(anonymous_3)
FN:35,(anonymous_4)
FNF:4
FNH:3
FNDA:52,(anonymous_0)
FNDA:40,SwitchOption
FNDA:6,(anonymous_3)
FNDA:0,(anonymous_4)
DA:3,46
DA:5,46
DA:16,40
DA:24,6
DA:25,0
DA:27,6
DA:28,6
DA:41,52
LF:8
LH:7
BRDA:24,0,0,0
BRDA:31,1,0,0
BRDA:31,1,1,40
BRF:3
BRH:1
end_of_record
TN:
SF:src/widgets/menu/textInputOption.tsx
FN:47,(anonymous_0)
FN:11,TextInputOption
FN:15,(anonymous_5)
FN:25,(anonymous_6)
FN:26,(anonymous_7)
FN:32,(anonymous_8)
FN:33,(anonymous_9)
FNF:7
FNH:5
FNDA:45,(anonymous_0)
FNDA:8,TextInputOption
FNDA:6,(anonymous_5)
FNDA:0,(anonymous_6)
FNDA:2,(anonymous_7)
FNDA:1,(anonymous_8)
FNDA:0,(anonymous_9)
DA:3,45
DA:12,8
DA:13,8
DA:15,8
DA:16,6
DA:17,6
DA:25,0
DA:27,2
DA:28,2
DA:32,1
DA:34,0
DA:35,0
DA:36,0
DA:37,0
DA:38,0
DA:47,45
LF:16
LH:10
BRDA:34,0,0,0
BRDA:34,1,0,0
BRDA:34,1,1,0
BRDA:37,2,0,0
BRF:4
BRH:0
end_of_record
TN:
SF:src/widgets/menu/textOption.tsx
FN:50,(anonymous_0)
FN:16,TextOption
FN:34,(anonymous_3)
FNF:3
FNH:3
FNDA:45,(anonymous_0)
FNDA:545,TextOption
FNDA:67,(anonymous_3)
DA:3,45
DA:17,545
DA:18,545
DA:19,545
DA:20,134
DA:22,545
DA:23,1
DA:25,545
DA:26,1
DA:35,67
DA:36,67
DA:37,67
DA:50,45
LF:13
LH:13
BRDA:19,0,0,134
BRDA:22,1,0,1
BRDA:25,2,0,1
BRDA:40,3,0,10
BRDA:40,3,1,535
BRDA:40,4,0,153
BRDA:40,4,1,392
BRDA:43,5,0,545
BRDA:43,5,1,1
BRDA:45,6,0,545
BRF:10
BRH:10
end_of_record
TN:
SF:src/widgets/notificationBox/notificationBox.tsx
FN:67,(anonymous_0)
FN:22,renderClose
FN:46,NotificationBox
FNF:3
FNH:3
FNDA:5,(anonymous_0)
FNDA:5,renderClose
FNDA:5,NotificationBox
DA:3,1
DA:5,1
DA:7,1
DA:8,1
DA:9,1
DA:11,1
DA:23,5
DA:24,2
DA:27,3
DA:47,5
DA:52,5
DA:67,5
LF:12
LH:12
BRDA:23,0,0,2
BRDA:27,1,0,2
BRDA:49,2,0,5
BRDA:49,2,1,5
BRDA:54,3,0,5
BRDA:54,3,1,2
BRF:6
BRH:6
end_of_record
