mode: set
github.com/mattermost/mattermost-server/mdparse/blocks.go:21.58,21.74 1 1
github.com/mattermost/mattermost-server/mdparse/blocks.go:22.58,22.60 0 1
github.com/mattermost/mattermost-server/mdparse/blocks.go:23.58,23.73 1 1
github.com/mattermost/mattermost-server/mdparse/blocks.go:35.34,36.31 1 1
github.com/mattermost/mattermost-server/mdparse/blocks.go:36.31,38.3 1 1
github.com/mattermost/mattermost-server/mdparse/blocks.go:41.59,46.29 3 1
github.com/mattermost/mattermost-server/mdparse/blocks.go:113.2,115.17 2 1
github.com/mattermost/mattermost-server/mdparse/blocks.go:46.29,53.36 5 1
github.com/mattermost/mattermost-server/mdparse/blocks.go:66.3,66.53 1 1
github.com/mattermost/mattermost-server/mdparse/blocks.go:86.3,87.82 2 1
github.com/mattermost/mattermost-server/mdparse/blocks.go:92.3,95.57 3 1
github.com/mattermost/mattermost-server/mdparse/blocks.go:99.3,99.63 1 1
github.com/mattermost/mattermost-server/mdparse/blocks.go:53.36,54.79 1 1
github.com/mattermost/mattermost-server/mdparse/blocks.go:54.79,61.5 6 1
github.com/mattermost/mattermost-server/mdparse/blocks.go:61.5,62.10 1 1
github.com/mattermost/mattermost-server/mdparse/blocks.go:66.53,67.137 1 1
github.com/mattermost/mattermost-server/mdparse/blocks.go:67.137,69.42 2 1
github.com/mattermost/mattermost-server/mdparse/blocks.go:80.5,80.15 1 1
github.com/mattermost/mattermost-server/mdparse/blocks.go:69.42,70.61 1 1
github.com/mattermost/mattermost-server/mdparse/blocks.go:70.61,71.71 1 1
github.com/mattermost/mattermost-server/mdparse/blocks.go:71.71,76.13 5 1
github.com/mattermost/mattermost-server/mdparse/blocks.go:80.15,81.14 1 1
github.com/mattermost/mattermost-server/mdparse/blocks.go:87.82,89.12 2 1
github.com/mattermost/mattermost-server/mdparse/blocks.go:95.57,96.12 1 1
github.com/mattermost/mattermost-server/mdparse/blocks.go:99.63,100.41 1 1
github.com/mattermost/mattermost-server/mdparse/blocks.go:100.41,101.60 1 1
github.com/mattermost/mattermost-server/mdparse/blocks.go:101.60,102.79 1 1
github.com/mattermost/mattermost-server/mdparse/blocks.go:102.79,106.12 4 1
github.com/mattermost/mattermost-server/mdparse/blocks.go:118.108,119.25 1 1
github.com/mattermost/mattermost-server/mdparse/blocks.go:123.2,123.102 1 1
github.com/mattermost/mattermost-server/mdparse/blocks.go:131.2,131.12 1 1
github.com/mattermost/mattermost-server/mdparse/blocks.go:119.25,121.3 1 1
github.com/mattermost/mattermost-server/mdparse/blocks.go:123.102,125.3 1 1
github.com/mattermost/mattermost-server/mdparse/blocks.go:125.3,125.103 1 1
github.com/mattermost/mattermost-server/mdparse/blocks.go:125.103,127.3 1 1
github.com/mattermost/mattermost-server/mdparse/blocks.go:127.3,127.111 1 1
github.com/mattermost/mattermost-server/mdparse/blocks.go:127.111,129.3 1 1
github.com/mattermost/mattermost-server/mdparse/blocks.go:134.119,135.97 1 1
github.com/mattermost/mattermost-server/mdparse/blocks.go:138.2,138.62 1 1
github.com/mattermost/mattermost-server/mdparse/blocks.go:141.2,141.12 1 1
github.com/mattermost/mattermost-server/mdparse/blocks.go:135.97,137.3 1 1
github.com/mattermost/mattermost-server/mdparse/blocks.go:138.62,140.3 1 1
github.com/mattermost/mattermost-server/mdparse/html.go:9.41,12.2 2 1
github.com/mattermost/mattermost-server/mdparse/html.go:14.68,16.2 1 1
github.com/mattermost/mattermost-server/mdparse/html.go:18.86,19.27 1 1
github.com/mattermost/mattermost-server/mdparse/html.go:73.2,73.8 1 1
github.com/mattermost/mattermost-server/mdparse/html.go:20.17,21.36 1 1
github.com/mattermost/mattermost-server/mdparse/html.go:24.18,25.19 1 1
github.com/mattermost/mattermost-server/mdparse/html.go:28.3,28.57 1 1
github.com/mattermost/mattermost-server/mdparse/html.go:31.3,31.19 1 1
github.com/mattermost/mattermost-server/mdparse/html.go:34.13,35.18 1 1
github.com/mattermost/mattermost-server/mdparse/html.go:44.3,44.36 1 1
github.com/mattermost/mattermost-server/mdparse/html.go:47.3,47.18 1 1
github.com/mattermost/mattermost-server/mdparse/html.go:52.17,54.36 2 1
github.com/mattermost/mattermost-server/mdparse/html.go:57.3,57.20 1 1
github.com/mattermost/mattermost-server/mdparse/html.go:58.19,60.36 2 1
github.com/mattermost/mattermost-server/mdparse/html.go:63.3,63.28 1 1
github.com/mattermost/mattermost-server/mdparse/html.go:64.21,66.31 2 1
github.com/mattermost/mattermost-server/mdparse/html.go:69.3,69.28 1 1
github.com/mattermost/mattermost-server/mdparse/html.go:70.10,71.52 1 0
github.com/mattermost/mattermost-server/mdparse/html.go:21.36,23.4 1 1
github.com/mattermost/mattermost-server/mdparse/html.go:25.19,27.4 1 1
github.com/mattermost/mattermost-server/mdparse/html.go:28.57,30.4 1 1
github.com/mattermost/mattermost-server/mdparse/html.go:31.19,33.4 1 1
github.com/mattermost/mattermost-server/mdparse/html.go:35.18,36.27 1 1
github.com/mattermost/mattermost-server/mdparse/html.go:36.27,38.5 1 1
github.com/mattermost/mattermost-server/mdparse/html.go:38.5,40.5 1 1
github.com/mattermost/mattermost-server/mdparse/html.go:41.4,43.4 1 1
github.com/mattermost/mattermost-server/mdparse/html.go:44.36,46.4 1 1
github.com/mattermost/mattermost-server/mdparse/html.go:47.18,49.4 1 1
github.com/mattermost/mattermost-server/mdparse/html.go:49.4,51.4 1 1
github.com/mattermost/mattermost-server/mdparse/html.go:54.36,56.4 1 1
github.com/mattermost/mattermost-server/mdparse/html.go:60.36,62.4 1 1
github.com/mattermost/mattermost-server/mdparse/html.go:66.31,68.4 1 1
github.com/mattermost/mattermost-server/mdparse/html.go:76.62,77.28 1 1
github.com/mattermost/mattermost-server/mdparse/html.go:78.18,79.35 1 1
github.com/mattermost/mattermost-server/mdparse/html.go:80.22,81.18 1 1
github.com/mattermost/mattermost-server/mdparse/html.go:82.10,83.52 1 0
github.com/mattermost/mattermost-server/mdparse/indented_code.go:19.77,20.22 1 1
github.com/mattermost/mattermost-server/mdparse/indented_code.go:26.2,27.32 2 1
github.com/mattermost/mattermost-server/mdparse/indented_code.go:32.2,32.12 1 1
github.com/mattermost/mattermost-server/mdparse/indented_code.go:20.22,25.3 1 1
github.com/mattermost/mattermost-server/mdparse/indented_code.go:27.32,31.3 1 1
github.com/mattermost/mattermost-server/mdparse/indented_code.go:35.63,41.2 2 1
github.com/mattermost/mattermost-server/mdparse/indented_code.go:43.32,44.6 1 1
github.com/mattermost/mattermost-server/mdparse/indented_code.go:44.6,47.41 3 1
github.com/mattermost/mattermost-server/mdparse/indented_code.go:47.41,49.4 1 1
github.com/mattermost/mattermost-server/mdparse/indented_code.go:49.4,50.9 1 1
github.com/mattermost/mattermost-server/mdparse/indented_code.go:55.49,57.2 1 1
github.com/mattermost/mattermost-server/mdparse/indented_code.go:59.115,60.30 1 1
github.com/mattermost/mattermost-server/mdparse/indented_code.go:70.2,70.21 1 1
github.com/mattermost/mattermost-server/mdparse/indented_code.go:74.2,75.32 2 1
github.com/mattermost/mattermost-server/mdparse/indented_code.go:79.2,87.3 1 1
github.com/mattermost/mattermost-server/mdparse/indented_code.go:60.30,61.72 1 1
github.com/mattermost/mattermost-server/mdparse/indented_code.go:61.72,63.4 1 1
github.com/mattermost/mattermost-server/mdparse/indented_code.go:64.3,64.35 1 1
github.com/mattermost/mattermost-server/mdparse/indented_code.go:64.35,65.68 1 1
github.com/mattermost/mattermost-server/mdparse/indented_code.go:65.68,67.4 1 1
github.com/mattermost/mattermost-server/mdparse/indented_code.go:70.21,72.3 1 1
github.com/mattermost/mattermost-server/mdparse/indented_code.go:75.32,77.3 1 1
github.com/mattermost/mattermost-server/mdparse/markdown.go:3.69,4.38 1 1
github.com/mattermost/mattermost-server/mdparse/markdown.go:15.2,15.8 1 1
github.com/mattermost/mattermost-server/mdparse/markdown.go:4.38,5.25 1 1
github.com/mattermost/mattermost-server/mdparse/markdown.go:5.25,8.4 2 1
github.com/mattermost/mattermost-server/mdparse/markdown.go:8.4,8.33 1 1
github.com/mattermost/mattermost-server/mdparse/markdown.go:8.33,11.4 2 1
github.com/mattermost/mattermost-server/mdparse/markdown.go:11.4,12.9 1 1
github.com/mattermost/mattermost-server/mdparse/paragraph.go:15.74,17.32 2 1
github.com/mattermost/mattermost-server/mdparse/paragraph.go:20.2,23.3 1 1
github.com/mattermost/mattermost-server/mdparse/paragraph.go:17.32,19.3 1 1
github.com/mattermost/mattermost-server/mdparse/paragraph.go:26.60,29.2 2 0
github.com/mattermost/mattermost-server/mdparse/paragraph.go:31.29,32.35 1 1
github.com/mattermost/mattermost-server/mdparse/paragraph.go:41.2,41.40 1 1
github.com/mattermost/mattermost-server/mdparse/paragraph.go:32.35,36.20 4 1
github.com/mattermost/mattermost-server/mdparse/paragraph.go:36.20,37.9 1 1
github.com/mattermost/mattermost-server/mdparse/paragraph.go:41.40,45.20 4 1
github.com/mattermost/mattermost-server/mdparse/paragraph.go:45.20,46.9 1 1
github.com/mattermost/mattermost-server/mdparse/paragraph.go:51.56,53.32 2 1
github.com/mattermost/mattermost-server/mdparse/paragraph.go:56.2,59.3 1 1
github.com/mattermost/mattermost-server/mdparse/paragraph.go:53.32,55.3 1 1
github.com/mattermost/mattermost-server/mdparse/block_quote.go:10.75,11.21 1 1
github.com/mattermost/mattermost-server/mdparse/block_quote.go:14.2,15.28 2 1
github.com/mattermost/mattermost-server/mdparse/block_quote.go:18.2,20.21 3 1
github.com/mattermost/mattermost-server/mdparse/block_quote.go:23.2,26.3 1 1
github.com/mattermost/mattermost-server/mdparse/block_quote.go:11.21,13.3 1 1
github.com/mattermost/mattermost-server/mdparse/block_quote.go:15.28,17.3 1 1
github.com/mattermost/mattermost-server/mdparse/block_quote.go:20.21,22.3 1 1
github.com/mattermost/mattermost-server/mdparse/block_quote.go:29.59,32.2 2 1
github.com/mattermost/mattermost-server/mdparse/block_quote.go:34.108,35.16 1 1
github.com/mattermost/mattermost-server/mdparse/block_quote.go:38.2,39.28 2 1
github.com/mattermost/mattermost-server/mdparse/block_quote.go:43.2,47.31 3 1
github.com/mattermost/mattermost-server/mdparse/block_quote.go:51.2,54.124 3 1
github.com/mattermost/mattermost-server/mdparse/block_quote.go:58.2,58.12 1 1
github.com/mattermost/mattermost-server/mdparse/block_quote.go:35.16,37.3 1 1
github.com/mattermost/mattermost-server/mdparse/block_quote.go:39.28,41.3 1 1
github.com/mattermost/mattermost-server/mdparse/block_quote.go:47.31,49.3 1 1
github.com/mattermost/mattermost-server/mdparse/block_quote.go:54.124,57.3 2 1
github.com/mattermost/mattermost-server/mdparse/document.go:9.73,14.2 1 1
github.com/mattermost/mattermost-server/mdparse/document.go:16.57,19.2 2 1
github.com/mattermost/mattermost-server/mdparse/inlines.go:16.71,17.27 1 1
github.com/mattermost/mattermost-server/mdparse/inlines.go:27.2,27.16 1 1
github.com/mattermost/mattermost-server/mdparse/inlines.go:17.27,21.112 4 1
github.com/mattermost/mattermost-server/mdparse/inlines.go:21.112,23.4 1 1
github.com/mattermost/mattermost-server/mdparse/inlines.go:23.4,25.4 1 1
github.com/mattermost/mattermost-server/mdparse/lines.go:7.49,10.36 3 1
github.com/mattermost/mattermost-server/mdparse/lines.go:20.2,20.39 1 1
github.com/mattermost/mattermost-server/mdparse/lines.go:23.2,23.8 1 1
github.com/mattermost/mattermost-server/mdparse/lines.go:10.36,11.16 1 1
github.com/mattermost/mattermost-server/mdparse/lines.go:18.3,18.36 1 1
github.com/mattermost/mattermost-server/mdparse/lines.go:11.16,14.4 2 1
github.com/mattermost/mattermost-server/mdparse/lines.go:14.4,14.35 1 1
github.com/mattermost/mattermost-server/mdparse/lines.go:14.35,17.4 2 1
github.com/mattermost/mattermost-server/mdparse/lines.go:20.39,22.3 1 1
github.com/mattermost/mattermost-server/mdparse/list.go:16.73,18.32 2 1
github.com/mattermost/mattermost-server/mdparse/list.go:26.2,26.33 1 1
github.com/mattermost/mattermost-server/mdparse/list.go:29.2,32.3 1 1
github.com/mattermost/mattermost-server/mdparse/list.go:18.32,19.24 1 1
github.com/mattermost/mattermost-server/mdparse/list.go:22.3,24.4 1 1
github.com/mattermost/mattermost-server/mdparse/list.go:19.24,21.4 1 1
github.com/mattermost/mattermost-server/mdparse/list.go:26.33,28.3 1 1
github.com/mattermost/mattermost-server/mdparse/list.go:35.57,38.2 2 1
github.com/mattermost/mattermost-server/mdparse/list.go:40.59,41.41 1 1
github.com/mattermost/mattermost-server/mdparse/list.go:47.2,47.14 1 1
github.com/mattermost/mattermost-server/mdparse/list.go:41.41,43.33 2 1
github.com/mattermost/mattermost-server/mdparse/list.go:43.33,45.4 1 1
github.com/mattermost/mattermost-server/mdparse/list.go:50.35,52.2 1 0
github.com/mattermost/mattermost-server/mdparse/list.go:65.69,67.32 2 1
github.com/mattermost/mattermost-server/mdparse/list.go:72.2,75.3 1 1
github.com/mattermost/mattermost-server/mdparse/list.go:67.32,71.3 1 1
github.com/mattermost/mattermost-server/mdparse/list.go:78.53,79.47 1 1
github.com/mattermost/mattermost-server/mdparse/list.go:87.2,87.12 1 1
github.com/mattermost/mattermost-server/mdparse/list.go:79.47,82.3 2 1
github.com/mattermost/mattermost-server/mdparse/list.go:82.3,82.50 1 1
github.com/mattermost/mattermost-server/mdparse/list.go:82.50,83.112 1 1
github.com/mattermost/mattermost-server/mdparse/list.go:83.112,85.4 1 1
github.com/mattermost/mattermost-server/mdparse/list.go:90.24,91.35 1 1
github.com/mattermost/mattermost-server/mdparse/list.go:91.35,92.132 1 1
github.com/mattermost/mattermost-server/mdparse/list.go:92.132,94.9 2 1
github.com/mattermost/mattermost-server/mdparse/list.go:99.150,102.82 3 1
github.com/mattermost/mattermost-server/mdparse/list.go:106.2,106.16 1 1
github.com/mattermost/mattermost-server/mdparse/list.go:116.2,116.25 1 1
github.com/mattermost/mattermost-server/mdparse/list.go:119.2,120.47 2 1
github.com/mattermost/mattermost-server/mdparse/list.go:123.2,123.62 1 1
github.com/mattermost/mattermost-server/mdparse/list.go:102.82,105.3 2 1
github.com/mattermost/mattermost-server/mdparse/list.go:106.16,107.47 1 1
github.com/mattermost/mattermost-server/mdparse/list.go:110.3,111.33 2 1
github.com/mattermost/mattermost-server/mdparse/list.go:114.3,114.80 1 1
github.com/mattermost/mattermost-server/mdparse/list.go:107.47,109.4 1 1
github.com/mattermost/mattermost-server/mdparse/list.go:111.33,113.4 1 0
github.com/mattermost/mattermost-server/mdparse/list.go:116.25,118.3 1 0
github.com/mattermost/mattermost-server/mdparse/list.go:120.47,122.3 1 1
github.com/mattermost/mattermost-server/mdparse/list.go:126.102,127.16 1 1
github.com/mattermost/mattermost-server/mdparse/list.go:130.2,131.14 2 1
github.com/mattermost/mattermost-server/mdparse/list.go:135.2,136.68 2 1
github.com/mattermost/mattermost-server/mdparse/list.go:142.2,143.39 2 1
github.com/mattermost/mattermost-server/mdparse/list.go:147.2,149.74 3 1
github.com/mattermost/mattermost-server/mdparse/list.go:153.2,165.138 4 1
github.com/mattermost/mattermost-server/mdparse/list.go:169.2,169.12 1 1
github.com/mattermost/mattermost-server/mdparse/list.go:127.16,129.3 1 1
github.com/mattermost/mattermost-server/mdparse/list.go:131.14,133.3 1 1
github.com/mattermost/mattermost-server/mdparse/list.go:136.68,137.68 1 1
github.com/mattermost/mattermost-server/mdparse/list.go:137.68,139.4 1 1
github.com/mattermost/mattermost-server/mdparse/list.go:143.39,145.3 1 1
github.com/mattermost/mattermost-server/mdparse/list.go:149.74,151.3 1 1
github.com/mattermost/mattermost-server/mdparse/list.go:165.138,168.3 2 1
