<?xml version="1.0" encoding="UTF-8"?>
<testsuites tests="923" failures="6" errors="0" time="362.588445">
	<testsuite tests="0" failures="0" time="0.000000" name="github.com/mattermost/mattermost/server/v8/cmd/mmctl" timestamp="2025-11-08T13:37:54+08:00">
		<properties>
			<property name="go.version" value="go1.24.6 darwin/arm64"></property>
		</properties>
	</testsuite>
	<testsuite tests="0" failures="0" time="0.000000" name="github.com/mattermost/mattermost/server/v8/cmd/mmctl/client" timestamp="2025-11-08T13:37:54+08:00">
		<properties>
			<property name="go.version" value="go1.24.6 darwin/arm64"></property>
		</properties>
	</testsuite>
	<testsuite tests="910" failures="6" time="347.764000" name="github.com/mattermost/mattermost/server/v8/cmd/mmctl/commands" timestamp="2025-11-08T13:37:54+08:00">
		<properties>
			<property name="go.version" value="go1.24.6 darwin/arm64"></property>
		</properties>
		<testcase classname="github.com/mattermost/mattermost/server/v8/cmd/mmctl/commands" name="TestMmctlE2ESuite/TestConfigPatchCmd/MM-T4051_-_System_admin_and_local_patch/SystemAdminClient" time="0.630000">
			<failure message="Failed" type="">=== RUN   TestMmctlE2ESuite/TestConfigPatchCmd/MM-T4051_-_System_admin_and_local_patch/SystemAdminClient&#xA;{&#34;timestamp&#34;:&#34;2025-11-08 13:38:48.467 +08:00&#34;,&#34;level&#34;:&#34;debug&#34;,&#34;msg&#34;:&#34;Received HTTP request&#34;,&#34;caller&#34;:&#34;web/handlers.go:175&#34;,&#34;method&#34;:&#34;GET&#34;,&#34;url&#34;:&#34;/api/v4/config&#34;,&#34;request_id&#34;:&#34;xz938ozj1bbadxtq9it8xx74jo&#34;,&#34;user_id&#34;:&#34;3pathro8c3ng7pz7x4axa5kqiw&#34;,&#34;status_code&#34;:&#34;200&#34;}&#xA;{&#34;timestamp&#34;:&#34;2025-11-08 13:38:48.637 +08:00&#34;,&#34;level&#34;:&#34;warn&#34;,&#34;msg&#34;:&#34;Unrecognized config permissions tag value.&#34;,&#34;caller&#34;:&#34;api4/config.go:439&#34;,&#34;path&#34;:&#34;/api/v4/config/patch&#34;,&#34;request_id&#34;:&#34;jq9krc3hp3r13qw9hwtgt9yjwr&#34;,&#34;ip_addr&#34;:&#34;127.0.0.1&#34;,&#34;user_id&#34;:&#34;3pathro8c3ng7pz7x4axa5kqiw&#34;,&#34;method&#34;:&#34;PUT&#34;,&#34;tag_value&#34;:&#34;sysconsole_write_*_read&#34;}&#xA;{&#34;timestamp&#34;:&#34;2025-11-08 13:38:48.670 +08:00&#34;,&#34;level&#34;:&#34;warn&#34;,&#34;msg&#34;:&#34;Unrecognized config permissions tag value.&#34;,&#34;caller&#34;:&#34;api4/config.go:439&#34;,&#34;path&#34;:&#34;/api/v4/config/patch&#34;,&#34;request_id&#34;:&#34;jq9krc3hp3r13qw9hwtgt9yjwr&#34;,&#34;ip_addr&#34;:&#34;127.0.0.1&#34;,&#34;user_id&#34;:&#34;3pathro8c3ng7pz7x4axa5kqiw&#34;,&#34;method&#34;:&#34;PUT&#34;,&#34;tag_value&#34;:&#34;sysconsole_write_*_read&#34;}&#xA;{&#34;timestamp&#34;:&#34;2025-11-08 13:38:48.695 +08:00&#34;,&#34;level&#34;:&#34;debug&#34;,&#34;msg&#34;:&#34;Fetching user count for first user account check&#34;,&#34;caller&#34;:&#34;platform/config.go:374&#34;}&#xA;{&#34;timestamp&#34;:&#34;2025-11-08 13:38:48.889 +08:00&#34;,&#34;level&#34;:&#34;debug&#34;,&#34;msg&#34;:&#34;Received HTTP request&#34;,&#34;caller&#34;:&#34;web/handlers.go:175&#34;,&#34;method&#34;:&#34;PUT&#34;,&#34;url&#34;:&#34;/api/v4/config/patch&#34;,&#34;request_id&#34;:&#34;jq9krc3hp3r13qw9hwtgt9yjwr&#34;,&#34;user_id&#34;:&#34;3pathro8c3ng7pz7x4axa5kqiw&#34;,&#34;status_code&#34;:&#34;200&#34;}&#xA;    config_e2e_test.go:67: &#xA;        &#x9;Error Trace:&#x9;/Users/saturninoabril/projects/src/github/mattermost/mattermost/server/cmd/mmctl/commands/config_e2e_test.go:67&#xA;        &#x9;            &#x9;&#x9;&#x9;&#x9;/Users/saturninoabril/projects/src/github/mattermost/mattermost/server/cmd/mmctl/commands/mmctl_test.go:104&#xA;        &#x9;            &#x9;&#x9;&#x9;&#x9;/Users/saturninoabril/go/pkg/mod/github.com/stretchr/testify@v1.11.1/suite/suite.go:115&#xA;        &#x9;Error:      &#x9;&#34;[0x1400a9baa08]&#34; should have 2 item(s), but has 1&#xA;        &#x9;Test:       &#x9;TestMmctlE2ESuite/TestConfigPatchCmd/MM-T4051_-_System_admin_and_local_patch/SystemAdminClient&#xA;--- FAIL: TestMmctlE2ESuite/TestConfigPatchCmd/MM-T4051_-_System_admin_and_local_patch/SystemAdminClient (0.63s)&#xA;</failure>
		</testcase>
		<testcase classname="github.com/mattermost/mattermost/server/v8/cmd/mmctl/commands" name="TestMmctlE2ESuite/TestConfigPatchCmd/MM-T4051_-_System_admin_and_local_patch/LocalClient" time="0.010000">
			<failure message="Failed" type="">=== RUN   TestMmctlE2ESuite/TestConfigPatchCmd/MM-T4051_-_System_admin_and_local_patch/LocalClient&#xA;{&#34;timestamp&#34;:&#34;2025-11-08 13:38:48.891 +08:00&#34;,&#34;level&#34;:&#34;debug&#34;,&#34;msg&#34;:&#34;Received HTTP request&#34;,&#34;caller&#34;:&#34;web/handlers.go:175&#34;,&#34;method&#34;:&#34;GET&#34;,&#34;url&#34;:&#34;/api/v4/config&#34;,&#34;request_id&#34;:&#34;688fzedneigfznmnpeqjrh9qfc&#34;,&#34;status_code&#34;:&#34;200&#34;}&#xA;{&#34;timestamp&#34;:&#34;2025-11-08 13:38:48.895 +08:00&#34;,&#34;level&#34;:&#34;debug&#34;,&#34;msg&#34;:&#34;Received HTTP request&#34;,&#34;caller&#34;:&#34;web/handlers.go:175&#34;,&#34;method&#34;:&#34;PUT&#34;,&#34;url&#34;:&#34;/api/v4/config/patch&#34;,&#34;request_id&#34;:&#34;uy3b3o5uo3f19kwwfhwtmwhb9w&#34;,&#34;status_code&#34;:&#34;200&#34;}&#xA;    config_e2e_test.go:67: &#xA;        &#x9;Error Trace:&#x9;/Users/saturninoabril/projects/src/github/mattermost/mattermost/server/cmd/mmctl/commands/config_e2e_test.go:67&#xA;        &#x9;            &#x9;&#x9;&#x9;&#x9;/Users/saturninoabril/projects/src/github/mattermost/mattermost/server/cmd/mmctl/commands/mmctl_test.go:108&#xA;        &#x9;            &#x9;&#x9;&#x9;&#x9;/Users/saturninoabril/go/pkg/mod/github.com/stretchr/testify@v1.11.1/suite/suite.go:115&#xA;        &#x9;Error:      &#x9;&#34;[0x14011aaea08]&#34; should have 2 item(s), but has 1&#xA;        &#x9;Test:       &#x9;TestMmctlE2ESuite/TestConfigPatchCmd/MM-T4051_-_System_admin_and_local_patch/LocalClient&#xA;--- FAIL: TestMmctlE2ESuite/TestConfigPatchCmd/MM-T4051_-_System_admin_and_local_patch/LocalClient (0.01s)&#xA;</failure>
		</testcase>
		<testcase classname="github.com/mattermost/mattermost/server/v8/cmd/mmctl/commands" name="TestMmctlE2ESuite/TestConfigPatchCmd/MM-T4052_-_System_admin_and_local_patch_with_invalid_file/SystemAdminClient" time="0.200000">
			<failure message="Failed" type="">=== RUN   TestMmctlE2ESuite/TestConfigPatchCmd/MM-T4052_-_System_admin_and_local_patch_with_invalid_file/SystemAdminClient&#xA;{&#34;timestamp&#34;:&#34;2025-11-08 13:38:49.095 +08:00&#34;,&#34;level&#34;:&#34;debug&#34;,&#34;msg&#34;:&#34;Received HTTP request&#34;,&#34;caller&#34;:&#34;web/handlers.go:175&#34;,&#34;method&#34;:&#34;GET&#34;,&#34;url&#34;:&#34;/api/v4/config&#34;,&#34;request_id&#34;:&#34;x1hiyj64h7bgzczghbenmoce3y&#34;,&#34;user_id&#34;:&#34;3pathro8c3ng7pz7x4axa5kqiw&#34;,&#34;status_code&#34;:&#34;200&#34;}&#xA;    config_e2e_test.go:77: &#xA;        &#x9;Error Trace:&#x9;/Users/saturninoabril/projects/src/github/mattermost/mattermost/server/cmd/mmctl/commands/config_e2e_test.go:77&#xA;        &#x9;            &#x9;&#x9;&#x9;&#x9;/Users/saturninoabril/projects/src/github/mattermost/mattermost/server/cmd/mmctl/commands/mmctl_test.go:104&#xA;        &#x9;            &#x9;&#x9;&#x9;&#x9;/Users/saturninoabril/go/pkg/mod/github.com/stretchr/testify@v1.11.1/suite/suite.go:115&#xA;        &#x9;Error:      &#x9;&#34;[]&#34; should have 1 item(s), but has 0&#xA;        &#x9;Test:       &#x9;TestMmctlE2ESuite/TestConfigPatchCmd/MM-T4052_-_System_admin_and_local_patch_with_invalid_file/SystemAdminClient&#xA;--- FAIL: TestMmctlE2ESuite/TestConfigPatchCmd/MM-T4052_-_System_admin_and_local_patch_with_invalid_file/SystemAdminClient (0.20s)&#xA;</failure>
		</testcase>
		<testcase classname="github.com/mattermost/mattermost/server/v8/cmd/mmctl/commands" name="TestMmctlE2ESuite/TestConfigPatchCmd/MM-T4052_-_System_admin_and_local_patch_with_invalid_file/LocalClient" time="0.000000">
			<failure message="Failed" type="">=== RUN   TestMmctlE2ESuite/TestConfigPatchCmd/MM-T4052_-_System_admin_and_local_patch_with_invalid_file/LocalClient&#xA;{&#34;timestamp&#34;:&#34;2025-11-08 13:38:49.097 +08:00&#34;,&#34;level&#34;:&#34;debug&#34;,&#34;msg&#34;:&#34;Received HTTP request&#34;,&#34;caller&#34;:&#34;web/handlers.go:175&#34;,&#34;method&#34;:&#34;GET&#34;,&#34;url&#34;:&#34;/api/v4/config&#34;,&#34;request_id&#34;:&#34;fd8qntdk4tyexn1kzabqmqjhew&#34;,&#34;status_code&#34;:&#34;200&#34;}&#xA;    config_e2e_test.go:77: &#xA;        &#x9;Error Trace:&#x9;/Users/saturninoabril/projects/src/github/mattermost/mattermost/server/cmd/mmctl/commands/config_e2e_test.go:77&#xA;        &#x9;            &#x9;&#x9;&#x9;&#x9;/Users/saturninoabril/projects/src/github/mattermost/mattermost/server/cmd/mmctl/commands/mmctl_test.go:108&#xA;        &#x9;            &#x9;&#x9;&#x9;&#x9;/Users/saturninoabril/go/pkg/mod/github.com/stretchr/testify@v1.11.1/suite/suite.go:115&#xA;        &#x9;Error:      &#x9;&#34;[]&#34; should have 1 item(s), but has 0&#xA;        &#x9;Test:       &#x9;TestMmctlE2ESuite/TestConfigPatchCmd/MM-T4052_-_System_admin_and_local_patch_with_invalid_file/LocalClient&#xA;--- FAIL: TestMmctlE2ESuite/TestConfigPatchCmd/MM-T4052_-_System_admin_and_local_patch_with_invalid_file/LocalClient (0.00s)&#xA;</failure>
		</testcase>
		<testcase classname="github.com/mattermost/mattermost/server/v8/cmd/mmctl/commands" name="TestMmctlE2ESuite/TestConfigPatchCmd" time="1.820000">
			<failure message="Failed" type="">=== RUN   TestMmctlE2ESuite/TestConfigPatchCmd&#xA;{&#34;timestamp&#34;:&#34;2025-11-08 13:38:47.327 +08:00&#34;,&#34;level&#34;:&#34;info&#34;,&#34;msg&#34;:&#34;Server is initializing...&#34;,&#34;caller&#34;:&#34;platform/service.go:178&#34;,&#34;go_version&#34;:&#34;go1.24.6&#34;}&#xA;{&#34;timestamp&#34;:&#34;2025-11-08 13:38:47.327 +08:00&#34;,&#34;level&#34;:&#34;info&#34;,&#34;msg&#34;:&#34;Current version is 11.1.0 (///)&#34;,&#34;caller&#34;:&#34;platform/service.go:181&#34;,&#34;current_version&#34;:&#34;11.1.0&#34;,&#34;build_number&#34;:&#34;&#34;,&#34;build_date&#34;:&#34;&#34;,&#34;build_hash&#34;:&#34;&#34;,&#34;build_hash_enterprise&#34;:&#34;&#34;,&#34;service_environment&#34;:&#34;dev&#34;}&#xA;{&#34;timestamp&#34;:&#34;2025-11-08 13:38:47.327 +08:00&#34;,&#34;level&#34;:&#34;info&#34;,&#34;msg&#34;:&#34;Enterprise Build&#34;,&#34;caller&#34;:&#34;platform/service.go:196&#34;,&#34;enterprise_build&#34;:true,&#34;is_trial&#34;:false}&#xA;{&#34;timestamp&#34;:&#34;2025-11-08 13:38:47.328 +08:00&#34;,&#34;level&#34;:&#34;info&#34;,&#34;msg&#34;:&#34;Successfully connected to cache backend&#34;,&#34;caller&#34;:&#34;platform/service.go:229&#34;,&#34;backend&#34;:&#34;redis&#34;,&#34;result&#34;:&#34;PONG&#34;}&#xA;{&#34;timestamp&#34;:&#34;2025-11-08 13:38:47.346 +08:00&#34;,&#34;level&#34;:&#34;info&#34;,&#34;msg&#34;:&#34;License key has not been uploaded. Loading license key from disk.&#34;,&#34;caller&#34;:&#34;utils/license.go:111&#34;,&#34;filename&#34;:&#34;/var/folders/1n/pqlsv6q17rj1dzy3vhp46n1r0000gn/T/apptest32610766/license.json&#34;}&#xA;{&#34;timestamp&#34;:&#34;2025-11-08 13:38:47.346 +08:00&#34;,&#34;level&#34;:&#34;warn&#34;,&#34;msg&#34;:&#34;Failed to get license from disk&#34;,&#34;caller&#34;:&#34;platform/license.go:93&#34;,&#34;error&#34;:&#34;We could not find the license key on disk at /var/folders/1n/pqlsv6q17rj1dzy3vhp46n1r0000gn/T/apptest32610766/license.json: stat /var/folders/1n/pqlsv6q17rj1dzy3vhp46n1r0000gn/T/apptest32610766/license.json: no such file or directory&#34;}&#xA;{&#34;timestamp&#34;:&#34;2025-11-08 13:38:47.346 +08:00&#34;,&#34;level&#34;:&#34;info&#34;,&#34;msg&#34;:&#34;Mattermost Entry is enabled. Unlocking enterprise features.&#34;,&#34;caller&#34;:&#34;platform/license.go:106&#34;}&#xA;{&#34;timestamp&#34;:&#34;2025-11-08 13:38:47.346 +08:00&#34;,&#34;level&#34;:&#34;info&#34;,&#34;msg&#34;:&#34;Set license&#34;,&#34;caller&#34;:&#34;platform/license.go:420&#34;,&#34;id&#34;:&#34;&#34;,&#34;issued_at&#34;:&#34;1970-01-01 08:00:00.000 +08:00&#34;,&#34;starts_at&#34;:&#34;2025-11-08 13:38:47.346 +08:00&#34;,&#34;expires_at&#34;:&#34;2026-02-16 13:38:47.346 +08:00&#34;,&#34;sku_name&#34;:&#34;Mattermost Entry&#34;,&#34;sku_short_name&#34;:&#34;entry&#34;,&#34;is_trial&#34;:false,&#34;is_gov_sku&#34;:false,&#34;customer_id&#34;:&#34;&#34;,&#34;features.users&#34;:100000,&#34;features&#34;:{&#34;advanced_logging&#34;:true,&#34;cloud&#34;:false,&#34;cluster&#34;:false,&#34;compliance&#34;:false,&#34;custom_permissions_schemes&#34;:false,&#34;data_retention&#34;:false,&#34;elastic_search&#34;:false,&#34;email_notification_contents&#34;:true,&#34;enterprise_plugins&#34;:true,&#34;future&#34;:true,&#34;google&#34;:true,&#34;guest_accounts&#34;:true,&#34;guest_accounts_permissions&#34;:true,&#34;id_loaded&#34;:true,&#34;ldap&#34;:true,&#34;ldap_groups&#34;:true,&#34;lock_teammate_name_display&#34;:true,&#34;message_export&#34;:false,&#34;metrics&#34;:true,&#34;mfa&#34;:true,&#34;mhpns&#34;:true,&#34;office365&#34;:true,&#34;openid&#34;:true,&#34;outgoing_oauth_connections&#34;:true,&#34;remote_cluster_service&#34;:true,&#34;saml&#34;:true,&#34;shared_channels&#34;:true}}&#xA;{&#34;timestamp&#34;:&#34;2025-11-08 13:38:47.347 +08:00&#34;,&#34;level&#34;:&#34;info&#34;,&#34;msg&#34;:&#34;Starting websocket hubs&#34;,&#34;caller&#34;:&#34;platform/web_hub.go:123&#34;,&#34;number_of_hubs&#34;:12}&#xA;{&#34;timestamp&#34;:&#34;2025-11-08 13:38:47.347 +08:00&#34;,&#34;level&#34;:&#34;debug&#34;,&#34;msg&#34;:&#34;Hub is starting&#34;,&#34;caller&#34;:&#34;platform/web_hub.go:521&#34;,&#34;index&#34;:0}&#xA;{&#34;timestamp&#34;:&#34;2025-11-08 13:38:47.347 +08:00&#34;,&#34;level&#34;:&#34;debug&#34;,&#34;msg&#34;:&#34;Hub is starting&#34;,&#34;caller&#34;:&#34;platform/web_hub.go:521&#34;,&#34;index&#34;:1}&#xA;{&#34;timestamp&#34;:&#34;2025-11-08 13:38:47.347 +08:00&#34;,&#34;level&#34;:&#34;debug&#34;,&#34;msg&#34;:&#34;Hub is starting&#34;,&#34;caller&#34;:&#34;platform/web_hub.go:521&#34;,&#34;index&#34;:4}&#xA;{&#34;timestamp&#34;:&#34;2025-11-08 13:38:47.347 +08:00&#34;,&#34;level&#34;:&#34;debug&#34;,&#34;msg&#34;:&#34;Hub is starting&#34;,&#34;caller&#34;:&#34;platform/web_hub.go:521&#34;,&#34;index&#34;:2}&#xA;{&#34;timestamp&#34;:&#34;2025-11-08 13:38:47.347 +08:00&#34;,&#34;level&#34;:&#34;debug&#34;,&#34;msg&#34;:&#34;Hub is starting&#34;,&#34;caller&#34;:&#34;platform/web_hub.go:521&#34;,&#34;index&#34;:3}&#xA;{&#34;timestamp&#34;:&#34;2025-11-08 13:38:47.347 +08:00&#34;,&#34;level&#34;:&#34;debug&#34;,&#34;msg&#34;:&#34;Hub is starting&#34;,&#34;caller&#34;:&#34;platform/web_hub.go:521&#34;,&#34;index&#34;:7}&#xA;{&#34;timestamp&#34;:&#34;2025-11-08 13:38:47.347 +08:00&#34;,&#34;level&#34;:&#34;debug&#34;,&#34;msg&#34;:&#34;Hub is starting&#34;,&#34;caller&#34;:&#34;platform/web_hub.go:521&#34;,&#34;index&#34;:9}&#xA;{&#34;timestamp&#34;:&#34;2025-11-08 13:38:47.347 +08:00&#34;,&#34;level&#34;:&#34;debug&#34;,&#34;msg&#34;:&#34;Hub is starting&#34;,&#34;caller&#34;:&#34;platform/web_hub.go:521&#34;,&#34;index&#34;:5}&#xA;{&#34;timestamp&#34;:&#34;2025-11-08 13:38:47.347 +08:00&#34;,&#34;level&#34;:&#34;debug&#34;,&#34;msg&#34;:&#34;Hub is starting&#34;,&#34;caller&#34;:&#34;platform/web_hub.go:521&#34;,&#34;index&#34;:8}&#xA;{&#34;timestamp&#34;:&#34;2025-11-08 13:38:47.347 +08:00&#34;,&#34;level&#34;:&#34;debug&#34;,&#34;msg&#34;:&#34;Hub is starting&#34;,&#34;caller&#34;:&#34;platform/web_hub.go:521&#34;,&#34;index&#34;:6}&#xA;{&#34;timestamp&#34;:&#34;2025-11-08 13:38:47.347 +08:00&#34;,&#34;level&#34;:&#34;debug&#34;,&#34;msg&#34;:&#34;Hub is starting&#34;,&#34;caller&#34;:&#34;platform/web_hub.go:521&#34;,&#34;index&#34;:10}&#xA;{&#34;timestamp&#34;:&#34;2025-11-08 13:38:47.347 +08:00&#34;,&#34;level&#34;:&#34;debug&#34;,&#34;msg&#34;:&#34;Hub is starting&#34;,&#34;caller&#34;:&#34;platform/web_hub.go:521&#34;,&#34;index&#34;:11}&#xA;{&#34;timestamp&#34;:&#34;2025-11-08 13:38:47.347 +08:00&#34;,&#34;level&#34;:&#34;info&#34;,&#34;msg&#34;:&#34;Loaded system translations&#34;,&#34;caller&#34;:&#34;i18n/i18n.go:241&#34;,&#34;for locale&#34;:&#34;en&#34;,&#34;from locale&#34;:&#34;/Users/saturninoabril/projects/src/github/mattermost/mattermost/server/i18n/en.json&#34;}&#xA;{&#34;timestamp&#34;:&#34;2025-11-08 13:38:47.350 +08:00&#34;,&#34;level&#34;:&#34;info&#34;,&#34;msg&#34;:&#34;Ensuring the telemetry ID..&#34;,&#34;caller&#34;:&#34;telemetry/telemetry.go:55&#34;}&#xA;{&#34;timestamp&#34;:&#34;2025-11-08 13:38:47.351 +08:00&#34;,&#34;level&#34;:&#34;info&#34;,&#34;msg&#34;:&#34;server ID is set&#34;,&#34;caller&#34;:&#34;telemetry/telemetry.go:65&#34;,&#34;id&#34;:&#34;hwm749xi6bdbfemif5zbkwtjyo&#34;}&#xA;{&#34;timestamp&#34;:&#34;2025-11-08 13:38:47.355 +08:00&#34;,&#34;level&#34;:&#34;error&#34;,&#34;msg&#34;:&#34;SiteURL must be set. Some features will operate incorrectly if the SiteURL is not set. See documentation for details: https://mattermost.com/pl/configure-site-url&#34;,&#34;caller&#34;:&#34;app/server.go:389&#34;}&#xA;{&#34;timestamp&#34;:&#34;2025-11-08 13:38:47.355 +08:00&#34;,&#34;level&#34;:&#34;info&#34;,&#34;msg&#34;:&#34;Printing current working&#34;,&#34;caller&#34;:&#34;app/server.go:398&#34;,&#34;directory&#34;:&#34;/private/var/folders/1n/pqlsv6q17rj1dzy3vhp46n1r0000gn/T/testlib4089324536&#34;}&#xA;{&#34;timestamp&#34;:&#34;2025-11-08 13:38:47.355 +08:00&#34;,&#34;level&#34;:&#34;info&#34;,&#34;msg&#34;:&#34;Loaded config&#34;,&#34;caller&#34;:&#34;app/server.go:399&#34;,&#34;source&#34;:&#34;memory://&#34;}&#xA;{&#34;timestamp&#34;:&#34;2025-11-08 13:38:47.355 +08:00&#34;,&#34;level&#34;:&#34;debug&#34;,&#34;msg&#34;:&#34;Advanced logging config not provided for audit&#34;,&#34;caller&#34;:&#34;app/audit.go:134&#34;}&#xA;{&#34;timestamp&#34;:&#34;2025-11-08 13:38:47.823 +08:00&#34;,&#34;level&#34;:&#34;info&#34;,&#34;msg&#34;:&#34;Cleared license&#34;,&#34;caller&#34;:&#34;platform/license.go:420&#34;,&#34;id&#34;:&#34;&#34;,&#34;issued_at&#34;:&#34;1970-01-01 08:00:00.000 +08:00&#34;,&#34;starts_at&#34;:&#34;2025-11-08 13:38:47.346 +08:00&#34;,&#34;expires_at&#34;:&#34;2026-02-16 13:38:47.346 +08:00&#34;,&#34;sku_name&#34;:&#34;Mattermost Entry&#34;,&#34;sku_short_name&#34;:&#34;entry&#34;,&#34;is_trial&#34;:false,&#34;is_gov_sku&#34;:false,&#34;customer_id&#34;:&#34;&#34;,&#34;features.users&#34;:100000,&#34;features&#34;:{&#34;advanced_logging&#34;:true,&#34;cloud&#34;:false,&#34;cluster&#34;:false,&#34;compliance&#34;:false,&#34;custom_permissions_schemes&#34;:false,&#34;data_retention&#34;:false,&#34;elastic_search&#34;:false,&#34;email_notification_contents&#34;:true,&#34;enterprise_plugins&#34;:true,&#34;future&#34;:true,&#34;google&#34;:true,&#34;guest_accounts&#34;:true,&#34;guest_accounts_permissions&#34;:true,&#34;id_loaded&#34;:true,&#34;ldap&#34;:true,&#34;ldap_groups&#34;:true,&#34;lock_teammate_name_display&#34;:true,&#34;message_export&#34;:false,&#34;metrics&#34;:true,&#34;mfa&#34;:true,&#34;mhpns&#34;:true,&#34;office365&#34;:true,&#34;openid&#34;:true,&#34;outgoing_oauth_connections&#34;:true,&#34;remote_cluster_service&#34;:true,&#34;saml&#34;:true,&#34;shared_channels&#34;:true}}&#xA;{&#34;timestamp&#34;:&#34;2025-11-08 13:38:47.825 +08:00&#34;,&#34;level&#34;:&#34;debug&#34;,&#34;msg&#34;:&#34;Fetching user count for first user account check&#34;,&#34;caller&#34;:&#34;platform/config.go:374&#34;}&#xA;{&#34;timestamp&#34;:&#34;2025-11-08 13:38:47.827 +08:00&#34;,&#34;level&#34;:&#34;info&#34;,&#34;msg&#34;:&#34;Starting up plugins&#34;,&#34;caller&#34;:&#34;app/plugin.go:191&#34;}&#xA;{&#34;timestamp&#34;:&#34;2025-11-08 13:38:47.828 +08:00&#34;,&#34;level&#34;:&#34;debug&#34;,&#34;msg&#34;:&#34;Enabling plugin health check job&#34;,&#34;caller&#34;:&#34;plugin/environment.go:661&#34;,&#34;interval_s&#34;:&#34;30s&#34;}&#xA;{&#34;timestamp&#34;:&#34;2025-11-08 13:38:47.828 +08:00&#34;,&#34;level&#34;:&#34;info&#34;,&#34;msg&#34;:&#34;Syncing plugins from the file store&#34;,&#34;caller&#34;:&#34;app/plugin.go:268&#34;}&#xA;{&#34;timestamp&#34;:&#34;2025-11-08 13:38:47.828 +08:00&#34;,&#34;level&#34;:&#34;debug&#34;,&#34;msg&#34;:&#34;Plugin health check job starting.&#34;,&#34;caller&#34;:&#34;plugin/health_check.go:31&#34;}&#xA;{&#34;timestamp&#34;:&#34;2025-11-08 13:38:47.828 +08:00&#34;,&#34;level&#34;:&#34;info&#34;,&#34;msg&#34;:&#34;No plugins to sync from the file store&#34;,&#34;caller&#34;:&#34;app/plugin.go:303&#34;}&#xA;{&#34;timestamp&#34;:&#34;2025-11-08 13:38:47.828 +08:00&#34;,&#34;level&#34;:&#34;info&#34;,&#34;msg&#34;:&#34;Processing prepackaged plugin&#34;,&#34;caller&#34;:&#34;app/plugin.go:907&#34;}&#xA;{&#34;timestamp&#34;:&#34;2025-11-08 13:38:47.828 +08:00&#34;,&#34;level&#34;:&#34;debug&#34;,&#34;msg&#34;:&#34;No prepackaged plugins directory found&#34;,&#34;caller&#34;:&#34;app/plugin.go:911&#34;}&#xA;{&#34;timestamp&#34;:&#34;2025-11-08 13:38:47.828 +08:00&#34;,&#34;level&#34;:&#34;debug&#34;,&#34;msg&#34;:&#34;Not persisting transitionally prepackaged plugins: none found&#34;,&#34;caller&#34;:&#34;app/plugin.go:1138&#34;}&#xA;{&#34;timestamp&#34;:&#34;2025-11-08 13:38:47.833 +08:00&#34;,&#34;level&#34;:&#34;debug&#34;,&#34;msg&#34;:&#34;Able to write files to local storage.&#34;,&#34;caller&#34;:&#34;filestore/localstore.go:83&#34;}&#xA;{&#34;timestamp&#34;:&#34;2025-11-08 13:38:47.834 +08:00&#34;,&#34;level&#34;:&#34;info&#34;,&#34;msg&#34;:&#34;Starting Server...&#34;,&#34;caller&#34;:&#34;app/server.go:840&#34;}&#xA;{&#34;timestamp&#34;:&#34;2025-11-08 13:38:47.835 +08:00&#34;,&#34;level&#34;:&#34;info&#34;,&#34;msg&#34;:&#34;Server is listening on 127.0.0.1:56305&#34;,&#34;caller&#34;:&#34;app/server.go:916&#34;,&#34;address&#34;:&#34;127.0.0.1:56305&#34;}&#xA;{&#34;timestamp&#34;:&#34;2025-11-08 13:38:47.835 +08:00&#34;,&#34;level&#34;:&#34;debug&#34;,&#34;msg&#34;:&#34;No license provided; Remote Cluster services disabled&#34;,&#34;caller&#34;:&#34;app/server.go:540&#34;}&#xA;{&#34;timestamp&#34;:&#34;2025-11-08 13:38:47.840 +08:00&#34;,&#34;level&#34;:&#34;debug&#34;,&#34;msg&#34;:&#34;Initializing web routes&#34;,&#34;caller&#34;:&#34;web/web.go:26&#34;}&#xA;{&#34;timestamp&#34;:&#34;2025-11-08 13:38:47.840 +08:00&#34;,&#34;level&#34;:&#34;error&#34;,&#34;msg&#34;:&#34;Failed to update assets subpath from config&#34;,&#34;caller&#34;:&#34;web/static.go:30&#34;,&#34;error&#34;:&#34;failed to open root.html: open /private/var/folders/1n/pqlsv6q17rj1dzy3vhp46n1r0000gn/T/testlib4089324536/client/root.html: no such file or directory&#34;}&#xA;{&#34;timestamp&#34;:&#34;2025-11-08 13:38:47.840 +08:00&#34;,&#34;level&#34;:&#34;debug&#34;,&#34;msg&#34;:&#34;Using client directory&#34;,&#34;caller&#34;:&#34;web/static.go:34&#34;,&#34;clientDir&#34;:&#34;/private/var/folders/1n/pqlsv6q17rj1dzy3vhp46n1r0000gn/T/testlib4089324536/client&#34;}&#xA;{&#34;timestamp&#34;:&#34;2025-11-08 13:38:47.840 +08:00&#34;,&#34;level&#34;:&#34;debug&#34;,&#34;msg&#34;:&#34;Configured Client4 bool string values&#34;,&#34;caller&#34;:&#34;api4/apitestlib.go:229&#34;,&#34;true&#34;:&#34;True&#34;,&#34;false&#34;:&#34;0&#34;}&#xA;{&#34;timestamp&#34;:&#34;2025-11-08 13:38:47.931 +08:00&#34;,&#34;level&#34;:&#34;debug&#34;,&#34;msg&#34;:&#34;Received HTTP request&#34;,&#34;caller&#34;:&#34;web/handlers.go:175&#34;,&#34;method&#34;:&#34;POST&#34;,&#34;url&#34;:&#34;/api/v4/users/login&#34;,&#34;request_id&#34;:&#34;j59jsiwu4iyezqbp1t9fi7qtac&#34;,&#34;user_id&#34;:&#34;scant8tjgfbib8jx98kwf4o91c&#34;,&#34;status_code&#34;:&#34;200&#34;}&#xA;{&#34;timestamp&#34;:&#34;2025-11-08 13:38:47.981 +08:00&#34;,&#34;level&#34;:&#34;debug&#34;,&#34;msg&#34;:&#34;Received HTTP request&#34;,&#34;caller&#34;:&#34;web/handlers.go:175&#34;,&#34;method&#34;:&#34;POST&#34;,&#34;url&#34;:&#34;/api/v4/users/login&#34;,&#34;request_id&#34;:&#34;65tfaye6tjnidmohen7877sbjw&#34;,&#34;user_id&#34;:&#34;3pathro8c3ng7pz7x4axa5kqiw&#34;,&#34;status_code&#34;:&#34;200&#34;}&#xA;{&#34;timestamp&#34;:&#34;2025-11-08 13:38:48.000 +08:00&#34;,&#34;level&#34;:&#34;trace&#34;,&#34;msg&#34;:&#34;Successfully fetched all profiles&#34;,&#34;caller&#34;:&#34;app/notification.go:162&#34;,&#34;path&#34;:&#34;/api/v4/teams&#34;,&#34;request_id&#34;:&#34;zrmzpii4hjrqpgok7us4refa3y&#34;,&#34;ip_addr&#34;:&#34;127.0.0.1&#34;,&#34;user_id&#34;:&#34;scant8tjgfbib8jx98kwf4o91c&#34;,&#34;method&#34;:&#34;POST&#34;,&#34;sender_id&#34;:&#34;scant8tjgfbib8jx98kwf4o91c&#34;,&#34;post_id&#34;:&#34;1k4gtcnrijyoiqgnbxuzed5hge&#34;}&#xA;{&#34;timestamp&#34;:&#34;2025-11-08 13:38:48.003 +08:00&#34;,&#34;level&#34;:&#34;trace&#34;,&#34;msg&#34;:&#34;Finished processing mentions&#34;,&#34;caller&#34;:&#34;app/notification.go:335&#34;,&#34;path&#34;:&#34;/api/v4/teams&#34;,&#34;request_id&#34;:&#34;zrmzpii4hjrqpgok7us4refa3y&#34;,&#34;ip_addr&#34;:&#34;127.0.0.1&#34;,&#34;user_id&#34;:&#34;scant8tjgfbib8jx98kwf4o91c&#34;,&#34;method&#34;:&#34;POST&#34;,&#34;sender_id&#34;:&#34;scant8tjgfbib8jx98kwf4o91c&#34;,&#34;post_id&#34;:&#34;1k4gtcnrijyoiqgnbxuzed5hge&#34;}&#xA;{&#34;timestamp&#34;:&#34;2025-11-08 13:38:48.003 +08:00&#34;,&#34;level&#34;:&#34;trace&#34;,&#34;msg&#34;:&#34;Begin sending email notifications&#34;,&#34;caller&#34;:&#34;app/notification.go:377&#34;,&#34;path&#34;:&#34;/api/v4/teams&#34;,&#34;request_id&#34;:&#34;zrmzpii4hjrqpgok7us4refa3y&#34;,&#34;ip_addr&#34;:&#34;127.0.0.1&#34;,&#34;user_id&#34;:&#34;scant8tjgfbib8jx98kwf4o91c&#34;,&#34;method&#34;:&#34;POST&#34;,&#34;type&#34;:&#34;email&#34;,&#34;sender_id&#34;:&#34;scant8tjgfbib8jx98kwf4o91c&#34;,&#34;post_id&#34;:&#34;1k4gtcnrijyoiqgnbxuzed5hge&#34;}&#xA;{&#34;timestamp&#34;:&#34;2025-11-08 13:38:48.003 +08:00&#34;,&#34;level&#34;:&#34;trace&#34;,&#34;msg&#34;:&#34;Finished sending email notifications&#34;,&#34;caller&#34;:&#34;app/notification.go:446&#34;,&#34;path&#34;:&#34;/api/v4/teams&#34;,&#34;request_id&#34;:&#34;zrmzpii4hjrqpgok7us4refa3y&#34;,&#34;ip_addr&#34;:&#34;127.0.0.1&#34;,&#34;user_id&#34;:&#34;scant8tjgfbib8jx98kwf4o91c&#34;,&#34;method&#34;:&#34;POST&#34;,&#34;type&#34;:&#34;email&#34;,&#34;sender_id&#34;:&#34;scant8tjgfbib8jx98kwf4o91c&#34;,&#34;post_id&#34;:&#34;1k4gtcnrijyoiqgnbxuzed5hge&#34;}&#xA;{&#34;timestamp&#34;:&#34;2025-11-08 13:38:48.003 +08:00&#34;,&#34;level&#34;:&#34;trace&#34;,&#34;msg&#34;:&#34;Begin sending push notifications&#34;,&#34;caller&#34;:&#34;app/notification.go:503&#34;,&#34;path&#34;:&#34;/api/v4/teams&#34;,&#34;request_id&#34;:&#34;zrmzpii4hjrqpgok7us4refa3y&#34;,&#34;ip_addr&#34;:&#34;127.0.0.1&#34;,&#34;user_id&#34;:&#34;scant8tjgfbib8jx98kwf4o91c&#34;,&#34;method&#34;:&#34;POST&#34;,&#34;type&#34;:&#34;push&#34;,&#34;sender_id&#34;:&#34;scant8tjgfbib8jx98kwf4o91c&#34;,&#34;post_id&#34;:&#34;1k4gtcnrijyoiqgnbxuzed5hge&#34;}&#xA;{&#34;timestamp&#34;:&#34;2025-11-08 13:38:48.003 +08:00&#34;,&#34;level&#34;:&#34;trace&#34;,&#34;msg&#34;:&#34;Finished sending push notifications&#34;,&#34;caller&#34;:&#34;app/notification.go:648&#34;,&#34;path&#34;:&#34;/api/v4/teams&#34;,&#34;request_id&#34;:&#34;zrmzpii4hjrqpgok7us4refa3y&#34;,&#34;ip_addr&#34;:&#34;127.0.0.1&#34;,&#34;user_id&#34;:&#34;scant8tjgfbib8jx98kwf4o91c&#34;,&#34;method&#34;:&#34;POST&#34;,&#34;type&#34;:&#34;push&#34;,&#34;sender_id&#34;:&#34;scant8tjgfbib8jx98kwf4o91c&#34;,&#34;post_id&#34;:&#34;1k4gtcnrijyoiqgnbxuzed5hge&#34;}&#xA;{&#34;timestamp&#34;:&#34;2025-11-08 13:38:48.003 +08:00&#34;,&#34;level&#34;:&#34;trace&#34;,&#34;msg&#34;:&#34;Begin sending websocket notifications&#34;,&#34;caller&#34;:&#34;app/notification.go:655&#34;,&#34;path&#34;:&#34;/api/v4/teams&#34;,&#34;request_id&#34;:&#34;zrmzpii4hjrqpgok7us4refa3y&#34;,&#34;ip_addr&#34;:&#34;127.0.0.1&#34;,&#34;user_id&#34;:&#34;scant8tjgfbib8jx98kwf4o91c&#34;,&#34;method&#34;:&#34;POST&#34;,&#34;type&#34;:&#34;websocket&#34;,&#34;sender_id&#34;:&#34;scant8tjgfbib8jx98kwf4o91c&#34;,&#34;post_id&#34;:&#34;1k4gtcnrijyoiqgnbxuzed5hge&#34;}&#xA;{&#34;timestamp&#34;:&#34;2025-11-08 13:38:48.003 +08:00&#34;,&#34;level&#34;:&#34;trace&#34;,&#34;msg&#34;:&#34;Finish sending websocket notifications&#34;,&#34;caller&#34;:&#34;app/notification.go:859&#34;,&#34;type&#34;:&#34;websocket&#34;,&#34;sender_id&#34;:&#34;scant8tjgfbib8jx98kwf4o91c&#34;,&#34;post_id&#34;:&#34;1k4gtcnrijyoiqgnbxuzed5hge&#34;}&#xA;{&#34;timestamp&#34;:&#34;2025-11-08 13:38:48.011 +08:00&#34;,&#34;level&#34;:&#34;trace&#34;,&#34;msg&#34;:&#34;Successfully fetched all profiles&#34;,&#34;caller&#34;:&#34;app/notification.go:162&#34;,&#34;path&#34;:&#34;/api/v4/teams&#34;,&#34;request_id&#34;:&#34;zrmzpii4hjrqpgok7us4refa3y&#34;,&#34;ip_addr&#34;:&#34;127.0.0.1&#34;,&#34;user_id&#34;:&#34;scant8tjgfbib8jx98kwf4o91c&#34;,&#34;method&#34;:&#34;POST&#34;,&#34;sender_id&#34;:&#34;scant8tjgfbib8jx98kwf4o91c&#34;,&#34;post_id&#34;:&#34;nio9owwkbpdp7bx1idiwtqyt3h&#34;}&#xA;{&#34;timestamp&#34;:&#34;2025-11-08 13:38:48.015 +08:00&#34;,&#34;level&#34;:&#34;trace&#34;,&#34;msg&#34;:&#34;Finished processing mentions&#34;,&#34;caller&#34;:&#34;app/notification.go:335&#34;,&#34;path&#34;:&#34;/api/v4/teams&#34;,&#34;request_id&#34;:&#34;zrmzpii4hjrqpgok7us4refa3y&#34;,&#34;ip_addr&#34;:&#34;127.0.0.1&#34;,&#34;user_id&#34;:&#34;scant8tjgfbib8jx98kwf4o91c&#34;,&#34;method&#34;:&#34;POST&#34;,&#34;sender_id&#34;:&#34;scant8tjgfbib8jx98kwf4o91c&#34;,&#34;post_id&#34;:&#34;nio9owwkbpdp7bx1idiwtqyt3h&#34;}&#xA;{&#34;timestamp&#34;:&#34;2025-11-08 13:38:48.015 +08:00&#34;,&#34;level&#34;:&#34;trace&#34;,&#34;msg&#34;:&#34;Begin sending email notifications&#34;,&#34;caller&#34;:&#34;app/notification.go:377&#34;,&#34;path&#34;:&#34;/api/v4/teams&#34;,&#34;request_id&#34;:&#34;zrmzpii4hjrqpgok7us4refa3y&#34;,&#34;ip_addr&#34;:&#34;127.0.0.1&#34;,&#34;user_id&#34;:&#34;scant8tjgfbib8jx98kwf4o91c&#34;,&#34;method&#34;:&#34;POST&#34;,&#34;type&#34;:&#34;email&#34;,&#34;sender_id&#34;:&#34;scant8tjgfbib8jx98kwf4o91c&#34;,&#34;post_id&#34;:&#34;nio9owwkbpdp7bx1idiwtqyt3h&#34;}&#xA;{&#34;timestamp&#34;:&#34;2025-11-08 13:38:48.015 +08:00&#34;,&#34;level&#34;:&#34;trace&#34;,&#34;msg&#34;:&#34;Finished sending email notifications&#34;,&#34;caller&#34;:&#34;app/notification.go:446&#34;,&#34;path&#34;:&#34;/api/v4/teams&#34;,&#34;request_id&#34;:&#34;zrmzpii4hjrqpgok7us4refa3y&#34;,&#34;ip_addr&#34;:&#34;127.0.0.1&#34;,&#34;user_id&#34;:&#34;scant8tjgfbib8jx98kwf4o91c&#34;,&#34;method&#34;:&#34;POST&#34;,&#34;type&#34;:&#34;email&#34;,&#34;sender_id&#34;:&#34;scant8tjgfbib8jx98kwf4o91c&#34;,&#34;post_id&#34;:&#34;nio9owwkbpdp7bx1idiwtqyt3h&#34;}&#xA;{&#34;timestamp&#34;:&#34;2025-11-08 13:38:48.015 +08:00&#34;,&#34;level&#34;:&#34;trace&#34;,&#34;msg&#34;:&#34;Begin sending push notifications&#34;,&#34;caller&#34;:&#34;app/notification.go:503&#34;,&#34;path&#34;:&#34;/api/v4/teams&#34;,&#34;request_id&#34;:&#34;zrmzpii4hjrqpgok7us4refa3y&#34;,&#34;ip_addr&#34;:&#34;127.0.0.1&#34;,&#34;user_id&#34;:&#34;scant8tjgfbib8jx98kwf4o91c&#34;,&#34;method&#34;:&#34;POST&#34;,&#34;type&#34;:&#34;push&#34;,&#34;sender_id&#34;:&#34;scant8tjgfbib8jx98kwf4o91c&#34;,&#34;post_id&#34;:&#34;nio9owwkbpdp7bx1idiwtqyt3h&#34;}&#xA;{&#34;timestamp&#34;:&#34;2025-11-08 13:38:48.015 +08:00&#34;,&#34;level&#34;:&#34;trace&#34;,&#34;msg&#34;:&#34;Finished sending push notifications&#34;,&#34;caller&#34;:&#34;app/notification.go:648&#34;,&#34;path&#34;:&#34;/api/v4/teams&#34;,&#34;request_id&#34;:&#34;zrmzpii4hjrqpgok7us4refa3y&#34;,&#34;ip_addr&#34;:&#34;127.0.0.1&#34;,&#34;user_id&#34;:&#34;scant8tjgfbib8jx98kwf4o91c&#34;,&#34;method&#34;:&#34;POST&#34;,&#34;type&#34;:&#34;push&#34;,&#34;sender_id&#34;:&#34;scant8tjgfbib8jx98kwf4o91c&#34;,&#34;post_id&#34;:&#34;nio9owwkbpdp7bx1idiwtqyt3h&#34;}&#xA;{&#34;timestamp&#34;:&#34;2025-11-08 13:38:48.015 +08:00&#34;,&#34;level&#34;:&#34;trace&#34;,&#34;msg&#34;:&#34;Begin sending websocket notifications&#34;,&#34;caller&#34;:&#34;app/notification.go:655&#34;,&#34;path&#34;:&#34;/api/v4/teams&#34;,&#34;request_id&#34;:&#34;zrmzpii4hjrqpgok7us4refa3y&#34;,&#34;ip_addr&#34;:&#34;127.0.0.1&#34;,&#34;user_id&#34;:&#34;scant8tjgfbib8jx98kwf4o91c&#34;,&#34;method&#34;:&#34;POST&#34;,&#34;type&#34;:&#34;websocket&#34;,&#34;sender_id&#34;:&#34;scant8tjgfbib8jx98kwf4o91c&#34;,&#34;post_id&#34;:&#34;nio9owwkbpdp7bx1idiwtqyt3h&#34;}&#xA;{&#34;timestamp&#34;:&#34;2025-11-08 13:38:48.015 +08:00&#34;,&#34;level&#34;:&#34;trace&#34;,&#34;msg&#34;:&#34;Finish sending websocket notifications&#34;,&#34;caller&#34;:&#34;app/notification.go:859&#34;,&#34;type&#34;:&#34;websocket&#34;,&#34;sender_id&#34;:&#34;scant8tjgfbib8jx98kwf4o91c&#34;,&#34;post_id&#34;:&#34;nio9owwkbpdp7bx1idiwtqyt3h&#34;}&#xA;{&#34;timestamp&#34;:&#34;2025-11-08 13:38:48.016 +08:00&#34;,&#34;level&#34;:&#34;debug&#34;,&#34;msg&#34;:&#34;Received HTTP request&#34;,&#34;caller&#34;:&#34;web/handlers.go:175&#34;,&#34;method&#34;:&#34;POST&#34;,&#34;url&#34;:&#34;/api/v4/teams&#34;,&#34;request_id&#34;:&#34;zrmzpii4hjrqpgok7us4refa3y&#34;,&#34;user_id&#34;:&#34;scant8tjgfbib8jx98kwf4o91c&#34;,&#34;status_code&#34;:&#34;201&#34;}&#xA;{&#34;timestamp&#34;:&#34;2025-11-08 13:38:48.027 +08:00&#34;,&#34;level&#34;:&#34;trace&#34;,&#34;msg&#34;:&#34;Successfully fetched all profiles&#34;,&#34;caller&#34;:&#34;app/notification.go:162&#34;,&#34;path&#34;:&#34;/api/v4/channels&#34;,&#34;request_id&#34;:&#34;sj5jibo4y7g4bjuowkui4pmbth&#34;,&#34;ip_addr&#34;:&#34;127.0.0.1&#34;,&#34;user_id&#34;:&#34;scant8tjgfbib8jx98kwf4o91c&#34;,&#34;method&#34;:&#34;POST&#34;,&#34;sender_id&#34;:&#34;scant8tjgfbib8jx98kwf4o91c&#34;,&#34;post_id&#34;:&#34;7e8tziqwdfggbkgrq84qiez4ow&#34;}&#xA;{&#34;timestamp&#34;:&#34;2025-11-08 13:38:48.029 +08:00&#34;,&#34;level&#34;:&#34;trace&#34;,&#34;msg&#34;:&#34;Finished processing mentions&#34;,&#34;caller&#34;:&#34;app/notification.go:335&#34;,&#34;path&#34;:&#34;/api/v4/channels&#34;,&#34;request_id&#34;:&#34;sj5jibo4y7g4bjuowkui4pmbth&#34;,&#34;ip_addr&#34;:&#34;127.0.0.1&#34;,&#34;user_id&#34;:&#34;scant8tjgfbib8jx98kwf4o91c&#34;,&#34;method&#34;:&#34;POST&#34;,&#34;sender_id&#34;:&#34;scant8tjgfbib8jx98kwf4o91c&#34;,&#34;post_id&#34;:&#34;7e8tziqwdfggbkgrq84qiez4ow&#34;}&#xA;{&#34;timestamp&#34;:&#34;2025-11-08 13:38:48.029 +08:00&#34;,&#34;level&#34;:&#34;trace&#34;,&#34;msg&#34;:&#34;Begin sending email notifications&#34;,&#34;caller&#34;:&#34;app/notification.go:377&#34;,&#34;path&#34;:&#34;/api/v4/channels&#34;,&#34;request_id&#34;:&#34;sj5jibo4y7g4bjuowkui4pmbth&#34;,&#34;ip_addr&#34;:&#34;127.0.0.1&#34;,&#34;user_id&#34;:&#34;scant8tjgfbib8jx98kwf4o91c&#34;,&#34;method&#34;:&#34;POST&#34;,&#34;type&#34;:&#34;email&#34;,&#34;sender_id&#34;:&#34;scant8tjgfbib8jx98kwf4o91c&#34;,&#34;post_id&#34;:&#34;7e8tziqwdfggbkgrq84qiez4ow&#34;}&#xA;{&#34;timestamp&#34;:&#34;2025-11-08 13:38:48.029 +08:00&#34;,&#34;level&#34;:&#34;trace&#34;,&#34;msg&#34;:&#34;Finished sending email notifications&#34;,&#34;caller&#34;:&#34;app/notification.go:446&#34;,&#34;path&#34;:&#34;/api/v4/channels&#34;,&#34;request_id&#34;:&#34;sj5jibo4y7g4bjuowkui4pmbth&#34;,&#34;ip_addr&#34;:&#34;127.0.0.1&#34;,&#34;user_id&#34;:&#34;scant8tjgfbib8jx98kwf4o91c&#34;,&#34;method&#34;:&#34;POST&#34;,&#34;type&#34;:&#34;email&#34;,&#34;sender_id&#34;:&#34;scant8tjgfbib8jx98kwf4o91c&#34;,&#34;post_id&#34;:&#34;7e8tziqwdfggbkgrq84qiez4ow&#34;}&#xA;{&#34;timestamp&#34;:&#34;2025-11-08 13:38:48.029 +08:00&#34;,&#34;level&#34;:&#34;trace&#34;,&#34;msg&#34;:&#34;Begin sending push notifications&#34;,&#34;caller&#34;:&#34;app/notification.go:503&#34;,&#34;path&#34;:&#34;/api/v4/channels&#34;,&#34;request_id&#34;:&#34;sj5jibo4y7g4bjuowkui4pmbth&#34;,&#34;ip_addr&#34;:&#34;127.0.0.1&#34;,&#34;user_id&#34;:&#34;scant8tjgfbib8jx98kwf4o91c&#34;,&#34;method&#34;:&#34;POST&#34;,&#34;type&#34;:&#34;push&#34;,&#34;sender_id&#34;:&#34;scant8tjgfbib8jx98kwf4o91c&#34;,&#34;post_id&#34;:&#34;7e8tziqwdfggbkgrq84qiez4ow&#34;}&#xA;{&#34;timestamp&#34;:&#34;2025-11-08 13:38:48.029 +08:00&#34;,&#34;level&#34;:&#34;trace&#34;,&#34;msg&#34;:&#34;Finished sending push notifications&#34;,&#34;caller&#34;:&#34;app/notification.go:648&#34;,&#34;path&#34;:&#34;/api/v4/channels&#34;,&#34;request_id&#34;:&#34;sj5jibo4y7g4bjuowkui4pmbth&#34;,&#34;ip_addr&#34;:&#34;127.0.0.1&#34;,&#34;user_id&#34;:&#34;scant8tjgfbib8jx98kwf4o91c&#34;,&#34;method&#34;:&#34;POST&#34;,&#34;type&#34;:&#34;push&#34;,&#34;sender_id&#34;:&#34;scant8tjgfbib8jx98kwf4o91c&#34;,&#34;post_id&#34;:&#34;7e8tziqwdfggbkgrq84qiez4ow&#34;}&#xA;{&#34;timestamp&#34;:&#34;2025-11-08 13:38:48.029 +08:00&#34;,&#34;level&#34;:&#34;trace&#34;,&#34;msg&#34;:&#34;Begin sending websocket notifications&#34;,&#34;caller&#34;:&#34;app/notification.go:655&#34;,&#34;path&#34;:&#34;/api/v4/channels&#34;,&#34;request_id&#34;:&#34;sj5jibo4y7g4bjuowkui4pmbth&#34;,&#34;ip_addr&#34;:&#34;127.0.0.1&#34;,&#34;user_id&#34;:&#34;scant8tjgfbib8jx98kwf4o91c&#34;,&#34;method&#34;:&#34;POST&#34;,&#34;type&#34;:&#34;websocket&#34;,&#34;sender_id&#34;:&#34;scant8tjgfbib8jx98kwf4o91c&#34;,&#34;post_id&#34;:&#34;7e8tziqwdfggbkgrq84qiez4ow&#34;}&#xA;{&#34;timestamp&#34;:&#34;2025-11-08 13:38:48.029 +08:00&#34;,&#34;level&#34;:&#34;trace&#34;,&#34;msg&#34;:&#34;Finish sending websocket notifications&#34;,&#34;caller&#34;:&#34;app/notification.go:859&#34;,&#34;type&#34;:&#34;websocket&#34;,&#34;sender_id&#34;:&#34;scant8tjgfbib8jx98kwf4o91c&#34;,&#34;post_id&#34;:&#34;7e8tziqwdfggbkgrq84qiez4ow&#34;}&#xA;{&#34;timestamp&#34;:&#34;2025-11-08 13:38:48.029 +08:00&#34;,&#34;level&#34;:&#34;debug&#34;,&#34;msg&#34;:&#34;Received HTTP request&#34;,&#34;caller&#34;:&#34;web/handlers.go:175&#34;,&#34;method&#34;:&#34;POST&#34;,&#34;url&#34;:&#34;/api/v4/channels&#34;,&#34;request_id&#34;:&#34;sj5jibo4y7g4bjuowkui4pmbth&#34;,&#34;user_id&#34;:&#34;scant8tjgfbib8jx98kwf4o91c&#34;,&#34;status_code&#34;:&#34;201&#34;}&#xA;{&#34;timestamp&#34;:&#34;2025-11-08 13:38:48.040 +08:00&#34;,&#34;level&#34;:&#34;trace&#34;,&#34;msg&#34;:&#34;Successfully fetched all profiles&#34;,&#34;caller&#34;:&#34;app/notification.go:162&#34;,&#34;path&#34;:&#34;/api/v4/channels&#34;,&#34;request_id&#34;:&#34;t3rocs7o57y6dxm1cyc13nxsmh&#34;,&#34;ip_addr&#34;:&#34;127.0.0.1&#34;,&#34;user_id&#34;:&#34;scant8tjgfbib8jx98kwf4o91c&#34;,&#34;method&#34;:&#34;POST&#34;,&#34;sender_id&#34;:&#34;scant8tjgfbib8jx98kwf4o91c&#34;,&#34;post_id&#34;:&#34;drkmeq1xuid6bpwqzpoztiayfw&#34;}&#xA;{&#34;timestamp&#34;:&#34;2025-11-08 13:38:48.042 +08:00&#34;,&#34;level&#34;:&#34;trace&#34;,&#34;msg&#34;:&#34;Finished processing mentions&#34;,&#34;caller&#34;:&#34;app/notification.go:335&#34;,&#34;path&#34;:&#34;/api/v4/channels&#34;,&#34;request_id&#34;:&#34;t3rocs7o57y6dxm1cyc13nxsmh&#34;,&#34;ip_addr&#34;:&#34;127.0.0.1&#34;,&#34;user_id&#34;:&#34;scant8tjgfbib8jx98kwf4o91c&#34;,&#34;method&#34;:&#34;POST&#34;,&#34;sender_id&#34;:&#34;scant8tjgfbib8jx98kwf4o91c&#34;,&#34;post_id&#34;:&#34;drkmeq1xuid6bpwqzpoztiayfw&#34;}&#xA;{&#34;timestamp&#34;:&#34;2025-11-08 13:38:48.042 +08:00&#34;,&#34;level&#34;:&#34;trace&#34;,&#34;msg&#34;:&#34;Begin sending email notifications&#34;,&#34;caller&#34;:&#34;app/notification.go:377&#34;,&#34;path&#34;:&#34;/api/v4/channels&#34;,&#34;request_id&#34;:&#34;t3rocs7o57y6dxm1cyc13nxsmh&#34;,&#34;ip_addr&#34;:&#34;127.0.0.1&#34;,&#34;user_id&#34;:&#34;scant8tjgfbib8jx98kwf4o91c&#34;,&#34;method&#34;:&#34;POST&#34;,&#34;type&#34;:&#34;email&#34;,&#34;sender_id&#34;:&#34;scant8tjgfbib8jx98kwf4o91c&#34;,&#34;post_id&#34;:&#34;drkmeq1xuid6bpwqzpoztiayfw&#34;}&#xA;{&#34;timestamp&#34;:&#34;2025-11-08 13:38:48.042 +08:00&#34;,&#34;level&#34;:&#34;trace&#34;,&#34;msg&#34;:&#34;Finished sending email notifications&#34;,&#34;caller&#34;:&#34;app/notification.go:446&#34;,&#34;path&#34;:&#34;/api/v4/channels&#34;,&#34;request_id&#34;:&#34;t3rocs7o57y6dxm1cyc13nxsmh&#34;,&#34;ip_addr&#34;:&#34;127.0.0.1&#34;,&#34;user_id&#34;:&#34;scant8tjgfbib8jx98kwf4o91c&#34;,&#34;method&#34;:&#34;POST&#34;,&#34;type&#34;:&#34;email&#34;,&#34;sender_id&#34;:&#34;scant8tjgfbib8jx98kwf4o91c&#34;,&#34;post_id&#34;:&#34;drkmeq1xuid6bpwqzpoztiayfw&#34;}&#xA;{&#34;timestamp&#34;:&#34;2025-11-08 13:38:48.042 +08:00&#34;,&#34;level&#34;:&#34;trace&#34;,&#34;msg&#34;:&#34;Begin sending push notifications&#34;,&#34;caller&#34;:&#34;app/notification.go:503&#34;,&#34;path&#34;:&#34;/api/v4/channels&#34;,&#34;request_id&#34;:&#34;t3rocs7o57y6dxm1cyc13nxsmh&#34;,&#34;ip_addr&#34;:&#34;127.0.0.1&#34;,&#34;user_id&#34;:&#34;scant8tjgfbib8jx98kwf4o91c&#34;,&#34;method&#34;:&#34;POST&#34;,&#34;type&#34;:&#34;push&#34;,&#34;sender_id&#34;:&#34;scant8tjgfbib8jx98kwf4o91c&#34;,&#34;post_id&#34;:&#34;drkmeq1xuid6bpwqzpoztiayfw&#34;}&#xA;{&#34;timestamp&#34;:&#34;2025-11-08 13:38:48.042 +08:00&#34;,&#34;level&#34;:&#34;trace&#34;,&#34;msg&#34;:&#34;Finished sending push notifications&#34;,&#34;caller&#34;:&#34;app/notification.go:648&#34;,&#34;path&#34;:&#34;/api/v4/channels&#34;,&#34;request_id&#34;:&#34;t3rocs7o57y6dxm1cyc13nxsmh&#34;,&#34;ip_addr&#34;:&#34;127.0.0.1&#34;,&#34;user_id&#34;:&#34;scant8tjgfbib8jx98kwf4o91c&#34;,&#34;method&#34;:&#34;POST&#34;,&#34;type&#34;:&#34;push&#34;,&#34;sender_id&#34;:&#34;scant8tjgfbib8jx98kwf4o91c&#34;,&#34;post_id&#34;:&#34;drkmeq1xuid6bpwqzpoztiayfw&#34;}&#xA;{&#34;timestamp&#34;:&#34;2025-11-08 13:38:48.042 +08:00&#34;,&#34;level&#34;:&#34;trace&#34;,&#34;msg&#34;:&#34;Begin sending websocket notifications&#34;,&#34;caller&#34;:&#34;app/notification.go:655&#34;,&#34;path&#34;:&#34;/api/v4/channels&#34;,&#34;request_id&#34;:&#34;t3rocs7o57y6dxm1cyc13nxsmh&#34;,&#34;ip_addr&#34;:&#34;127.0.0.1&#34;,&#34;user_id&#34;:&#34;scant8tjgfbib8jx98kwf4o91c&#34;,&#34;method&#34;:&#34;POST&#34;,&#34;type&#34;:&#34;websocket&#34;,&#34;sender_id&#34;:&#34;scant8tjgfbib8jx98kwf4o91c&#34;,&#34;post_id&#34;:&#34;drkmeq1xuid6bpwqzpoztiayfw&#34;}&#xA;{&#34;timestamp&#34;:&#34;2025-11-08 13:38:48.042 +08:00&#34;,&#34;level&#34;:&#34;trace&#34;,&#34;msg&#34;:&#34;Finish sending websocket notifications&#34;,&#34;caller&#34;:&#34;app/notification.go:859&#34;,&#34;type&#34;:&#34;websocket&#34;,&#34;sender_id&#34;:&#34;scant8tjgfbib8jx98kwf4o91c&#34;,&#34;post_id&#34;:&#34;drkmeq1xuid6bpwqzpoztiayfw&#34;}&#xA;{&#34;timestamp&#34;:&#34;2025-11-08 13:38:48.042 +08:00&#34;,&#34;level&#34;:&#34;debug&#34;,&#34;msg&#34;:&#34;Received HTTP request&#34;,&#34;caller&#34;:&#34;web/handlers.go:175&#34;,&#34;method&#34;:&#34;POST&#34;,&#34;url&#34;:&#34;/api/v4/channels&#34;,&#34;request_id&#34;:&#34;t3rocs7o57y6dxm1cyc13nxsmh&#34;,&#34;user_id&#34;:&#34;scant8tjgfbib8jx98kwf4o91c&#34;,&#34;status_code&#34;:&#34;201&#34;}&#xA;{&#34;timestamp&#34;:&#34;2025-11-08 13:38:48.052 +08:00&#34;,&#34;level&#34;:&#34;trace&#34;,&#34;msg&#34;:&#34;Successfully fetched all profiles&#34;,&#34;caller&#34;:&#34;app/notification.go:162&#34;,&#34;path&#34;:&#34;/api/v4/channels&#34;,&#34;request_id&#34;:&#34;f8ick7uw13ya9dnsg1u868g9eo&#34;,&#34;ip_addr&#34;:&#34;127.0.0.1&#34;,&#34;user_id&#34;:&#34;scant8tjgfbib8jx98kwf4o91c&#34;,&#34;method&#34;:&#34;POST&#34;,&#34;sender_id&#34;:&#34;scant8tjgfbib8jx98kwf4o91c&#34;,&#34;post_id&#34;:&#34;sg6q9bprtbdm9b9asy63bfy1qw&#34;}&#xA;{&#34;timestamp&#34;:&#34;2025-11-08 13:38:48.054 +08:00&#34;,&#34;level&#34;:&#34;trace&#34;,&#34;msg&#34;:&#34;Finished processing mentions&#34;,&#34;caller&#34;:&#34;app/notification.go:335&#34;,&#34;path&#34;:&#34;/api/v4/channels&#34;,&#34;request_id&#34;:&#34;f8ick7uw13ya9dnsg1u868g9eo&#34;,&#34;ip_addr&#34;:&#34;127.0.0.1&#34;,&#34;user_id&#34;:&#34;scant8tjgfbib8jx98kwf4o91c&#34;,&#34;method&#34;:&#34;POST&#34;,&#34;sender_id&#34;:&#34;scant8tjgfbib8jx98kwf4o91c&#34;,&#34;post_id&#34;:&#34;sg6q9bprtbdm9b9asy63bfy1qw&#34;}&#xA;{&#34;timestamp&#34;:&#34;2025-11-08 13:38:48.054 +08:00&#34;,&#34;level&#34;:&#34;trace&#34;,&#34;msg&#34;:&#34;Begin sending email notifications&#34;,&#34;caller&#34;:&#34;app/notification.go:377&#34;,&#34;path&#34;:&#34;/api/v4/channels&#34;,&#34;request_id&#34;:&#34;f8ick7uw13ya9dnsg1u868g9eo&#34;,&#34;ip_addr&#34;:&#34;127.0.0.1&#34;,&#34;user_id&#34;:&#34;scant8tjgfbib8jx98kwf4o91c&#34;,&#34;method&#34;:&#34;POST&#34;,&#34;type&#34;:&#34;email&#34;,&#34;sender_id&#34;:&#34;scant8tjgfbib8jx98kwf4o91c&#34;,&#34;post_id&#34;:&#34;sg6q9bprtbdm9b9asy63bfy1qw&#34;}&#xA;{&#34;timestamp&#34;:&#34;2025-11-08 13:38:48.054 +08:00&#34;,&#34;level&#34;:&#34;trace&#34;,&#34;msg&#34;:&#34;Finished sending email notifications&#34;,&#34;caller&#34;:&#34;app/notification.go:446&#34;,&#34;path&#34;:&#34;/api/v4/channels&#34;,&#34;request_id&#34;:&#34;f8ick7uw13ya9dnsg1u868g9eo&#34;,&#34;ip_addr&#34;:&#34;127.0.0.1&#34;,&#34;user_id&#34;:&#34;scant8tjgfbib8jx98kwf4o91c&#34;,&#34;method&#34;:&#34;POST&#34;,&#34;type&#34;:&#34;email&#34;,&#34;sender_id&#34;:&#34;scant8tjgfbib8jx98kwf4o91c&#34;,&#34;post_id&#34;:&#34;sg6q9bprtbdm9b9asy63bfy1qw&#34;}&#xA;{&#34;timestamp&#34;:&#34;2025-11-08 13:38:48.054 +08:00&#34;,&#34;level&#34;:&#34;trace&#34;,&#34;msg&#34;:&#34;Begin sending push notifications&#34;,&#34;caller&#34;:&#34;app/notification.go:503&#34;,&#34;path&#34;:&#34;/api/v4/channels&#34;,&#34;request_id&#34;:&#34;f8ick7uw13ya9dnsg1u868g9eo&#34;,&#34;ip_addr&#34;:&#34;127.0.0.1&#34;,&#34;user_id&#34;:&#34;scant8tjgfbib8jx98kwf4o91c&#34;,&#34;method&#34;:&#34;POST&#34;,&#34;type&#34;:&#34;push&#34;,&#34;sender_id&#34;:&#34;scant8tjgfbib8jx98kwf4o91c&#34;,&#34;post_id&#34;:&#34;sg6q9bprtbdm9b9asy63bfy1qw&#34;}&#xA;{&#34;timestamp&#34;:&#34;2025-11-08 13:38:48.054 +08:00&#34;,&#34;level&#34;:&#34;trace&#34;,&#34;msg&#34;:&#34;Finished sending push notifications&#34;,&#34;caller&#34;:&#34;app/notification.go:648&#34;,&#34;path&#34;:&#34;/api/v4/channels&#34;,&#34;request_id&#34;:&#34;f8ick7uw13ya9dnsg1u868g9eo&#34;,&#34;ip_addr&#34;:&#34;127.0.0.1&#34;,&#34;user_id&#34;:&#34;scant8tjgfbib8jx98kwf4o91c&#34;,&#34;method&#34;:&#34;POST&#34;,&#34;type&#34;:&#34;push&#34;,&#34;sender_id&#34;:&#34;scant8tjgfbib8jx98kwf4o91c&#34;,&#34;post_id&#34;:&#34;sg6q9bprtbdm9b9asy63bfy1qw&#34;}&#xA;{&#34;timestamp&#34;:&#34;2025-11-08 13:38:48.054 +08:00&#34;,&#34;level&#34;:&#34;trace&#34;,&#34;msg&#34;:&#34;Begin sending websocket notifications&#34;,&#34;caller&#34;:&#34;app/notification.go:655&#34;,&#34;path&#34;:&#34;/api/v4/channels&#34;,&#34;request_id&#34;:&#34;f8ick7uw13ya9dnsg1u868g9eo&#34;,&#34;ip_addr&#34;:&#34;127.0.0.1&#34;,&#34;user_id&#34;:&#34;scant8tjgfbib8jx98kwf4o91c&#34;,&#34;method&#34;:&#34;POST&#34;,&#34;type&#34;:&#34;websocket&#34;,&#34;sender_id&#34;:&#34;scant8tjgfbib8jx98kwf4o91c&#34;,&#34;post_id&#34;:&#34;sg6q9bprtbdm9b9asy63bfy1qw&#34;}&#xA;{&#34;timestamp&#34;:&#34;2025-11-08 13:38:48.054 +08:00&#34;,&#34;level&#34;:&#34;trace&#34;,&#34;msg&#34;:&#34;Finish sending websocket notifications&#34;,&#34;caller&#34;:&#34;app/notification.go:859&#34;,&#34;type&#34;:&#34;websocket&#34;,&#34;sender_id&#34;:&#34;scant8tjgfbib8jx98kwf4o91c&#34;,&#34;post_id&#34;:&#34;sg6q9bprtbdm9b9asy63bfy1qw&#34;}&#xA;{&#34;timestamp&#34;:&#34;2025-11-08 13:38:48.054 +08:00&#34;,&#34;level&#34;:&#34;debug&#34;,&#34;msg&#34;:&#34;Received HTTP request&#34;,&#34;caller&#34;:&#34;web/handlers.go:175&#34;,&#34;method&#34;:&#34;POST&#34;,&#34;url&#34;:&#34;/api/v4/channels&#34;,&#34;request_id&#34;:&#34;f8ick7uw13ya9dnsg1u868g9eo&#34;,&#34;user_id&#34;:&#34;scant8tjgfbib8jx98kwf4o91c&#34;,&#34;status_code&#34;:&#34;201&#34;}&#xA;{&#34;timestamp&#34;:&#34;2025-11-08 13:38:48.064 +08:00&#34;,&#34;level&#34;:&#34;trace&#34;,&#34;msg&#34;:&#34;Successfully fetched all profiles&#34;,&#34;caller&#34;:&#34;app/notification.go:162&#34;,&#34;path&#34;:&#34;/api/v4/channels&#34;,&#34;request_id&#34;:&#34;zum1a8tpu7f8xr5j8mtzjr3w1e&#34;,&#34;ip_addr&#34;:&#34;127.0.0.1&#34;,&#34;user_id&#34;:&#34;scant8tjgfbib8jx98kwf4o91c&#34;,&#34;method&#34;:&#34;POST&#34;,&#34;sender_id&#34;:&#34;scant8tjgfbib8jx98kwf4o91c&#34;,&#34;post_id&#34;:&#34;wikfpn65dbg47bj6ud6phe7j1r&#34;}&#xA;{&#34;timestamp&#34;:&#34;2025-11-08 13:38:48.066 +08:00&#34;,&#34;level&#34;:&#34;trace&#34;,&#34;msg&#34;:&#34;Finished processing mentions&#34;,&#34;caller&#34;:&#34;app/notification.go:335&#34;,&#34;path&#34;:&#34;/api/v4/channels&#34;,&#34;request_id&#34;:&#34;zum1a8tpu7f8xr5j8mtzjr3w1e&#34;,&#34;ip_addr&#34;:&#34;127.0.0.1&#34;,&#34;user_id&#34;:&#34;scant8tjgfbib8jx98kwf4o91c&#34;,&#34;method&#34;:&#34;POST&#34;,&#34;sender_id&#34;:&#34;scant8tjgfbib8jx98kwf4o91c&#34;,&#34;post_id&#34;:&#34;wikfpn65dbg47bj6ud6phe7j1r&#34;}&#xA;{&#34;timestamp&#34;:&#34;2025-11-08 13:38:48.066 +08:00&#34;,&#34;level&#34;:&#34;trace&#34;,&#34;msg&#34;:&#34;Begin sending email notifications&#34;,&#34;caller&#34;:&#34;app/notification.go:377&#34;,&#34;path&#34;:&#34;/api/v4/channels&#34;,&#34;request_id&#34;:&#34;zum1a8tpu7f8xr5j8mtzjr3w1e&#34;,&#34;ip_addr&#34;:&#34;127.0.0.1&#34;,&#34;user_id&#34;:&#34;scant8tjgfbib8jx98kwf4o91c&#34;,&#34;method&#34;:&#34;POST&#34;,&#34;type&#34;:&#34;email&#34;,&#34;sender_id&#34;:&#34;scant8tjgfbib8jx98kwf4o91c&#34;,&#34;post_id&#34;:&#34;wikfpn65dbg47bj6ud6phe7j1r&#34;}&#xA;{&#34;timestamp&#34;:&#34;2025-11-08 13:38:48.066 +08:00&#34;,&#34;level&#34;:&#34;trace&#34;,&#34;msg&#34;:&#34;Finished sending email notifications&#34;,&#34;caller&#34;:&#34;app/notification.go:446&#34;,&#34;path&#34;:&#34;/api/v4/channels&#34;,&#34;request_id&#34;:&#34;zum1a8tpu7f8xr5j8mtzjr3w1e&#34;,&#34;ip_addr&#34;:&#34;127.0.0.1&#34;,&#34;user_id&#34;:&#34;scant8tjgfbib8jx98kwf4o91c&#34;,&#34;method&#34;:&#34;POST&#34;,&#34;type&#34;:&#34;email&#34;,&#34;sender_id&#34;:&#34;scant8tjgfbib8jx98kwf4o91c&#34;,&#34;post_id&#34;:&#34;wikfpn65dbg47bj6ud6phe7j1r&#34;}&#xA;{&#34;timestamp&#34;:&#34;2025-11-08 13:38:48.066 +08:00&#34;,&#34;level&#34;:&#34;trace&#34;,&#34;msg&#34;:&#34;Begin sending push notifications&#34;,&#34;caller&#34;:&#34;app/notification.go:503&#34;,&#34;path&#34;:&#34;/api/v4/channels&#34;,&#34;request_id&#34;:&#34;zum1a8tpu7f8xr5j8mtzjr3w1e&#34;,&#34;ip_addr&#34;:&#34;127.0.0.1&#34;,&#34;user_id&#34;:&#34;scant8tjgfbib8jx98kwf4o91c&#34;,&#34;method&#34;:&#34;POST&#34;,&#34;type&#34;:&#34;push&#34;,&#34;sender_id&#34;:&#34;scant8tjgfbib8jx98kwf4o91c&#34;,&#34;post_id&#34;:&#34;wikfpn65dbg47bj6ud6phe7j1r&#34;}&#xA;{&#34;timestamp&#34;:&#34;2025-11-08 13:38:48.066 +08:00&#34;,&#34;level&#34;:&#34;trace&#34;,&#34;msg&#34;:&#34;Finished sending push notifications&#34;,&#34;caller&#34;:&#34;app/notification.go:648&#34;,&#34;path&#34;:&#34;/api/v4/channels&#34;,&#34;request_id&#34;:&#34;zum1a8tpu7f8xr5j8mtzjr3w1e&#34;,&#34;ip_addr&#34;:&#34;127.0.0.1&#34;,&#34;user_id&#34;:&#34;scant8tjgfbib8jx98kwf4o91c&#34;,&#34;method&#34;:&#34;POST&#34;,&#34;type&#34;:&#34;push&#34;,&#34;sender_id&#34;:&#34;scant8tjgfbib8jx98kwf4o91c&#34;,&#34;post_id&#34;:&#34;wikfpn65dbg47bj6ud6phe7j1r&#34;}&#xA;{&#34;timestamp&#34;:&#34;2025-11-08 13:38:48.066 +08:00&#34;,&#34;level&#34;:&#34;trace&#34;,&#34;msg&#34;:&#34;Begin sending websocket notifications&#34;,&#34;caller&#34;:&#34;app/notification.go:655&#34;,&#34;path&#34;:&#34;/api/v4/channels&#34;,&#34;request_id&#34;:&#34;zum1a8tpu7f8xr5j8mtzjr3w1e&#34;,&#34;ip_addr&#34;:&#34;127.0.0.1&#34;,&#34;user_id&#34;:&#34;scant8tjgfbib8jx98kwf4o91c&#34;,&#34;method&#34;:&#34;POST&#34;,&#34;type&#34;:&#34;websocket&#34;,&#34;sender_id&#34;:&#34;scant8tjgfbib8jx98kwf4o91c&#34;,&#34;post_id&#34;:&#34;wikfpn65dbg47bj6ud6phe7j1r&#34;}&#xA;{&#34;timestamp&#34;:&#34;2025-11-08 13:38:48.066 +08:00&#34;,&#34;level&#34;:&#34;trace&#34;,&#34;msg&#34;:&#34;Finish sending websocket notifications&#34;,&#34;caller&#34;:&#34;app/notification.go:859&#34;,&#34;type&#34;:&#34;websocket&#34;,&#34;sender_id&#34;:&#34;scant8tjgfbib8jx98kwf4o91c&#34;,&#34;post_id&#34;:&#34;wikfpn65dbg47bj6ud6phe7j1r&#34;}&#xA;{&#34;timestamp&#34;:&#34;2025-11-08 13:38:48.066 +08:00&#34;,&#34;level&#34;:&#34;debug&#34;,&#34;msg&#34;:&#34;Received HTTP request&#34;,&#34;caller&#34;:&#34;web/handlers.go:175&#34;,&#34;method&#34;:&#34;POST&#34;,&#34;url&#34;:&#34;/api/v4/channels&#34;,&#34;request_id&#34;:&#34;zum1a8tpu7f8xr5j8mtzjr3w1e&#34;,&#34;user_id&#34;:&#34;scant8tjgfbib8jx98kwf4o91c&#34;,&#34;status_code&#34;:&#34;201&#34;}&#xA;{&#34;timestamp&#34;:&#34;2025-11-08 13:38:48.076 +08:00&#34;,&#34;level&#34;:&#34;trace&#34;,&#34;msg&#34;:&#34;Successfully fetched all profiles&#34;,&#34;caller&#34;:&#34;app/notification.go:162&#34;,&#34;path&#34;:&#34;/api/v4/channels&#34;,&#34;request_id&#34;:&#34;8xdfyq4fgpfk5j1i7ug8nx5m3y&#34;,&#34;ip_addr&#34;:&#34;127.0.0.1&#34;,&#34;user_id&#34;:&#34;scant8tjgfbib8jx98kwf4o91c&#34;,&#34;method&#34;:&#34;POST&#34;,&#34;sender_id&#34;:&#34;scant8tjgfbib8jx98kwf4o91c&#34;,&#34;post_id&#34;:&#34;d8bsz7esnfdjbb7tgnkbw8wzkw&#34;}&#xA;{&#34;timestamp&#34;:&#34;2025-11-08 13:38:48.077 +08:00&#34;,&#34;level&#34;:&#34;trace&#34;,&#34;msg&#34;:&#34;Finished processing mentions&#34;,&#34;caller&#34;:&#34;app/notification.go:335&#34;,&#34;path&#34;:&#34;/api/v4/channels&#34;,&#34;request_id&#34;:&#34;8xdfyq4fgpfk5j1i7ug8nx5m3y&#34;,&#34;ip_addr&#34;:&#34;127.0.0.1&#34;,&#34;user_id&#34;:&#34;scant8tjgfbib8jx98kwf4o91c&#34;,&#34;method&#34;:&#34;POST&#34;,&#34;sender_id&#34;:&#34;scant8tjgfbib8jx98kwf4o91c&#34;,&#34;post_id&#34;:&#34;d8bsz7esnfdjbb7tgnkbw8wzkw&#34;}&#xA;{&#34;timestamp&#34;:&#34;2025-11-08 13:38:48.077 +08:00&#34;,&#34;level&#34;:&#34;trace&#34;,&#34;msg&#34;:&#34;Begin sending email notifications&#34;,&#34;caller&#34;:&#34;app/notification.go:377&#34;,&#34;path&#34;:&#34;/api/v4/channels&#34;,&#34;request_id&#34;:&#34;8xdfyq4fgpfk5j1i7ug8nx5m3y&#34;,&#34;ip_addr&#34;:&#34;127.0.0.1&#34;,&#34;user_id&#34;:&#34;scant8tjgfbib8jx98kwf4o91c&#34;,&#34;method&#34;:&#34;POST&#34;,&#34;type&#34;:&#34;email&#34;,&#34;sender_id&#34;:&#34;scant8tjgfbib8jx98kwf4o91c&#34;,&#34;post_id&#34;:&#34;d8bsz7esnfdjbb7tgnkbw8wzkw&#34;}&#xA;{&#34;timestamp&#34;:&#34;2025-11-08 13:38:48.077 +08:00&#34;,&#34;level&#34;:&#34;trace&#34;,&#34;msg&#34;:&#34;Finished sending email notifications&#34;,&#34;caller&#34;:&#34;app/notification.go:446&#34;,&#34;path&#34;:&#34;/api/v4/channels&#34;,&#34;request_id&#34;:&#34;8xdfyq4fgpfk5j1i7ug8nx5m3y&#34;,&#34;ip_addr&#34;:&#34;127.0.0.1&#34;,&#34;user_id&#34;:&#34;scant8tjgfbib8jx98kwf4o91c&#34;,&#34;method&#34;:&#34;POST&#34;,&#34;type&#34;:&#34;email&#34;,&#34;sender_id&#34;:&#34;scant8tjgfbib8jx98kwf4o91c&#34;,&#34;post_id&#34;:&#34;d8bsz7esnfdjbb7tgnkbw8wzkw&#34;}&#xA;{&#34;timestamp&#34;:&#34;2025-11-08 13:38:48.077 +08:00&#34;,&#34;level&#34;:&#34;trace&#34;,&#34;msg&#34;:&#34;Begin sending push notifications&#34;,&#34;caller&#34;:&#34;app/notification.go:503&#34;,&#34;path&#34;:&#34;/api/v4/channels&#34;,&#34;request_id&#34;:&#34;8xdfyq4fgpfk5j1i7ug8nx5m3y&#34;,&#34;ip_addr&#34;:&#34;127.0.0.1&#34;,&#34;user_id&#34;:&#34;scant8tjgfbib8jx98kwf4o91c&#34;,&#34;method&#34;:&#34;POST&#34;,&#34;type&#34;:&#34;push&#34;,&#34;sender_id&#34;:&#34;scant8tjgfbib8jx98kwf4o91c&#34;,&#34;post_id&#34;:&#34;d8bsz7esnfdjbb7tgnkbw8wzkw&#34;}&#xA;{&#34;timestamp&#34;:&#34;2025-11-08 13:38:48.077 +08:00&#34;,&#34;level&#34;:&#34;trace&#34;,&#34;msg&#34;:&#34;Finished sending push notifications&#34;,&#34;caller&#34;:&#34;app/notification.go:648&#34;,&#34;path&#34;:&#34;/api/v4/channels&#34;,&#34;request_id&#34;:&#34;8xdfyq4fgpfk5j1i7ug8nx5m3y&#34;,&#34;ip_addr&#34;:&#34;127.0.0.1&#34;,&#34;user_id&#34;:&#34;scant8tjgfbib8jx98kwf4o91c&#34;,&#34;method&#34;:&#34;POST&#34;,&#34;type&#34;:&#34;push&#34;,&#34;sender_id&#34;:&#34;scant8tjgfbib8jx98kwf4o91c&#34;,&#34;post_id&#34;:&#34;d8bsz7esnfdjbb7tgnkbw8wzkw&#34;}&#xA;{&#34;timestamp&#34;:&#34;2025-11-08 13:38:48.077 +08:00&#34;,&#34;level&#34;:&#34;trace&#34;,&#34;msg&#34;:&#34;Begin sending websocket notifications&#34;,&#34;caller&#34;:&#34;app/notification.go:655&#34;,&#34;path&#34;:&#34;/api/v4/channels&#34;,&#34;request_id&#34;:&#34;8xdfyq4fgpfk5j1i7ug8nx5m3y&#34;,&#34;ip_addr&#34;:&#34;127.0.0.1&#34;,&#34;user_id&#34;:&#34;scant8tjgfbib8jx98kwf4o91c&#34;,&#34;method&#34;:&#34;POST&#34;,&#34;type&#34;:&#34;websocket&#34;,&#34;sender_id&#34;:&#34;scant8tjgfbib8jx98kwf4o91c&#34;,&#34;post_id&#34;:&#34;d8bsz7esnfdjbb7tgnkbw8wzkw&#34;}&#xA;{&#34;timestamp&#34;:&#34;2025-11-08 13:38:48.077 +08:00&#34;,&#34;level&#34;:&#34;trace&#34;,&#34;msg&#34;:&#34;Finish sending websocket notifications&#34;,&#34;caller&#34;:&#34;app/notification.go:859&#34;,&#34;type&#34;:&#34;websocket&#34;,&#34;sender_id&#34;:&#34;scant8tjgfbib8jx98kwf4o91c&#34;,&#34;post_id&#34;:&#34;d8bsz7esnfdjbb7tgnkbw8wzkw&#34;}&#xA;{&#34;timestamp&#34;:&#34;2025-11-08 13:38:48.078 +08:00&#34;,&#34;level&#34;:&#34;debug&#34;,&#34;msg&#34;:&#34;Received HTTP request&#34;,&#34;caller&#34;:&#34;web/handlers.go:175&#34;,&#34;method&#34;:&#34;POST&#34;,&#34;url&#34;:&#34;/api/v4/channels&#34;,&#34;request_id&#34;:&#34;8xdfyq4fgpfk5j1i7ug8nx5m3y&#34;,&#34;user_id&#34;:&#34;scant8tjgfbib8jx98kwf4o91c&#34;,&#34;status_code&#34;:&#34;201&#34;}&#xA;{&#34;timestamp&#34;:&#34;2025-11-08 13:38:48.083 +08:00&#34;,&#34;level&#34;:&#34;trace&#34;,&#34;msg&#34;:&#34;Successfully fetched all profiles&#34;,&#34;caller&#34;:&#34;app/notification.go:162&#34;,&#34;path&#34;:&#34;/api/v4/posts&#34;,&#34;request_id&#34;:&#34;4zbmefc6ftfz7rb7ddxgum396y&#34;,&#34;ip_addr&#34;:&#34;127.0.0.1&#34;,&#34;user_id&#34;:&#34;scant8tjgfbib8jx98kwf4o91c&#34;,&#34;method&#34;:&#34;POST&#34;,&#34;sender_id&#34;:&#34;scant8tjgfbib8jx98kwf4o91c&#34;,&#34;post_id&#34;:&#34;cqpfjf67mbrp3en4os8usq4jjw&#34;}&#xA;{&#34;timestamp&#34;:&#34;2025-11-08 13:38:48.084 +08:00&#34;,&#34;level&#34;:&#34;trace&#34;,&#34;msg&#34;:&#34;Finished processing mentions&#34;,&#34;caller&#34;:&#34;app/notification.go:335&#34;,&#34;path&#34;:&#34;/api/v4/posts&#34;,&#34;request_id&#34;:&#34;4zbmefc6ftfz7rb7ddxgum396y&#34;,&#34;ip_addr&#34;:&#34;127.0.0.1&#34;,&#34;user_id&#34;:&#34;scant8tjgfbib8jx98kwf4o91c&#34;,&#34;method&#34;:&#34;POST&#34;,&#34;sender_id&#34;:&#34;scant8tjgfbib8jx98kwf4o91c&#34;,&#34;post_id&#34;:&#34;cqpfjf67mbrp3en4os8usq4jjw&#34;}&#xA;{&#34;timestamp&#34;:&#34;2025-11-08 13:38:48.084 +08:00&#34;,&#34;level&#34;:&#34;trace&#34;,&#34;msg&#34;:&#34;Begin sending email notifications&#34;,&#34;caller&#34;:&#34;app/notification.go:377&#34;,&#34;path&#34;:&#34;/api/v4/posts&#34;,&#34;request_id&#34;:&#34;4zbmefc6ftfz7rb7ddxgum396y&#34;,&#34;ip_addr&#34;:&#34;127.0.0.1&#34;,&#34;user_id&#34;:&#34;scant8tjgfbib8jx98kwf4o91c&#34;,&#34;method&#34;:&#34;POST&#34;,&#34;type&#34;:&#34;email&#34;,&#34;sender_id&#34;:&#34;scant8tjgfbib8jx98kwf4o91c&#34;,&#34;post_id&#34;:&#34;cqpfjf67mbrp3en4os8usq4jjw&#34;}&#xA;{&#34;timestamp&#34;:&#34;2025-11-08 13:38:48.084 +08:00&#34;,&#34;level&#34;:&#34;trace&#34;,&#34;msg&#34;:&#34;Finished sending email notifications&#34;,&#34;caller&#34;:&#34;app/notification.go:446&#34;,&#34;path&#34;:&#34;/api/v4/posts&#34;,&#34;request_id&#34;:&#34;4zbmefc6ftfz7rb7ddxgum396y&#34;,&#34;ip_addr&#34;:&#34;127.0.0.1&#34;,&#34;user_id&#34;:&#34;scant8tjgfbib8jx98kwf4o91c&#34;,&#34;method&#34;:&#34;POST&#34;,&#34;type&#34;:&#34;email&#34;,&#34;sender_id&#34;:&#34;scant8tjgfbib8jx98kwf4o91c&#34;,&#34;post_id&#34;:&#34;cqpfjf67mbrp3en4os8usq4jjw&#34;}&#xA;{&#34;timestamp&#34;:&#34;2025-11-08 13:38:48.084 +08:00&#34;,&#34;level&#34;:&#34;trace&#34;,&#34;msg&#34;:&#34;Begin sending push notifications&#34;,&#34;caller&#34;:&#34;app/notification.go:503&#34;,&#34;path&#34;:&#34;/api/v4/posts&#34;,&#34;request_id&#34;:&#34;4zbmefc6ftfz7rb7ddxgum396y&#34;,&#34;ip_addr&#34;:&#34;127.0.0.1&#34;,&#34;user_id&#34;:&#34;scant8tjgfbib8jx98kwf4o91c&#34;,&#34;method&#34;:&#34;POST&#34;,&#34;type&#34;:&#34;push&#34;,&#34;sender_id&#34;:&#34;scant8tjgfbib8jx98kwf4o91c&#34;,&#34;post_id&#34;:&#34;cqpfjf67mbrp3en4os8usq4jjw&#34;}&#xA;{&#34;timestamp&#34;:&#34;2025-11-08 13:38:48.084 +08:00&#34;,&#34;level&#34;:&#34;trace&#34;,&#34;msg&#34;:&#34;Finished sending push notifications&#34;,&#34;caller&#34;:&#34;app/notification.go:648&#34;,&#34;path&#34;:&#34;/api/v4/posts&#34;,&#34;request_id&#34;:&#34;4zbmefc6ftfz7rb7ddxgum396y&#34;,&#34;ip_addr&#34;:&#34;127.0.0.1&#34;,&#34;user_id&#34;:&#34;scant8tjgfbib8jx98kwf4o91c&#34;,&#34;method&#34;:&#34;POST&#34;,&#34;type&#34;:&#34;push&#34;,&#34;sender_id&#34;:&#34;scant8tjgfbib8jx98kwf4o91c&#34;,&#34;post_id&#34;:&#34;cqpfjf67mbrp3en4os8usq4jjw&#34;}&#xA;{&#34;timestamp&#34;:&#34;2025-11-08 13:38:48.084 +08:00&#34;,&#34;level&#34;:&#34;trace&#34;,&#34;msg&#34;:&#34;Begin sending websocket notifications&#34;,&#34;caller&#34;:&#34;app/notification.go:655&#34;,&#34;path&#34;:&#34;/api/v4/posts&#34;,&#34;request_id&#34;:&#34;4zbmefc6ftfz7rb7ddxgum396y&#34;,&#34;ip_addr&#34;:&#34;127.0.0.1&#34;,&#34;user_id&#34;:&#34;scant8tjgfbib8jx98kwf4o91c&#34;,&#34;method&#34;:&#34;POST&#34;,&#34;type&#34;:&#34;websocket&#34;,&#34;sender_id&#34;:&#34;scant8tjgfbib8jx98kwf4o91c&#34;,&#34;post_id&#34;:&#34;cqpfjf67mbrp3en4os8usq4jjw&#34;}&#xA;{&#34;timestamp&#34;:&#34;2025-11-08 13:38:48.084 +08:00&#34;,&#34;level&#34;:&#34;trace&#34;,&#34;msg&#34;:&#34;Finish sending websocket notifications&#34;,&#34;caller&#34;:&#34;app/notification.go:859&#34;,&#34;type&#34;:&#34;websocket&#34;,&#34;sender_id&#34;:&#34;scant8tjgfbib8jx98kwf4o91c&#34;,&#34;post_id&#34;:&#34;cqpfjf67mbrp3en4os8usq4jjw&#34;}&#xA;{&#34;timestamp&#34;:&#34;2025-11-08 13:38:48.086 +08:00&#34;,&#34;level&#34;:&#34;debug&#34;,&#34;msg&#34;:&#34;Received HTTP request&#34;,&#34;caller&#34;:&#34;web/handlers.go:175&#34;,&#34;method&#34;:&#34;POST&#34;,&#34;url&#34;:&#34;/api/v4/posts&#34;,&#34;request_id&#34;:&#34;4zbmefc6ftfz7rb7ddxgum396y&#34;,&#34;user_id&#34;:&#34;scant8tjgfbib8jx98kwf4o91c&#34;,&#34;status_code&#34;:&#34;201&#34;}&#xA;{&#34;timestamp&#34;:&#34;2025-11-08 13:38:48.099 +08:00&#34;,&#34;level&#34;:&#34;trace&#34;,&#34;msg&#34;:&#34;Successfully fetched all profiles&#34;,&#34;caller&#34;:&#34;app/notification.go:162&#34;,&#34;sender_id&#34;:&#34;soy8dqjy73r7pxqutm918mta4e&#34;,&#34;post_id&#34;:&#34;s1e8nmto3i8ruy3txxy3op4a4a&#34;}&#xA;{&#34;timestamp&#34;:&#34;2025-11-08 13:38:48.101 +08:00&#34;,&#34;level&#34;:&#34;trace&#34;,&#34;msg&#34;:&#34;Finished processing mentions&#34;,&#34;caller&#34;:&#34;app/notification.go:335&#34;,&#34;sender_id&#34;:&#34;soy8dqjy73r7pxqutm918mta4e&#34;,&#34;post_id&#34;:&#34;s1e8nmto3i8ruy3txxy3op4a4a&#34;}&#xA;{&#34;timestamp&#34;:&#34;2025-11-08 13:38:48.101 +08:00&#34;,&#34;level&#34;:&#34;trace&#34;,&#34;msg&#34;:&#34;Begin sending email notifications&#34;,&#34;caller&#34;:&#34;app/notification.go:377&#34;,&#34;type&#34;:&#34;email&#34;,&#34;sender_id&#34;:&#34;soy8dqjy73r7pxqutm918mta4e&#34;,&#34;post_id&#34;:&#34;s1e8nmto3i8ruy3txxy3op4a4a&#34;}&#xA;{&#34;timestamp&#34;:&#34;2025-11-08 13:38:48.101 +08:00&#34;,&#34;level&#34;:&#34;trace&#34;,&#34;msg&#34;:&#34;Finished sending email notifications&#34;,&#34;caller&#34;:&#34;app/notification.go:446&#34;,&#34;type&#34;:&#34;email&#34;,&#34;sender_id&#34;:&#34;soy8dqjy73r7pxqutm918mta4e&#34;,&#34;post_id&#34;:&#34;s1e8nmto3i8ruy3txxy3op4a4a&#34;}&#xA;{&#34;timestamp&#34;:&#34;2025-11-08 13:38:48.101 +08:00&#34;,&#34;level&#34;:&#34;trace&#34;,&#34;msg&#34;:&#34;Begin sending push notifications&#34;,&#34;caller&#34;:&#34;app/notification.go:503&#34;,&#34;type&#34;:&#34;push&#34;,&#34;sender_id&#34;:&#34;soy8dqjy73r7pxqutm918mta4e&#34;,&#34;post_id&#34;:&#34;s1e8nmto3i8ruy3txxy3op4a4a&#34;}&#xA;{&#34;timestamp&#34;:&#34;2025-11-08 13:38:48.101 +08:00&#34;,&#34;level&#34;:&#34;trace&#34;,&#34;msg&#34;:&#34;Finished sending push notifications&#34;,&#34;caller&#34;:&#34;app/notification.go:648&#34;,&#34;type&#34;:&#34;push&#34;,&#34;sender_id&#34;:&#34;soy8dqjy73r7pxqutm918mta4e&#34;,&#34;post_id&#34;:&#34;s1e8nmto3i8ruy3txxy3op4a4a&#34;}&#xA;{&#34;timestamp&#34;:&#34;2025-11-08 13:38:48.101 +08:00&#34;,&#34;level&#34;:&#34;trace&#34;,&#34;msg&#34;:&#34;Begin sending websocket notifications&#34;,&#34;caller&#34;:&#34;app/notification.go:655&#34;,&#34;type&#34;:&#34;websocket&#34;,&#34;sender_id&#34;:&#34;soy8dqjy73r7pxqutm918mta4e&#34;,&#34;post_id&#34;:&#34;s1e8nmto3i8ruy3txxy3op4a4a&#34;}&#xA;{&#34;timestamp&#34;:&#34;2025-11-08 13:38:48.101 +08:00&#34;,&#34;level&#34;:&#34;trace&#34;,&#34;msg&#34;:&#34;Finish sending websocket notifications&#34;,&#34;caller&#34;:&#34;app/notification.go:859&#34;,&#34;type&#34;:&#34;websocket&#34;,&#34;sender_id&#34;:&#34;soy8dqjy73r7pxqutm918mta4e&#34;,&#34;post_id&#34;:&#34;s1e8nmto3i8ruy3txxy3op4a4a&#34;}&#xA;{&#34;timestamp&#34;:&#34;2025-11-08 13:38:48.109 +08:00&#34;,&#34;level&#34;:&#34;trace&#34;,&#34;msg&#34;:&#34;Successfully fetched all profiles&#34;,&#34;caller&#34;:&#34;app/notification.go:162&#34;,&#34;sender_id&#34;:&#34;soy8dqjy73r7pxqutm918mta4e&#34;,&#34;post_id&#34;:&#34;4r9btqxzubnoiehc1bbxjffrze&#34;}&#xA;{&#34;timestamp&#34;:&#34;2025-11-08 13:38:48.112 +08:00&#34;,&#34;level&#34;:&#34;trace&#34;,&#34;msg&#34;:&#34;Finished processing mentions&#34;,&#34;caller&#34;:&#34;app/notification.go:335&#34;,&#34;sender_id&#34;:&#34;soy8dqjy73r7pxqutm918mta4e&#34;,&#34;post_id&#34;:&#34;4r9btqxzubnoiehc1bbxjffrze&#34;}&#xA;{&#34;timestamp&#34;:&#34;2025-11-08 13:38:48.112 +08:00&#34;,&#34;level&#34;:&#34;trace&#34;,&#34;msg&#34;:&#34;Begin sending email notifications&#34;,&#34;caller&#34;:&#34;app/notification.go:377&#34;,&#34;type&#34;:&#34;email&#34;,&#34;sender_id&#34;:&#34;soy8dqjy73r7pxqutm918mta4e&#34;,&#34;post_id&#34;:&#34;4r9btqxzubnoiehc1bbxjffrze&#34;}&#xA;{&#34;timestamp&#34;:&#34;2025-11-08 13:38:48.112 +08:00&#34;,&#34;level&#34;:&#34;trace&#34;,&#34;msg&#34;:&#34;Finished sending email notifications&#34;,&#34;caller&#34;:&#34;app/notification.go:446&#34;,&#34;type&#34;:&#34;email&#34;,&#34;sender_id&#34;:&#34;soy8dqjy73r7pxqutm918mta4e&#34;,&#34;post_id&#34;:&#34;4r9btqxzubnoiehc1bbxjffrze&#34;}&#xA;{&#34;timestamp&#34;:&#34;2025-11-08 13:38:48.112 +08:00&#34;,&#34;level&#34;:&#34;trace&#34;,&#34;msg&#34;:&#34;Begin sending push notifications&#34;,&#34;caller&#34;:&#34;app/notification.go:503&#34;,&#34;type&#34;:&#34;push&#34;,&#34;sender_id&#34;:&#34;soy8dqjy73r7pxqutm918mta4e&#34;,&#34;post_id&#34;:&#34;4r9btqxzubnoiehc1bbxjffrze&#34;}&#xA;{&#34;timestamp&#34;:&#34;2025-11-08 13:38:48.112 +08:00&#34;,&#34;level&#34;:&#34;trace&#34;,&#34;msg&#34;:&#34;Finished sending push notifications&#34;,&#34;caller&#34;:&#34;app/notification.go:648&#34;,&#34;type&#34;:&#34;push&#34;,&#34;sender_id&#34;:&#34;soy8dqjy73r7pxqutm918mta4e&#34;,&#34;post_id&#34;:&#34;4r9btqxzubnoiehc1bbxjffrze&#34;}&#xA;{&#34;timestamp&#34;:&#34;2025-11-08 13:38:48.112 +08:00&#34;,&#34;level&#34;:&#34;trace&#34;,&#34;msg&#34;:&#34;Begin sending websocket notifications&#34;,&#34;caller&#34;:&#34;app/notification.go:655&#34;,&#34;type&#34;:&#34;websocket&#34;,&#34;sender_id&#34;:&#34;soy8dqjy73r7pxqutm918mta4e&#34;,&#34;post_id&#34;:&#34;4r9btqxzubnoiehc1bbxjffrze&#34;}&#xA;{&#34;timestamp&#34;:&#34;2025-11-08 13:38:48.112 +08:00&#34;,&#34;level&#34;:&#34;trace&#34;,&#34;msg&#34;:&#34;Finish sending websocket notifications&#34;,&#34;caller&#34;:&#34;app/notification.go:859&#34;,&#34;type&#34;:&#34;websocket&#34;,&#34;sender_id&#34;:&#34;soy8dqjy73r7pxqutm918mta4e&#34;,&#34;post_id&#34;:&#34;4r9btqxzubnoiehc1bbxjffrze&#34;}&#xA;{&#34;timestamp&#34;:&#34;2025-11-08 13:38:48.125 +08:00&#34;,&#34;level&#34;:&#34;trace&#34;,&#34;msg&#34;:&#34;Successfully fetched all profiles&#34;,&#34;caller&#34;:&#34;app/notification.go:162&#34;,&#34;sender_id&#34;:&#34;8bwsygt3qtdwtmhwy5s85br94o&#34;,&#34;post_id&#34;:&#34;78fcz8qugj8zde7d5bqu9q8yee&#34;}&#xA;{&#34;timestamp&#34;:&#34;2025-11-08 13:38:48.127 +08:00&#34;,&#34;level&#34;:&#34;trace&#34;,&#34;msg&#34;:&#34;Finished processing mentions&#34;,&#34;caller&#34;:&#34;app/notification.go:335&#34;,&#34;sender_id&#34;:&#34;8bwsygt3qtdwtmhwy5s85br94o&#34;,&#34;post_id&#34;:&#34;78fcz8qugj8zde7d5bqu9q8yee&#34;}&#xA;{&#34;timestamp&#34;:&#34;2025-11-08 13:38:48.127 +08:00&#34;,&#34;level&#34;:&#34;trace&#34;,&#34;msg&#34;:&#34;Begin sending email notifications&#34;,&#34;caller&#34;:&#34;app/notification.go:377&#34;,&#34;type&#34;:&#34;email&#34;,&#34;sender_id&#34;:&#34;8bwsygt3qtdwtmhwy5s85br94o&#34;,&#34;post_id&#34;:&#34;78fcz8qugj8zde7d5bqu9q8yee&#34;}&#xA;{&#34;timestamp&#34;:&#34;2025-11-08 13:38:48.127 +08:00&#34;,&#34;level&#34;:&#34;trace&#34;,&#34;msg&#34;:&#34;Finished sending email notifications&#34;,&#34;caller&#34;:&#34;app/notification.go:446&#34;,&#34;type&#34;:&#34;email&#34;,&#34;sender_id&#34;:&#34;8bwsygt3qtdwtmhwy5s85br94o&#34;,&#34;post_id&#34;:&#34;78fcz8qugj8zde7d5bqu9q8yee&#34;}&#xA;{&#34;timestamp&#34;:&#34;2025-11-08 13:38:48.127 +08:00&#34;,&#34;level&#34;:&#34;trace&#34;,&#34;msg&#34;:&#34;Begin sending push notifications&#34;,&#34;caller&#34;:&#34;app/notification.go:503&#34;,&#34;type&#34;:&#34;push&#34;,&#34;sender_id&#34;:&#34;8bwsygt3qtdwtmhwy5s85br94o&#34;,&#34;post_id&#34;:&#34;78fcz8qugj8zde7d5bqu9q8yee&#34;}&#xA;{&#34;timestamp&#34;:&#34;2025-11-08 13:38:48.127 +08:00&#34;,&#34;level&#34;:&#34;trace&#34;,&#34;msg&#34;:&#34;Finished sending push notifications&#34;,&#34;caller&#34;:&#34;app/notification.go:648&#34;,&#34;type&#34;:&#34;push&#34;,&#34;sender_id&#34;:&#34;8bwsygt3qtdwtmhwy5s85br94o&#34;,&#34;post_id&#34;:&#34;78fcz8qugj8zde7d5bqu9q8yee&#34;}&#xA;{&#34;timestamp&#34;:&#34;2025-11-08 13:38:48.127 +08:00&#34;,&#34;level&#34;:&#34;trace&#34;,&#34;msg&#34;:&#34;Begin sending websocket notifications&#34;,&#34;caller&#34;:&#34;app/notification.go:655&#34;,&#34;type&#34;:&#34;websocket&#34;,&#34;sender_id&#34;:&#34;8bwsygt3qtdwtmhwy5s85br94o&#34;,&#34;post_id&#34;:&#34;78fcz8qugj8zde7d5bqu9q8yee&#34;}&#xA;{&#34;timestamp&#34;:&#34;2025-11-08 13:38:48.127 +08:00&#34;,&#34;level&#34;:&#34;trace&#34;,&#34;msg&#34;:&#34;Finish sending websocket notifications&#34;,&#34;caller&#34;:&#34;app/notification.go:859&#34;,&#34;type&#34;:&#34;websocket&#34;,&#34;sender_id&#34;:&#34;8bwsygt3qtdwtmhwy5s85br94o&#34;,&#34;post_id&#34;:&#34;78fcz8qugj8zde7d5bqu9q8yee&#34;}&#xA;{&#34;timestamp&#34;:&#34;2025-11-08 13:38:48.135 +08:00&#34;,&#34;level&#34;:&#34;trace&#34;,&#34;msg&#34;:&#34;Successfully fetched all profiles&#34;,&#34;caller&#34;:&#34;app/notification.go:162&#34;,&#34;sender_id&#34;:&#34;8bwsygt3qtdwtmhwy5s85br94o&#34;,&#34;post_id&#34;:&#34;moaq6okfrtbtmq14n3hyx4kz8e&#34;}&#xA;{&#34;timestamp&#34;:&#34;2025-11-08 13:38:48.137 +08:00&#34;,&#34;level&#34;:&#34;trace&#34;,&#34;msg&#34;:&#34;Finished processing mentions&#34;,&#34;caller&#34;:&#34;app/notification.go:335&#34;,&#34;sender_id&#34;:&#34;8bwsygt3qtdwtmhwy5s85br94o&#34;,&#34;post_id&#34;:&#34;moaq6okfrtbtmq14n3hyx4kz8e&#34;}&#xA;{&#34;timestamp&#34;:&#34;2025-11-08 13:38:48.137 +08:00&#34;,&#34;level&#34;:&#34;trace&#34;,&#34;msg&#34;:&#34;Begin sending email notifications&#34;,&#34;caller&#34;:&#34;app/notification.go:377&#34;,&#34;type&#34;:&#34;email&#34;,&#34;sender_id&#34;:&#34;8bwsygt3qtdwtmhwy5s85br94o&#34;,&#34;post_id&#34;:&#34;moaq6okfrtbtmq14n3hyx4kz8e&#34;}&#xA;{&#34;timestamp&#34;:&#34;2025-11-08 13:38:48.137 +08:00&#34;,&#34;level&#34;:&#34;trace&#34;,&#34;msg&#34;:&#34;Finished sending email notifications&#34;,&#34;caller&#34;:&#34;app/notification.go:446&#34;,&#34;type&#34;:&#34;email&#34;,&#34;sender_id&#34;:&#34;8bwsygt3qtdwtmhwy5s85br94o&#34;,&#34;post_id&#34;:&#34;moaq6okfrtbtmq14n3hyx4kz8e&#34;}&#xA;{&#34;timestamp&#34;:&#34;2025-11-08 13:38:48.137 +08:00&#34;,&#34;level&#34;:&#34;trace&#34;,&#34;msg&#34;:&#34;Begin sending push notifications&#34;,&#34;caller&#34;:&#34;app/notification.go:503&#34;,&#34;type&#34;:&#34;push&#34;,&#34;sender_id&#34;:&#34;8bwsygt3qtdwtmhwy5s85br94o&#34;,&#34;post_id&#34;:&#34;moaq6okfrtbtmq14n3hyx4kz8e&#34;}&#xA;{&#34;timestamp&#34;:&#34;2025-11-08 13:38:48.137 +08:00&#34;,&#34;level&#34;:&#34;trace&#34;,&#34;msg&#34;:&#34;Finished sending push notifications&#34;,&#34;caller&#34;:&#34;app/notification.go:648&#34;,&#34;type&#34;:&#34;push&#34;,&#34;sender_id&#34;:&#34;8bwsygt3qtdwtmhwy5s85br94o&#34;,&#34;post_id&#34;:&#34;moaq6okfrtbtmq14n3hyx4kz8e&#34;}&#xA;{&#34;timestamp&#34;:&#34;2025-11-08 13:38:48.137 +08:00&#34;,&#34;level&#34;:&#34;trace&#34;,&#34;msg&#34;:&#34;Begin sending websocket notifications&#34;,&#34;caller&#34;:&#34;app/notification.go:655&#34;,&#34;type&#34;:&#34;websocket&#34;,&#34;sender_id&#34;:&#34;8bwsygt3qtdwtmhwy5s85br94o&#34;,&#34;post_id&#34;:&#34;moaq6okfrtbtmq14n3hyx4kz8e&#34;}&#xA;{&#34;timestamp&#34;:&#34;2025-11-08 13:38:48.137 +08:00&#34;,&#34;level&#34;:&#34;trace&#34;,&#34;msg&#34;:&#34;Finish sending websocket notifications&#34;,&#34;caller&#34;:&#34;app/notification.go:859&#34;,&#34;type&#34;:&#34;websocket&#34;,&#34;sender_id&#34;:&#34;8bwsygt3qtdwtmhwy5s85br94o&#34;,&#34;post_id&#34;:&#34;moaq6okfrtbtmq14n3hyx4kz8e&#34;}&#xA;{&#34;timestamp&#34;:&#34;2025-11-08 13:38:48.188 +08:00&#34;,&#34;level&#34;:&#34;trace&#34;,&#34;msg&#34;:&#34;Successfully fetched all profiles&#34;,&#34;caller&#34;:&#34;app/notification.go:162&#34;,&#34;path&#34;:&#34;/api/v4/channels/unuc1mouubnbtxntwugaj5hxoa&#34;,&#34;request_id&#34;:&#34;9j997rtcfp8b7pibgstoct7bjc&#34;,&#34;ip_addr&#34;:&#34;127.0.0.1&#34;,&#34;user_id&#34;:&#34;scant8tjgfbib8jx98kwf4o91c&#34;,&#34;method&#34;:&#34;DELETE&#34;,&#34;sender_id&#34;:&#34;scant8tjgfbib8jx98kwf4o91c&#34;,&#34;post_id&#34;:&#34;zu7o6p5b6bnwxddfx94bu1ykoa&#34;}&#xA;{&#34;timestamp&#34;:&#34;2025-11-08 13:38:48.189 +08:00&#34;,&#34;level&#34;:&#34;trace&#34;,&#34;msg&#34;:&#34;Finished processing mentions&#34;,&#34;caller&#34;:&#34;app/notification.go:335&#34;,&#34;path&#34;:&#34;/api/v4/channels/unuc1mouubnbtxntwugaj5hxoa&#34;,&#34;request_id&#34;:&#34;9j997rtcfp8b7pibgstoct7bjc&#34;,&#34;ip_addr&#34;:&#34;127.0.0.1&#34;,&#34;user_id&#34;:&#34;scant8tjgfbib8jx98kwf4o91c&#34;,&#34;method&#34;:&#34;DELETE&#34;,&#34;sender_id&#34;:&#34;scant8tjgfbib8jx98kwf4o91c&#34;,&#34;post_id&#34;:&#34;zu7o6p5b6bnwxddfx94bu1ykoa&#34;}&#xA;{&#34;timestamp&#34;:&#34;2025-11-08 13:38:48.189 +08:00&#34;,&#34;level&#34;:&#34;trace&#34;,&#34;msg&#34;:&#34;Begin sending email notifications&#34;,&#34;caller&#34;:&#34;app/notification.go:377&#34;,&#34;path&#34;:&#34;/api/v4/channels/unuc1mouubnbtxntwugaj5hxoa&#34;,&#34;request_id&#34;:&#34;9j997rtcfp8b7pibgstoct7bjc&#34;,&#34;ip_addr&#34;:&#34;127.0.0.1&#34;,&#34;user_id&#34;:&#34;scant8tjgfbib8jx98kwf4o91c&#34;,&#34;method&#34;:&#34;DELETE&#34;,&#34;type&#34;:&#34;email&#34;,&#34;sender_id&#34;:&#34;scant8tjgfbib8jx98kwf4o91c&#34;,&#34;post_id&#34;:&#34;zu7o6p5b6bnwxddfx94bu1ykoa&#34;}&#xA;{&#34;timestamp&#34;:&#34;2025-11-08 13:38:48.189 +08:00&#34;,&#34;level&#34;:&#34;trace&#34;,&#34;msg&#34;:&#34;Finished sending email notifications&#34;,&#34;caller&#34;:&#34;app/notification.go:446&#34;,&#34;path&#34;:&#34;/api/v4/channels/unuc1mouubnbtxntwugaj5hxoa&#34;,&#34;request_id&#34;:&#34;9j997rtcfp8b7pibgstoct7bjc&#34;,&#34;ip_addr&#34;:&#34;127.0.0.1&#34;,&#34;user_id&#34;:&#34;scant8tjgfbib8jx98kwf4o91c&#34;,&#34;method&#34;:&#34;DELETE&#34;,&#34;type&#34;:&#34;email&#34;,&#34;sender_id&#34;:&#34;scant8tjgfbib8jx98kwf4o91c&#34;,&#34;post_id&#34;:&#34;zu7o6p5b6bnwxddfx94bu1ykoa&#34;}&#xA;{&#34;timestamp&#34;:&#34;2025-11-08 13:38:48.189 +08:00&#34;,&#34;level&#34;:&#34;trace&#34;,&#34;msg&#34;:&#34;Begin sending push notifications&#34;,&#34;caller&#34;:&#34;app/notification.go:503&#34;,&#34;path&#34;:&#34;/api/v4/channels/unuc1mouubnbtxntwugaj5hxoa&#34;,&#34;request_id&#34;:&#34;9j997rtcfp8b7pibgstoct7bjc&#34;,&#34;ip_addr&#34;:&#34;127.0.0.1&#34;,&#34;user_id&#34;:&#34;scant8tjgfbib8jx98kwf4o91c&#34;,&#34;method&#34;:&#34;DELETE&#34;,&#34;type&#34;:&#34;push&#34;,&#34;sender_id&#34;:&#34;scant8tjgfbib8jx98kwf4o91c&#34;,&#34;post_id&#34;:&#34;zu7o6p5b6bnwxddfx94bu1ykoa&#34;}&#xA;{&#34;timestamp&#34;:&#34;2025-11-08 13:38:48.189 +08:00&#34;,&#34;level&#34;:&#34;trace&#34;,&#34;msg&#34;:&#34;Finished sending push notifications&#34;,&#34;caller&#34;:&#34;app/notification.go:648&#34;,&#34;path&#34;:&#34;/api/v4/channels/unuc1mouubnbtxntwugaj5hxoa&#34;,&#34;request_id&#34;:&#34;9j997rtcfp8b7pibgstoct7bjc&#34;,&#34;ip_addr&#34;:&#34;127.0.0.1&#34;,&#34;user_id&#34;:&#34;scant8tjgfbib8jx98kwf4o91c&#34;,&#34;method&#34;:&#34;DELETE&#34;,&#34;type&#34;:&#34;push&#34;,&#34;sender_id&#34;:&#34;scant8tjgfbib8jx98kwf4o91c&#34;,&#34;post_id&#34;:&#34;zu7o6p5b6bnwxddfx94bu1ykoa&#34;}&#xA;{&#34;timestamp&#34;:&#34;2025-11-08 13:38:48.189 +08:00&#34;,&#34;level&#34;:&#34;trace&#34;,&#34;msg&#34;:&#34;Begin sending websocket notifications&#34;,&#34;caller&#34;:&#34;app/notification.go:655&#34;,&#34;path&#34;:&#34;/api/v4/channels/unuc1mouubnbtxntwugaj5hxoa&#34;,&#34;request_id&#34;:&#34;9j997rtcfp8b7pibgstoct7bjc&#34;,&#34;ip_addr&#34;:&#34;127.0.0.1&#34;,&#34;user_id&#34;:&#34;scant8tjgfbib8jx98kwf4o91c&#34;,&#34;method&#34;:&#34;DELETE&#34;,&#34;type&#34;:&#34;websocket&#34;,&#34;sender_id&#34;:&#34;scant8tjgfbib8jx98kwf4o91c&#34;,&#34;post_id&#34;:&#34;zu7o6p5b6bnwxddfx94bu1ykoa&#34;}&#xA;{&#34;timestamp&#34;:&#34;2025-11-08 13:38:48.189 +08:00&#34;,&#34;level&#34;:&#34;trace&#34;,&#34;msg&#34;:&#34;Finish sending websocket notifications&#34;,&#34;caller&#34;:&#34;app/notification.go:859&#34;,&#34;type&#34;:&#34;websocket&#34;,&#34;sender_id&#34;:&#34;scant8tjgfbib8jx98kwf4o91c&#34;,&#34;post_id&#34;:&#34;zu7o6p5b6bnwxddfx94bu1ykoa&#34;}&#xA;{&#34;timestamp&#34;:&#34;2025-11-08 13:38:48.191 +08:00&#34;,&#34;level&#34;:&#34;debug&#34;,&#34;msg&#34;:&#34;Received HTTP request&#34;,&#34;caller&#34;:&#34;web/handlers.go:175&#34;,&#34;method&#34;:&#34;DELETE&#34;,&#34;url&#34;:&#34;/api/v4/channels/unuc1mouubnbtxntwugaj5hxoa&#34;,&#34;request_id&#34;:&#34;9j997rtcfp8b7pibgstoct7bjc&#34;,&#34;user_id&#34;:&#34;scant8tjgfbib8jx98kwf4o91c&#34;,&#34;status_code&#34;:&#34;200&#34;}&#xA;{&#34;timestamp&#34;:&#34;2025-11-08 13:38:48.262 +08:00&#34;,&#34;level&#34;:&#34;debug&#34;,&#34;msg&#34;:&#34;Received HTTP request&#34;,&#34;caller&#34;:&#34;web/handlers.go:175&#34;,&#34;method&#34;:&#34;POST&#34;,&#34;url&#34;:&#34;/api/v4/users/login&#34;,&#34;request_id&#34;:&#34;wpehm3r6yt85tgh5yecqmmg1qo&#34;,&#34;user_id&#34;:&#34;soy8dqjy73r7pxqutm918mta4e&#34;,&#34;status_code&#34;:&#34;200&#34;}&#xA;{&#34;timestamp&#34;:&#34;2025-11-08 13:38:49.099 +08:00&#34;,&#34;level&#34;:&#34;info&#34;,&#34;msg&#34;:&#34;Purging all caches&#34;,&#34;caller&#34;:&#34;platform/cluster_handlers.go:106&#34;}&#xA;{&#34;timestamp&#34;:&#34;2025-11-08 13:38:49.112 +08:00&#34;,&#34;level&#34;:&#34;info&#34;,&#34;msg&#34;:&#34;License key has not been uploaded. Loading license key from disk.&#34;,&#34;caller&#34;:&#34;utils/license.go:111&#34;,&#34;filename&#34;:&#34;/var/folders/1n/pqlsv6q17rj1dzy3vhp46n1r0000gn/T/apptest32610766/license.json&#34;}&#xA;{&#34;timestamp&#34;:&#34;2025-11-08 13:38:49.112 +08:00&#34;,&#34;level&#34;:&#34;warn&#34;,&#34;msg&#34;:&#34;Failed to get license from disk&#34;,&#34;caller&#34;:&#34;platform/license.go:93&#34;,&#34;error&#34;:&#34;We could not find the license key on disk at /var/folders/1n/pqlsv6q17rj1dzy3vhp46n1r0000gn/T/apptest32610766/license.json: stat /var/folders/1n/pqlsv6q17rj1dzy3vhp46n1r0000gn/T/apptest32610766/license.json: no such file or directory&#34;}&#xA;{&#34;timestamp&#34;:&#34;2025-11-08 13:38:49.112 +08:00&#34;,&#34;level&#34;:&#34;info&#34;,&#34;msg&#34;:&#34;Mattermost Entry is enabled. Unlocking enterprise features.&#34;,&#34;caller&#34;:&#34;platform/license.go:106&#34;}&#xA;{&#34;timestamp&#34;:&#34;2025-11-08 13:38:49.112 +08:00&#34;,&#34;level&#34;:&#34;info&#34;,&#34;msg&#34;:&#34;Set license&#34;,&#34;caller&#34;:&#34;platform/license.go:420&#34;,&#34;id&#34;:&#34;hwm749xi6bdbfemif5zbkwtjyo&#34;,&#34;issued_at&#34;:&#34;1970-01-01 08:00:00.000 +08:00&#34;,&#34;starts_at&#34;:&#34;2025-11-08 13:38:49.112 +08:00&#34;,&#34;expires_at&#34;:&#34;2026-02-16 13:38:49.112 +08:00&#34;,&#34;sku_name&#34;:&#34;Mattermost Entry&#34;,&#34;sku_short_name&#34;:&#34;entry&#34;,&#34;is_trial&#34;:false,&#34;is_gov_sku&#34;:false,&#34;customer_id&#34;:&#34;hwm749xi6bdbfemif5zbkwtjyo&#34;,&#34;features.users&#34;:100000,&#34;features&#34;:{&#34;advanced_logging&#34;:true,&#34;cloud&#34;:false,&#34;cluster&#34;:false,&#34;compliance&#34;:false,&#34;custom_permissions_schemes&#34;:false,&#34;data_retention&#34;:false,&#34;elastic_search&#34;:false,&#34;email_notification_contents&#34;:true,&#34;enterprise_pl
[...]
		<testcase classname="github.com/mattermost/mattermost/server/v8/cmd/mmctl/commands" name="TestMmctlE2ESuite/TestUserConvertCmdF/Error_when_no_flag_provided/LocalClient" time="0.000000"></testcase>
		<testcase classname="github.com/mattermost/mattermost/server/v8/cmd/mmctl/commands" name="TestMmctlE2ESuite/TestUserConvertCmdF/Error_for_invalid_user/Client" time="0.000000"></testcase>
		<testcase classname="github.com/mattermost/mattermost/server/v8/cmd/mmctl/commands" name="TestMmctlE2ESuite/TestUserConvertCmdF/Error_for_invalid_user/SystemAdminClient" time="0.000000"></testcase>
		<testcase classname="github.com/mattermost/mattermost/server/v8/cmd/mmctl/commands" name="TestMmctlE2ESuite/TestUserConvertCmdF/Error_for_invalid_user/LocalClient" time="0.000000"></testcase>
		<testcase classname="github.com/mattermost/mattermost/server/v8/cmd/mmctl/commands" name="TestMmctlE2ESuite/TestUserConvertCmdF/Valid_user_to_bot_convert/SystemAdminClient" time="0.070000"></testcase>
		<testcase classname="github.com/mattermost/mattermost/server/v8/cmd/mmctl/commands" name="TestMmctlE2ESuite/TestUserConvertCmdF/Valid_user_to_bot_convert/LocalClient" time="0.080000"></testcase>
		<testcase classname="github.com/mattermost/mattermost/server/v8/cmd/mmctl/commands" name="TestMmctlE2ESuite/TestUserConvertCmdF/Permission_error_for_valid_user_to_bot_convert" time="0.010000"></testcase>
		<testcase classname="github.com/mattermost/mattermost/server/v8/cmd/mmctl/commands" name="TestMmctlE2ESuite/TestUserConvertCmdF/Valid_bot_to_user_convert/SystemAdminClient" time="0.100000"></testcase>
		<testcase classname="github.com/mattermost/mattermost/server/v8/cmd/mmctl/commands" name="TestMmctlE2ESuite/TestUserConvertCmdF/Valid_bot_to_user_convert/LocalClient" time="0.090000"></testcase>
		<testcase classname="github.com/mattermost/mattermost/server/v8/cmd/mmctl/commands" name="TestMmctlE2ESuite/TestUserConvertCmdF/Permission_error_for_valid_bot_to_user_convert" time="0.010000"></testcase>
		<testcase classname="github.com/mattermost/mattermost/server/v8/cmd/mmctl/commands" name="TestMmctlE2ESuite/TestUserConvertCmdF" time="1.830000"></testcase>
		<testcase classname="github.com/mattermost/mattermost/server/v8/cmd/mmctl/commands" name="TestMmctlE2ESuite/TestUserDeactivateCmd/Deactivate_user/SystemAdminClient" time="0.010000"></testcase>
		<testcase classname="github.com/mattermost/mattermost/server/v8/cmd/mmctl/commands" name="TestMmctlE2ESuite/TestUserDeactivateCmd/Deactivate_user/LocalClient" time="0.010000"></testcase>
		<testcase classname="github.com/mattermost/mattermost/server/v8/cmd/mmctl/commands" name="TestMmctlE2ESuite/TestUserDeactivateCmd/Deactivate_user_without_permissions" time="0.010000"></testcase>
		<testcase classname="github.com/mattermost/mattermost/server/v8/cmd/mmctl/commands" name="TestMmctlE2ESuite/TestUserDeactivateCmd/Deactivate_nonexistent_user/Client" time="0.000000"></testcase>
		<testcase classname="github.com/mattermost/mattermost/server/v8/cmd/mmctl/commands" name="TestMmctlE2ESuite/TestUserDeactivateCmd/Deactivate_nonexistent_user/SystemAdminClient" time="0.000000"></testcase>
		<testcase classname="github.com/mattermost/mattermost/server/v8/cmd/mmctl/commands" name="TestMmctlE2ESuite/TestUserDeactivateCmd/Deactivate_nonexistent_user/LocalClient" time="0.000000"></testcase>
		<testcase classname="github.com/mattermost/mattermost/server/v8/cmd/mmctl/commands" name="TestMmctlE2ESuite/TestUserDeactivateCmd" time="1.580000"></testcase>
		<testcase classname="github.com/mattermost/mattermost/server/v8/cmd/mmctl/commands" name="TestMmctlE2ESuite/TestUserEditAuthdataCmd/Edit_authdata_without_permission" time="0.000000"></testcase>
		<testcase classname="github.com/mattermost/mattermost/server/v8/cmd/mmctl/commands" name="TestMmctlE2ESuite/TestUserEditAuthdataCmd/Clear_authdata_returns_error/SystemAdminClient" time="0.000000"></testcase>
		<testcase classname="github.com/mattermost/mattermost/server/v8/cmd/mmctl/commands" name="TestMmctlE2ESuite/TestUserEditAuthdataCmd/Clear_authdata_returns_error/LocalClient" time="0.000000"></testcase>
		<testcase classname="github.com/mattermost/mattermost/server/v8/cmd/mmctl/commands" name="TestMmctlE2ESuite/TestUserEditAuthdataCmd/Edit_authdata_with_too_long_value/SystemAdminClient" time="0.000000"></testcase>
		<testcase classname="github.com/mattermost/mattermost/server/v8/cmd/mmctl/commands" name="TestMmctlE2ESuite/TestUserEditAuthdataCmd/Edit_authdata_with_too_long_value/LocalClient" time="0.000000"></testcase>
		<testcase classname="github.com/mattermost/mattermost/server/v8/cmd/mmctl/commands" name="TestMmctlE2ESuite/TestUserEditAuthdataCmd/Edit_authdata_for_nonexistent_user/SystemAdminClient" time="0.000000"></testcase>
		<testcase classname="github.com/mattermost/mattermost/server/v8/cmd/mmctl/commands" name="TestMmctlE2ESuite/TestUserEditAuthdataCmd/Edit_authdata_for_nonexistent_user/LocalClient" time="0.000000"></testcase>
		<testcase classname="github.com/mattermost/mattermost/server/v8/cmd/mmctl/commands" name="TestMmctlE2ESuite/TestUserEditAuthdataCmd/Edit_authdata_successfully/SystemAdminClient" time="0.000000"></testcase>
		<testcase classname="github.com/mattermost/mattermost/server/v8/cmd/mmctl/commands" name="TestMmctlE2ESuite/TestUserEditAuthdataCmd/Edit_authdata_successfully/LocalClient" time="0.000000"></testcase>
		<testcase classname="github.com/mattermost/mattermost/server/v8/cmd/mmctl/commands" name="TestMmctlE2ESuite/TestUserEditAuthdataCmd" time="1.580000"></testcase>
		<testcase classname="github.com/mattermost/mattermost/server/v8/cmd/mmctl/commands" name="TestMmctlE2ESuite/TestUserEditEmailCmd/Edit_email_successfully/SystemAdminClient" time="0.010000"></testcase>
		<testcase classname="github.com/mattermost/mattermost/server/v8/cmd/mmctl/commands" name="TestMmctlE2ESuite/TestUserEditEmailCmd/Edit_email_successfully/LocalClient" time="0.010000"></testcase>
		<testcase classname="github.com/mattermost/mattermost/server/v8/cmd/mmctl/commands" name="TestMmctlE2ESuite/TestUserEditEmailCmd/Edit_email_without_permission" time="0.000000"></testcase>
		<testcase classname="github.com/mattermost/mattermost/server/v8/cmd/mmctl/commands" name="TestMmctlE2ESuite/TestUserEditEmailCmd/Edit_email_with_invalid_email/Client" time="0.000000"></testcase>
		<testcase classname="github.com/mattermost/mattermost/server/v8/cmd/mmctl/commands" name="TestMmctlE2ESuite/TestUserEditEmailCmd/Edit_email_with_invalid_email/SystemAdminClient" time="0.000000"></testcase>
		<testcase classname="github.com/mattermost/mattermost/server/v8/cmd/mmctl/commands" name="TestMmctlE2ESuite/TestUserEditEmailCmd/Edit_email_with_invalid_email/LocalClient" time="0.000000"></testcase>
		<testcase classname="github.com/mattermost/mattermost/server/v8/cmd/mmctl/commands" name="TestMmctlE2ESuite/TestUserEditEmailCmd/Edit_email_for_nonexistent_user/Client" time="0.000000"></testcase>
		<testcase classname="github.com/mattermost/mattermost/server/v8/cmd/mmctl/commands" name="TestMmctlE2ESuite/TestUserEditEmailCmd/Edit_email_for_nonexistent_user/SystemAdminClient" time="0.000000"></testcase>
		<testcase classname="github.com/mattermost/mattermost/server/v8/cmd/mmctl/commands" name="TestMmctlE2ESuite/TestUserEditEmailCmd/Edit_email_for_nonexistent_user/LocalClient" time="0.000000"></testcase>
		<testcase classname="github.com/mattermost/mattermost/server/v8/cmd/mmctl/commands" name="TestMmctlE2ESuite/TestUserEditEmailCmd" time="1.610000"></testcase>
		<testcase classname="github.com/mattermost/mattermost/server/v8/cmd/mmctl/commands" name="TestMmctlE2ESuite/TestUserEditUsernameCmd/Edit_username_successfully/SystemAdminClient" time="0.030000"></testcase>
		<testcase classname="github.com/mattermost/mattermost/server/v8/cmd/mmctl/commands" name="TestMmctlE2ESuite/TestUserEditUsernameCmd/Edit_username_successfully/LocalClient" time="0.020000"></testcase>
		<testcase classname="github.com/mattermost/mattermost/server/v8/cmd/mmctl/commands" name="TestMmctlE2ESuite/TestUserEditUsernameCmd/Edit_username_without_permission" time="0.000000"></testcase>
		<testcase classname="github.com/mattermost/mattermost/server/v8/cmd/mmctl/commands" name="TestMmctlE2ESuite/TestUserEditUsernameCmd/Edit_username_with_invalid_username/Client" time="0.000000"></testcase>
		<testcase classname="github.com/mattermost/mattermost/server/v8/cmd/mmctl/commands" name="TestMmctlE2ESuite/TestUserEditUsernameCmd/Edit_username_with_invalid_username/SystemAdminClient" time="0.000000"></testcase>
		<testcase classname="github.com/mattermost/mattermost/server/v8/cmd/mmctl/commands" name="TestMmctlE2ESuite/TestUserEditUsernameCmd/Edit_username_with_invalid_username/LocalClient" time="0.000000"></testcase>
		<testcase classname="github.com/mattermost/mattermost/server/v8/cmd/mmctl/commands" name="TestMmctlE2ESuite/TestUserEditUsernameCmd/Edit_username_for_nonexistent_user/Client" time="0.000000"></testcase>
		<testcase classname="github.com/mattermost/mattermost/server/v8/cmd/mmctl/commands" name="TestMmctlE2ESuite/TestUserEditUsernameCmd/Edit_username_for_nonexistent_user/SystemAdminClient" time="0.000000"></testcase>
		<testcase classname="github.com/mattermost/mattermost/server/v8/cmd/mmctl/commands" name="TestMmctlE2ESuite/TestUserEditUsernameCmd/Edit_username_for_nonexistent_user/LocalClient" time="0.000000"></testcase>
		<testcase classname="github.com/mattermost/mattermost/server/v8/cmd/mmctl/commands" name="TestMmctlE2ESuite/TestUserEditUsernameCmd" time="1.630000"></testcase>
		<testcase classname="github.com/mattermost/mattermost/server/v8/cmd/mmctl/commands" name="TestMmctlE2ESuite/TestUserGroupRestoreCmd/Should_allow_group_restore_after_deletion" time="0.020000"></testcase>
		<testcase classname="github.com/mattermost/mattermost/server/v8/cmd/mmctl/commands" name="TestMmctlE2ESuite/TestUserGroupRestoreCmd" time="1.540000"></testcase>
		<testcase classname="github.com/mattermost/mattermost/server/v8/cmd/mmctl/commands" name="TestMmctlE2ESuite/TestUserInviteCmdf/Invite_user/Client" time="0.020000"></testcase>
		<testcase classname="github.com/mattermost/mattermost/server/v8/cmd/mmctl/commands" name="TestMmctlE2ESuite/TestUserInviteCmdf/Invite_user/SystemAdminClient" time="0.020000"></testcase>
		<testcase classname="github.com/mattermost/mattermost/server/v8/cmd/mmctl/commands" name="TestMmctlE2ESuite/TestUserInviteCmdf/Invite_user/LocalClient" time="0.020000"></testcase>
		<testcase classname="github.com/mattermost/mattermost/server/v8/cmd/mmctl/commands" name="TestMmctlE2ESuite/TestUserInviteCmdf/Inviting_when_email_invitation_disabled/Client" time="0.010000"></testcase>
		<testcase classname="github.com/mattermost/mattermost/server/v8/cmd/mmctl/commands" name="TestMmctlE2ESuite/TestUserInviteCmdf/Inviting_when_email_invitation_disabled/SystemAdminClient" time="0.010000"></testcase>
		<testcase classname="github.com/mattermost/mattermost/server/v8/cmd/mmctl/commands" name="TestMmctlE2ESuite/TestUserInviteCmdf/Inviting_when_email_invitation_disabled/LocalClient" time="0.000000"></testcase>
		<testcase classname="github.com/mattermost/mattermost/server/v8/cmd/mmctl/commands" name="TestMmctlE2ESuite/TestUserInviteCmdf/Invite_user_outside_of_accepted_domain/Client" time="0.130000"></testcase>
		<testcase classname="github.com/mattermost/mattermost/server/v8/cmd/mmctl/commands" name="TestMmctlE2ESuite/TestUserInviteCmdf/Invite_user_outside_of_accepted_domain/SystemAdminClient" time="0.130000"></testcase>
		<testcase classname="github.com/mattermost/mattermost/server/v8/cmd/mmctl/commands" name="TestMmctlE2ESuite/TestUserInviteCmdf/Invite_user_outside_of_accepted_domain/LocalClient" time="0.140000"></testcase>
		<testcase classname="github.com/mattermost/mattermost/server/v8/cmd/mmctl/commands" name="TestMmctlE2ESuite/TestUserInviteCmdf" time="1.990000"></testcase>
		<testcase classname="github.com/mattermost/mattermost/server/v8/cmd/mmctl/commands" name="TestMmctlE2ESuite/TestVerifyUserEmailWithoutTokenCmd/Verify_user_email_without_token/SystemAdminClient" time="0.010000"></testcase>
		<testcase classname="github.com/mattermost/mattermost/server/v8/cmd/mmctl/commands" name="TestMmctlE2ESuite/TestVerifyUserEmailWithoutTokenCmd/Verify_user_email_without_token/LocalClient" time="0.000000"></testcase>
		<testcase classname="github.com/mattermost/mattermost/server/v8/cmd/mmctl/commands" name="TestMmctlE2ESuite/TestVerifyUserEmailWithoutTokenCmd/Verify_user_email_without_token_(without_permission)" time="0.000000"></testcase>
		<testcase classname="github.com/mattermost/mattermost/server/v8/cmd/mmctl/commands" name="TestMmctlE2ESuite/TestVerifyUserEmailWithoutTokenCmd/Verify_user_email_without_token_for_nonexistent_user/Client" time="0.000000"></testcase>
		<testcase classname="github.com/mattermost/mattermost/server/v8/cmd/mmctl/commands" name="TestMmctlE2ESuite/TestVerifyUserEmailWithoutTokenCmd/Verify_user_email_without_token_for_nonexistent_user/SystemAdminClient" time="0.000000"></testcase>
		<testcase classname="github.com/mattermost/mattermost/server/v8/cmd/mmctl/commands" name="TestMmctlE2ESuite/TestVerifyUserEmailWithoutTokenCmd/Verify_user_email_without_token_for_nonexistent_user/LocalClient" time="0.000000"></testcase>
		<testcase classname="github.com/mattermost/mattermost/server/v8/cmd/mmctl/commands" name="TestMmctlE2ESuite/TestVerifyUserEmailWithoutTokenCmd" time="1.570000"></testcase>
		<testcase classname="github.com/mattermost/mattermost/server/v8/cmd/mmctl/commands" name="TestMmctlE2ESuite/TestlogsCmdF/Display_single_log_line/SystemAdminClient" time="0.010000"></testcase>
		<testcase classname="github.com/mattermost/mattermost/server/v8/cmd/mmctl/commands" name="TestMmctlE2ESuite/TestlogsCmdF/Display_single_log_line/LocalClient" time="0.000000"></testcase>
		<testcase classname="github.com/mattermost/mattermost/server/v8/cmd/mmctl/commands" name="TestMmctlE2ESuite/TestlogsCmdF/Display_in_logrus_for_formatting/SystemAdminClient" time="0.000000"></testcase>
		<testcase classname="github.com/mattermost/mattermost/server/v8/cmd/mmctl/commands" name="TestMmctlE2ESuite/TestlogsCmdF/Display_in_logrus_for_formatting/LocalClient" time="0.000000"></testcase>
		<testcase classname="github.com/mattermost/mattermost/server/v8/cmd/mmctl/commands" name="TestMmctlE2ESuite/TestlogsCmdF/Should_not_allow_normal_user_to_retrieve_logs" time="0.000000"></testcase>
		<testcase classname="github.com/mattermost/mattermost/server/v8/cmd/mmctl/commands" name="TestMmctlE2ESuite/TestlogsCmdF" time="1.550000"></testcase>
		<testcase classname="github.com/mattermost/mattermost/server/v8/cmd/mmctl/commands" name="TestRootRecover" time="0.000000"></testcase>
		<testcase classname="github.com/mattermost/mattermost/server/v8/cmd/mmctl/commands" name="TestDeepMergeMaps/Values_of_base_doesn&#39;t_exist_in_patch" time="0.000000"></testcase>
		<testcase classname="github.com/mattermost/mattermost/server/v8/cmd/mmctl/commands" name="TestDeepMergeMaps/Values_of_patch_doesn&#39;t_exist_in_base" time="0.000000"></testcase>
		<testcase classname="github.com/mattermost/mattermost/server/v8/cmd/mmctl/commands" name="TestDeepMergeMaps/Maps_contain_nested_maps" time="0.000000"></testcase>
		<testcase classname="github.com/mattermost/mattermost/server/v8/cmd/mmctl/commands" name="TestDeepMergeMaps/Values_have_different_types" time="0.000000"></testcase>
		<testcase classname="github.com/mattermost/mattermost/server/v8/cmd/mmctl/commands" name="TestDeepMergeMaps/Values_have_different_types,_reversed" time="0.000000"></testcase>
		<testcase classname="github.com/mattermost/mattermost/server/v8/cmd/mmctl/commands" name="TestDeepMergeMaps" time="0.000000"></testcase>
		<testcase classname="github.com/mattermost/mattermost/server/v8/cmd/mmctl/commands" name="TestMergePluginConfigs" time="0.000000"></testcase>
		<testcase classname="github.com/mattermost/mattermost/server/v8/cmd/mmctl/commands" name="TestCheckValidSocket/should_return_error_if_the_file_is_not_a_socket" time="0.000000"></testcase>
		<testcase classname="github.com/mattermost/mattermost/server/v8/cmd/mmctl/commands" name="TestCheckValidSocket/should_return_error_if_the_file_has_not_the_right_permissions" time="0.000000"></testcase>
		<testcase classname="github.com/mattermost/mattermost/server/v8/cmd/mmctl/commands" name="TestCheckValidSocket/should_return_nil_if_the_file_is_a_socket_and_has_the_right_permissions" time="0.000000"></testcase>
		<testcase classname="github.com/mattermost/mattermost/server/v8/cmd/mmctl/commands" name="TestCheckValidSocket" time="0.000000"></testcase>
	</testsuite>
	<testsuite tests="0" failures="0" time="0.000000" name="github.com/mattermost/mattermost/server/v8/cmd/mmctl/commands/importer" timestamp="2025-11-08T13:37:54+08:00">
		<properties>
			<property name="go.version" value="go1.24.6 darwin/arm64"></property>
		</properties>
	</testsuite>
	<testsuite tests="0" failures="0" time="0.000000" name="github.com/mattermost/mattermost/server/v8/cmd/mmctl/mocks" timestamp="2025-11-08T13:37:54+08:00">
		<properties>
			<property name="go.version" value="go1.24.6 darwin/arm64"></property>
		</properties>
	</testsuite>
	<testsuite tests="13" failures="0" time="0.001000" name="github.com/mattermost/mattermost/server/v8/cmd/mmctl/printer" timestamp="2025-11-08T13:37:54+08:00">
		<properties>
			<property name="go.version" value="go1.24.6 darwin/arm64"></property>
		</properties>
		<testcase classname="github.com/mattermost/mattermost/server/v8/cmd/mmctl/printer" name="TestPrintT/should_execute_template" time="0.000000"></testcase>
		<testcase classname="github.com/mattermost/mattermost/server/v8/cmd/mmctl/printer" name="TestPrintT/should_fail_to_execute,_no_method_or_field" time="0.000000"></testcase>
		<testcase classname="github.com/mattermost/mattermost/server/v8/cmd/mmctl/printer" name="TestPrintT" time="0.000000"></testcase>
		<testcase classname="github.com/mattermost/mattermost/server/v8/cmd/mmctl/printer" name="TestPrintPreparedT/should_execute_template" time="0.000000"></testcase>
		<testcase classname="github.com/mattermost/mattermost/server/v8/cmd/mmctl/printer" name="TestPrintPreparedT/should_fail_to_execute,_no_method_or_field" time="0.000000"></testcase>
		<testcase classname="github.com/mattermost/mattermost/server/v8/cmd/mmctl/printer" name="TestPrintPreparedT" time="0.000000"></testcase>
		<testcase classname="github.com/mattermost/mattermost/server/v8/cmd/mmctl/printer" name="TestFlushJSON/should_print_a_line_in_JSON_format" time="0.000000"></testcase>
		<testcase classname="github.com/mattermost/mattermost/server/v8/cmd/mmctl/printer" name="TestFlushJSON/should_print_multi_line_in_JSON_format" time="0.000000"></testcase>
		<testcase classname="github.com/mattermost/mattermost/server/v8/cmd/mmctl/printer" name="TestFlushJSON" time="0.000000"></testcase>
		<testcase classname="github.com/mattermost/mattermost/server/v8/cmd/mmctl/printer" name="TestFlushPlain/should_print_a_line_in_plain_format" time="0.000000"></testcase>
		<testcase classname="github.com/mattermost/mattermost/server/v8/cmd/mmctl/printer" name="TestFlushPlain/should_print_multi_line_in_plain_format" time="0.000000"></testcase>
		<testcase classname="github.com/mattermost/mattermost/server/v8/cmd/mmctl/printer" name="TestFlushPlain/should_print_multi_line_in_plain_format_without_a_newline" time="0.000000"></testcase>
		<testcase classname="github.com/mattermost/mattermost/server/v8/cmd/mmctl/printer" name="TestFlushPlain" time="0.000000"></testcase>
	</testsuite>
	<testsuite tests="0" failures="0" time="0.000000" name="github.com/mattermost/mattermost/server/v8/cmd/mmctl/printer/human" timestamp="2025-11-08T13:37:54+08:00">
		<properties>
			<property name="go.version" value="go1.24.6 darwin/arm64"></property>
		</properties>
	</testsuite>
</testsuites>